 2016-09-27 01:20:51
 Now scraping doctor 石萍
  2016-09-27 01:20:52
  Now scraping page 1
   2016-09-27 01:20:52
   Now scraping post http://www.haodf.com/wenda/dfshiping_g_4600396576.htm
   2016-09-27 01:20:53
   Now scraping post http://www.haodf.com/wenda/dfshiping_g_4746917131.htm
   2016-09-27 01:20:53
   Now scraping post http://www.haodf.com/wenda/dfshiping_g_4746110931.htm
   2016-09-27 01:20:53
   Now scraping post http://www.haodf.com/wenda/dfshiping_g_4745142858.htm
   2016-09-27 01:20:54
   Now scraping post http://www.haodf.com/wenda/dfshiping_g_4745268823.htm
   2016-09-27 01:20:54
   Now scraping post http://www.haodf.com/wenda/dfshiping_g_4744524966.htm
   2016-09-27 01:20:54
   Now scraping post http://www.haodf.com/wenda/dfshiping_g_4346093019.htm
   2016-09-27 01:20:55
   Now scraping post http://www.haodf.com/wenda/dfshiping_g_4742447303.htm
   2016-09-27 01:20:55
   Now scraping post http://www.haodf.com/wenda/dfshiping_g_4702919290.htm
   2016-09-27 01:20:56
   Now scraping post http://www.haodf.com/wenda/dfshiping_g_4615941399.htm
   2016-09-27 01:20:57
   Now scraping post http://www.haodf.com/wenda/dfshiping_g_4448458317.htm
   2016-09-27 01:20:57
   Now scraping post http://www.haodf.com/wenda/dfshiping_g_4740906659.htm
   2016-09-27 01:20:57
   Now scraping post http://www.haodf.com/wenda/dfshiping_g_4735189931.htm
   2016-09-27 01:20:58
   Now scraping post http://www.haodf.com/wenda/dfshiping_g_4730088966.htm
   2016-09-27 01:20:58
   Now scraping post http://www.haodf.com/wenda/dfshiping_g_4722015392.htm
   2016-09-27 01:20:58
   Now scraping post http://www.haodf.com/wenda/dfshiping_g_4626460294.htm
   2016-09-27 01:20:59
   Now scraping post http://www.haodf.com/wenda/dfshiping_g_4600730325.htm
   2016-09-27 01:21:00
   Now scraping post http://www.haodf.com/wenda/dfshiping_g_4711889832.htm
   2016-09-27 01:21:00
   Now scraping post http://www.haodf.com/wenda/dfshiping_g_4619009274.htm
   2016-09-27 01:21:00
   Now scraping post http://www.haodf.com/wenda/dfshiping_g_4676758997.htm
   2016-09-27 01:21:01
   Now scraping post http://www.haodf.com/wenda/dfshiping_g_4721663444.htm
   2016-09-27 01:21:01
   Now scraping post http://www.haodf.com/wenda/dfshiping_g_4673640419.htm
   2016-09-27 01:21:01
   Now scraping post http://www.haodf.com/wenda/dfshiping_g_4388881559.htm
   2016-09-27 01:21:02
   Now scraping post http://www.haodf.com/wenda/dfshiping_g_4721542634.htm
   2016-09-27 01:21:02
   Now scraping post http://www.haodf.com/wenda/dfshiping_g_4319618732.htm
  2016-09-27 01:21:03
  Now scraping page 2
   2016-09-27 01:21:03
   Now scraping post http://www.haodf.com/wenda/dfshiping_g_4680287038.htm
   2016-09-27 01:21:03
   Now scraping post http://www.haodf.com/wenda/dfshiping_g_4718699070.htm
   2016-09-27 01:21:04
   Now scraping post http://www.haodf.com/wenda/dfshiping_g_4719333270.htm
   2016-09-27 01:21:06
   Now scraping post http://www.haodf.com/wenda/dfshiping_g_4657520318.htm
   2016-09-27 01:21:06
   Now scraping post http://www.haodf.com/wenda/dfshiping_g_4718952829.htm
   2016-09-27 01:21:06
   Now scraping post http://www.haodf.com/wenda/dfshiping_g_4688883891.htm
   2016-09-27 01:21:07
   Now scraping post http://www.haodf.com/wenda/dfshiping_g_4679624032.htm
   2016-09-27 01:21:07
   Now scraping post http://www.haodf.com/wenda/dfshiping_g_4714383323.htm
   2016-09-27 01:21:07
   Now scraping post http://www.haodf.com/wenda/dfshiping_g_4714142812.htm
   2016-09-27 01:21:08
   Now scraping post http://www.haodf.com/wenda/dfshiping_g_4714024142.htm
   2016-09-27 01:21:08
   Now scraping post http://www.haodf.com/wenda/dfshiping_g_4713732198.htm
   2016-09-27 01:21:09
   Now scraping post http://www.haodf.com/wenda/dfshiping_g_4713685127.htm
   2016-09-27 01:21:10
   Now scraping post http://www.haodf.com/wenda/dfshiping_g_4164599843.htm
   2016-09-27 01:21:10
   Now scraping post http://www.haodf.com/wenda/dfshiping_g_4713163844.htm
   2016-09-27 01:21:10
   Now scraping post http://www.haodf.com/wenda/dfshiping_g_4713147569.htm
   2016-09-27 01:21:11
   Now scraping post http://www.haodf.com/wenda/dfshiping_g_4655355311.htm
   2016-09-27 01:21:11
   Now scraping post http://www.haodf.com/wenda/dfshiping_g_4712218463.htm
   2016-09-27 01:21:12
   Now scraping post http://www.haodf.com/wenda/dfshiping_g_4711785051.htm
   2016-09-27 01:21:12
   Now scraping post http://www.haodf.com/wenda/dfshiping_g_4711675780.htm
   2016-09-27 01:21:12
   Now scraping post http://www.haodf.com/wenda/dfshiping_g_4710478969.htm
   2016-09-27 01:21:13
   Now scraping post http://www.haodf.com/wenda/dfshiping_g_4686140960.htm
   2016-09-27 01:21:13
   Now scraping post http://www.haodf.com/wenda/dfshiping_g_4496914502.htm
   2016-09-27 01:21:14
   Now scraping post http://www.haodf.com/wenda/dfshiping_g_4711200527.htm
   2016-09-27 01:21:14
   Now scraping post http://www.haodf.com/wenda/dfshiping_g_4655001228.htm
   2016-09-27 01:21:14
   Now scraping post http://www.haodf.com/wenda/dfshiping_g_4710434674.htm
  2016-09-27 01:21:15
  Now scraping page 3
   2016-09-27 01:21:15
   Now scraping post http://www.haodf.com/wenda/dfshiping_g_4594031432.htm
   2016-09-27 01:21:16
   Now scraping post http://www.haodf.com/wenda/dfshiping_g_4491413973.htm
   2016-09-27 01:21:16
   Now scraping post http://www.haodf.com/wenda/dfshiping_g_4709532336.htm
   2016-09-27 01:21:17
   Now scraping post http://www.haodf.com/wenda/dfshiping_g_4709253724.htm
   2016-09-27 01:21:17
   Now scraping post http://www.haodf.com/wenda/dfshiping_g_4458654569.htm
   2016-09-27 01:21:18
   Now scraping post http://www.haodf.com/wenda/dfshiping_g_4553180239.htm
   2016-09-27 01:21:19
   Now scraping post http://www.haodf.com/wenda/dfshiping_g_4684526244.htm
   2016-09-27 01:21:19
   Now scraping post http://www.haodf.com/wenda/dfshiping_g_4592223787.htm
   2016-09-27 01:21:20
   Now scraping post http://www.haodf.com/wenda/dfshiping_g_4539430013.htm
   2016-09-27 01:21:20
   Now scraping post http://www.haodf.com/wenda/dfshiping_g_4695060605.htm
   2016-09-27 01:21:20
   Now scraping post http://www.haodf.com/wenda/dfshiping_g_4563916375.htm
   2016-09-27 01:21:21
   Now scraping post http://www.haodf.com/wenda/dfshiping_g_4591997244.htm
   2016-09-27 01:21:21
   Now scraping post http://www.haodf.com/wenda/dfshiping_g_4688058757.htm
   2016-09-27 01:21:22
   Now scraping post http://www.haodf.com/wenda/dfshiping_g_4689535098.htm
   2016-09-27 01:21:23
   Now scraping post http://www.haodf.com/wenda/dfshiping_g_4545278364.htm
   2016-09-27 01:21:23
   Now scraping post http://www.haodf.com/wenda/dfshiping_g_4687183094.htm
   2016-09-27 01:21:24
   Now scraping post http://www.haodf.com/wenda/dfshiping_g_4563129242.htm
   2016-09-27 01:21:24
   Now scraping post http://www.haodf.com/wenda/dfshiping_g_4427719208.htm
   2016-09-27 01:21:25
   Now scraping post http://www.haodf.com/wenda/dfshiping_g_4683848978.htm
   2016-09-27 01:21:25
   Now scraping post http://www.haodf.com/wenda/dfshiping_g_4565954494.htm
   2016-09-27 01:21:26
   Now scraping post http://www.haodf.com/wenda/dfshiping_g_4685745336.htm
   2016-09-27 01:21:26
   Now scraping post http://www.haodf.com/wenda/dfshiping_g_4629968313.htm
   2016-09-27 01:21:27
   Now scraping post http://www.haodf.com/wenda/dfshiping_g_4669663316.htm
   2016-09-27 01:21:27
   Now scraping post http://www.haodf.com/wenda/dfshiping_g_4680866400.htm
   2016-09-27 01:21:28
   Now scraping post http://www.haodf.com/wenda/dfshiping_g_4680849723.htm
  2016-09-27 01:21:28
  Now scraping page 4
   2016-09-27 01:21:28
   Now scraping post http://www.haodf.com/wenda/dfshiping_g_4678830558.htm
   2016-09-27 01:21:29
   Now scraping post http://www.haodf.com/wenda/dfshiping_g_4677757265.htm
   2016-09-27 01:21:29
   Now scraping post http://www.haodf.com/wenda/dfshiping_g_4676291566.htm
   2016-09-27 01:21:30
   Now scraping post http://www.haodf.com/wenda/dfshiping_g_4626367412.htm
   2016-09-27 01:21:31
   Now scraping post http://www.haodf.com/wenda/dfshiping_g_4675689800.htm
   2016-09-27 01:21:31
   Now scraping post http://www.haodf.com/wenda/dfshiping_g_4675169234.htm
   2016-09-27 01:21:31
   Now scraping post http://www.haodf.com/wenda/dfshiping_g_4674776098.htm
   2016-09-27 01:21:32
   Now scraping post http://www.haodf.com/wenda/dfshiping_g_4674451006.htm
   2016-09-27 01:21:32
   Now scraping post http://www.haodf.com/wenda/dfshiping_g_4674319794.htm
   2016-09-27 01:21:33
   Now scraping post http://www.haodf.com/wenda/dfshiping_g_4555765496.htm
   2016-09-27 01:21:33
   Now scraping post http://www.haodf.com/wenda/dfshiping_g_4004268073.htm
   2016-09-27 01:21:34
   Now scraping post http://www.haodf.com/wenda/dfshiping_g_4638443277.htm
   2016-09-27 01:21:35
   Now scraping post http://www.haodf.com/wenda/dfshiping_g_4397969725.htm
   2016-09-27 01:21:35
   Now scraping post http://www.haodf.com/wenda/dfshiping_g_4634140724.htm
   2016-09-27 01:21:35
   Now scraping post http://www.haodf.com/wenda/dfshiping_g_4669924107.htm
   2016-09-27 01:21:36
   Now scraping post http://www.haodf.com/wenda/dfshiping_g_4669207921.htm
   2016-09-27 01:21:36
   Now scraping post http://www.haodf.com/wenda/dfshiping_g_4639926295.htm
   2016-09-27 01:21:37
   Now scraping post http://www.haodf.com/wenda/dfshiping_g_4669782350.htm
   2016-09-27 01:21:37
   Now scraping post http://www.haodf.com/wenda/dfshiping_g_4240483191.htm
   2016-09-27 01:21:38
   Now scraping post http://www.haodf.com/wenda/dfshiping_g_4665819151.htm
   2016-09-27 01:21:39
   Now scraping post http://www.haodf.com/wenda/dfshiping_g_4648236752.htm
   2016-09-27 01:21:39
   Now scraping post http://www.haodf.com/wenda/dfshiping_g_4665684435.htm
   2016-09-27 01:21:39
   Now scraping post http://www.haodf.com/wenda/dfshiping_g_4665401593.htm
   2016-09-27 01:21:40
   Now scraping post http://www.haodf.com/wenda/dfshiping_g_4646820913.htm
   2016-09-27 01:21:40
   Now scraping post http://www.haodf.com/wenda/dfshiping_g_4303172308.htm
  2016-09-27 01:21:41
  Now scraping page 5
   2016-09-27 01:21:41
   Now scraping post http://www.haodf.com/wenda/dfshiping_g_4599040812.htm
   2016-09-27 01:21:42
   Now scraping post http://www.haodf.com/wenda/dfshiping_g_4577569047.htm
   2016-09-27 01:21:42
   Now scraping post http://www.haodf.com/wenda/dfshiping_g_4646856897.htm
   2016-09-27 01:21:43
   Now scraping post http://www.haodf.com/wenda/dfshiping_g_4665661419.htm
   2016-09-27 01:21:43
   Now scraping post http://www.haodf.com/wenda/dfshiping_g_4185699448.htm
   2016-09-27 01:21:43
   Now scraping post http://www.haodf.com/wenda/dfshiping_g_4658501806.htm
   2016-09-27 01:21:43
   Now scraping post http://www.haodf.com/wenda/dfshiping_g_4654634820.htm
   2016-09-27 01:21:44
   Now scraping post http://www.haodf.com/wenda/dfshiping_g_4606405633.htm
   2016-09-27 01:21:44
   Now scraping post http://www.haodf.com/wenda/dfshiping_g_4657453614.htm
   2016-09-27 01:21:45
   Now scraping post http://www.haodf.com/wenda/dfshiping_g_4656895384.htm
   2016-09-27 01:21:45
   Now scraping post http://www.haodf.com/wenda/dfshiping_g_4647612423.htm
   2016-09-27 01:21:45
   Now scraping post http://www.haodf.com/wenda/dfshiping_g_4655272597.htm
   2016-09-27 01:21:46
   Now scraping post http://www.haodf.com/wenda/dfshiping_g_4655385309.htm
   2016-09-27 01:21:46
   Now scraping post http://www.haodf.com/wenda/dfshiping_g_4555027725.htm
   2016-09-27 01:21:47
   Now scraping post http://www.haodf.com/wenda/dfshiping_g_4655255059.htm
   2016-09-27 01:21:47
   Now scraping post http://www.haodf.com/wenda/dfshiping_g_4646327560.htm
   2016-09-27 01:21:47
   Now scraping post http://www.haodf.com/wenda/dfshiping_g_4543458831.htm
   2016-09-27 01:21:47
   Now scraping post http://www.haodf.com/wenda/dfshiping_g_4654877340.htm
   2016-09-27 01:21:48
   Now scraping post http://www.haodf.com/wenda/dfshiping_g_4654742972.htm
   2016-09-27 01:21:48
   Now scraping post http://www.haodf.com/wenda/dfshiping_g_4654780491.htm
   2016-09-27 01:21:48
   Now scraping post http://www.haodf.com/wenda/dfshiping_g_4651125735.htm
   2016-09-27 01:21:49
   Now scraping post http://www.haodf.com/wenda/dfshiping_g_4654668002.htm
   2016-09-27 01:21:49
   Now scraping post http://www.haodf.com/wenda/dfshiping_g_4649269945.htm
   2016-09-27 01:21:50
   Now scraping post http://www.haodf.com/wenda/dfshiping_g_4652604402.htm
   2016-09-27 01:21:50
   Now scraping post http://www.haodf.com/wenda/dfshiping_g_4577608132.htm
  2016-09-27 01:21:51
  Now scraping page 6
   2016-09-27 01:21:51
   Now scraping post http://www.haodf.com/wenda/dfshiping_g_4652577348.htm
   2016-09-27 01:21:52
   Now scraping post http://www.haodf.com/wenda/dfshiping_g_4625410065.htm
   2016-09-27 01:21:53
   Now scraping post http://www.haodf.com/wenda/dfshiping_g_4594008824.htm
   2016-09-27 01:21:53
   Now scraping post http://www.haodf.com/wenda/dfshiping_g_4425886005.htm
   2016-09-27 01:21:54
   Now scraping post http://www.haodf.com/wenda/dfshiping_g_4643206376.htm
   2016-09-27 01:21:55
   Now scraping post http://www.haodf.com/wenda/dfshiping_g_4636271371.htm
   2016-09-27 01:21:55
   Now scraping post http://www.haodf.com/wenda/dfshiping_g_4650399041.htm
   2016-09-27 01:21:56
   Now scraping post http://www.haodf.com/wenda/dfshiping_g_4650397501.htm
   2016-09-27 01:21:56
   Now scraping post http://www.haodf.com/wenda/dfshiping_g_4649883624.htm
   2016-09-27 01:21:57
   Now scraping post http://www.haodf.com/wenda/dfshiping_g_4591683087.htm
   2016-09-27 01:21:58
   Now scraping post http://www.haodf.com/wenda/dfshiping_g_4523131193.htm
   2016-09-27 01:21:59
   Now scraping post http://www.haodf.com/wenda/dfshiping_g_4644219745.htm
   2016-09-27 01:21:59
   Now scraping post http://www.haodf.com/wenda/dfshiping_g_4558444621.htm
   2016-09-27 01:22:00
   Now scraping post http://www.haodf.com/wenda/dfshiping_g_4643874784.htm
   2016-09-27 01:22:01
   Now scraping post http://www.haodf.com/wenda/dfshiping_g_4645455728.htm
   2016-09-27 01:22:01
   Now scraping post http://www.haodf.com/wenda/dfshiping_g_4643668675.htm
   2016-09-27 01:22:02
   Now scraping post http://www.haodf.com/wenda/dfshiping_g_4643182154.htm
   2016-09-27 01:22:03
   Now scraping post http://www.haodf.com/wenda/dfshiping_g_4523270542.htm
   2016-09-27 01:22:03
   Now scraping post http://www.haodf.com/wenda/dfshiping_g_4641682421.htm
   2016-09-27 01:22:04
   Now scraping post http://www.haodf.com/wenda/dfshiping_g_4641686307.htm
   2016-09-27 01:22:04
   Now scraping post http://www.haodf.com/wenda/dfshiping_g_4640924614.htm
   2016-09-27 01:22:05
   Now scraping post http://www.haodf.com/wenda/dfshiping_g_4388987911.htm
   2016-09-27 01:22:06
   Now scraping post http://www.haodf.com/wenda/dfshiping_g_4640057079.htm
   2016-09-27 01:22:06
   Now scraping post http://www.haodf.com/wenda/dfshiping_g_4639953707.htm
   2016-09-27 01:22:07
   Now scraping post http://www.haodf.com/wenda/dfshiping_g_4639945368.htm
  2016-09-27 01:22:07
  Now scraping page 7
   2016-09-27 01:22:08
   Now scraping post http://www.haodf.com/wenda/dfshiping_g_4639403178.htm
   2016-09-27 01:22:08
   Now scraping post http://www.haodf.com/wenda/dfshiping_g_4639401084.htm
   2016-09-27 01:22:09
   Now scraping post http://www.haodf.com/wenda/dfshiping_g_4637026892.htm
   2016-09-27 01:22:10
   Now scraping post http://www.haodf.com/wenda/dfshiping_g_4606587971.htm
   2016-09-27 01:22:10
   Now scraping post http://www.haodf.com/wenda/dfshiping_g_4636713773.htm
   2016-09-27 01:22:11
   Now scraping post http://www.haodf.com/wenda/dfshiping_g_4598831598.htm
   2016-09-27 01:22:12
   Now scraping post http://www.haodf.com/wenda/dfshiping_g_4635076526.htm
   2016-09-27 01:22:13
   Now scraping post http://www.haodf.com/wenda/dfshiping_g_4633957085.htm
   2016-09-27 01:22:14
   Now scraping post http://www.haodf.com/wenda/dfshiping_g_4634379027.htm
   2016-09-27 01:22:14
   Now scraping post http://www.haodf.com/wenda/dfshiping_g_4612040172.htm
   2016-09-27 01:22:15
   Now scraping post http://www.haodf.com/wenda/dfshiping_g_4634369051.htm
   2016-09-27 01:22:15
   Now scraping post http://www.haodf.com/wenda/dfshiping_g_4634345321.htm
   2016-09-27 01:22:16
   Now scraping post http://www.haodf.com/wenda/dfshiping_g_4172611191.htm
   2016-09-27 01:22:16
   Now scraping post http://www.haodf.com/wenda/dfshiping_g_4098145464.htm
   2016-09-27 01:22:17
   Now scraping post http://www.haodf.com/wenda/dfshiping_g_4569206406.htm
   2016-09-27 01:22:18
   Now scraping post http://www.haodf.com/wenda/dfshiping_g_4579604964.htm
   2016-09-27 01:22:18
   Now scraping post http://www.haodf.com/wenda/dfshiping_g_4613355890.htm
   2016-09-27 01:22:19
   Now scraping post http://www.haodf.com/wenda/dfshiping_g_4631630301.htm
   2016-09-27 01:22:20
   Now scraping post http://www.haodf.com/wenda/dfshiping_g_4631576800.htm
   2016-09-27 01:22:20
   Now scraping post http://www.haodf.com/wenda/dfshiping_g_4630252579.htm
   2016-09-27 01:22:21
   Now scraping post http://www.haodf.com/wenda/dfshiping_g_4560836285.htm
   2016-09-27 01:22:21
   Now scraping post http://www.haodf.com/wenda/dfshiping_g_4628178759.htm
   2016-09-27 01:22:22
   Now scraping post http://www.haodf.com/wenda/dfshiping_g_4628137926.htm
   2016-09-27 01:22:23
   Now scraping post http://www.haodf.com/wenda/dfshiping_g_4592232106.htm
   2016-09-27 01:22:23
   Now scraping post http://www.haodf.com/wenda/dfshiping_g_4626389854.htm
  2016-09-27 01:22:24
  Now scraping page 8
   2016-09-27 01:22:24
   Now scraping post http://www.haodf.com/wenda/dfshiping_g_4626151065.htm
   2016-09-27 01:22:25
   Now scraping post http://www.haodf.com/wenda/dfshiping_g_4625177822.htm
   2016-09-27 01:22:26
   Now scraping post http://www.haodf.com/wenda/dfshiping_g_4597136026.htm
   2016-09-27 01:22:26
   Now scraping post http://www.haodf.com/wenda/dfshiping_g_4624702509.htm
   2016-09-27 01:22:27
   Now scraping post http://www.haodf.com/wenda/dfshiping_g_4624576985.htm
   2016-09-27 01:22:28
   Now scraping post http://www.haodf.com/wenda/dfshiping_g_4557644944.htm
   2016-09-27 01:22:28
   Now scraping post http://www.haodf.com/wenda/dfshiping_g_4623394245.htm
   2016-09-27 01:22:29
   Now scraping post http://www.haodf.com/wenda/dfshiping_g_4564367724.htm
   2016-09-27 01:22:30
   Now scraping post http://www.haodf.com/wenda/dfshiping_g_4622655310.htm
   2016-09-27 01:22:30
   Now scraping post http://www.haodf.com/wenda/dfshiping_g_4617640105.htm
   2016-09-27 01:22:31
   Now scraping post http://www.haodf.com/wenda/dfshiping_g_4565497413.htm
   2016-09-27 01:22:32
   Now scraping post http://www.haodf.com/wenda/dfshiping_g_4621324309.htm
   2016-09-27 01:22:32
   Now scraping post http://www.haodf.com/wenda/dfshiping_g_4621260192.htm
   2016-09-27 01:22:33
   Now scraping post http://www.haodf.com/wenda/dfshiping_g_4563935618.htm
   2016-09-27 01:22:33
   Now scraping post http://www.haodf.com/wenda/dfshiping_g_4616253690.htm
   2016-09-27 01:22:33
   Now scraping post http://www.haodf.com/wenda/dfshiping_g_4620256605.htm
   2016-09-27 01:22:33
   Now scraping post http://www.haodf.com/wenda/dfshiping_g_4620246733.htm
   2016-09-27 01:22:34
   Now scraping post http://www.haodf.com/wenda/dfshiping_g_4619560542.htm
   2016-09-27 01:22:35
   Now scraping post http://www.haodf.com/wenda/dfshiping_g_4619316583.htm
   2016-09-27 01:22:35
   Now scraping post http://www.haodf.com/wenda/dfshiping_g_4619449823.htm
   2016-09-27 01:22:37
   Now scraping post http://www.haodf.com/wenda/dfshiping_g_4619347476.htm
   2016-09-27 01:22:39
   Now scraping post http://www.haodf.com/wenda/dfshiping_g_4617039293.htm
   2016-09-27 01:22:40
   Now scraping post http://www.haodf.com/wenda/dfshiping_g_4616751005.htm
   2016-09-27 01:22:41
   Now scraping post http://www.haodf.com/wenda/dfshiping_g_4140371679.htm
   2016-09-27 01:22:41
   Now scraping post http://www.haodf.com/wenda/dfshiping_g_4613893984.htm
  2016-09-27 01:22:42
  Now scraping page 9
   2016-09-27 01:22:43
   Now scraping post http://www.haodf.com/wenda/dfshiping_g_4613396864.htm
   2016-09-27 01:22:43
   Now scraping post http://www.haodf.com/wenda/dfshiping_g_4612606524.htm
   2016-09-27 01:22:44
   Now scraping post http://www.haodf.com/wenda/dfshiping_g_4612539444.htm
   2016-09-27 01:22:44
   Now scraping post http://www.haodf.com/wenda/dfshiping_g_4567597261.htm
   2016-09-27 01:22:45
   Now scraping post http://www.haodf.com/wenda/dfshiping_g_4610897870.htm
   2016-09-27 01:22:45
   Now scraping post http://www.haodf.com/wenda/dfshiping_g_4609759738.htm
   2016-09-27 01:22:46
   Now scraping post http://www.haodf.com/wenda/dfshiping_g_4586975945.htm
   2016-09-27 01:22:46
   Now scraping post http://www.haodf.com/wenda/dfshiping_g_4604366772.htm
   2016-09-27 01:22:47
   Now scraping post http://www.haodf.com/wenda/dfshiping_g_4579402499.htm
   2016-09-27 01:22:48
   Now scraping post http://www.haodf.com/wenda/dfshiping_g_4607770977.htm
   2016-09-27 01:22:48
   Now scraping post http://www.haodf.com/wenda/dfshiping_g_4607404337.htm
   2016-09-27 01:22:49
   Now scraping post http://www.haodf.com/wenda/dfshiping_g_4310483851.htm
   2016-09-27 01:22:50
   Now scraping post http://www.haodf.com/wenda/dfshiping_g_4602409696.htm
   2016-09-27 01:22:50
   Now scraping post http://www.haodf.com/wenda/dfshiping_g_4604333479.htm
   2016-09-27 01:22:51
   Now scraping post http://www.haodf.com/wenda/dfshiping_g_4063399363.htm
   2016-09-27 01:22:52
   Now scraping post http://www.haodf.com/wenda/dfshiping_g_4589707115.htm
   2016-09-27 01:22:53
   Now scraping post http://www.haodf.com/wenda/dfshiping_g_4603818497.htm
   2016-09-27 01:22:54
   Now scraping post http://www.haodf.com/wenda/dfshiping_g_4603688707.htm
   2016-09-27 01:22:54
   Now scraping post http://www.haodf.com/wenda/dfshiping_g_4602121632.htm
   2016-09-27 01:22:55
   Now scraping post http://www.haodf.com/wenda/dfshiping_g_4602583435.htm
   2016-09-27 01:22:56
   Now scraping post http://www.haodf.com/wenda/dfshiping_g_4602378858.htm
   2016-09-27 01:22:56
   Now scraping post http://www.haodf.com/wenda/dfshiping_g_4551835799.htm
   2016-09-27 01:22:57
   Now scraping post http://www.haodf.com/wenda/dfshiping_g_4601149415.htm
   2016-09-27 01:22:58
   Now scraping post http://www.haodf.com/wenda/dfshiping_g_4597180324.htm
   2016-09-27 01:22:58
   Now scraping post http://www.haodf.com/wenda/dfshiping_g_4568128374.htm
  2016-09-27 01:22:59
  Now scraping page 10
   2016-09-27 01:23:00
   Now scraping post http://www.haodf.com/wenda/dfshiping_g_4597800849.htm
   2016-09-27 01:23:01
   Now scraping post http://www.haodf.com/wenda/dfshiping_g_4597758092.htm
   2016-09-27 01:23:01
   Now scraping post http://www.haodf.com/wenda/dfshiping_g_4597333189.htm
   2016-09-27 01:23:02
   Now scraping post http://www.haodf.com/wenda/dfshiping_g_4595113537.htm
   2016-09-27 01:23:02
   Now scraping post http://www.haodf.com/wenda/dfshiping_g_4597447979.htm
   2016-09-27 01:23:03
   Now scraping post http://www.haodf.com/wenda/dfshiping_g_4595108341.htm
   2016-09-27 01:23:04
   Now scraping post http://www.haodf.com/wenda/dfshiping_g_4596213721.htm
   2016-09-27 01:23:05
   Now scraping post http://www.haodf.com/wenda/dfshiping_g_4596216417.htm
   2016-09-27 01:23:05
   Now scraping post http://www.haodf.com/wenda/dfshiping_g_4595392561.htm
   2016-09-27 01:23:06
   Now scraping post http://www.haodf.com/wenda/dfshiping_g_4577606406.htm
   2016-09-27 01:23:06
   Now scraping post http://www.haodf.com/wenda/dfshiping_g_4594025335.htm
   2016-09-27 01:23:07
   Now scraping post http://www.haodf.com/wenda/dfshiping_g_4594026968.htm
   2016-09-27 01:23:08
   Now scraping post http://www.haodf.com/wenda/dfshiping_g_4593581695.htm
   2016-09-27 01:23:08
   Now scraping post http://www.haodf.com/wenda/dfshiping_g_4593002334.htm
   2016-09-27 01:23:09
   Now scraping post http://www.haodf.com/wenda/dfshiping_g_4586030991.htm
   2016-09-27 01:23:10
   Now scraping post http://www.haodf.com/wenda/dfshiping_g_4592838545.htm
   2016-09-27 01:23:11
   Now scraping post http://www.haodf.com/wenda/dfshiping_g_4592349435.htm
   2016-09-27 01:23:11
   Now scraping post http://www.haodf.com/wenda/dfshiping_g_4591995992.htm
   2016-09-27 01:23:12
   Now scraping post http://www.haodf.com/wenda/dfshiping_g_4414341559.htm
   2016-09-27 01:23:13
   Now scraping post http://www.haodf.com/wenda/dfshiping_g_4591993018.htm
   2016-09-27 01:23:14
   Now scraping post http://www.haodf.com/wenda/dfshiping_g_4591953725.htm
   2016-09-27 01:23:15
   Now scraping post http://www.haodf.com/wenda/dfshiping_g_4591488511.htm
   2016-09-27 01:23:16
   Now scraping post http://www.haodf.com/wenda/dfshiping_g_4576013080.htm
   2016-09-27 01:23:16
   Now scraping post http://www.haodf.com/wenda/dfshiping_g_4590249715.htm
   2016-09-27 01:23:17
   Now scraping post http://www.haodf.com/wenda/dfshiping_g_4577389065.htm
  2016-09-27 01:23:18
  Now scraping page 11
   2016-09-27 01:23:18
   Now scraping post http://www.haodf.com/wenda/dfshiping_g_4575250968.htm
   2016-09-27 01:23:19
   Now scraping post http://www.haodf.com/wenda/dfshiping_g_4588700902.htm
   2016-09-27 01:23:20
   Now scraping post http://www.haodf.com/wenda/dfshiping_g_4467407907.htm
   2016-09-27 01:23:20
   Now scraping post http://www.haodf.com/wenda/dfshiping_g_4421399382.htm
   2016-09-27 01:23:21
   Now scraping post http://www.haodf.com/wenda/dfshiping_g_4560378592.htm
   2016-09-27 01:23:22
   Now scraping post http://www.haodf.com/wenda/dfshiping_g_4517677399.htm
   2016-09-27 01:23:22
   Now scraping post http://www.haodf.com/wenda/dfshiping_g_4586032101.htm
   2016-09-27 01:23:23
   Now scraping post http://www.haodf.com/wenda/dfshiping_g_4586032833.htm
   2016-09-27 01:23:24
   Now scraping post http://www.haodf.com/wenda/dfshiping_g_4586035013.htm
   2016-09-27 01:23:24
   Now scraping post http://www.haodf.com/wenda/dfshiping_g_4585745269.htm
   2016-09-27 01:23:25
   Now scraping post http://www.haodf.com/wenda/dfshiping_g_4585068489.htm
   2016-09-27 01:23:26
   Now scraping post http://www.haodf.com/wenda/dfshiping_g_4581859215.htm
   2016-09-27 01:23:26
   Now scraping post http://www.haodf.com/wenda/dfshiping_g_4584064076.htm
   2016-09-27 01:23:27
   Now scraping post http://www.haodf.com/wenda/dfshiping_g_4583913796.htm
   2016-09-27 01:23:27
   Now scraping post http://www.haodf.com/wenda/dfshiping_g_4583831955.htm
   2016-09-27 01:23:28
   Now scraping post http://www.haodf.com/wenda/dfshiping_g_4583621151.htm
   2016-09-27 01:23:28
   Now scraping post http://www.haodf.com/wenda/dfshiping_g_4581951601.htm
   2016-09-27 01:23:29
   Now scraping post http://www.haodf.com/wenda/dfshiping_g_4553631033.htm
   2016-09-27 01:23:30
   Now scraping post http://www.haodf.com/wenda/dfshiping_g_4581477655.htm
   2016-09-27 01:23:30
   Now scraping post http://www.haodf.com/wenda/dfshiping_g_4580731494.htm
   2016-09-27 01:23:31
   Now scraping post http://www.haodf.com/wenda/dfshiping_g_4548301169.htm
   2016-09-27 01:23:32
   Now scraping post http://www.haodf.com/wenda/dfshiping_g_4579611668.htm
   2016-09-27 01:23:33
   Now scraping post http://www.haodf.com/wenda/dfshiping_g_4579800080.htm
   2016-09-27 01:23:34
   Now scraping post http://www.haodf.com/wenda/dfshiping_g_4579560039.htm
   2016-09-27 01:23:35
   Now scraping post http://www.haodf.com/wenda/dfshiping_g_4579145041.htm
  2016-09-27 01:23:36
  Now scraping page 12
   2016-09-27 01:23:37
   Now scraping post http://www.haodf.com/wenda/dfshiping_g_4567866372.htm
   2016-09-27 01:23:37
   Now scraping post http://www.haodf.com/wenda/dfshiping_g_4580162947.htm
   2016-09-27 01:23:38
   Now scraping post http://www.haodf.com/wenda/dfshiping_g_4314808995.htm
   2016-09-27 01:23:38
   Now scraping post http://www.haodf.com/wenda/dfshiping_g_4577773839.htm
   2016-09-27 01:23:39
   Now scraping post http://www.haodf.com/wenda/dfshiping_g_4537722552.htm
   2016-09-27 01:23:40
   Now scraping post http://www.haodf.com/wenda/dfshiping_g_4575116140.htm
   2016-09-27 01:23:40
   Now scraping post http://www.haodf.com/wenda/dfshiping_g_4567596307.htm
   2016-09-27 01:23:41
   Now scraping post http://www.haodf.com/wenda/dfshiping_g_4574351120.htm
   2016-09-27 01:23:42
   Now scraping post http://www.haodf.com/wenda/dfshiping_g_4573129599.htm
   2016-09-27 01:23:42
   Now scraping post http://www.haodf.com/wenda/dfshiping_g_4571559170.htm
   2016-09-27 01:23:43
   Now scraping post http://www.haodf.com/wenda/dfshiping_g_4571504460.htm
   2016-09-27 01:23:44
   Now scraping post http://www.haodf.com/wenda/dfshiping_g_4567869357.htm
   2016-09-27 01:23:45
   Now scraping post http://www.haodf.com/wenda/dfshiping_g_4570252303.htm
   2016-09-27 01:23:46
   Now scraping post http://www.haodf.com/wenda/dfshiping_g_4538927298.htm
   2016-09-27 01:23:46
   Now scraping post http://www.haodf.com/wenda/dfshiping_g_4569637484.htm
   2016-09-27 01:23:47
   Now scraping post http://www.haodf.com/wenda/dfshiping_g_4569630544.htm
   2016-09-27 01:23:48
   Now scraping post http://www.haodf.com/wenda/dfshiping_g_4569276404.htm
   2016-09-27 01:23:48
   Now scraping post http://www.haodf.com/wenda/dfshiping_g_4459768794.htm
   2016-09-27 01:23:49
   Now scraping post http://www.haodf.com/wenda/dfshiping_g_4479436091.htm
   2016-09-27 01:23:50
   Now scraping post http://www.haodf.com/wenda/dfshiping_g_4567018867.htm
   2016-09-27 01:23:51
   Now scraping post http://www.haodf.com/wenda/dfshiping_g_4567089804.htm
   2016-09-27 01:23:51
   Now scraping post http://www.haodf.com/wenda/dfshiping_g_4567792026.htm
   2016-09-27 01:23:52
   Now scraping post http://www.haodf.com/wenda/dfshiping_g_4565780485.htm
   2016-09-27 01:23:53
   Now scraping post http://www.haodf.com/wenda/dfshiping_g_4548070976.htm
   2016-09-27 01:23:53
   Now scraping post http://www.haodf.com/wenda/dfshiping_g_4564475889.htm
  2016-09-27 01:23:54
  Now scraping page 13
   2016-09-27 01:23:54
   Now scraping post http://www.haodf.com/wenda/dfshiping_g_4564469194.htm
   2016-09-27 01:23:55
   Now scraping post http://www.haodf.com/wenda/dfshiping_g_4563784326.htm
   2016-09-27 01:23:56
   Now scraping post http://www.haodf.com/wenda/dfshiping_g_4553993798.htm
   2016-09-27 01:23:56
   Now scraping post http://www.haodf.com/wenda/dfshiping_g_4563599118.htm
   2016-09-27 01:23:57
   Now scraping post http://www.haodf.com/wenda/dfshiping_g_4561744938.htm
   2016-09-27 01:23:58
   Now scraping post http://www.haodf.com/wenda/dfshiping_g_4561632311.htm
   2016-09-27 01:23:58
   Now scraping post http://www.haodf.com/wenda/dfshiping_g_4561182388.htm
   2016-09-27 01:23:58
   Now scraping post http://www.haodf.com/wenda/dfshiping_g_4560241547.htm
   2016-09-27 01:23:59
   Now scraping post http://www.haodf.com/wenda/dfshiping_g_4559565360.htm
   2016-09-27 01:24:00
   Now scraping post http://www.haodf.com/wenda/dfshiping_g_4542416948.htm
   2016-09-27 01:24:00
   Now scraping post http://www.haodf.com/wenda/dfshiping_g_4557955318.htm
   2016-09-27 01:24:01
   Now scraping post http://www.haodf.com/wenda/dfshiping_g_4557662913.htm
   2016-09-27 01:24:01
   Now scraping post http://www.haodf.com/wenda/dfshiping_g_4557455630.htm
   2016-09-27 01:24:02
   Now scraping post http://www.haodf.com/wenda/dfshiping_g_4553292817.htm
   2016-09-27 01:24:03
   Now scraping post http://www.haodf.com/wenda/dfshiping_g_4555749510.htm
   2016-09-27 01:24:04
   Now scraping post http://www.haodf.com/wenda/dfshiping_g_4554293719.htm
   2016-09-27 01:24:04
   Now scraping post http://www.haodf.com/wenda/dfshiping_g_4557389365.htm
   2016-09-27 01:24:05
   Now scraping post http://www.haodf.com/wenda/dfshiping_g_4555659476.htm
   2016-09-27 01:24:05
   Now scraping post http://www.haodf.com/wenda/dfshiping_g_4555116159.htm
   2016-09-27 01:24:06
   Now scraping post http://www.haodf.com/wenda/dfshiping_g_4554133117.htm
   2016-09-27 01:24:07
   Now scraping post http://www.haodf.com/wenda/dfshiping_g_4554519371.htm
   2016-09-27 01:24:07
   Now scraping post http://www.haodf.com/wenda/dfshiping_g_4540129117.htm
   2016-09-27 01:24:08
   Now scraping post http://www.haodf.com/wenda/dfshiping_g_4550694144.htm
   2016-09-27 01:24:08
   Now scraping post http://www.haodf.com/wenda/dfshiping_g_4312515076.htm
   2016-09-27 01:24:09
   Now scraping post http://www.haodf.com/wenda/dfshiping_g_4548455903.htm
  2016-09-27 01:24:09
  Now scraping page 14
   2016-09-27 01:24:10
   Now scraping post http://www.haodf.com/wenda/dfshiping_g_4549602702.htm
   2016-09-27 01:24:11
   Now scraping post http://www.haodf.com/wenda/dfshiping_g_4549598760.htm
   2016-09-27 01:24:11
   Now scraping post http://www.haodf.com/wenda/dfshiping_g_4549542843.htm
   2016-09-27 01:24:12
   Now scraping post http://www.haodf.com/wenda/dfshiping_g_4549424095.htm
   2016-09-27 01:24:13
   Now scraping post http://www.haodf.com/wenda/dfshiping_g_4548525490.htm
   2016-09-27 01:24:14
   Now scraping post http://www.haodf.com/wenda/dfshiping_g_4548199511.htm
   2016-09-27 01:24:15
   Now scraping post http://www.haodf.com/wenda/dfshiping_g_4548099731.htm
   2016-09-27 01:24:15
   Now scraping post http://www.haodf.com/wenda/dfshiping_g_4546309717.htm
   2016-09-27 01:24:16
   Now scraping post http://www.haodf.com/wenda/dfshiping_g_4545489420.htm
   2016-09-27 01:24:16
   Now scraping post http://www.haodf.com/wenda/dfshiping_g_4091363770.htm
   2016-09-27 01:24:17
   Now scraping post http://www.haodf.com/wenda/dfshiping_g_4545278494.htm
   2016-09-27 01:24:18
   Now scraping post http://www.haodf.com/wenda/dfshiping_g_4544174420.htm
   2016-09-27 01:24:18
   Now scraping post http://www.haodf.com/wenda/dfshiping_g_4544173745.htm
   2016-09-27 01:24:19
   Now scraping post http://www.haodf.com/wenda/dfshiping_g_4538613796.htm
   2016-09-27 01:24:20
   Now scraping post http://www.haodf.com/wenda/dfshiping_g_4542191917.htm
   2016-09-27 01:24:20
   Now scraping post http://www.haodf.com/wenda/dfshiping_g_4537811991.htm
   2016-09-27 01:24:21
   Now scraping post http://www.haodf.com/wenda/dfshiping_g_4542043469.htm
   2016-09-27 01:24:21
   Now scraping post http://www.haodf.com/wenda/dfshiping_g_4541666808.htm
   2016-09-27 01:24:22
   Now scraping post http://www.haodf.com/wenda/dfshiping_g_3857831260.htm
   2016-09-27 01:24:23
   Now scraping post http://www.haodf.com/wenda/dfshiping_g_4540413755.htm
   2016-09-27 01:24:24
   Now scraping post http://www.haodf.com/wenda/dfshiping_g_4540751459.htm
   2016-09-27 01:24:24
   Now scraping post http://www.haodf.com/wenda/dfshiping_g_4540405550.htm
   2016-09-27 01:24:25
   Now scraping post http://www.haodf.com/wenda/dfshiping_g_4539975012.htm
   2016-09-27 01:24:26
   Now scraping post http://www.haodf.com/wenda/dfshiping_g_4539568766.htm
   2016-09-27 01:24:26
   Now scraping post http://www.haodf.com/wenda/dfshiping_g_4538926961.htm
  2016-09-27 01:24:27
  Now scraping page 15
   2016-09-27 01:24:27
   Now scraping post http://www.haodf.com/wenda/dfshiping_g_4538317023.htm
   2016-09-27 01:24:28
   Now scraping post http://www.haodf.com/wenda/dfshiping_g_4523584264.htm
   2016-09-27 01:24:28
   Now scraping post http://www.haodf.com/wenda/dfshiping_g_4538179366.htm
   2016-09-27 01:24:29
   Now scraping post http://www.haodf.com/wenda/dfshiping_g_4537583603.htm
   2016-09-27 01:24:30
   Now scraping post http://www.haodf.com/wenda/dfshiping_g_4052444216.htm
   2016-09-27 01:24:30
   Now scraping post http://www.haodf.com/wenda/dfshiping_g_4523487727.htm
   2016-09-27 01:24:31
   Now scraping post http://www.haodf.com/wenda/dfshiping_g_4535020586.htm
   2016-09-27 01:24:31
   Now scraping post http://www.haodf.com/wenda/dfshiping_g_4396532555.htm
   2016-09-27 01:24:32
   Now scraping post http://www.haodf.com/wenda/dfshiping_g_4534504357.htm
   2016-09-27 01:24:33
   Now scraping post http://www.haodf.com/wenda/dfshiping_g_4534461223.htm
   2016-09-27 01:24:34
   Now scraping post http://www.haodf.com/wenda/dfshiping_g_4529877502.htm
   2016-09-27 01:24:35
   Now scraping post http://www.haodf.com/wenda/dfshiping_g_4532188142.htm
   2016-09-27 01:24:36
   Now scraping post http://www.haodf.com/wenda/dfshiping_g_4528078410.htm
   2016-09-27 01:24:37
   Now scraping post http://www.haodf.com/wenda/dfshiping_g_4528067271.htm
   2016-09-27 01:24:37
   Now scraping post http://www.haodf.com/wenda/dfshiping_g_4523127980.htm
   2016-09-27 01:24:38
   Now scraping post http://www.haodf.com/wenda/dfshiping_g_4524829617.htm
   2016-09-27 01:24:38
   Now scraping post http://www.haodf.com/wenda/dfshiping_g_4524092352.htm
   2016-09-27 01:24:39
   Now scraping post http://www.haodf.com/wenda/dfshiping_g_4522316828.htm
   2016-09-27 01:24:40
   Now scraping post http://www.haodf.com/wenda/dfshiping_g_4523551611.htm
   2016-09-27 01:24:40
   Now scraping post http://www.haodf.com/wenda/dfshiping_g_4499119142.htm
   2016-09-27 01:24:41
   Now scraping post http://www.haodf.com/wenda/dfshiping_g_4481514867.htm
   2016-09-27 01:24:42
   Now scraping post http://www.haodf.com/wenda/dfshiping_g_4521167020.htm
   2016-09-27 01:24:42
   Now scraping post http://www.haodf.com/wenda/dfshiping_g_4520812725.htm
   2016-09-27 01:24:43
   Now scraping post http://www.haodf.com/wenda/dfshiping_g_4094819281.htm
   2016-09-27 01:24:44
   Now scraping post http://www.haodf.com/wenda/dfshiping_g_4511226860.htm
  2016-09-27 01:24:44
  Now scraping page 16
   2016-09-27 01:24:45
   Now scraping post http://www.haodf.com/wenda/dfshiping_g_4514577151.htm
   2016-09-27 01:24:45
   Now scraping post http://www.haodf.com/wenda/dfshiping_g_4517987232.htm
   2016-09-27 01:24:46
   Now scraping post http://www.haodf.com/wenda/dfshiping_g_4518525198.htm
   2016-09-27 01:24:47
   Now scraping post http://www.haodf.com/wenda/dfshiping_g_4384081845.htm
   2016-09-27 01:24:48
   Now scraping post http://www.haodf.com/wenda/dfshiping_g_4518154404.htm
   2016-09-27 01:24:48
   Now scraping post http://www.haodf.com/wenda/dfshiping_g_4517678840.htm
   2016-09-27 01:24:49
   Now scraping post http://www.haodf.com/wenda/dfshiping_g_4515704175.htm
   2016-09-27 01:24:50
   Now scraping post http://www.haodf.com/wenda/dfshiping_g_4516192205.htm
   2016-09-27 01:24:51
   Now scraping post http://www.haodf.com/wenda/dfshiping_g_4515700619.htm
   2016-09-27 01:24:51
   Now scraping post http://www.haodf.com/wenda/dfshiping_g_4514608672.htm
   2016-09-27 01:24:52
   Now scraping post http://www.haodf.com/wenda/dfshiping_g_4513293485.htm
   2016-09-27 01:24:53
   Now scraping post http://www.haodf.com/wenda/dfshiping_g_4512492837.htm
   2016-09-27 01:24:53
   Now scraping post http://www.haodf.com/wenda/dfshiping_g_4512028379.htm
   2016-09-27 01:24:54
   Now scraping post http://www.haodf.com/wenda/dfshiping_g_4502574510.htm
   2016-09-27 01:24:54
   Now scraping post http://www.haodf.com/wenda/dfshiping_g_4511776116.htm
   2016-09-27 01:24:55
   Now scraping post http://www.haodf.com/wenda/dfshiping_g_4510432699.htm
   2016-09-27 01:24:56
   Now scraping post http://www.haodf.com/wenda/dfshiping_g_4510437359.htm
   2016-09-27 01:24:56
   Now scraping post http://www.haodf.com/wenda/dfshiping_g_4507221671.htm
   2016-09-27 01:24:57
   Now scraping post http://www.haodf.com/wenda/dfshiping_g_4459462555.htm
   2016-09-27 01:24:58
   Now scraping post http://www.haodf.com/wenda/dfshiping_g_4507768389.htm
   2016-09-27 01:24:58
   Now scraping post http://www.haodf.com/wenda/dfshiping_g_4504556750.htm
   2016-09-27 01:24:59
   Now scraping post http://www.haodf.com/wenda/dfshiping_g_4501316274.htm
   2016-09-27 01:25:00
   Now scraping post http://www.haodf.com/wenda/dfshiping_g_4503829292.htm
   2016-09-27 01:25:01
   Now scraping post http://www.haodf.com/wenda/dfshiping_g_4443405432.htm
   2016-09-27 01:25:01
   Now scraping post http://www.haodf.com/wenda/dfshiping_g_4500148846.htm
  2016-09-27 01:25:01
  Now scraping page 17
   2016-09-27 01:25:02
   Now scraping post http://www.haodf.com/wenda/dfshiping_g_4499601047.htm
   2016-09-27 01:25:04
   Now scraping post http://www.haodf.com/wenda/dfshiping_g_4333543662.htm
   2016-09-27 01:25:04
   Now scraping post http://www.haodf.com/wenda/dfshiping_g_4498653029.htm
   2016-09-27 01:25:05
   Now scraping post http://www.haodf.com/wenda/dfshiping_g_4498260552.htm
   2016-09-27 01:25:05
   Now scraping post http://www.haodf.com/wenda/dfshiping_g_4497832375.htm
   2016-09-27 01:25:06
   Now scraping post http://www.haodf.com/wenda/dfshiping_g_4492394106.htm
   2016-09-27 01:25:07
   Now scraping post http://www.haodf.com/wenda/dfshiping_g_4495947071.htm
   2016-09-27 01:25:07
   Now scraping post http://www.haodf.com/wenda/dfshiping_g_4489223923.htm
   2016-09-27 01:25:08
   Now scraping post http://www.haodf.com/wenda/dfshiping_g_4493648233.htm
   2016-09-27 01:25:09
   Now scraping post http://www.haodf.com/wenda/dfshiping_g_4457651565.htm
   2016-09-27 01:25:09
   Now scraping post http://www.haodf.com/wenda/dfshiping_g_4396071435.htm
   2016-09-27 01:25:10
   Now scraping post http://www.haodf.com/wenda/dfshiping_g_4491633777.htm
   2016-09-27 01:25:11
   Now scraping post http://www.haodf.com/wenda/dfshiping_g_4471178682.htm
   2016-09-27 01:25:12
   Now scraping post http://www.haodf.com/wenda/dfshiping_g_4491011278.htm
   2016-09-27 01:25:12
   Now scraping post http://www.haodf.com/wenda/dfshiping_g_4489176521.htm
   2016-09-27 01:25:13
   Now scraping post http://www.haodf.com/wenda/dfshiping_g_4489040512.htm
   2016-09-27 01:25:14
   Now scraping post http://www.haodf.com/wenda/dfshiping_g_4487701412.htm
   2016-09-27 01:25:14
   Now scraping post http://www.haodf.com/wenda/dfshiping_g_4441270761.htm
   2016-09-27 01:25:15
   Now scraping post http://www.haodf.com/wenda/dfshiping_g_4480680372.htm
   2016-09-27 01:25:16
   Now scraping post http://www.haodf.com/wenda/dfshiping_g_4485431283.htm
   2016-09-27 01:25:16
   Now scraping post http://www.haodf.com/wenda/dfshiping_g_4192687654.htm
   2016-09-27 01:25:17
   Now scraping post http://www.haodf.com/wenda/dfshiping_g_4475706186.htm
   2016-09-27 01:25:18
   Now scraping post http://www.haodf.com/wenda/dfshiping_g_4484159910.htm
   2016-09-27 01:25:18
   Now scraping post http://www.haodf.com/wenda/dfshiping_g_4381524358.htm
   2016-09-27 01:25:19
   Now scraping post http://www.haodf.com/wenda/dfshiping_g_4482631998.htm
  2016-09-27 01:25:20
  Now scraping page 18
   2016-09-27 01:25:20
   Now scraping post http://www.haodf.com/wenda/dfshiping_g_4483807185.htm
   2016-09-27 01:25:21
   Now scraping post http://www.haodf.com/wenda/dfshiping_g_4375165073.htm
   2016-09-27 01:25:22
   Now scraping post http://www.haodf.com/wenda/dfshiping_g_4482511247.htm
   2016-09-27 01:25:22
   Now scraping post http://www.haodf.com/wenda/dfshiping_g_4380529373.htm
   2016-09-27 01:25:23
   Now scraping post http://www.haodf.com/wenda/dfshiping_g_4157678076.htm
   2016-09-27 01:25:24
   Now scraping post http://www.haodf.com/wenda/dfshiping_g_4374506118.htm
   2016-09-27 01:25:25
   Now scraping post http://www.haodf.com/wenda/dfshiping_g_4109847436.htm
   2016-09-27 01:25:26
   Now scraping post http://www.haodf.com/wenda/dfshiping_g_4475001907.htm
   2016-09-27 01:25:26
   Now scraping post http://www.haodf.com/wenda/dfshiping_g_4474447486.htm
   2016-09-27 01:25:27
   Now scraping post http://www.haodf.com/wenda/dfshiping_g_4473836499.htm
   2016-09-27 01:25:28
   Now scraping post http://www.haodf.com/wenda/dfshiping_g_4471172445.htm
   2016-09-27 01:25:28
   Now scraping post http://www.haodf.com/wenda/dfshiping_g_4472488174.htm
   2016-09-27 01:25:29
   Now scraping post http://www.haodf.com/wenda/dfshiping_g_4124653014.htm
   2016-09-27 01:25:57
   Now scraping post http://www.haodf.com/wenda/dfshiping_g_4471180425.htm
   2016-09-27 01:25:58
   Now scraping post http://www.haodf.com/wenda/dfshiping_g_4469813044.htm
   2016-09-27 01:25:59
   Now scraping post http://www.haodf.com/wenda/dfshiping_g_4399444890.htm
   2016-09-27 01:26:00
   Now scraping post http://www.haodf.com/wenda/dfshiping_g_4425421328.htm
   2016-09-27 01:26:01
   Now scraping post http://www.haodf.com/wenda/dfshiping_g_4298918766.htm
   2016-09-27 01:26:01
   Now scraping post http://www.haodf.com/wenda/dfshiping_g_4463656800.htm
   2016-09-27 01:26:02
   Now scraping post http://www.haodf.com/wenda/dfshiping_g_4462930673.htm
   2016-09-27 01:26:03
   Now scraping post http://www.haodf.com/wenda/dfshiping_g_4459365760.htm
   2016-09-27 01:26:04
   Now scraping post http://www.haodf.com/wenda/dfshiping_g_4461560940.htm
   2016-09-27 01:26:05
   Now scraping post http://www.haodf.com/wenda/dfshiping_g_4428673126.htm
   2016-09-27 01:26:06
   Now scraping post http://www.haodf.com/wenda/dfshiping_g_4459355762.htm
   2016-09-27 01:26:06
   Now scraping post http://www.haodf.com/wenda/dfshiping_g_4458916175.htm
  2016-09-27 01:26:07
  Now scraping page 19
   2016-09-27 01:26:07
   Now scraping post http://www.haodf.com/wenda/dfshiping_g_4457951382.htm
   2016-09-27 01:26:08
   Now scraping post http://www.haodf.com/wenda/dfshiping_g_4391927899.htm
   2016-09-27 01:26:08
   Now scraping post http://www.haodf.com/wenda/dfshiping_g_4451099237.htm
   2016-09-27 01:26:09
   Now scraping post http://www.haodf.com/wenda/dfshiping_g_4457337365.htm
   2016-09-27 01:26:10
   Now scraping post http://www.haodf.com/wenda/dfshiping_g_4457310839.htm
   2016-09-27 01:26:10
   Now scraping post http://www.haodf.com/wenda/dfshiping_g_4456478284.htm
   2016-09-27 01:26:11
   Now scraping post http://www.haodf.com/wenda/dfshiping_g_4453700714.htm
   2016-09-27 01:26:12
   Now scraping post http://www.haodf.com/wenda/dfshiping_g_4453833133.htm
   2016-09-27 01:26:13
   Now scraping post http://www.haodf.com/wenda/dfshiping_g_4453879569.htm
   2016-09-27 01:26:13
   Now scraping post http://www.haodf.com/wenda/dfshiping_g_4453703599.htm
   2016-09-27 01:26:14
   Now scraping post http://www.haodf.com/wenda/dfshiping_g_4451104746.htm
   2016-09-27 01:26:15
   Now scraping post http://www.haodf.com/wenda/dfshiping_g_4452258685.htm
   2016-09-27 01:26:15
   Now scraping post http://www.haodf.com/wenda/dfshiping_g_4451989415.htm
   2016-09-27 01:26:16
   Now scraping post http://www.haodf.com/wenda/dfshiping_g_4451917559.htm
   2016-09-27 01:26:17
   Now scraping post http://www.haodf.com/wenda/dfshiping_g_4451900771.htm
   2016-09-27 01:26:18
   Now scraping post http://www.haodf.com/wenda/dfshiping_g_4451108974.htm
   2016-09-27 01:26:18
   Now scraping post http://www.haodf.com/wenda/dfshiping_g_4450980278.htm
   2016-09-27 01:26:19
   Now scraping post http://www.haodf.com/wenda/dfshiping_g_4450042205.htm
   2016-09-27 01:26:20
   Now scraping post http://www.haodf.com/wenda/dfshiping_g_4448235645.htm
   2016-09-27 01:26:20
   Now scraping post http://www.haodf.com/wenda/dfshiping_g_4448516546.htm
   2016-09-27 01:26:21
   Now scraping post http://www.haodf.com/wenda/dfshiping_g_4433277945.htm
   2016-09-27 01:26:22
   Now scraping post http://www.haodf.com/wenda/dfshiping_g_4447307470.htm
   2016-09-27 01:26:22
   Now scraping post http://www.haodf.com/wenda/dfshiping_g_4439989535.htm
   2016-09-27 01:26:23
   Now scraping post http://www.haodf.com/wenda/dfshiping_g_4445283430.htm
   2016-09-27 01:26:24
   Now scraping post http://www.haodf.com/wenda/dfshiping_g_4445316796.htm
  2016-09-27 01:26:24
  Now scraping page 20
   2016-09-27 01:26:25
   Now scraping post http://www.haodf.com/wenda/dfshiping_g_4222595576.htm
   2016-09-27 01:26:26
   Now scraping post http://www.haodf.com/wenda/dfshiping_g_4443740905.htm
   2016-09-27 01:26:27
   Now scraping post http://www.haodf.com/wenda/dfshiping_g_4442009351.htm
   2016-09-27 01:26:27
   Now scraping post http://www.haodf.com/wenda/dfshiping_g_4441944554.htm
   2016-09-27 01:26:28
   Now scraping post http://www.haodf.com/wenda/dfshiping_g_4441088686.htm
   2016-09-27 01:26:29
   Now scraping post http://www.haodf.com/wenda/dfshiping_g_4441095400.htm
   2016-09-27 01:26:29
   Now scraping post http://www.haodf.com/wenda/dfshiping_g_4399454852.htm
   2016-09-27 01:26:30
   Now scraping post http://www.haodf.com/wenda/dfshiping_g_4439654639.htm
   2016-09-27 01:26:30
   Now scraping post http://www.haodf.com/wenda/dfshiping_g_4438987927.htm
   2016-09-27 01:26:31
   Now scraping post http://www.haodf.com/wenda/dfshiping_g_2663348375.htm
   2016-09-27 01:26:32
   Now scraping post http://www.haodf.com/wenda/dfshiping_g_4428344578.htm
   2016-09-27 01:26:33
   Now scraping post http://www.haodf.com/wenda/dfshiping_g_4422034514.htm
   2016-09-27 01:26:33
   Now scraping post http://www.haodf.com/wenda/dfshiping_g_4398465192.htm
   2016-09-27 01:26:34
   Now scraping post http://www.haodf.com/wenda/dfshiping_g_4419213579.htm
   2016-09-27 01:26:35
   Now scraping post http://www.haodf.com/wenda/dfshiping_g_4327836900.htm
   2016-09-27 01:26:35
   Now scraping post http://www.haodf.com/wenda/dfshiping_g_1616042419.htm
   2016-09-27 01:26:36
   Now scraping post http://www.haodf.com/wenda/dfshiping_g_4431752556.htm
   2016-09-27 01:26:37
   Now scraping post http://www.haodf.com/wenda/dfshiping_g_4431746632.htm
   2016-09-27 01:26:38
   Now scraping post http://www.haodf.com/wenda/dfshiping_g_4431110951.htm
   2016-09-27 01:26:39
   Now scraping post http://www.haodf.com/wenda/dfshiping_g_3927497064.htm
   2016-09-27 01:26:40
   Now scraping post http://www.haodf.com/wenda/dfshiping_g_4053280376.htm
   2016-09-27 01:26:40
   Now scraping post http://www.haodf.com/wenda/dfshiping_g_4428189118.htm
   2016-09-27 01:26:41
   Now scraping post http://www.haodf.com/wenda/dfshiping_g_4426903400.htm
   2016-09-27 01:26:42
   Now scraping post http://www.haodf.com/wenda/dfshiping_g_4426586282.htm
   2016-09-27 01:26:43
   Now scraping post http://www.haodf.com/wenda/dfshiping_g_4423532275.htm
  2016-09-27 01:26:43
  Now scraping page 21
   2016-09-27 01:26:44
   Now scraping post http://www.haodf.com/wenda/dfshiping_g_4407875286.htm
   2016-09-27 01:26:44
   Now scraping post http://www.haodf.com/wenda/dfshiping_g_4425837516.htm
   2016-09-27 01:26:45
   Now scraping post http://www.haodf.com/wenda/dfshiping_g_4425628921.htm
   2016-09-27 01:26:46
   Now scraping post http://www.haodf.com/wenda/dfshiping_g_4424026207.htm
   2016-09-27 01:26:46
   Now scraping post http://www.haodf.com/wenda/dfshiping_g_4423526190.htm
   2016-09-27 01:26:47
   Now scraping post http://www.haodf.com/wenda/dfshiping_g_4423522377.htm
   2016-09-27 01:26:47
   Now scraping post http://www.haodf.com/wenda/dfshiping_g_4222256871.htm
   2016-09-27 01:26:48
   Now scraping post http://www.haodf.com/wenda/dfshiping_g_4360706201.htm
   2016-09-27 01:26:49
   Now scraping post http://www.haodf.com/wenda/dfshiping_g_4422045707.htm
   2016-09-27 01:26:49
   Now scraping post http://www.haodf.com/wenda/dfshiping_g_4421251125.htm
   2016-09-27 01:26:50
   Now scraping post http://www.haodf.com/wenda/dfshiping_g_4222509221.htm
   2016-09-27 01:26:51
   Now scraping post http://www.haodf.com/wenda/dfshiping_g_4420163254.htm
   2016-09-27 01:26:51
   Now scraping post http://www.haodf.com/wenda/dfshiping_g_4420153807.htm
   2016-09-27 01:26:52
   Now scraping post http://www.haodf.com/wenda/dfshiping_g_4420061886.htm
   2016-09-27 01:26:53
   Now scraping post http://www.haodf.com/wenda/dfshiping_g_4419851556.htm
   2016-09-27 01:26:53
   Now scraping post http://www.haodf.com/wenda/dfshiping_g_4419619533.htm
   2016-09-27 01:26:54
   Now scraping post http://www.haodf.com/wenda/dfshiping_g_4233488919.htm
   2016-09-27 01:26:55
   Now scraping post http://www.haodf.com/wenda/dfshiping_g_4366003536.htm
   2016-09-27 01:26:55
   Now scraping post http://www.haodf.com/wenda/dfshiping_g_4417759329.htm
   2016-09-27 01:26:56
   Now scraping post http://www.haodf.com/wenda/dfshiping_g_4417447990.htm
   2016-09-27 01:26:56
   Now scraping post http://www.haodf.com/wenda/dfshiping_g_4416190737.htm
   2016-09-27 01:26:57
   Now scraping post http://www.haodf.com/wenda/dfshiping_g_4376435607.htm
   2016-09-27 01:26:58
   Now scraping post http://www.haodf.com/wenda/dfshiping_g_4416107176.htm
   2016-09-27 01:26:59
   Now scraping post http://www.haodf.com/wenda/dfshiping_g_4387779560.htm
   2016-09-27 01:27:00
   Now scraping post http://www.haodf.com/wenda/dfshiping_g_4414660639.htm
  2016-09-27 01:27:00
  Now scraping page 22
   2016-09-27 01:27:01
   Now scraping post http://www.haodf.com/wenda/dfshiping_g_4367192406.htm
   2016-09-27 01:27:01
   Now scraping post http://www.haodf.com/wenda/dfshiping_g_4383846780.htm
   2016-09-27 01:27:02
   Now scraping post http://www.haodf.com/wenda/dfshiping_g_4413822519.htm
   2016-09-27 01:27:02
   Now scraping post http://www.haodf.com/wenda/dfshiping_g_4413837126.htm
   2016-09-27 01:27:03
   Now scraping post http://www.haodf.com/wenda/dfshiping_g_4411264006.htm
   2016-09-27 01:27:04
   Now scraping post http://www.haodf.com/wenda/dfshiping_g_4015920070.htm
   2016-09-27 01:27:04
   Now scraping post http://www.haodf.com/wenda/dfshiping_g_4166566254.htm
   2016-09-27 01:27:05
   Now scraping post http://www.haodf.com/wenda/dfshiping_g_4340424001.htm
   2016-09-27 01:27:05
   Now scraping post http://www.haodf.com/wenda/dfshiping_g_4402244010.htm
   2016-09-27 01:27:06
   Now scraping post http://www.haodf.com/wenda/dfshiping_g_4404820087.htm
   2016-09-27 01:27:07
   Now scraping post http://www.haodf.com/wenda/dfshiping_g_4389291887.htm
   2016-09-27 01:27:07
   Now scraping post http://www.haodf.com/wenda/dfshiping_g_4403948697.htm
   2016-09-27 01:27:08
   Now scraping post http://www.haodf.com/wenda/dfshiping_g_4403239738.htm
   2016-09-27 01:27:08
   Now scraping post http://www.haodf.com/wenda/dfshiping_g_4390463862.htm
   2016-09-27 01:27:09
   Now scraping post http://www.haodf.com/wenda/dfshiping_g_4402398946.htm
   2016-09-27 01:27:10
   Now scraping post http://www.haodf.com/wenda/dfshiping_g_4401787993.htm
   2016-09-27 01:27:10
   Now scraping post http://www.haodf.com/wenda/dfshiping_g_4402241943.htm
   2016-09-27 01:27:11
   Now scraping post http://www.haodf.com/wenda/dfshiping_g_4401790080.htm
   2016-09-27 01:27:12
   Now scraping post http://www.haodf.com/wenda/dfshiping_g_4394425815.htm
   2016-09-27 01:27:13
   Now scraping post http://www.haodf.com/wenda/dfshiping_g_4400278018.htm
   2016-09-27 01:27:14
   Now scraping post http://www.haodf.com/wenda/dfshiping_g_4399902445.htm
   2016-09-27 01:27:14
   Now scraping post http://www.haodf.com/wenda/dfshiping_g_4400154049.htm
   2016-09-27 01:27:15
   Now scraping post http://www.haodf.com/wenda/dfshiping_g_4394726073.htm
   2016-09-27 01:27:16
   Now scraping post http://www.haodf.com/wenda/dfshiping_g_4398237047.htm
   2016-09-27 01:27:16
   Now scraping post http://www.haodf.com/wenda/dfshiping_g_4396928057.htm
  2016-09-27 01:27:17
  Now scraping page 23
   2016-09-27 01:27:18
   Now scraping post http://www.haodf.com/wenda/dfshiping_g_4396177581.htm
   2016-09-27 01:27:19
   Now scraping post http://www.haodf.com/wenda/dfshiping_g_4235081569.htm
   2016-09-27 01:27:19
   Now scraping post http://www.haodf.com/wenda/dfshiping_g_4391650182.htm
   2016-09-27 01:27:20
   Now scraping post http://www.haodf.com/wenda/dfshiping_g_4391393213.htm
   2016-09-27 01:27:20
   Now scraping post http://www.haodf.com/wenda/dfshiping_g_4388119027.htm
   2016-09-27 01:27:22
   Now scraping post http://www.haodf.com/wenda/dfshiping_g_4388201403.htm
   2016-09-27 01:27:22
   Now scraping post http://www.haodf.com/wenda/dfshiping_g_4387785075.htm
   2016-09-27 01:27:23
   Now scraping post http://www.haodf.com/wenda/dfshiping_g_4387328935.htm
   2016-09-27 01:27:23
   Now scraping post http://www.haodf.com/wenda/dfshiping_g_4387032475.htm
   2016-09-27 01:27:24
   Now scraping post http://www.haodf.com/wenda/dfshiping_g_4385033070.htm
   2016-09-27 01:27:25
   Now scraping post http://www.haodf.com/wenda/dfshiping_g_4380186805.htm
   2016-09-27 01:27:25
   Now scraping post http://www.haodf.com/wenda/dfshiping_g_4383722111.htm
   2016-09-27 01:27:26
   Now scraping post http://www.haodf.com/wenda/dfshiping_g_4383580253.htm
   2016-09-27 01:27:27
   Now scraping post http://www.haodf.com/wenda/dfshiping_g_4381536859.htm
   2016-09-27 01:27:27
   Now scraping post http://www.haodf.com/wenda/dfshiping_g_4381546073.htm
   2016-09-27 01:27:28
   Now scraping post http://www.haodf.com/wenda/dfshiping_g_4062046353.htm
   2016-09-27 01:27:29
   Now scraping post http://www.haodf.com/wenda/dfshiping_g_4118132942.htm
   2016-09-27 01:27:29
   Now scraping post http://www.haodf.com/wenda/dfshiping_g_4367290367.htm
   2016-09-27 01:27:30
   Now scraping post http://www.haodf.com/wenda/dfshiping_g_3431355985.htm
   2016-09-27 01:27:31
   Now scraping post http://www.haodf.com/wenda/dfshiping_g_3904703221.htm
   2016-09-27 01:27:31
   Now scraping post http://www.haodf.com/wenda/dfshiping_g_4380772756.htm
   2016-09-27 01:27:32
   Now scraping post http://www.haodf.com/wenda/dfshiping_g_4350616069.htm
   2016-09-27 01:27:33
   Now scraping post http://www.haodf.com/wenda/dfshiping_g_4125185896.htm
   2016-09-27 01:27:33
   Now scraping post http://www.haodf.com/wenda/dfshiping_g_4366219353.htm
   2016-09-27 01:27:34
   Now scraping post http://www.haodf.com/wenda/dfshiping_g_4059494811.htm
  2016-09-27 01:27:35
  Now scraping page 24
   2016-09-27 01:27:35
   Now scraping post http://www.haodf.com/wenda/dfshiping_g_4176319607.htm
   2016-09-27 01:27:35
   Now scraping post http://www.haodf.com/wenda/dfshiping_g_4130577751.htm
   2016-09-27 01:27:36
   Now scraping post http://www.haodf.com/wenda/dfshiping_g_4185162899.htm
   2016-09-27 01:27:36
   Now scraping post http://www.haodf.com/wenda/dfshiping_g_4380026274.htm
   2016-09-27 01:27:37
   Now scraping post http://www.haodf.com/wenda/dfshiping_g_4369396374.htm
   2016-09-27 01:27:37
   Now scraping post http://www.haodf.com/wenda/dfshiping_g_4380004734.htm
   2016-09-27 01:27:38
   Now scraping post http://www.haodf.com/wenda/dfshiping_g_4099607794.htm
   2016-09-27 01:27:39
   Now scraping post http://www.haodf.com/wenda/dfshiping_g_4093757769.htm
   2016-09-27 01:27:39
   Now scraping post http://www.haodf.com/wenda/dfshiping_g_4379953440.htm
   2016-09-27 01:27:40
   Now scraping post http://www.haodf.com/wenda/dfshiping_g_4014531252.htm
   2016-09-27 01:27:41
   Now scraping post http://www.haodf.com/wenda/dfshiping_g_4379005465.htm
   2016-09-27 01:27:41
   Now scraping post http://www.haodf.com/wenda/dfshiping_g_4124526471.htm
   2016-09-27 01:27:42
   Now scraping post http://www.haodf.com/wenda/dfshiping_g_4364841495.htm
   2016-09-27 01:27:43
   Now scraping post http://www.haodf.com/wenda/dfshiping_g_4364686966.htm
   2016-09-27 01:27:43
   Now scraping post http://www.haodf.com/wenda/dfshiping_g_4355772522.htm
   2016-09-27 01:27:44
   Now scraping post http://www.haodf.com/wenda/dfshiping_g_4355769392.htm
   2016-09-27 01:27:45
   Now scraping post http://www.haodf.com/wenda/dfshiping_g_4351406418.htm
   2016-09-27 01:27:45
   Now scraping post http://www.haodf.com/wenda/dfshiping_g_4349550056.htm
   2016-09-27 01:27:46
   Now scraping post http://www.haodf.com/wenda/dfshiping_g_4251434071.htm
   2016-09-27 01:27:47
   Now scraping post http://www.haodf.com/wenda/dfshiping_g_4250510838.htm
   2016-09-27 01:27:47
   Now scraping post http://www.haodf.com/wenda/dfshiping_g_4235005355.htm
   2016-09-27 01:27:48
   Now scraping post http://www.haodf.com/wenda/dfshiping_g_4225892876.htm
   2016-09-27 01:27:48
   Now scraping post http://www.haodf.com/wenda/dfshiping_g_4225517386.htm
   2016-09-27 01:27:49
   Now scraping post http://www.haodf.com/wenda/dfshiping_g_4225365654.htm
   2016-09-27 01:27:50
   Now scraping post http://www.haodf.com/wenda/dfshiping_g_4218243486.htm
  2016-09-27 01:27:50
  Now scraping page 25
   2016-09-27 01:27:51
   Now scraping post http://www.haodf.com/wenda/dfshiping_g_4217934052.htm
   2016-09-27 01:27:52
   Now scraping post http://www.haodf.com/wenda/dfshiping_g_4202649377.htm
   2016-09-27 01:27:53
   Now scraping post http://www.haodf.com/wenda/dfshiping_g_4201298610.htm
   2016-09-27 01:27:53
   Now scraping post http://www.haodf.com/wenda/dfshiping_g_4200497290.htm
   2016-09-27 01:27:54
   Now scraping post http://www.haodf.com/wenda/dfshiping_g_4195958915.htm
   2016-09-27 01:27:55
   Now scraping post http://www.haodf.com/wenda/dfshiping_g_4194360108.htm
   2016-09-27 01:27:55
   Now scraping post http://www.haodf.com/wenda/dfshiping_g_4191673364.htm
   2016-09-27 01:27:56
   Now scraping post http://www.haodf.com/wenda/dfshiping_g_4160824604.htm
   2016-09-27 01:27:56
   Now scraping post http://www.haodf.com/wenda/dfshiping_g_4158954238.htm
   2016-09-27 01:27:57
   Now scraping post http://www.haodf.com/wenda/dfshiping_g_4153961280.htm
   2016-09-27 01:27:58
   Now scraping post http://www.haodf.com/wenda/dfshiping_g_4149615699.htm
   2016-09-27 01:27:58
   Now scraping post http://www.haodf.com/wenda/dfshiping_g_4141440199.htm
   2016-09-27 01:27:59
   Now scraping post http://www.haodf.com/wenda/dfshiping_g_4138618865.htm
   2016-09-27 01:27:59
   Now scraping post http://www.haodf.com/wenda/dfshiping_g_4135048436.htm
   2016-09-27 01:28:00
   Now scraping post http://www.haodf.com/wenda/dfshiping_g_4130871055.htm
   2016-09-27 01:28:00
   Now scraping post http://www.haodf.com/wenda/dfshiping_g_4130816977.htm
   2016-09-27 01:28:01
   Now scraping post http://www.haodf.com/wenda/dfshiping_g_4127956655.htm
   2016-09-27 01:28:02
   Now scraping post http://www.haodf.com/wenda/dfshiping_g_4127900988.htm
   2016-09-27 01:28:02
   Now scraping post http://www.haodf.com/wenda/dfshiping_g_4125426707.htm
   2016-09-27 01:28:03
   Now scraping post http://www.haodf.com/wenda/dfshiping_g_4114865379.htm
   2016-09-27 01:28:03
   Now scraping post http://www.haodf.com/wenda/dfshiping_g_4114054211.htm
   2016-09-27 01:28:04
   Now scraping post http://www.haodf.com/wenda/dfshiping_g_4103449217.htm
   2016-09-27 01:28:05
   Now scraping post http://www.haodf.com/wenda/dfshiping_g_4099085347.htm
   2016-09-27 01:28:05
   Now scraping post http://www.haodf.com/wenda/dfshiping_g_4099003269.htm
   2016-09-27 01:28:05
   Now scraping post http://www.haodf.com/wenda/dfshiping_g_4095633905.htm
  2016-09-27 01:28:06
  Now scraping page 26
   2016-09-27 01:28:06
   Now scraping post http://www.haodf.com/wenda/dfshiping_g_4089339671.htm
   2016-09-27 01:28:07
   Now scraping post http://www.haodf.com/wenda/dfshiping_g_4089174728.htm
   2016-09-27 01:28:08
   Now scraping post http://www.haodf.com/wenda/dfshiping_g_4078445363.htm
   2016-09-27 01:28:09
   Now scraping post http://www.haodf.com/wenda/dfshiping_g_4070400169.htm
   2016-09-27 01:28:09
   Now scraping post http://www.haodf.com/wenda/dfshiping_g_4066038536.htm
   2016-09-27 01:28:10
   Now scraping post http://www.haodf.com/wenda/dfshiping_g_4063766448.htm
   2016-09-27 01:28:11
   Now scraping post http://www.haodf.com/wenda/dfshiping_g_4058277425.htm
   2016-09-27 01:28:11
   Now scraping post http://www.haodf.com/wenda/dfshiping_g_4054519339.htm
   2016-09-27 01:28:12
   Now scraping post http://www.haodf.com/wenda/dfshiping_g_4052695225.htm
   2016-09-27 01:28:12
   Now scraping post http://www.haodf.com/wenda/dfshiping_g_4049883344.htm
   2016-09-27 01:28:13
   Now scraping post http://www.haodf.com/wenda/dfshiping_g_4049647766.htm
   2016-09-27 01:28:13
   Now scraping post http://www.haodf.com/wenda/dfshiping_g_4048990758.htm
   2016-09-27 01:28:14
   Now scraping post http://www.haodf.com/wenda/dfshiping_g_4047828186.htm
   2016-09-27 01:28:15
   Now scraping post http://www.haodf.com/wenda/dfshiping_g_4008438237.htm
   2016-09-27 01:28:16
   Now scraping post http://www.haodf.com/wenda/dfshiping_g_4005660357.htm
   2016-09-27 01:28:16
   Now scraping post http://www.haodf.com/wenda/dfshiping_g_3994888049.htm
   2016-09-27 01:28:17
   Now scraping post http://www.haodf.com/wenda/dfshiping_g_3915736764.htm
   2016-09-27 01:28:18
   Now scraping post http://www.haodf.com/wenda/dfshiping_g_3881760207.htm
   2016-09-27 01:28:19
   Now scraping post http://www.haodf.com/wenda/dfshiping_g_3802611812.htm
   2016-09-27 01:28:19
   Now scraping post http://www.haodf.com/wenda/dfshiping_g_4378947818.htm
   2016-09-27 01:28:20
   Now scraping post http://www.haodf.com/wenda/dfshiping_g_4378938103.htm
   2016-09-27 01:28:21
   Now scraping post http://www.haodf.com/wenda/dfshiping_g_4377736485.htm
   2016-09-27 01:28:21
   Now scraping post http://www.haodf.com/wenda/dfshiping_g_4377145830.htm
   2016-09-27 01:28:23
   Now scraping post http://www.haodf.com/wenda/dfshiping_g_4376844757.htm
   2016-09-27 01:28:23
   Now scraping post http://www.haodf.com/wenda/dfshiping_g_4376544898.htm
  2016-09-27 01:28:24
  Now scraping page 27
   2016-09-27 01:28:25
   Now scraping post http://www.haodf.com/wenda/dfshiping_g_4373913743.htm
   2016-09-27 01:28:25
   Now scraping post http://www.haodf.com/wenda/dfshiping_g_4372721965.htm
   2016-09-27 01:28:26
   Now scraping post http://www.haodf.com/wenda/dfshiping_g_4372694000.htm
   2016-09-27 01:28:26
   Now scraping post http://www.haodf.com/wenda/dfshiping_g_4245420631.htm
   2016-09-27 01:28:27
   Now scraping post http://www.haodf.com/wenda/dfshiping_g_4372709709.htm
   2016-09-27 01:28:28
   Now scraping post http://www.haodf.com/wenda/dfshiping_g_4125446301.htm
   2016-09-27 01:28:29
   Now scraping post http://www.haodf.com/wenda/dfshiping_g_4371716063.htm
   2016-09-27 01:28:29
   Now scraping post http://www.haodf.com/wenda/dfshiping_g_4369823516.htm
   2016-09-27 01:28:30
   Now scraping post http://www.haodf.com/wenda/dfshiping_g_4368555019.htm
   2016-09-27 01:28:31
   Now scraping post http://www.haodf.com/wenda/dfshiping_g_4367254442.htm
   2016-09-27 01:28:31
   Now scraping post http://www.haodf.com/wenda/dfshiping_g_4366591221.htm
   2016-09-27 01:28:32
   Now scraping post http://www.haodf.com/wenda/dfshiping_g_4366258040.htm
   2016-09-27 01:28:33
   Now scraping post http://www.haodf.com/wenda/dfshiping_g_4364384646.htm
   2016-09-27 01:28:33
   Now scraping post http://www.haodf.com/wenda/dfshiping_g_4367043304.htm
   2016-09-27 01:28:34
   Now scraping post http://www.haodf.com/wenda/dfshiping_g_4363225066.htm
   2016-09-27 01:28:35
   Now scraping post http://www.haodf.com/wenda/dfshiping_g_4362479035.htm
   2016-09-27 01:28:35
   Now scraping post http://www.haodf.com/wenda/dfshiping_g_4346344750.htm
   2016-09-27 01:28:37
   Now scraping post http://www.haodf.com/wenda/dfshiping_g_4167707475.htm
   2016-09-27 01:28:37
   Now scraping post http://www.haodf.com/wenda/dfshiping_g_4356712852.htm
   2016-09-27 01:28:38
   Now scraping post http://www.haodf.com/wenda/dfshiping_g_4358040546.htm
   2016-09-27 01:28:38
   Now scraping post http://www.haodf.com/wenda/dfshiping_g_4358129965.htm
   2016-09-27 01:28:39
   Now scraping post http://www.haodf.com/wenda/dfshiping_g_4168638075.htm
   2016-09-27 01:28:40
   Now scraping post http://www.haodf.com/wenda/dfshiping_g_4211836068.htm
   2016-09-27 01:28:40
   Now scraping post http://www.haodf.com/wenda/dfshiping_g_4356708524.htm
   2016-09-27 01:28:41
   Now scraping post http://www.haodf.com/wenda/dfshiping_g_4355820000.htm
  2016-09-27 01:28:42
  Now scraping page 28
   2016-09-27 01:28:42
   Now scraping post http://www.haodf.com/wenda/dfshiping_g_4352610599.htm
   2016-09-27 01:28:43
   Now scraping post http://www.haodf.com/wenda/dfshiping_g_4355368288.htm
   2016-09-27 01:28:44
   Now scraping post http://www.haodf.com/wenda/dfshiping_g_4352650704.htm
   2016-09-27 01:28:44
   Now scraping post http://www.haodf.com/wenda/dfshiping_g_4351965988.htm
   2016-09-27 01:28:45
   Now scraping post http://www.haodf.com/wenda/dfshiping_g_4352461410.htm
   2016-09-27 01:28:45
   Now scraping post http://www.haodf.com/wenda/dfshiping_g_4349755539.htm
   2016-09-27 01:28:46
   Now scraping post http://www.haodf.com/wenda/dfshiping_g_4349609548.htm
   2016-09-27 01:28:47
   Now scraping post http://www.haodf.com/wenda/dfshiping_g_4205151484.htm
   2016-09-27 01:28:48
   Now scraping post http://www.haodf.com/wenda/dfshiping_g_4347519462.htm
   2016-09-27 01:28:49
   Now scraping post http://www.haodf.com/wenda/dfshiping_g_4347513891.htm
   2016-09-27 01:28:49
   Now scraping post http://www.haodf.com/wenda/dfshiping_g_4345228043.htm
   2016-09-27 01:28:50
   Now scraping post http://www.haodf.com/wenda/dfshiping_g_4326921767.htm
   2016-09-27 01:28:50
   Now scraping post http://www.haodf.com/wenda/dfshiping_g_4345104344.htm
   2016-09-27 01:28:51
   Now scraping post http://www.haodf.com/wenda/dfshiping_g_4344661937.htm
   2016-09-27 01:28:51
   Now scraping post http://www.haodf.com/wenda/dfshiping_g_4344452002.htm
   2016-09-27 01:28:52
   Now scraping post http://www.haodf.com/wenda/dfshiping_g_4343571651.htm
   2016-09-27 01:28:53
   Now scraping post http://www.haodf.com/wenda/dfshiping_g_3637824858.htm
   2016-09-27 01:28:54
   Now scraping post http://www.haodf.com/wenda/dfshiping_g_4341016051.htm
   2016-09-27 01:28:55
   Now scraping post http://www.haodf.com/wenda/dfshiping_g_4339434862.htm
   2016-09-27 01:28:55
   Now scraping post http://www.haodf.com/wenda/dfshiping_g_4191951965.htm
   2016-09-27 01:28:56
   Now scraping post http://www.haodf.com/wenda/dfshiping_g_4338812836.htm
   2016-09-27 01:28:56
   Now scraping post http://www.haodf.com/wenda/dfshiping_g_4338243508.htm
   2016-09-27 01:28:57
   Now scraping post http://www.haodf.com/wenda/dfshiping_g_4338228248.htm
   2016-09-27 01:28:57
   Now scraping post http://www.haodf.com/wenda/dfshiping_g_4336062712.htm
   2016-09-27 01:28:59
   Now scraping post http://www.haodf.com/wenda/dfshiping_g_4335793275.htm
  2016-09-27 01:28:59
  Now scraping page 29
   2016-09-27 01:29:00
   Now scraping post http://www.haodf.com/wenda/dfshiping_g_4334967652.htm
   2016-09-27 01:29:00
   Now scraping post http://www.haodf.com/wenda/dfshiping_g_4329070674.htm
   2016-09-27 01:29:02
   Now scraping post http://www.haodf.com/wenda/dfshiping_g_4334206682.htm
   2016-09-27 01:29:02
   Now scraping post http://www.haodf.com/wenda/dfshiping_g_4333918015.htm
   2016-09-27 01:29:03
   Now scraping post http://www.haodf.com/wenda/dfshiping_g_4333965439.htm
   2016-09-27 01:29:04
   Now scraping post http://www.haodf.com/wenda/dfshiping_g_4331075426.htm
   2016-09-27 01:29:04
   Now scraping post http://www.haodf.com/wenda/dfshiping_g_4330607875.htm
   2016-09-27 01:29:05
   Now scraping post http://www.haodf.com/wenda/dfshiping_g_4326623995.htm
   2016-09-27 01:29:05
   Now scraping post http://www.haodf.com/wenda/dfshiping_g_4329216847.htm
   2016-09-27 01:29:06
   Now scraping post http://www.haodf.com/wenda/dfshiping_g_4328686644.htm
   2016-09-27 01:29:06
   Now scraping post http://www.haodf.com/wenda/dfshiping_g_4324899313.htm
   2016-09-27 01:29:07
   Now scraping post http://www.haodf.com/wenda/dfshiping_g_4322674891.htm
   2016-09-27 01:29:07
   Now scraping post http://www.haodf.com/wenda/dfshiping_g_4322669320.htm
   2016-09-27 01:29:08
   Now scraping post http://www.haodf.com/wenda/dfshiping_g_4322473925.htm
   2016-09-27 01:29:09
   Now scraping post http://www.haodf.com/wenda/dfshiping_g_4300642697.htm
   2016-09-27 01:29:09
   Now scraping post http://www.haodf.com/wenda/dfshiping_g_4321548507.htm
   2016-09-27 01:29:10
   Now scraping post http://www.haodf.com/wenda/dfshiping_g_4320534233.htm
   2016-09-27 01:29:10
   Now scraping post http://www.haodf.com/wenda/dfshiping_g_4205899133.htm
   2016-09-27 01:29:11
   Now scraping post http://www.haodf.com/wenda/dfshiping_g_4319153512.htm
   2016-09-27 01:29:12
   Now scraping post http://www.haodf.com/wenda/dfshiping_g_4316423900.htm
   2016-09-27 01:29:13
   Now scraping post http://www.haodf.com/wenda/dfshiping_g_4316289367.htm
   2016-09-27 01:29:13
   Now scraping post http://www.haodf.com/wenda/dfshiping_g_4314116240.htm
   2016-09-27 01:29:14
   Now scraping post http://www.haodf.com/wenda/dfshiping_g_4315025422.htm
   2016-09-27 01:29:14
   Now scraping post http://www.haodf.com/wenda/dfshiping_g_4310304499.htm
   2016-09-27 01:29:15
   Now scraping post http://www.haodf.com/wenda/dfshiping_g_4254692737.htm
  2016-09-27 01:29:15
  Now scraping page 30
   2016-09-27 01:29:16
   Now scraping post http://www.haodf.com/wenda/dfshiping_g_3620883870.htm
   2016-09-27 01:29:16
   Now scraping post http://www.haodf.com/wenda/dfshiping_g_4307658157.htm
   2016-09-27 01:29:17
   Now scraping post http://www.haodf.com/wenda/dfshiping_g_4306555517.htm
   2016-09-27 01:29:18
   Now scraping post http://www.haodf.com/wenda/dfshiping_g_4305085321.htm
   2016-09-27 01:29:18
   Now scraping post http://www.haodf.com/wenda/dfshiping_g_4303653645.htm
   2016-09-27 01:29:19
   Now scraping post http://www.haodf.com/wenda/dfshiping_g_4303361644.htm
   2016-09-27 01:29:19
   Now scraping post http://www.haodf.com/wenda/dfshiping_g_4300917562.htm
   2016-09-27 01:29:20
   Now scraping post http://www.haodf.com/wenda/dfshiping_g_4220915994.htm
   2016-09-27 01:29:20
   Now scraping post http://www.haodf.com/wenda/dfshiping_g_4230932261.htm
   2016-09-27 01:29:21
   Now scraping post http://www.haodf.com/wenda/dfshiping_g_4252782514.htm
   2016-09-27 01:29:21
   Now scraping post http://www.haodf.com/wenda/dfshiping_g_4299488030.htm
   2016-09-27 01:29:22
   Now scraping post http://www.haodf.com/wenda/dfshiping_g_4243971521.htm
   2016-09-27 01:29:23
   Now scraping post http://www.haodf.com/wenda/dfshiping_g_4176294347.htm
   2016-09-27 01:29:23
   Now scraping post http://www.haodf.com/wenda/dfshiping_g_4226075131.htm
   2016-09-27 01:29:24
   Now scraping post http://www.haodf.com/wenda/dfshiping_g_4246759475.htm
   2016-09-27 01:29:25
   Now scraping post http://www.haodf.com/wenda/dfshiping_g_4296832261.htm
   2016-09-27 01:29:25
   Now scraping post http://www.haodf.com/wenda/dfshiping_g_4296827420.htm
   2016-09-27 01:29:26
   Now scraping post http://www.haodf.com/wenda/dfshiping_g_4254696509.htm
   2016-09-27 01:29:26
   Now scraping post http://www.haodf.com/wenda/dfshiping_g_4253231798.htm
   2016-09-27 01:29:27
   Now scraping post http://www.haodf.com/wenda/dfshiping_g_4253210005.htm
   2016-09-27 01:29:27
   Now scraping post http://www.haodf.com/wenda/dfshiping_g_4242904377.htm
   2016-09-27 01:29:28
   Now scraping post http://www.haodf.com/wenda/dfshiping_g_4252801504.htm
   2016-09-27 01:29:29
   Now scraping post http://www.haodf.com/wenda/dfshiping_g_4249518767.htm
   2016-09-27 01:29:29
   Now scraping post http://www.haodf.com/wenda/dfshiping_g_4247034001.htm
   2016-09-27 01:29:30
   Now scraping post http://www.haodf.com/wenda/dfshiping_g_4245728513.htm
  2016-09-27 01:29:31
  Now scraping page 31
   2016-09-27 01:29:31
   Now scraping post http://www.haodf.com/wenda/dfshiping_g_4246140541.htm
   2016-09-27 01:29:33
   Now scraping post http://www.haodf.com/wenda/dfshiping_g_4221827117.htm
   2016-09-27 01:29:33
   Now scraping post http://www.haodf.com/wenda/dfshiping_g_4242909886.htm
   2016-09-27 01:29:34
   Now scraping post http://www.haodf.com/wenda/dfshiping_g_4241597507.htm
   2016-09-27 01:29:35
   Now scraping post http://www.haodf.com/wenda/dfshiping_g_4241592806.htm
   2016-09-27 01:29:35
   Now scraping post http://www.haodf.com/wenda/dfshiping_g_4097295446.htm
   2016-09-27 01:29:36
   Now scraping post http://www.haodf.com/wenda/dfshiping_g_4235839150.htm
   2016-09-27 01:29:37
   Now scraping post http://www.haodf.com/wenda/dfshiping_g_4225321598.htm
   2016-09-27 01:29:37
   Now scraping post http://www.haodf.com/wenda/dfshiping_g_4230699626.htm
   2016-09-27 01:29:38
   Now scraping post http://www.haodf.com/wenda/dfshiping_g_4163489593.htm
   2016-09-27 01:29:38
   Now scraping post http://www.haodf.com/wenda/dfshiping_g_4225991504.htm
   2016-09-27 01:29:39
   Now scraping post http://www.haodf.com/wenda/dfshiping_g_4223781270.htm
   2016-09-27 01:29:40
   Now scraping post http://www.haodf.com/wenda/dfshiping_g_4213789189.htm
   2016-09-27 01:29:41
   Now scraping post http://www.haodf.com/wenda/dfshiping_g_4204931569.htm
   2016-09-27 01:29:41
   Now scraping post http://www.haodf.com/wenda/dfshiping_g_4219335304.htm
   2016-09-27 01:29:42
   Now scraping post http://www.haodf.com/wenda/dfshiping_g_4212364343.htm
   2016-09-27 01:29:43
   Now scraping post http://www.haodf.com/wenda/dfshiping_g_4157623110.htm
   2016-09-27 01:29:44
   Now scraping post http://www.haodf.com/wenda/dfshiping_g_4118007696.htm
   2016-09-27 01:29:45
   Now scraping post http://www.haodf.com/wenda/dfshiping_g_4205590884.htm
   2016-09-27 01:29:45
   Now scraping post http://www.haodf.com/wenda/dfshiping_g_4191088599.htm
   2016-09-27 01:29:46
   Now scraping post http://www.haodf.com/wenda/dfshiping_g_4171585004.htm
   2016-09-27 01:29:46
   Now scraping post http://www.haodf.com/wenda/dfshiping_g_4202568921.htm
   2016-09-27 01:29:47
   Now scraping post http://www.haodf.com/wenda/dfshiping_g_4200562885.htm
   2016-09-27 01:29:47
   Now scraping post http://www.haodf.com/wenda/dfshiping_g_4197679374.htm
   2016-09-27 01:29:48
   Now scraping post http://www.haodf.com/wenda/dfshiping_g_4196655529.htm
  2016-09-27 01:29:49
  Now scraping page 32
   2016-09-27 01:29:49
   Now scraping post http://www.haodf.com/wenda/dfshiping_g_4196629353.htm
   2016-09-27 01:29:50
   Now scraping post http://www.haodf.com/wenda/dfshiping_g_4191377126.htm
   2016-09-27 01:29:51
   Now scraping post http://www.haodf.com/wenda/dfshiping_g_4189745147.htm
   2016-09-27 01:29:52
   Now scraping post http://www.haodf.com/wenda/dfshiping_g_4190918636.htm
   2016-09-27 01:29:52
   Now scraping post http://www.haodf.com/wenda/dfshiping_g_4159014022.htm
   2016-09-27 01:29:53
   Now scraping post http://www.haodf.com/wenda/dfshiping_g_4159692514.htm
   2016-09-27 01:29:54
   Now scraping post http://www.haodf.com/wenda/dfshiping_g_4182770464.htm
   2016-09-27 01:29:54
   Now scraping post http://www.haodf.com/wenda/dfshiping_g_4181470580.htm
   2016-09-27 01:29:55
   Now scraping post http://www.haodf.com/wenda/dfshiping_g_4100600474.htm
   2016-09-27 01:29:55
   Now scraping post http://www.haodf.com/wenda/dfshiping_g_4155137045.htm
   2016-09-27 01:29:56
   Now scraping post http://www.haodf.com/wenda/dfshiping_g_4178927467.htm
   2016-09-27 01:29:57
   Now scraping post http://www.haodf.com/wenda/dfshiping_g_4175373847.htm
   2016-09-27 01:29:57
   Now scraping post http://www.haodf.com/wenda/dfshiping_g_4174357012.htm
   2016-09-27 01:29:58
   Now scraping post http://www.haodf.com/wenda/dfshiping_g_4131116104.htm
   2016-09-27 01:29:59
   Now scraping post http://www.haodf.com/wenda/dfshiping_g_4174912363.htm
   2016-09-27 01:29:59
   Now scraping post http://www.haodf.com/wenda/dfshiping_g_4172243598.htm
   2016-09-27 01:30:00
   Now scraping post http://www.haodf.com/wenda/dfshiping_g_4139843045.htm
   2016-09-27 01:30:01
   Now scraping post http://www.haodf.com/wenda/dfshiping_g_4169260399.htm
   2016-09-27 01:30:02
   Now scraping post http://www.haodf.com/wenda/dfshiping_g_4169112581.htm
   2016-09-27 01:30:02
   Now scraping post http://www.haodf.com/wenda/dfshiping_g_4164747394.htm
   2016-09-27 01:30:03
   Now scraping post http://www.haodf.com/wenda/dfshiping_g_4164031738.htm
   2016-09-27 01:30:04
   Now scraping post http://www.haodf.com/wenda/dfshiping_g_4164906097.htm
   2016-09-27 01:30:06
   Now scraping post http://www.haodf.com/wenda/dfshiping_g_4161119819.htm
   2016-09-27 01:30:06
   Now scraping post http://www.haodf.com/wenda/dfshiping_g_4159789827.htm
   2016-09-27 01:30:07
   Now scraping post http://www.haodf.com/wenda/dfshiping_g_4114350734.htm
  2016-09-27 01:30:08
  Now scraping page 33
   2016-09-27 01:30:08
   Now scraping post http://www.haodf.com/wenda/dfshiping_g_4158668729.htm
   2016-09-27 01:30:09
   Now scraping post http://www.haodf.com/wenda/dfshiping_g_3746209182.htm
   2016-09-27 01:30:09
   Now scraping post http://www.haodf.com/wenda/dfshiping_g_4155133879.htm
   2016-09-27 01:30:10
   Now scraping post http://www.haodf.com/wenda/dfshiping_g_4153941936.htm
   2016-09-27 01:30:10
   Now scraping post http://www.haodf.com/wenda/dfshiping_g_4089267841.htm
   2016-09-27 01:30:11
   Now scraping post http://www.haodf.com/wenda/dfshiping_g_4096108736.htm
   2016-09-27 01:30:11
   Now scraping post http://www.haodf.com/wenda/dfshiping_g_4074560913.htm
   2016-09-27 01:30:12
   Now scraping post http://www.haodf.com/wenda/dfshiping_g_4140779812.htm
   2016-09-27 01:30:13
   Now scraping post http://www.haodf.com/wenda/dfshiping_g_4142460620.htm
   2016-09-27 01:30:14
   Now scraping post http://www.haodf.com/wenda/dfshiping_g_4138928499.htm
   2016-09-27 01:30:15
   Now scraping post http://www.haodf.com/wenda/dfshiping_g_4138967747.htm
   2016-09-27 01:30:15
   Now scraping post http://www.haodf.com/wenda/dfshiping_g_4136294850.htm
   2016-09-27 01:30:16
   Now scraping post http://www.haodf.com/wenda/dfshiping_g_4130526683.htm
   2016-09-27 01:30:17
   Now scraping post http://www.haodf.com/wenda/dfshiping_g_4132864948.htm
   2016-09-27 01:30:18
   Now scraping post http://www.haodf.com/wenda/dfshiping_g_4131677666.htm
   2016-09-27 01:30:18
   Now scraping post http://www.haodf.com/wenda/dfshiping_g_4130799837.htm
   2016-09-27 01:30:19
   Now scraping post http://www.haodf.com/wenda/dfshiping_g_4130195398.htm
   2016-09-27 01:30:20
   Now scraping post http://www.haodf.com/wenda/dfshiping_g_4127603491.htm
   2016-09-27 01:30:20
   Now scraping post http://www.haodf.com/wenda/dfshiping_g_4127120788.htm
   2016-09-27 01:30:22
   Now scraping post http://www.haodf.com/wenda/dfshiping_g_4125788197.htm
   2016-09-27 01:30:23
   Now scraping post http://www.haodf.com/wenda/dfshiping_g_4125527822.htm
   2016-09-27 01:30:23
   Now scraping post http://www.haodf.com/wenda/dfshiping_g_4124587312.htm
   2016-09-27 01:30:24
   Now scraping post http://www.haodf.com/wenda/dfshiping_g_4103858308.htm
   2016-09-27 01:30:25
   Now scraping post http://www.haodf.com/wenda/dfshiping_g_4115756338.htm
   2016-09-27 01:30:25
   Now scraping post http://www.haodf.com/wenda/dfshiping_g_4089534010.htm
  2016-09-27 01:30:26
  Now scraping page 34
   2016-09-27 01:30:27
   Now scraping post http://www.haodf.com/wenda/dfshiping_g_4114136538.htm
   2016-09-27 01:30:27
   Now scraping post http://www.haodf.com/wenda/dfshiping_g_4113265796.htm
   2016-09-27 01:30:28
   Now scraping post http://www.haodf.com/wenda/dfshiping_g_4032501117.htm
   2016-09-27 01:30:29
   Now scraping post http://www.haodf.com/wenda/dfshiping_g_4094517392.htm
   2016-09-27 01:30:30
   Now scraping post http://www.haodf.com/wenda/dfshiping_g_4008608425.htm
   2016-09-27 01:30:30
   Now scraping post http://www.haodf.com/wenda/dfshiping_g_4101249264.htm
   2016-09-27 01:30:31
   Now scraping post http://www.haodf.com/wenda/dfshiping_g_4089008867.htm
   2016-09-27 01:30:32
   Now scraping post http://www.haodf.com/wenda/dfshiping_g_4094695871.htm
   2016-09-27 01:30:32
   Now scraping post http://www.haodf.com/wenda/dfshiping_g_4093301373.htm
   2016-09-27 01:30:33
   Now scraping post http://www.haodf.com/wenda/dfshiping_g_4093050594.htm
   2016-09-27 01:30:34
   Now scraping post http://www.haodf.com/wenda/dfshiping_g_4088944688.htm
   2016-09-27 01:30:34
   Now scraping post http://www.haodf.com/wenda/dfshiping_g_4091404866.htm
   2016-09-27 01:30:35
   Now scraping post http://www.haodf.com/wenda/dfshiping_g_4088729704.htm
   2016-09-27 01:30:36
   Now scraping post http://www.haodf.com/wenda/dfshiping_g_4063283084.htm
   2016-09-27 01:30:37
   Now scraping post http://www.haodf.com/wenda/dfshiping_g_4053284216.htm
   2016-09-27 01:30:38
   Now scraping post http://www.haodf.com/wenda/dfshiping_g_4052565941.htm
   2016-09-27 01:30:38
   Now scraping post http://www.haodf.com/wenda/dfshiping_g_4054354141.htm
   2016-09-27 01:30:39
   Now scraping post http://www.haodf.com/wenda/dfshiping_g_4053308125.htm
   2016-09-27 01:30:39
   Now scraping post http://www.haodf.com/wenda/dfshiping_g_4053004028.htm
   2016-09-27 01:30:40
   Now scraping post http://www.haodf.com/wenda/dfshiping_g_4052142127.htm
   2016-09-27 01:30:41
   Now scraping post http://www.haodf.com/wenda/dfshiping_g_4047969803.htm
   2016-09-27 01:30:41
   Now scraping post http://www.haodf.com/wenda/dfshiping_g_4047929635.htm
   2016-09-27 01:30:42
   Now scraping post http://www.haodf.com/wenda/dfshiping_g_4047835302.htm
   2016-09-27 01:30:42
   Now scraping post http://www.haodf.com/wenda/dfshiping_g_4047556533.htm
   2016-09-27 01:30:43
   Now scraping post http://www.haodf.com/wenda/dfshiping_g_4016164790.htm
  2016-09-27 01:30:44
  Now scraping page 35
   2016-09-27 01:30:45
   Now scraping post http://www.haodf.com/wenda/dfshiping_g_3953556556.htm
   2016-09-27 01:30:45
   Now scraping post http://www.haodf.com/wenda/dfshiping_g_4015479481.htm
   2016-09-27 01:30:46
   Now scraping post http://www.haodf.com/wenda/dfshiping_g_3909823523.htm
   2016-09-27 01:30:47
   Now scraping post http://www.haodf.com/wenda/dfshiping_g_3989213791.htm
   2016-09-27 01:30:48
   Now scraping post http://www.haodf.com/wenda/dfshiping_g_3808168566.htm
   2016-09-27 01:30:48
   Now scraping post http://www.haodf.com/wenda/dfshiping_g_3973326871.htm
   2016-09-27 01:30:49
   Now scraping post http://www.haodf.com/wenda/dfshiping_g_3971284715.htm
   2016-09-27 01:30:50
   Now scraping post http://www.haodf.com/wenda/dfshiping_g_3964661105.htm
   2016-09-27 01:30:51
   Now scraping post http://www.haodf.com/wenda/dfshiping_g_3943697809.htm
   2016-09-27 01:30:51
   Now scraping post http://www.haodf.com/wenda/dfshiping_g_3910604795.htm
   2016-09-27 01:30:52
   Now scraping post http://www.haodf.com/wenda/dfshiping_g_3924371136.htm
   2016-09-27 01:30:53
   Now scraping post http://www.haodf.com/wenda/dfshiping_g_3910343316.htm
   2016-09-27 01:30:53
   Now scraping post http://www.haodf.com/wenda/dfshiping_g_3836769370.htm
   2016-09-27 01:30:54
   Now scraping post http://www.haodf.com/wenda/dfshiping_g_3909730475.htm
   2016-09-27 01:30:55
   Now scraping post http://www.haodf.com/wenda/dfshiping_g_3891768043.htm
   2016-09-27 01:30:56
   Now scraping post http://www.haodf.com/wenda/dfshiping_g_3780742407.htm
   2016-09-27 01:30:57
   Now scraping post http://www.haodf.com/wenda/dfshiping_g_3875918716.htm
   2016-09-27 01:30:57
   Now scraping post http://www.haodf.com/wenda/dfshiping_g_3863261627.htm
   2016-09-27 01:30:59
   Now scraping post http://www.haodf.com/wenda/dfshiping_g_3856905255.htm
   2016-09-27 01:31:00
   Now scraping post http://www.haodf.com/wenda/dfshiping_g_3778601472.htm
   2016-09-27 01:31:00
   Now scraping post http://www.haodf.com/wenda/dfshiping_g_3847478114.htm
   2016-09-27 01:31:01
   Now scraping post http://www.haodf.com/wenda/dfshiping_g_3841601577.htm
   2016-09-27 01:31:01
   Now scraping post http://www.haodf.com/wenda/dfshiping_g_3648068083.htm
   2016-09-27 01:31:02
   Now scraping post http://www.haodf.com/wenda/dfshiping_g_3833067220.htm
   2016-09-27 01:31:03
   Now scraping post http://www.haodf.com/wenda/dfshiping_g_3813585859.htm
  2016-09-27 01:31:03
  Now scraping page 36
   2016-09-27 01:31:04
   Now scraping post http://www.haodf.com/wenda/dfshiping_g_3805549136.htm
   2016-09-27 01:31:05
   Now scraping post http://www.haodf.com/wenda/dfshiping_g_3804593225.htm
   2016-09-27 01:31:05
   Now scraping post http://www.haodf.com/wenda/dfshiping_g_3789233498.htm
   2016-09-27 01:31:06
   Now scraping post http://www.haodf.com/wenda/dfshiping_g_3787837439.htm
   2016-09-27 01:31:07
   Now scraping post http://www.haodf.com/wenda/dfshiping_g_3739741538.htm
   2016-09-27 01:31:07
   Now scraping post http://www.haodf.com/wenda/dfshiping_g_3738534308.htm
   2016-09-27 01:31:08
   Now scraping post http://www.haodf.com/wenda/dfshiping_g_3716787741.htm
   2016-09-27 01:31:08
   Now scraping post http://www.haodf.com/wenda/dfshiping_g_3716762917.htm
   2016-09-27 01:31:09
   Now scraping post http://www.haodf.com/wenda/dfshiping_g_3714557720.htm
   2016-09-27 01:31:10
   Now scraping post http://www.haodf.com/wenda/dfshiping_g_3678746631.htm
   2016-09-27 01:31:11
   Now scraping post http://www.haodf.com/wenda/dfshiping_g_3710027828.htm
   2016-09-27 01:31:11
   Now scraping post http://www.haodf.com/wenda/dfshiping_g_3673974963.htm
   2016-09-27 01:31:11
   Now scraping post http://www.haodf.com/wenda/dfshiping_g_3649456002.htm
   2016-09-27 01:31:12
   Now scraping post http://www.haodf.com/wenda/dfshiping_g_3619950838.htm
   2016-09-27 01:31:13
   Now scraping post http://www.haodf.com/wenda/dfshiping_g_3618763549.htm
   2016-09-27 01:31:14
   Now scraping post http://www.haodf.com/wenda/dfshiping_g_3600669071.htm
   2016-09-27 01:31:15
   Now scraping post http://www.haodf.com/wenda/dfshiping_g_3599015713.htm
   2016-09-27 01:31:15
   Now scraping post http://www.haodf.com/wenda/dfshiping_g_3586385169.htm
   2016-09-27 01:31:16
   Now scraping post http://www.haodf.com/wenda/dfshiping_g_3573222624.htm
   2016-09-27 01:31:17
   Now scraping post http://www.haodf.com/wenda/dfshiping_g_3538563556.htm
   2016-09-27 01:31:18
   Now scraping post http://www.haodf.com/wenda/dfshiping_g_3475203568.htm
   2016-09-27 01:31:18
   Now scraping post http://www.haodf.com/wenda/dfshiping_g_3475148001.htm
   2016-09-27 01:31:19
   Now scraping post http://www.haodf.com/wenda/dfshiping_g_3466446375.htm
   2016-09-27 01:31:20
   Now scraping post http://www.haodf.com/wenda/dfshiping_g_3460727294.htm
   2016-09-27 01:31:21
   Now scraping post http://www.haodf.com/wenda/dfshiping_g_3460852294.htm
  2016-09-27 01:31:21
  Now scraping page 37
   2016-09-27 01:31:22
   Now scraping post http://www.haodf.com/wenda/dfshiping_g_3459908585.htm
   2016-09-27 01:31:22
   Now scraping post http://www.haodf.com/wenda/dfshiping_g_3455575975.htm
   2016-09-27 01:31:23
   Now scraping post http://www.haodf.com/wenda/dfshiping_g_3441050247.htm
   2016-09-27 01:31:24
   Now scraping post http://www.haodf.com/wenda/dfshiping_g_3416153838.htm
   2016-09-27 01:31:25
   Now scraping post http://www.haodf.com/wenda/dfshiping_g_3420636725.htm
   2016-09-27 01:31:25
   Now scraping post http://www.haodf.com/wenda/dfshiping_g_3410298417.htm
   2016-09-27 01:31:26
   Now scraping post http://www.haodf.com/wenda/dfshiping_g_3403366658.htm
   2016-09-27 01:31:27
   Now scraping post http://www.haodf.com/wenda/dfshiping_g_3398806925.htm
   2016-09-27 01:31:27
   Now scraping post http://www.haodf.com/wenda/dfshiping_g_3397256498.htm
   2016-09-27 01:31:28
   Now scraping post http://www.haodf.com/wenda/dfshiping_g_3367861178.htm
   2016-09-27 01:31:29
   Now scraping post http://www.haodf.com/wenda/dfshiping_g_3361560035.htm
   2016-09-27 01:31:30
   Now scraping post http://www.haodf.com/wenda/dfshiping_g_3359526733.htm
   2016-09-27 01:31:30
   Now scraping post http://www.haodf.com/wenda/dfshiping_g_3134770793.htm
   2016-09-27 01:31:31
   Now scraping post http://www.haodf.com/wenda/dfshiping_g_3122573948.htm
   2016-09-27 01:31:32
   Now scraping post http://www.haodf.com/wenda/dfshiping_g_3022914248.htm
   2016-09-27 01:31:32
   Now scraping post http://www.haodf.com/wenda/dfshiping_g_3024066216.htm
   2016-09-27 01:31:34
   Now scraping post http://www.haodf.com/wenda/dfshiping_g_3023704157.htm
   2016-09-27 01:31:35
   Now scraping post http://www.haodf.com/wenda/dfshiping_g_2999183283.htm
   2016-09-27 01:31:36
   Now scraping post http://www.haodf.com/wenda/dfshiping_g_2973762988.htm
   2016-09-27 01:31:37
   Now scraping post http://www.haodf.com/wenda/dfshiping_g_2956522216.htm
   2016-09-27 01:31:38
   Now scraping post http://www.haodf.com/wenda/dfshiping_g_2761720472.htm
   2016-09-27 01:31:39
   Now scraping post http://www.haodf.com/wenda/dfshiping_g_2743499606.htm
   2016-09-27 01:31:39
   Now scraping post http://www.haodf.com/wenda/dfshiping_g_2624221293.htm
   2016-09-27 01:31:40
   Now scraping post http://www.haodf.com/wenda/dfshiping_g_2613575539.htm
   2016-09-27 01:31:41
   Now scraping post http://www.haodf.com/wenda/dfshiping_g_2539302615.htm
  2016-09-27 01:31:41
  Now scraping page 38
   2016-09-27 01:31:42
   Now scraping post http://www.haodf.com/wenda/dfshiping_g_2300767436.htm
   2016-09-27 01:31:43
   Now scraping post http://www.haodf.com/wenda/dfshiping_g_2264240873.htm
   2016-09-27 01:31:44
   Now scraping post http://www.haodf.com/wenda/dfshiping_g_2208288247.htm
   2016-09-27 01:31:44
   Now scraping post http://www.haodf.com/wenda/dfshiping_g_2146526087.htm
   2016-09-27 01:31:45
   Now scraping post http://www.haodf.com/wenda/dfshiping_g_2125984509.htm
   2016-09-27 01:31:46
   Now scraping post http://www.haodf.com/wenda/dfshiping_g_2111481656.htm
   2016-09-27 01:31:47
   Now scraping post http://www.haodf.com/wenda/dfshiping_g_2102798692.htm
   2016-09-27 01:31:47
   Now scraping post http://www.haodf.com/wenda/dfshiping_g_2077066499.htm
   2016-09-27 01:31:48
   Now scraping post http://www.haodf.com/wenda/dfshiping_g_1754953306.htm
   2016-09-27 01:31:49
   Now scraping post http://www.haodf.com/wenda/dfshiping_g_1998738039.htm
   2016-09-27 01:31:50
   Now scraping post http://www.haodf.com/wenda/dfshiping_g_1914485180.htm
   2016-09-27 01:31:51
   Now scraping post http://www.haodf.com/wenda/dfshiping_g_1749379635.htm
   2016-09-27 01:31:51
   Now scraping post http://www.haodf.com/wenda/dfshiping_g_1532398696.htm
   2016-09-27 01:31:52
   Now scraping post http://www.haodf.com/wenda/dfshiping_g_1501296260.htm
   2016-09-27 01:31:53
   Now scraping post http://www.haodf.com/wenda/dfshiping_g_1493593092.htm
   2016-09-27 01:31:54
   Now scraping post http://www.haodf.com/wenda/dfshiping_g_1487471067.htm
   2016-09-27 01:31:54
   Now scraping post http://www.haodf.com/wenda/dfshiping_g_1483757463.htm
   2016-09-27 01:31:55
   Now scraping post http://www.haodf.com/wenda/dfshiping_g_1217235780.htm
   2016-09-27 01:31:56
   Now scraping post http://www.haodf.com/wenda/dfshiping_g_1173553843.htm
   2016-09-27 01:31:57
   Now scraping post http://www.haodf.com/wenda/dfshiping_g_1138637614.htm
   2016-09-27 01:31:57
   Now scraping post http://www.haodf.com/wenda/dfshiping_g_1117355519.htm
   2016-09-27 01:31:58
   Now scraping post http://www.haodf.com/wenda/dfshiping_g_989787319.htm
   2016-09-27 01:31:59
   Now scraping post http://www.haodf.com/wenda/dfshiping_g_853201808.htm
   2016-09-27 01:32:00
   Now scraping post http://www.haodf.com/wenda/dfshiping_g_824297446.htm
   2016-09-27 01:32:01
   Now scraping post http://www.haodf.com/wenda/dfshiping_g_787743198.htm
  2016-09-27 01:32:01
  Now scraping page 39
   2016-09-27 01:32:02
   Now scraping post http://www.haodf.com/wenda/dfshiping_g_764626521.htm
   2016-09-27 01:32:02
   Now scraping post http://www.haodf.com/wenda/dfshiping_g_732884206.htm
2016-09-27 01:32:03
[32m Finish![0m scraped 39 pages, 424 Q&As out of 952 posts.

