 2016-09-27 12:50:46
 Now scraping doctor 王瑜
  2016-09-27 12:50:46
  Now scraping page 1
   2016-09-27 12:50:47
   Now scraping post http://wangyurain.haodf.com/wenda/wangyurain_4748635843.htm
   2016-09-27 12:50:48
   Now scraping post http://www.haodf.com/wenda/wangyurain_g_4748326312.htm
   2016-09-27 12:50:49
   Now scraping post http://www.haodf.com/wenda/wangyurain_g_4679054708.htm
   2016-09-27 12:50:50
   Now scraping post http://www.haodf.com/wenda/wangyurain_g_4745375679.htm
   2016-09-27 12:50:50
   Now scraping post http://www.haodf.com/wenda/wangyurain_g_4746553624.htm
   2016-09-27 12:50:51
   Now scraping post http://www.haodf.com/wenda/wangyurain_g_4744734409.htm
   2016-09-27 12:50:51
   Now scraping post http://www.haodf.com/wenda/wangyurain_g_4691502885.htm
   2016-09-27 12:50:52
   Now scraping post http://www.haodf.com/wenda/wangyurain_g_3923710057.htm
   2016-09-27 12:50:53
   Now scraping post http://www.haodf.com/wenda/wangyurain_g_4730097457.htm
   2016-09-27 12:50:53
   Now scraping post http://www.haodf.com/wenda/wangyurain_g_4729829675.htm
   2016-09-27 12:50:54
   Now scraping post http://www.haodf.com/wenda/wangyurain_g_4743380623.htm
   2016-09-27 12:50:55
   Now scraping post http://www.haodf.com/wenda/wangyurain_g_4742691384.htm
   2016-09-27 12:50:55
   Now scraping post http://www.haodf.com/wenda/wangyurain_g_4683378413.htm
   2016-09-27 12:50:56
   Now scraping post http://www.haodf.com/wenda/wangyurain_g_4690823654.htm
   2016-09-27 12:50:56
   Now scraping post http://www.haodf.com/wenda/wangyurain_g_4693328981.htm
   2016-09-27 12:50:57
   Now scraping post http://www.haodf.com/wenda/wangyurain_g_4741405942.htm
   2016-09-27 12:50:57
   Now scraping post http://www.haodf.com/wenda/wangyurain_g_4734890870.htm
   2016-09-27 12:50:58
   Now scraping post http://www.haodf.com/wenda/wangyurain_g_4730247010.htm
   2016-09-27 12:50:59
   Now scraping post http://www.haodf.com/wenda/wangyurain_g_4730191375.htm
   2016-09-27 12:50:59
   Now scraping post http://www.haodf.com/wenda/wangyurain_g_4652932382.htm
   2016-09-27 12:51:00
   Now scraping post http://www.haodf.com/wenda/wangyurain_g_4729646589.htm
   2016-09-27 12:51:01
   Now scraping post http://www.haodf.com/wenda/wangyurain_g_4729572603.htm
   2016-09-27 12:51:01
   Now scraping post http://www.haodf.com/wenda/wangyurain_g_4725720366.htm
   2016-09-27 12:51:02
   Now scraping post http://www.haodf.com/wenda/wangyurain_g_4730005825.htm
   2016-09-27 12:51:02
   Now scraping post http://www.haodf.com/wenda/wangyurain_g_4703161137.htm
  2016-09-27 12:51:03
  Now scraping page 2
   2016-09-27 12:51:04
   Now scraping post http://www.haodf.com/wenda/wangyurain_g_4722111193.htm
   2016-09-27 12:51:05
   Now scraping post http://www.haodf.com/wenda/wangyurain_g_4719237813.htm
   2016-09-27 12:51:05
   Now scraping post http://www.haodf.com/wenda/wangyurain_g_4702799997.htm
   2016-09-27 12:51:06
   Now scraping post http://www.haodf.com/wenda/wangyurain_g_4719021800.htm
   2016-09-27 12:51:06
   Now scraping post http://www.haodf.com/wenda/wangyurain_g_4721027777.htm
   2016-09-27 12:51:07
   Now scraping post http://www.haodf.com/wenda/wangyurain_g_4659683616.htm
   2016-09-27 12:51:08
   Now scraping post http://www.haodf.com/wenda/wangyurain_g_4714199147.htm
   2016-09-27 12:51:09
   Now scraping post http://www.haodf.com/wenda/wangyurain_g_4710389518.htm
   2016-09-27 12:51:09
   Now scraping post http://www.haodf.com/wenda/wangyurain_g_4682122296.htm
   2016-09-27 12:51:10
   Now scraping post http://www.haodf.com/wenda/wangyurain_g_4489759910.htm
   2016-09-27 12:51:11
   Now scraping post http://www.haodf.com/wenda/wangyurain_g_4702174632.htm
   2016-09-27 12:51:12
   Now scraping post http://www.haodf.com/wenda/wangyurain_g_4645298540.htm
   2016-09-27 12:51:13
   Now scraping post http://www.haodf.com/wenda/wangyurain_g_4710657319.htm
   2016-09-27 12:51:13
   Now scraping post http://www.haodf.com/wenda/wangyurain_g_4703192663.htm
   2016-09-27 12:51:14
   Now scraping post http://www.haodf.com/wenda/wangyurain_g_4696730435.htm
   2016-09-27 12:51:15
   Now scraping post http://www.haodf.com/wenda/wangyurain_g_4710614129.htm
   2016-09-27 12:51:15
   Now scraping post http://www.haodf.com/wenda/wangyurain_g_4703350771.htm
   2016-09-27 12:51:16
   Now scraping post http://www.haodf.com/wenda/wangyurain_g_4648396770.htm
   2016-09-27 12:51:17
   Now scraping post http://www.haodf.com/wenda/wangyurain_g_4696687851.htm
   2016-09-27 12:51:17
   Now scraping post http://www.haodf.com/wenda/wangyurain_g_4616092156.htm
   2016-09-27 12:51:18
   Now scraping post http://www.haodf.com/wenda/wangyurain_g_4657959566.htm
   2016-09-27 12:51:19
   Now scraping post http://www.haodf.com/wenda/wangyurain_g_4702172398.htm
   2016-09-27 12:51:19
   Now scraping post http://www.haodf.com/wenda/wangyurain_g_4699609522.htm
   2016-09-27 12:51:20
   Now scraping post http://www.haodf.com/wenda/wangyurain_g_4678568743.htm
   2016-09-27 12:51:21
   Now scraping post http://www.haodf.com/wenda/wangyurain_g_4421989564.htm
  2016-09-27 12:51:21
  Now scraping page 3
   2016-09-27 12:51:22
   Now scraping post http://www.haodf.com/wenda/wangyurain_g_4699738145.htm
   2016-09-27 12:51:22
   Now scraping post http://www.haodf.com/wenda/wangyurain_g_4698550220.htm
   2016-09-27 12:51:23
   Now scraping post http://www.haodf.com/wenda/wangyurain_g_4688029251.htm
   2016-09-27 12:51:23
   Now scraping post http://www.haodf.com/wenda/wangyurain_g_4691544060.htm
   2016-09-27 12:51:24
   Now scraping post http://www.haodf.com/wenda/wangyurain_g_4691786595.htm
   2016-09-27 12:51:25
   Now scraping post http://www.haodf.com/wenda/wangyurain_g_4691783004.htm
   2016-09-27 12:51:25
   Now scraping post http://www.haodf.com/wenda/wangyurain_g_4656529116.htm
   2016-09-27 12:51:26
   Now scraping post http://www.haodf.com/wenda/wangyurain_g_4690562587.htm
   2016-09-27 12:51:26
   Now scraping post http://www.haodf.com/wenda/wangyurain_g_4685950648.htm
   2016-09-27 12:51:27
   Now scraping post http://www.haodf.com/wenda/wangyurain_g_4426488660.htm
   2016-09-27 12:51:28
   Now scraping post http://www.haodf.com/wenda/wangyurain_g_4688305790.htm
   2016-09-27 12:51:28
   Now scraping post http://www.haodf.com/wenda/wangyurain_g_4658845491.htm
   2016-09-27 12:51:29
   Now scraping post http://www.haodf.com/wenda/wangyurain_g_4034080494.htm
   2016-09-27 12:51:29
   Now scraping post http://www.haodf.com/wenda/wangyurain_g_4688071256.htm
   2016-09-27 12:51:30
   Now scraping post http://www.haodf.com/wenda/wangyurain_g_4631554021.htm
   2016-09-27 12:51:31
   Now scraping post http://www.haodf.com/wenda/wangyurain_g_4378286787.htm
   2016-09-27 12:51:31
   Now scraping post http://www.haodf.com/wenda/wangyurain_g_4680720431.htm
   2016-09-27 12:51:32
   Now scraping post http://www.haodf.com/wenda/wangyurain_g_4513599944.htm
   2016-09-27 12:51:32
   Now scraping post http://www.haodf.com/wenda/wangyurain_g_4683119454.htm
   2016-09-27 12:51:33
   Now scraping post http://www.haodf.com/wenda/wangyurain_g_4682236228.htm
   2016-09-27 12:51:34
   Now scraping post http://www.haodf.com/wenda/wangyurain_g_4551402407.htm
   2016-09-27 12:51:34
   Now scraping post http://www.haodf.com/wenda/wangyurain_g_4679763840.htm
   2016-09-27 12:51:35
   Now scraping post http://www.haodf.com/wenda/wangyurain_g_4642072735.htm
   2016-09-27 12:51:36
   Now scraping post http://www.haodf.com/wenda/wangyurain_g_4678802636.htm
   2016-09-27 12:51:36
   Now scraping post http://www.haodf.com/wenda/wangyurain_g_4623743941.htm
  2016-09-27 12:51:37
  Now scraping page 4
   2016-09-27 12:51:37
   Now scraping post http://www.haodf.com/wenda/wangyurain_g_4650367706.htm
   2016-09-27 12:51:38
   Now scraping post http://www.haodf.com/wenda/wangyurain_g_4646204378.htm
   2016-09-27 12:51:39
   Now scraping post http://www.haodf.com/wenda/wangyurain_g_4675907670.htm
   2016-09-27 12:51:39
   Now scraping post http://www.haodf.com/wenda/wangyurain_g_4672928444.htm
   2016-09-27 12:51:40
   Now scraping post http://www.haodf.com/wenda/wangyurain_g_4663754095.htm
   2016-09-27 12:51:41
   Now scraping post http://www.haodf.com/wenda/wangyurain_g_4647318958.htm
   2016-09-27 12:51:42
   Now scraping post http://www.haodf.com/wenda/wangyurain_g_4646836239.htm
   2016-09-27 12:51:42
   Now scraping post http://www.haodf.com/wenda/wangyurain_g_4661418914.htm
   2016-09-27 12:51:43
   Now scraping post http://www.haodf.com/wenda/wangyurain_g_4504182519.htm
   2016-09-27 12:51:44
   Now scraping post http://www.haodf.com/wenda/wangyurain_g_4664545971.htm
   2016-09-27 12:51:44
   Now scraping post http://www.haodf.com/wenda/wangyurain_g_4662320485.htm
   2016-09-27 12:51:45
   Now scraping post http://www.haodf.com/wenda/wangyurain_g_4664651589.htm
   2016-09-27 12:51:45
   Now scraping post http://www.haodf.com/wenda/wangyurain_g_4635889075.htm
   2016-09-27 12:51:46
   Now scraping post http://www.haodf.com/wenda/wangyurain_g_4634934683.htm
   2016-09-27 12:51:47
   Now scraping post http://www.haodf.com/wenda/wangyurain_g_4461535898.htm
   2016-09-27 12:51:47
   Now scraping post http://www.haodf.com/wenda/wangyurain_g_4639984804.htm
   2016-09-27 12:51:48
   Now scraping post http://www.haodf.com/wenda/wangyurain_g_4660164749.htm
   2016-09-27 12:51:48
   Now scraping post http://www.haodf.com/wenda/wangyurain_g_4660163503.htm
   2016-09-27 12:51:49
   Now scraping post http://www.haodf.com/wenda/wangyurain_g_4660162517.htm
   2016-09-27 12:51:50
   Now scraping post http://www.haodf.com/wenda/wangyurain_g_4660161268.htm
   2016-09-27 12:51:51
   Now scraping post http://www.haodf.com/wenda/wangyurain_g_4631038812.htm
   2016-09-27 12:51:51
   Now scraping post http://www.haodf.com/wenda/wangyurain_g_4641786769.htm
   2016-09-27 12:51:52
   Now scraping post http://www.haodf.com/wenda/wangyurain_g_4658099287.htm
   2016-09-27 12:51:53
   Now scraping post http://www.haodf.com/wenda/wangyurain_g_4586815654.htm
   2016-09-27 12:51:53
   Now scraping post http://www.haodf.com/wenda/wangyurain_g_4651468372.htm
  2016-09-27 12:51:54
  Now scraping page 5
   2016-09-27 12:51:54
   Now scraping post http://www.haodf.com/wenda/wangyurain_g_4605553255.htm
   2016-09-27 12:51:55
   Now scraping post http://www.haodf.com/wenda/wangyurain_g_4659613930.htm
   2016-09-27 12:51:55
   Now scraping post http://www.haodf.com/wenda/wangyurain_g_4654350360.htm
   2016-09-27 12:51:56
   Now scraping post http://www.haodf.com/wenda/wangyurain_g_4655067140.htm
   2016-09-27 12:51:57
   Now scraping post http://www.haodf.com/wenda/wangyurain_g_4575791285.htm
   2016-09-27 12:51:58
   Now scraping post http://www.haodf.com/wenda/wangyurain_g_4651465029.htm
   2016-09-27 12:51:59
   Now scraping post http://www.haodf.com/wenda/wangyurain_g_4650333059.htm
   2016-09-27 12:52:00
   Now scraping post http://www.haodf.com/wenda/wangyurain_g_4650336304.htm
   2016-09-27 12:52:01
   Now scraping post http://www.haodf.com/wenda/wangyurain_g_4650334968.htm
   2016-09-27 12:52:01
   Now scraping post http://www.haodf.com/wenda/wangyurain_g_4650331660.htm
   2016-09-27 12:52:02
   Now scraping post http://www.haodf.com/wenda/wangyurain_g_4650330802.htm
   2016-09-27 12:52:02
   Now scraping post http://www.haodf.com/wenda/wangyurain_g_4647419591.htm
   2016-09-27 12:52:03
   Now scraping post http://www.haodf.com/wenda/wangyurain_g_4649027242.htm
   2016-09-27 12:52:03
   Now scraping post http://www.haodf.com/wenda/wangyurain_g_4648925166.htm
   2016-09-27 12:52:05
   Now scraping post http://www.haodf.com/wenda/wangyurain_g_4640060436.htm
   2016-09-27 12:52:05
   Now scraping post http://www.haodf.com/wenda/wangyurain_g_4604014756.htm
   2016-09-27 12:52:06
   Now scraping post http://www.haodf.com/wenda/wangyurain_g_4651238334.htm
   2016-09-27 12:52:06
   Now scraping post http://www.haodf.com/wenda/wangyurain_g_4649170277.htm
   2016-09-27 12:52:07
   Now scraping post http://www.haodf.com/wenda/wangyurain_g_4636102768.htm
   2016-09-27 12:52:08
   Now scraping post http://www.haodf.com/wenda/wangyurain_g_4646601624.htm
   2016-09-27 12:52:08
   Now scraping post http://www.haodf.com/wenda/wangyurain_g_4646552704.htm
   2016-09-27 12:52:09
   Now scraping post http://www.haodf.com/wenda/wangyurain_g_4646517112.htm
   2016-09-27 12:52:10
   Now scraping post http://www.haodf.com/wenda/wangyurain_g_4647342887.htm
   2016-09-27 12:52:11
   Now scraping post http://www.haodf.com/wenda/wangyurain_g_3991744950.htm
   2016-09-27 12:52:11
   Now scraping post http://www.haodf.com/wenda/wangyurain_g_4645299981.htm
  2016-09-27 12:52:12
  Now scraping page 6
   2016-09-27 12:52:12
   Now scraping post http://www.haodf.com/wenda/wangyurain_g_4645300922.htm
   2016-09-27 12:52:13
   Now scraping post http://www.haodf.com/wenda/wangyurain_g_4640938889.htm
   2016-09-27 12:52:13
   Now scraping post http://www.haodf.com/wenda/wangyurain_g_4640464726.htm
   2016-09-27 12:52:14
   Now scraping post http://www.haodf.com/wenda/wangyurain_g_4642073584.htm
   2016-09-27 12:52:15
   Now scraping post http://www.haodf.com/wenda/wangyurain_g_4644630168.htm
   2016-09-27 12:52:15
   Now scraping post http://www.haodf.com/wenda/wangyurain_g_4646812705.htm
   2016-09-27 12:52:16
   Now scraping post http://www.haodf.com/wenda/wangyurain_g_4642071459.htm
   2016-09-27 12:52:17
   Now scraping post http://www.haodf.com/wenda/wangyurain_g_4586001946.htm
   2016-09-27 12:52:18
   Now scraping post http://www.haodf.com/wenda/wangyurain_g_4641280619.htm
   2016-09-27 12:52:18
   Now scraping post http://www.haodf.com/wenda/wangyurain_g_4517575079.htm
   2016-09-27 12:52:19
   Now scraping post http://www.haodf.com/wenda/wangyurain_g_4639353663.htm
   2016-09-27 12:52:20
   Now scraping post http://www.haodf.com/wenda/wangyurain_g_4340273388.htm
   2016-09-27 12:52:20
   Now scraping post http://www.haodf.com/wenda/wangyurain_g_4503542610.htm
   2016-09-27 12:52:21
   Now scraping post http://www.haodf.com/wenda/wangyurain_g_4638017878.htm
   2016-09-27 12:52:22
   Now scraping post http://www.haodf.com/wenda/wangyurain_g_4601043908.htm
   2016-09-27 12:52:23
   Now scraping post http://www.haodf.com/wenda/wangyurain_g_4636076687.htm
   2016-09-27 12:52:23
   Now scraping post http://www.haodf.com/wenda/wangyurain_g_4633357338.htm
   2016-09-27 12:52:24
   Now scraping post http://www.haodf.com/wenda/wangyurain_g_4581785678.htm
   2016-09-27 12:52:24
   Now scraping post http://www.haodf.com/wenda/wangyurain_g_4636120528.htm
   2016-09-27 12:52:25
   Now scraping post http://www.haodf.com/wenda/wangyurain_g_4552002927.htm
   2016-09-27 12:52:26
   Now scraping post http://www.haodf.com/wenda/wangyurain_g_4636050972.htm
   2016-09-27 12:52:26
   Now scraping post http://www.haodf.com/wenda/wangyurain_g_4636055656.htm
   2016-09-27 12:52:27
   Now scraping post http://www.haodf.com/wenda/wangyurain_g_4607162746.htm
   2016-09-27 12:52:28
   Now scraping post http://www.haodf.com/wenda/wangyurain_g_4635662707.htm
   2016-09-27 12:52:29
   Now scraping post http://www.haodf.com/wenda/wangyurain_g_4631200964.htm
  2016-09-27 12:52:29
  Now scraping page 7
   2016-09-27 12:52:30
   Now scraping post http://www.haodf.com/wenda/wangyurain_g_4605348887.htm
   2016-09-27 12:52:31
   Now scraping post http://www.haodf.com/wenda/wangyurain_g_4629740564.htm
   2016-09-27 12:52:31
   Now scraping post http://www.haodf.com/wenda/wangyurain_g_4633984727.htm
   2016-09-27 12:52:32
   Now scraping post http://www.haodf.com/wenda/wangyurain_g_4633997841.htm
   2016-09-27 12:52:33
   Now scraping post http://www.haodf.com/wenda/wangyurain_g_4633993863.htm
   2016-09-27 12:52:34
   Now scraping post http://www.haodf.com/wenda/wangyurain_g_4633991555.htm
   2016-09-27 12:52:34
   Now scraping post http://www.haodf.com/wenda/wangyurain_g_4633990044.htm
   2016-09-27 12:52:35
   Now scraping post http://www.haodf.com/wenda/wangyurain_g_4604267915.htm
   2016-09-27 12:52:36
   Now scraping post http://www.haodf.com/wenda/wangyurain_g_4630047799.htm
   2016-09-27 12:52:37
   Now scraping post http://www.haodf.com/wenda/wangyurain_g_4630029529.htm
   2016-09-27 12:52:37
   Now scraping post http://www.haodf.com/wenda/wangyurain_g_4622040357.htm
   2016-09-27 12:52:38
   Now scraping post http://www.haodf.com/wenda/wangyurain_g_4628519332.htm
   2016-09-27 12:52:38
   Now scraping post http://www.haodf.com/wenda/wangyurain_g_4626493215.htm
   2016-09-27 12:52:39
   Now scraping post http://www.haodf.com/wenda/wangyurain_g_4626495498.htm
   2016-09-27 12:52:40
   Now scraping post http://www.haodf.com/wenda/wangyurain_g_4563926247.htm
   2016-09-27 12:52:41
   Now scraping post http://www.haodf.com/wenda/wangyurain_g_4604017222.htm
   2016-09-27 12:52:41
   Now scraping post http://www.haodf.com/wenda/wangyurain_g_4625957768.htm
   2016-09-27 12:52:42
   Now scraping post http://www.haodf.com/wenda/wangyurain_g_4619680311.htm
   2016-09-27 12:52:42
   Now scraping post http://www.haodf.com/wenda/wangyurain_g_4171551711.htm
   2016-09-27 12:52:43
   Now scraping post http://www.haodf.com/wenda/wangyurain_g_4626164907.htm
   2016-09-27 12:52:43
   Now scraping post http://www.haodf.com/wenda/wangyurain_g_4624073481.htm
   2016-09-27 12:52:44
   Now scraping post http://www.haodf.com/wenda/wangyurain_g_4596155900.htm
   2016-09-27 12:52:45
   Now scraping post http://www.haodf.com/wenda/wangyurain_g_4594857234.htm
   2016-09-27 12:52:45
   Now scraping post http://www.haodf.com/wenda/wangyurain_g_4604326216.htm
   2016-09-27 12:52:46
   Now scraping post http://www.haodf.com/wenda/wangyurain_g_4607179160.htm
  2016-09-27 12:52:47
  Now scraping page 8
   2016-09-27 12:52:48
   Now scraping post http://www.haodf.com/wenda/wangyurain_g_4617822696.htm
   2016-09-27 12:52:48
   Now scraping post http://www.haodf.com/wenda/wangyurain_g_4610288092.htm
   2016-09-27 12:52:49
   Now scraping post http://www.haodf.com/wenda/wangyurain_g_4618996109.htm
   2016-09-27 12:52:49
   Now scraping post http://www.haodf.com/wenda/wangyurain_g_4610270796.htm
   2016-09-27 12:52:50
   Now scraping post http://www.haodf.com/wenda/wangyurain_g_4608068670.htm
   2016-09-27 12:52:51
   Now scraping post http://www.haodf.com/wenda/wangyurain_g_4604015702.htm
   2016-09-27 12:52:52
   Now scraping post http://www.haodf.com/wenda/wangyurain_g_4606060256.htm
   2016-09-27 12:52:53
   Now scraping post http://www.haodf.com/wenda/wangyurain_g_4578843495.htm
   2016-09-27 12:52:54
   Now scraping post http://www.haodf.com/wenda/wangyurain_g_4606045697.htm
   2016-09-27 12:52:54
   Now scraping post http://www.haodf.com/wenda/wangyurain_g_4605840112.htm
   2016-09-27 12:52:55
   Now scraping post http://www.haodf.com/wenda/wangyurain_g_4567850488.htm
   2016-09-27 12:52:56
   Now scraping post http://www.haodf.com/wenda/wangyurain_g_4191319833.htm
   2016-09-27 12:52:56
   Now scraping post http://www.haodf.com/wenda/wangyurain_g_4556845958.htm
   2016-09-27 12:52:57
   Now scraping post http://www.haodf.com/wenda/wangyurain_g_4603439345.htm
   2016-09-27 12:52:57
   Now scraping post http://www.haodf.com/wenda/wangyurain_g_4603144040.htm
   2016-09-27 12:52:58
   Now scraping post http://www.haodf.com/wenda/wangyurain_g_4300366757.htm
   2016-09-27 12:52:59
   Now scraping post http://www.haodf.com/wenda/wangyurain_g_4492551769.htm
   2016-09-27 12:53:00
   Now scraping post http://www.haodf.com/wenda/wangyurain_g_4600740623.htm
   2016-09-27 12:53:00
   Now scraping post http://www.haodf.com/wenda/wangyurain_g_4588387615.htm
   2016-09-27 12:53:01
   Now scraping post http://www.haodf.com/wenda/wangyurain_g_4599414517.htm
   2016-09-27 12:53:02
   Now scraping post http://www.haodf.com/wenda/wangyurain_g_4599415886.htm
   2016-09-27 12:53:02
   Now scraping post http://www.haodf.com/wenda/wangyurain_g_4573532022.htm
   2016-09-27 12:53:03
   Now scraping post http://www.haodf.com/wenda/wangyurain_g_4577613237.htm
   2016-09-27 12:53:03
   Now scraping post http://www.haodf.com/wenda/wangyurain_g_4532359547.htm
   2016-09-27 12:53:04
   Now scraping post http://www.haodf.com/wenda/wangyurain_g_4112783930.htm
  2016-09-27 12:53:05
  Now scraping page 9
   2016-09-27 12:53:05
   Now scraping post http://www.haodf.com/wenda/wangyurain_g_4555534972.htm
   2016-09-27 12:53:06
   Now scraping post http://www.haodf.com/wenda/wangyurain_g_4598104769.htm
   2016-09-27 12:53:07
   Now scraping post http://www.haodf.com/wenda/wangyurain_g_4594637618.htm
   2016-09-27 12:53:07
   Now scraping post http://www.haodf.com/wenda/wangyurain_g_4565032526.htm
   2016-09-27 12:53:08
   Now scraping post http://www.haodf.com/wenda/wangyurain_g_4564767116.htm
   2016-09-27 12:53:08
   Now scraping post http://www.haodf.com/wenda/wangyurain_g_4584832831.htm
   2016-09-27 12:53:09
   Now scraping post http://www.haodf.com/wenda/wangyurain_g_4592321552.htm
   2016-09-27 12:53:10
   Now scraping post http://www.haodf.com/wenda/wangyurain_g_4578105725.htm
   2016-09-27 12:53:11
   Now scraping post http://www.haodf.com/wenda/wangyurain_g_4591094271.htm
   2016-09-27 12:53:11
   Now scraping post http://www.haodf.com/wenda/wangyurain_g_4567965588.htm
   2016-09-27 12:53:12
   Now scraping post http://www.haodf.com/wenda/wangyurain_g_4487218750.htm
   2016-09-27 12:53:13
   Now scraping post http://www.haodf.com/wenda/wangyurain_g_4588478197.htm
   2016-09-27 12:53:13
   Now scraping post http://www.haodf.com/wenda/wangyurain_g_4580148575.htm
   2016-09-27 12:53:14
   Now scraping post http://www.haodf.com/wenda/wangyurain_g_4344494193.htm
   2016-09-27 12:53:15
   Now scraping post http://www.haodf.com/wenda/wangyurain_g_4588510476.htm
   2016-09-27 12:53:15
   Now scraping post http://www.haodf.com/wenda/wangyurain_g_4584829991.htm
   2016-09-27 12:53:16
   Now scraping post http://www.haodf.com/wenda/wangyurain_g_4584830678.htm
   2016-09-27 12:53:17
   Now scraping post http://www.haodf.com/wenda/wangyurain_g_4584828341.htm
   2016-09-27 12:53:17
   Now scraping post http://www.haodf.com/wenda/wangyurain_g_4578843574.htm
   2016-09-27 12:53:18
   Now scraping post http://www.haodf.com/wenda/wangyurain_g_4494023967.htm
   2016-09-27 12:53:18
   Now scraping post http://www.haodf.com/wenda/wangyurain_g_4557362069.htm
   2016-09-27 12:53:19
   Now scraping post http://www.haodf.com/wenda/wangyurain_g_4511907512.htm
   2016-09-27 12:53:20
   Now scraping post http://www.haodf.com/wenda/wangyurain_g_4575017208.htm
   2016-09-27 12:53:20
   Now scraping post http://www.haodf.com/wenda/wangyurain_g_4567922791.htm
   2016-09-27 12:53:22
   Now scraping post http://www.haodf.com/wenda/wangyurain_g_4509646145.htm
  2016-09-27 12:53:54
  Now scraping page 10
   2016-09-27 12:53:54
   Now scraping post http://www.haodf.com/wenda/wangyurain_g_4569631739.htm
   2016-09-27 12:53:55
   Now scraping post http://www.haodf.com/wenda/wangyurain_g_4233948596.htm
   2016-09-27 12:53:56
   Now scraping post http://www.haodf.com/wenda/wangyurain_g_4565308881.htm
   2016-09-27 12:53:56
   Now scraping post http://www.haodf.com/wenda/wangyurain_g_4567920840.htm
   2016-09-27 12:53:57
   Now scraping post http://www.haodf.com/wenda/wangyurain_g_4564748943.htm
   2016-09-27 12:53:58
   Now scraping post http://www.haodf.com/wenda/wangyurain_g_4562892585.htm
   2016-09-27 12:53:58
   Now scraping post http://www.haodf.com/wenda/wangyurain_g_4472451596.htm
   2016-09-27 12:53:59
   Now scraping post http://www.haodf.com/wenda/wangyurain_g_4496668338.htm
   2016-09-27 12:54:00
   Now scraping post http://www.haodf.com/wenda/wangyurain_g_4559273620.htm
   2016-09-27 12:54:00
   Now scraping post http://www.haodf.com/wenda/wangyurain_g_4557365979.htm
   2016-09-27 12:54:01
   Now scraping post http://www.haodf.com/wenda/wangyurain_g_4555600103.htm
   2016-09-27 12:54:02
   Now scraping post http://www.haodf.com/wenda/wangyurain_g_3960176266.htm
   2016-09-27 12:54:02
   Now scraping post http://www.haodf.com/wenda/wangyurain_g_4557365375.htm
   2016-09-27 12:54:03
   Now scraping post http://www.haodf.com/wenda/wangyurain_g_4532080823.htm
   2016-09-27 12:54:03
   Now scraping post http://www.haodf.com/wenda/wangyurain_g_4552531924.htm
   2016-09-27 12:54:04
   Now scraping post http://www.haodf.com/wenda/wangyurain_g_4551341387.htm
   2016-09-27 12:54:04
   Now scraping post http://www.haodf.com/wenda/wangyurain_g_4418822922.htm
   2016-09-27 12:54:05
   Now scraping post http://www.haodf.com/wenda/wangyurain_g_4535219472.htm
   2016-09-27 12:54:05
   Now scraping post http://www.haodf.com/wenda/wangyurain_g_4538225585.htm
   2016-09-27 12:54:06
   Now scraping post http://www.haodf.com/wenda/wangyurain_g_4540554578.htm
   2016-09-27 12:54:07
   Now scraping post http://www.haodf.com/wenda/wangyurain_g_4509390801.htm
   2016-09-27 12:54:08
   Now scraping post http://www.haodf.com/wenda/wangyurain_g_4508619355.htm
   2016-09-27 12:54:09
   Now scraping post http://www.haodf.com/wenda/wangyurain_g_4537573587.htm
   2016-09-27 12:54:09
   Now scraping post http://www.haodf.com/wenda/wangyurain_g_4470864485.htm
   2016-09-27 12:54:10
   Now scraping post http://www.haodf.com/wenda/wangyurain_g_4535190998.htm
  2016-09-27 12:54:10
  Now scraping page 11
   2016-09-27 12:54:11
   Now scraping post http://www.haodf.com/wenda/wangyurain_g_4538123692.htm
   2016-09-27 12:54:12
   Now scraping post http://www.haodf.com/wenda/wangyurain_g_4509388659.htm
   2016-09-27 12:54:12
   Now scraping post http://www.haodf.com/wenda/wangyurain_g_3870315917.htm
   2016-09-27 12:54:13
   Now scraping post http://www.haodf.com/wenda/wangyurain_g_4533433438.htm
   2016-09-27 12:54:13
   Now scraping post http://www.haodf.com/wenda/wangyurain_g_4509592213.htm
   2016-09-27 12:54:14
   Now scraping post http://www.haodf.com/wenda/wangyurain_g_4533575438.htm
   2016-09-27 12:54:15
   Now scraping post http://www.haodf.com/wenda/wangyurain_g_4533574903.htm
   2016-09-27 12:54:15
   Now scraping post http://www.haodf.com/wenda/wangyurain_g_4528299573.htm
   2016-09-27 12:54:16
   Now scraping post http://www.haodf.com/wenda/wangyurain_g_4551645646.htm
   2016-09-27 12:54:16
   Now scraping post http://www.haodf.com/wenda/wangyurain_g_4521478481.htm
   2016-09-27 12:54:17
   Now scraping post http://www.haodf.com/wenda/wangyurain_g_4524003511.htm
   2016-09-27 12:54:18
   Now scraping post http://www.haodf.com/wenda/wangyurain_g_4523260597.htm
   2016-09-27 12:54:18
   Now scraping post http://www.haodf.com/wenda/wangyurain_g_4520124809.htm
   2016-09-27 12:54:19
   Now scraping post http://www.haodf.com/wenda/wangyurain_g_4519086888.htm
   2016-09-27 12:54:19
   Now scraping post http://www.haodf.com/wenda/wangyurain_g_4515457483.htm
   2016-09-27 12:54:20
   Now scraping post http://www.haodf.com/wenda/wangyurain_g_4519240755.htm
   2016-09-27 12:54:20
   Now scraping post http://www.haodf.com/wenda/wangyurain_g_4515263669.htm
   2016-09-27 12:54:21
   Now scraping post http://www.haodf.com/wenda/wangyurain_g_4377486386.htm
   2016-09-27 12:54:22
   Now scraping post http://www.haodf.com/wenda/wangyurain_g_4517622737.htm
   2016-09-27 12:54:23
   Now scraping post http://www.haodf.com/wenda/wangyurain_g_4511636067.htm
   2016-09-27 12:54:24
   Now scraping post http://www.haodf.com/wenda/wangyurain_g_4517602309.htm
   2016-09-27 12:54:25
   Now scraping post http://www.haodf.com/wenda/wangyurain_g_4435617809.htm
   2016-09-27 12:54:25
   Now scraping post http://www.haodf.com/wenda/wangyurain_g_4511653096.htm
   2016-09-27 12:54:25
   Now scraping post http://www.haodf.com/wenda/wangyurain_g_4476445657.htm
   2016-09-27 12:54:26
   Now scraping post http://www.haodf.com/wenda/wangyurain_g_4516668881.htm
  2016-09-27 12:54:27
  Now scraping page 12
   2016-09-27 12:54:28
   Now scraping post http://www.haodf.com/wenda/wangyurain_g_4511070916.htm
   2016-09-27 12:54:28
   Now scraping post http://www.haodf.com/wenda/wangyurain_g_4510463421.htm
   2016-09-27 12:54:29
   Now scraping post http://www.haodf.com/wenda/wangyurain_g_4509922162.htm
   2016-09-27 12:54:30
   Now scraping post http://www.haodf.com/wenda/wangyurain_g_4507600702.htm
   2016-09-27 12:54:31
   Now scraping post http://www.haodf.com/wenda/wangyurain_g_4509918204.htm
   2016-09-27 12:54:32
   Now scraping post http://www.haodf.com/wenda/wangyurain_g_4509578042.htm
   2016-09-27 12:54:32
   Now scraping post http://www.haodf.com/wenda/wangyurain_g_4509731654.htm
   2016-09-27 12:54:33
   Now scraping post http://www.haodf.com/wenda/wangyurain_g_4509922864.htm
   2016-09-27 12:54:34
   Now scraping post http://www.haodf.com/wenda/wangyurain_g_4509919665.htm
   2016-09-27 12:54:34
   Now scraping post http://www.haodf.com/wenda/wangyurain_g_4448026578.htm
   2016-09-27 12:54:35
   Now scraping post http://www.haodf.com/wenda/wangyurain_g_4509406651.htm
   2016-09-27 12:54:36
   Now scraping post http://www.haodf.com/wenda/wangyurain_g_4509626432.htm
   2016-09-27 12:54:37
   Now scraping post http://www.haodf.com/wenda/wangyurain_g_4465423229.htm
   2016-09-27 12:54:37
   Now scraping post http://www.haodf.com/wenda/wangyurain_g_4509400634.htm
   2016-09-27 12:54:38
   Now scraping post http://www.haodf.com/wenda/wangyurain_g_4492551253.htm
   2016-09-27 12:54:39
   Now scraping post http://www.haodf.com/wenda/wangyurain_g_4504180308.htm
   2016-09-27 12:54:39
   Now scraping post http://www.haodf.com/wenda/wangyurain_g_4504178910.htm
   2016-09-27 12:54:41
   Now scraping post http://www.haodf.com/wenda/wangyurain_g_4446849573.htm
   2016-09-27 12:54:41
   Now scraping post http://www.haodf.com/wenda/wangyurain_g_4497816747.htm
   2016-09-27 12:54:42
   Now scraping post http://www.haodf.com/wenda/wangyurain_g_4504200098.htm
   2016-09-27 12:54:42
   Now scraping post http://www.haodf.com/wenda/wangyurain_g_4503713072.htm
   2016-09-27 12:54:43
   Now scraping post http://www.haodf.com/wenda/wangyurain_g_4497684046.htm
   2016-09-27 12:54:44
   Now scraping post http://www.haodf.com/wenda/wangyurain_g_4454003116.htm
   2016-09-27 12:54:44
   Now scraping post http://www.haodf.com/wenda/wangyurain_g_4475418402.htm
   2016-09-27 12:54:45
   Now scraping post http://www.haodf.com/wenda/wangyurain_g_4429204739.htm
  2016-09-27 12:54:45
  Now scraping page 13
   2016-09-27 12:54:46
   Now scraping post http://www.haodf.com/wenda/wangyurain_g_4487408175.htm
   2016-09-27 12:54:47
   Now scraping post http://www.haodf.com/wenda/wangyurain_g_4457040456.htm
   2016-09-27 12:54:47
   Now scraping post http://www.haodf.com/wenda/wangyurain_g_4492550657.htm
   2016-09-27 12:54:48
   Now scraping post http://www.haodf.com/wenda/wangyurain_g_4492550218.htm
   2016-09-27 12:54:48
   Now scraping post http://www.haodf.com/wenda/wangyurain_g_4492548372.htm
   2016-09-27 12:54:49
   Now scraping post http://www.haodf.com/wenda/wangyurain_g_4492547653.htm
   2016-09-27 12:54:50
   Now scraping post http://www.haodf.com/wenda/wangyurain_g_4387388186.htm
   2016-09-27 12:54:50
   Now scraping post http://www.haodf.com/wenda/wangyurain_g_4491702703.htm
   2016-09-27 12:54:51
   Now scraping post http://www.haodf.com/wenda/wangyurain_g_4492017065.htm
   2016-09-27 12:54:52
   Now scraping post http://www.haodf.com/wenda/wangyurain_g_4492048824.htm
   2016-09-27 12:54:52
   Now scraping post http://www.haodf.com/wenda/wangyurain_g_4198871229.htm
   2016-09-27 12:54:53
   Now scraping post http://www.haodf.com/wenda/wangyurain_g_4364180718.htm
   2016-09-27 12:54:54
   Now scraping post http://www.haodf.com/wenda/wangyurain_g_4482393306.htm
   2016-09-27 12:54:54
   Now scraping post http://www.haodf.com/wenda/wangyurain_g_4436010096.htm
   2016-09-27 12:54:55
   Now scraping post http://www.haodf.com/wenda/wangyurain_g_4459549418.htm
   2016-09-27 12:54:56
   Now scraping post http://www.haodf.com/wenda/wangyurain_g_4450824171.htm
   2016-09-27 12:54:56
   Now scraping post http://www.haodf.com/wenda/wangyurain_g_4465062820.htm
   2016-09-27 12:54:57
   Now scraping post http://www.haodf.com/wenda/wangyurain_g_4481239697.htm
   2016-09-27 12:54:58
   Now scraping post http://www.haodf.com/wenda/wangyurain_g_4419047757.htm
   2016-09-27 12:54:58
   Now scraping post http://www.haodf.com/wenda/wangyurain_g_4457037535.htm
   2016-09-27 12:54:59
   Now scraping post http://www.haodf.com/wenda/wangyurain_g_4459550115.htm
   2016-09-27 12:55:00
   Now scraping post http://www.haodf.com/wenda/wangyurain_g_4356322293.htm
   2016-09-27 12:55:00
   Now scraping post http://www.haodf.com/wenda/wangyurain_g_4395688210.htm
   2016-09-27 12:55:01
   Now scraping post http://www.haodf.com/wenda/wangyurain_g_4451369529.htm
   2016-09-27 12:55:02
   Now scraping post http://www.haodf.com/wenda/wangyurain_g_4451367753.htm
  2016-09-27 12:55:03
  Now scraping page 14
   2016-09-27 12:55:04
   Now scraping post http://www.haodf.com/wenda/wangyurain_g_4333656985.htm
   2016-09-27 12:55:04
   Now scraping post http://www.haodf.com/wenda/wangyurain_g_4451099883.htm
   2016-09-27 12:55:05
   Now scraping post http://www.haodf.com/wenda/wangyurain_g_4449244566.htm
   2016-09-27 12:55:05
   Now scraping post http://www.haodf.com/wenda/wangyurain_g_4449581238.htm
   2016-09-27 12:55:06
   Now scraping post http://www.haodf.com/wenda/wangyurain_g_4449577053.htm
   2016-09-27 12:55:07
   Now scraping post http://www.haodf.com/wenda/wangyurain_g_4449575313.htm
   2016-09-27 12:55:08
   Now scraping post http://www.haodf.com/wenda/wangyurain_g_4448026421.htm
   2016-09-27 12:55:09
   Now scraping post http://www.haodf.com/wenda/wangyurain_g_4404114248.htm
   2016-09-27 12:55:09
   Now scraping post http://www.haodf.com/wenda/wangyurain_g_4444528486.htm
   2016-09-27 12:55:10
   Now scraping post http://www.haodf.com/wenda/wangyurain_g_4444530247.htm
   2016-09-27 12:55:11
   Now scraping post http://www.haodf.com/wenda/wangyurain_g_4413518216.htm
   2016-09-27 12:55:11
   Now scraping post http://www.haodf.com/wenda/wangyurain_g_4438058373.htm
   2016-09-27 12:55:12
   Now scraping post http://www.haodf.com/wenda/wangyurain_g_4381452592.htm
   2016-09-27 12:55:13
   Now scraping post http://www.haodf.com/wenda/wangyurain_g_4441223208.htm
   2016-09-27 12:55:13
   Now scraping post http://www.haodf.com/wenda/wangyurain_g_4441222128.htm
   2016-09-27 12:55:14
   Now scraping post http://www.haodf.com/wenda/wangyurain_g_4441221417.htm
   2016-09-27 12:55:15
   Now scraping post http://www.haodf.com/wenda/wangyurain_g_4441220528.htm
   2016-09-27 12:55:15
   Now scraping post http://www.haodf.com/wenda/wangyurain_g_4441148270.htm
   2016-09-27 12:55:16
   Now scraping post http://www.haodf.com/wenda/wangyurain_g_4439461164.htm
   2016-09-27 12:55:16
   Now scraping post http://www.haodf.com/wenda/wangyurain_g_4436009089.htm
   2016-09-27 12:55:17
   Now scraping post http://www.haodf.com/wenda/wangyurain_g_4437883074.htm
   2016-09-27 12:55:17
   Now scraping post http://www.haodf.com/wenda/wangyurain_g_4426685676.htm
   2016-09-27 12:55:18
   Now scraping post http://www.haodf.com/wenda/wangyurain_g_4434783823.htm
   2016-09-27 12:55:19
   Now scraping post http://www.haodf.com/wenda/wangyurain_g_4432695763.htm
   2016-09-27 12:55:19
   Now scraping post http://www.haodf.com/wenda/wangyurain_g_4425476706.htm
  2016-09-27 12:55:20
  Now scraping page 15
   2016-09-27 12:55:20
   Now scraping post http://www.haodf.com/wenda/wangyurain_g_4431079761.htm
   2016-09-27 12:55:21
   Now scraping post http://www.haodf.com/wenda/wangyurain_g_4431080184.htm
   2016-09-27 12:55:22
   Now scraping post http://www.haodf.com/wenda/wangyurain_g_4424269576.htm
   2016-09-27 12:55:23
   Now scraping post http://www.haodf.com/wenda/wangyurain_g_4426447382.htm
   2016-09-27 12:55:24
   Now scraping post http://www.haodf.com/wenda/wangyurain_g_4424273540.htm
   2016-09-27 12:55:24
   Now scraping post http://www.haodf.com/wenda/wangyurain_g_4416672619.htm
   2016-09-27 12:55:25
   Now scraping post http://www.haodf.com/wenda/wangyurain_g_4421074287.htm
   2016-09-27 12:55:25
   Now scraping post http://www.haodf.com/wenda/wangyurain_g_4421088130.htm
   2016-09-27 12:55:26
   Now scraping post http://www.haodf.com/wenda/wangyurain_g_4421085602.htm
   2016-09-27 12:55:27
   Now scraping post http://www.haodf.com/wenda/wangyurain_g_4421074859.htm
   2016-09-27 12:55:27
   Now scraping post http://www.haodf.com/wenda/wangyurain_g_4418540897.htm
   2016-09-27 12:55:28
   Now scraping post http://www.haodf.com/wenda/wangyurain_g_4418591094.htm
   2016-09-27 12:55:29
   Now scraping post http://www.haodf.com/wenda/wangyurain_g_4394268048.htm
   2016-09-27 12:55:29
   Now scraping post http://www.haodf.com/wenda/wangyurain_g_4416076136.htm
   2016-09-27 12:55:30
   Now scraping post http://www.haodf.com/wenda/wangyurain_g_4417224331.htm
   2016-09-27 12:55:30
   Now scraping post http://www.haodf.com/wenda/wangyurain_g_4417223749.htm
   2016-09-27 12:55:32
   Now scraping post http://www.haodf.com/wenda/wangyurain_g_4416942674.htm
   2016-09-27 12:55:32
   Now scraping post http://www.haodf.com/wenda/wangyurain_g_4415900047.htm
   2016-09-27 12:55:33
   Now scraping post http://www.haodf.com/wenda/wangyurain_g_4406143247.htm
   2016-09-27 12:55:34
   Now scraping post http://www.haodf.com/wenda/wangyurain_g_4415901149.htm
   2016-09-27 12:55:35
   Now scraping post http://www.haodf.com/wenda/wangyurain_g_4407425260.htm
   2016-09-27 12:55:36
   Now scraping post http://www.haodf.com/wenda/wangyurain_g_4402375387.htm
   2016-09-27 12:55:36
   Now scraping post http://www.haodf.com/wenda/wangyurain_g_4392315330.htm
   2016-09-27 12:55:37
   Now scraping post http://www.haodf.com/wenda/wangyurain_g_4413356251.htm
   2016-09-27 12:55:37
   Now scraping post http://www.haodf.com/wenda/wangyurain_g_4407426660.htm
  2016-09-27 12:55:38
  Now scraping page 16
   2016-09-27 12:55:39
   Now scraping post http://www.haodf.com/wenda/wangyurain_g_4372267665.htm
   2016-09-27 12:55:40
   Now scraping post http://www.haodf.com/wenda/wangyurain_g_4377077576.htm
   2016-09-27 12:55:40
   Now scraping post http://www.haodf.com/wenda/wangyurain_g_4392572090.htm
   2016-09-27 12:55:41
   Now scraping post http://www.haodf.com/wenda/wangyurain_g_4343342312.htm
   2016-09-27 12:55:41
   Now scraping post http://www.haodf.com/wenda/wangyurain_g_4395498827.htm
   2016-09-27 12:55:42
   Now scraping post http://www.haodf.com/wenda/wangyurain_g_4405106041.htm
   2016-09-27 12:55:43
   Now scraping post http://www.haodf.com/wenda/wangyurain_g_4405085369.htm
   2016-09-27 12:55:44
   Now scraping post http://www.haodf.com/wenda/wangyurain_g_4405082011.htm
   2016-09-27 12:55:44
   Now scraping post http://www.haodf.com/wenda/wangyurain_g_4400354808.htm
   2016-09-27 12:55:45
   Now scraping post http://www.haodf.com/wenda/wangyurain_g_4396765128.htm
   2016-09-27 12:55:46
   Now scraping post http://www.haodf.com/wenda/wangyurain_g_4394012107.htm
   2016-09-27 12:55:46
   Now scraping post http://www.haodf.com/wenda/wangyurain_g_4392621229.htm
   2016-09-27 12:55:47
   Now scraping post http://www.haodf.com/wenda/wangyurain_g_4392618582.htm
   2016-09-27 12:55:48
   Now scraping post http://www.haodf.com/wenda/wangyurain_g_4389120087.htm
   2016-09-27 12:55:49
   Now scraping post http://www.haodf.com/wenda/wangyurain_g_4381859507.htm
   2016-09-27 12:55:49
   Now scraping post http://www.haodf.com/wenda/wangyurain_g_4388189506.htm
   2016-09-27 12:55:50
   Now scraping post http://www.haodf.com/wenda/wangyurain_g_4382363269.htm
   2016-09-27 12:55:51
   Now scraping post http://www.haodf.com/wenda/wangyurain_g_4386659543.htm
   2016-09-27 12:55:51
   Now scraping post http://www.haodf.com/wenda/wangyurain_g_4388186743.htm
   2016-09-27 12:55:52
   Now scraping post http://www.haodf.com/wenda/wangyurain_g_4358851226.htm
   2016-09-27 12:55:52
   Now scraping post http://www.haodf.com/wenda/wangyurain_g_4386935549.htm
   2016-09-27 12:55:53
   Now scraping post http://www.haodf.com/wenda/wangyurain_g_4381371017.htm
   2016-09-27 12:55:53
   Now scraping post http://www.haodf.com/wenda/wangyurain_g_4381860294.htm
   2016-09-27 12:55:54
   Now scraping post http://www.haodf.com/wenda/wangyurain_g_4377479491.htm
   2016-09-27 12:55:55
   Now scraping post http://www.haodf.com/wenda/wangyurain_g_4377488370.htm
  2016-09-27 12:55:56
  Now scraping page 17
   2016-09-27 12:55:56
   Now scraping post http://www.haodf.com/wenda/wangyurain_g_4376911354.htm
   2016-09-27 12:55:57
   Now scraping post http://www.haodf.com/wenda/wangyurain_g_4377490391.htm
   2016-09-27 12:55:57
   Now scraping post http://www.haodf.com/wenda/wangyurain_g_4377477987.htm
   2016-09-27 12:55:58
   Now scraping post http://www.haodf.com/wenda/wangyurain_g_4377477216.htm
   2016-09-27 12:55:59
   Now scraping post http://www.haodf.com/wenda/wangyurain_g_4375169367.htm
   2016-09-27 12:56:00
   Now scraping post http://www.haodf.com/wenda/wangyurain_g_4372275307.htm
   2016-09-27 12:56:01
   Now scraping post http://www.haodf.com/wenda/wangyurain_g_4372279546.htm
   2016-09-27 12:56:02
   Now scraping post http://www.haodf.com/wenda/wangyurain_g_4372269272.htm
   2016-09-27 12:56:02
   Now scraping post http://www.haodf.com/wenda/wangyurain_g_4047303847.htm
   2016-09-27 12:56:03
   Now scraping post http://www.haodf.com/wenda/wangyurain_g_4364303637.htm
   2016-09-27 12:56:04
   Now scraping post http://www.haodf.com/wenda/wangyurain_g_4338627191.htm
   2016-09-27 12:56:04
   Now scraping post http://www.haodf.com/wenda/wangyurain_g_4369494126.htm
   2016-09-27 12:56:05
   Now scraping post http://www.haodf.com/wenda/wangyurain_g_4367136710.htm
   2016-09-27 12:56:05
   Now scraping post http://www.haodf.com/wenda/wangyurain_g_4364404217.htm
   2016-09-27 12:56:06
   Now scraping post http://www.haodf.com/wenda/wangyurain_g_4363559451.htm
   2016-09-27 12:56:07
   Now scraping post http://www.haodf.com/wenda/wangyurain_g_3825372880.htm
   2016-09-27 12:56:07
   Now scraping post http://www.haodf.com/wenda/wangyurain_g_4359596182.htm
   2016-09-27 12:56:08
   Now scraping post http://www.haodf.com/wenda/wangyurain_g_4359593292.htm
   2016-09-27 12:56:09
   Now scraping post http://www.haodf.com/wenda/wangyurain_g_4359591602.htm
   2016-09-27 12:56:09
   Now scraping post http://www.haodf.com/wenda/wangyurain_g_4356323984.htm
   2016-09-27 12:56:10
   Now scraping post http://www.haodf.com/wenda/wangyurain_g_4358096641.htm
   2016-09-27 12:56:11
   Now scraping post http://www.haodf.com/wenda/wangyurain_g_4093855425.htm
   2016-09-27 12:56:11
   Now scraping post http://www.haodf.com/wenda/wangyurain_g_4297577924.htm
   2016-09-27 12:56:12
   Now scraping post http://www.haodf.com/wenda/wangyurain_g_4004875954.htm
   2016-09-27 12:56:13
   Now scraping post http://www.haodf.com/wenda/wangyurain_g_4352012249.htm
  2016-09-27 12:56:14
  Now scraping page 18
   2016-09-27 12:56:15
   Now scraping post http://www.haodf.com/wenda/wangyurain_g_4350720563.htm
   2016-09-27 12:56:15
   Now scraping post http://www.haodf.com/wenda/wangyurain_g_4344793302.htm
   2016-09-27 12:56:17
   Now scraping post http://www.haodf.com/wenda/wangyurain_g_4249375496.htm
   2016-09-27 12:56:17
   Now scraping post http://www.haodf.com/wenda/wangyurain_g_4349496078.htm
   2016-09-27 12:56:18
   Now scraping post http://www.haodf.com/wenda/wangyurain_g_4344782829.htm
   2016-09-27 12:56:19
   Now scraping post http://www.haodf.com/wenda/wangyurain_g_4349446840.htm
   2016-09-27 12:56:19
   Now scraping post http://www.haodf.com/wenda/wangyurain_g_4349445167.htm
   2016-09-27 12:56:20
   Now scraping post http://www.haodf.com/wenda/wangyurain_g_4349444028.htm
   2016-09-27 12:56:20
   Now scraping post http://www.haodf.com/wenda/wangyurain_g_4339432979.htm
   2016-09-27 12:56:21
   Now scraping post http://www.haodf.com/wenda/wangyurain_g_4347128813.htm
   2016-09-27 12:56:22
   Now scraping post http://www.haodf.com/wenda/wangyurain_g_4344790582.htm
   2016-09-27 12:56:22
   Now scraping post http://www.haodf.com/wenda/wangyurain_g_4344788042.htm
   2016-09-27 12:56:23
   Now scraping post http://www.haodf.com/wenda/wangyurain_g_4343117224.htm
   2016-09-27 12:56:23
   Now scraping post http://www.haodf.com/wenda/wangyurain_g_4202481984.htm
   2016-09-27 12:56:24
   Now scraping post http://www.haodf.com/wenda/wangyurain_g_4340310666.htm
   2016-09-27 12:56:25
   Now scraping post http://www.haodf.com/wenda/wangyurain_g_4340995935.htm
   2016-09-27 12:56:25
   Now scraping post http://www.haodf.com/wenda/wangyurain_g_4339626443.htm
   2016-09-27 12:56:26
   Now scraping post http://www.haodf.com/wenda/wangyurain_g_4083953800.htm
   2016-09-27 12:56:26
   Now scraping post http://www.haodf.com/wenda/wangyurain_g_4338900547.htm
   2016-09-27 12:56:27
   Now scraping post http://www.haodf.com/wenda/wangyurain_g_4341065882.htm
   2016-09-27 12:56:28
   Now scraping post http://www.haodf.com/wenda/wangyurain_g_4328903054.htm
   2016-09-27 12:56:29
   Now scraping post http://www.haodf.com/wenda/wangyurain_g_4329328957.htm
   2016-09-27 12:56:29
   Now scraping post http://www.haodf.com/wenda/wangyurain_g_4323556731.htm
   2016-09-27 12:56:30
   Now scraping post http://www.haodf.com/wenda/wangyurain_g_4325632914.htm
   2016-09-27 12:56:31
   Now scraping post http://www.haodf.com/wenda/wangyurain_g_4324572282.htm
  2016-09-27 12:56:32
  Now scraping page 19
   2016-09-27 12:56:32
   Now scraping post http://www.haodf.com/wenda/wangyurain_g_4319662401.htm
   2016-09-27 12:56:33
   Now scraping post http://www.haodf.com/wenda/wangyurain_g_4301362729.htm
   2016-09-27 12:56:34
   Now scraping post http://www.haodf.com/wenda/wangyurain_g_4323550030.htm
   2016-09-27 12:56:34
   Now scraping post http://www.haodf.com/wenda/wangyurain_g_4323548901.htm
   2016-09-27 12:56:35
   Now scraping post http://www.haodf.com/wenda/wangyurain_g_4323546874.htm
   2016-09-27 12:56:36
   Now scraping post http://www.haodf.com/wenda/wangyurain_g_4226109179.htm
   2016-09-27 12:56:36
   Now scraping post http://www.haodf.com/wenda/wangyurain_g_4303093284.htm
   2016-09-27 12:56:37
   Now scraping post http://www.haodf.com/wenda/wangyurain_g_4314036004.htm
   2016-09-27 12:56:38
   Now scraping post http://www.haodf.com/wenda/wangyurain_g_4314037694.htm
   2016-09-27 12:56:39
   Now scraping post http://www.haodf.com/wenda/wangyurain_g_4312212315.htm
   2016-09-27 12:56:39
   Now scraping post http://www.haodf.com/wenda/wangyurain_g_4313582882.htm
   2016-09-27 12:56:40
   Now scraping post http://www.haodf.com/wenda/wangyurain_g_4310028390.htm
   2016-09-27 12:56:41
   Now scraping post http://www.haodf.com/wenda/wangyurain_g_3970840932.htm
   2016-09-27 12:56:42
   Now scraping post http://www.haodf.com/wenda/wangyurain_g_4305991053.htm
   2016-09-27 12:56:43
   Now scraping post http://www.haodf.com/wenda/wangyurain_g_4307333995.htm
   2016-09-27 12:56:44
   Now scraping post http://www.haodf.com/wenda/wangyurain_g_4227952385.htm
   2016-09-27 12:56:45
   Now scraping post http://www.haodf.com/wenda/wangyurain_g_4304107321.htm
   2016-09-27 12:56:45
   Now scraping post http://www.haodf.com/wenda/wangyurain_g_4298526141.htm
   2016-09-27 12:56:46
   Now scraping post http://www.haodf.com/wenda/wangyurain_g_4303549296.htm
   2016-09-27 12:56:46
   Now scraping post http://www.haodf.com/wenda/wangyurain_g_4301237895.htm
   2016-09-27 12:56:47
   Now scraping post http://www.haodf.com/wenda/wangyurain_g_4301940673.htm
   2016-09-27 12:56:48
   Now scraping post http://www.haodf.com/wenda/wangyurain_g_4246640787.htm
   2016-09-27 12:56:48
   Now scraping post http://www.haodf.com/wenda/wangyurain_g_4240782795.htm
   2016-09-27 12:56:49
   Now scraping post http://www.haodf.com/wenda/wangyurain_g_4300635875.htm
   2016-09-27 12:56:49
   Now scraping post http://www.haodf.com/wenda/wangyurain_g_4298524809.htm
  2016-09-27 12:56:50
  Now scraping page 20
   2016-09-27 12:56:51
   Now scraping post http://www.haodf.com/wenda/wangyurain_g_4297739301.htm
   2016-09-27 12:56:51
   Now scraping post http://www.haodf.com/wenda/wangyurain_g_4296369251.htm
   2016-09-27 12:56:52
   Now scraping post http://www.haodf.com/wenda/wangyurain_g_4253099473.htm
   2016-09-27 12:56:53
   Now scraping post http://www.haodf.com/wenda/wangyurain_g_4253344338.htm
   2016-09-27 12:56:53
   Now scraping post http://www.haodf.com/wenda/wangyurain_g_4253300894.htm
   2016-09-27 12:56:54
   Now scraping post http://www.haodf.com/wenda/wangyurain_g_4252787925.htm
   2016-09-27 12:56:54
   Now scraping post http://www.haodf.com/wenda/wangyurain_g_4249378914.htm
   2016-09-27 12:56:55
   Now scraping post http://www.haodf.com/wenda/wangyurain_g_4248243309.htm
   2016-09-27 12:56:56
   Now scraping post http://www.haodf.com/wenda/wangyurain_g_4229028915.htm
   2016-09-27 12:56:57
   Now scraping post http://www.haodf.com/wenda/wangyurain_g_4246638459.htm
   2016-09-27 12:56:58
   Now scraping post http://www.haodf.com/wenda/wangyurain_g_4127004409.htm
   2016-09-27 12:56:58
   Now scraping post http://www.haodf.com/wenda/wangyurain_g_4241097771.htm
   2016-09-27 12:56:59
   Now scraping post http://www.haodf.com/wenda/wangyurain_g_4241321446.htm
   2016-09-27 12:56:59
   Now scraping post http://www.haodf.com/wenda/wangyurain_g_4221960471.htm
   2016-09-27 12:57:00
   Now scraping post http://www.haodf.com/wenda/wangyurain_g_4204090206.htm
   2016-09-27 12:57:00
   Now scraping post http://www.haodf.com/wenda/wangyurain_g_4195866084.htm
   2016-09-27 12:57:01
   Now scraping post http://www.haodf.com/wenda/wangyurain_g_4235480704.htm
   2016-09-27 12:57:02
   Now scraping post http://www.haodf.com/wenda/wangyurain_g_4233211961.htm
   2016-09-27 12:57:03
   Now scraping post http://www.haodf.com/wenda/wangyurain_g_4228156193.htm
   2016-09-27 12:57:03
   Now scraping post http://www.haodf.com/wenda/wangyurain_g_4227931874.htm
   2016-09-27 12:57:03
   Now scraping post http://www.haodf.com/wenda/wangyurain_g_4231139264.htm
   2016-09-27 12:57:04
   Now scraping post http://www.haodf.com/wenda/wangyurain_g_4228565501.htm
   2016-09-27 12:57:05
   Now scraping post http://www.haodf.com/wenda/wangyurain_g_4231172364.htm
   2016-09-27 12:57:05
   Now scraping post http://www.haodf.com/wenda/wangyurain_g_4222728800.htm
   2016-09-27 12:57:06
   Now scraping post http://www.haodf.com/wenda/wangyurain_g_4227703139.htm
  2016-09-27 12:57:07
  Now scraping page 21
   2016-09-27 12:57:08
   Now scraping post http://www.haodf.com/wenda/wangyurain_g_4225053856.htm
   2016-09-27 12:57:08
   Now scraping post http://www.haodf.com/wenda/wangyurain_g_4225543794.htm
   2016-09-27 12:57:09
   Now scraping post http://www.haodf.com/wenda/wangyurain_g_4222531183.htm
   2016-09-27 12:57:10
   Now scraping post http://www.haodf.com/wenda/wangyurain_g_4225375189.htm
   2016-09-27 12:57:11
   Now scraping post http://www.haodf.com/wenda/wangyurain_g_4225374264.htm
   2016-09-27 12:57:11
   Now scraping post http://www.haodf.com/wenda/wangyurain_g_4222577911.htm
   2016-09-27 12:57:12
   Now scraping post http://www.haodf.com/wenda/wangyurain_g_4222799821.htm
   2016-09-27 12:57:12
   Now scraping post http://www.haodf.com/wenda/wangyurain_g_4222656772.htm
   2016-09-27 12:57:13
   Now scraping post http://www.haodf.com/wenda/wangyurain_g_4225867937.htm
   2016-09-27 12:57:13
   Now scraping post http://www.haodf.com/wenda/wangyurain_g_4221963860.htm
   2016-09-27 12:57:14
   Now scraping post http://www.haodf.com/wenda/wangyurain_g_4136577127.htm
   2016-09-27 12:57:15
   Now scraping post http://www.haodf.com/wenda/wangyurain_g_4218041782.htm
   2016-09-27 12:57:16
   Now scraping post http://www.haodf.com/wenda/wangyurain_g_4209126249.htm
   2016-09-27 12:57:16
   Now scraping post http://www.haodf.com/wenda/wangyurain_g_4183448912.htm
   2016-09-27 12:57:17
   Now scraping post http://www.haodf.com/wenda/wangyurain_g_4215502388.htm
   2016-09-27 12:57:18
   Now scraping post http://www.haodf.com/wenda/wangyurain_g_4212451302.htm
   2016-09-27 12:57:19
   Now scraping post http://www.haodf.com/wenda/wangyurain_g_4211185035.htm
   2016-09-27 12:57:20
   Now scraping post http://www.haodf.com/wenda/wangyurain_g_4212302771.htm
   2016-09-27 12:57:21
   Now scraping post http://www.haodf.com/wenda/wangyurain_g_4216165771.htm
   2016-09-27 12:57:21
   Now scraping post http://www.haodf.com/wenda/wangyurain_g_4204124555.htm
   2016-09-27 12:57:22
   Now scraping post http://www.haodf.com/wenda/wangyurain_g_3999460745.htm
   2016-09-27 12:57:22
   Now scraping post http://www.haodf.com/wenda/wangyurain_g_4205053139.htm
   2016-09-27 12:57:23
   Now scraping post http://www.haodf.com/wenda/wangyurain_g_4200897784.htm
   2016-09-27 12:57:24
   Now scraping post http://www.haodf.com/wenda/wangyurain_g_4204873808.htm
   2016-09-27 12:57:25
   Now scraping post http://www.haodf.com/wenda/wangyurain_g_4188357543.htm
  2016-09-27 12:57:26
  Now scraping page 22
   2016-09-27 12:57:26
   Now scraping post http://www.haodf.com/wenda/wangyurain_g_4196573886.htm
   2016-09-27 12:57:27
   Now scraping post http://www.haodf.com/wenda/wangyurain_g_4195263759.htm
   2016-09-27 12:57:28
   Now scraping post http://www.haodf.com/wenda/wangyurain_g_4190519260.htm
   2016-09-27 12:57:28
   Now scraping post http://www.haodf.com/wenda/wangyurain_g_4189596411.htm
   2016-09-27 12:57:29
   Now scraping post http://www.haodf.com/wenda/wangyurain_g_4194070740.htm
   2016-09-27 12:57:30
   Now scraping post http://www.haodf.com/wenda/wangyurain_g_4193719318.htm
   2016-09-27 12:57:30
   Now scraping post http://www.haodf.com/wenda/wangyurain_g_4193685732.htm
   2016-09-27 12:57:31
   Now scraping post http://www.haodf.com/wenda/wangyurain_g_4186390903.htm
   2016-09-27 12:57:32
   Now scraping post http://www.haodf.com/wenda/wangyurain_g_4189595008.htm
   2016-09-27 12:57:33
   Now scraping post http://www.haodf.com/wenda/wangyurain_g_4189598841.htm
   2016-09-27 12:57:34
   Now scraping post http://www.haodf.com/wenda/wangyurain_g_4189591543.htm
   2016-09-27 12:57:35
   Now scraping post http://www.haodf.com/wenda/wangyurain_g_4189132739.htm
   2016-09-27 12:57:35
   Now scraping post http://www.haodf.com/wenda/wangyurain_g_4180381632.htm
   2016-09-27 12:57:36
   Now scraping post http://www.haodf.com/wenda/wangyurain_g_4185691029.htm
   2016-09-27 12:57:37
   Now scraping post http://www.haodf.com/wenda/wangyurain_g_4183552966.htm
   2016-09-27 12:57:37
   Now scraping post http://www.haodf.com/wenda/wangyurain_g_4084802057.htm
   2016-09-27 12:57:38
   Now scraping post http://www.haodf.com/wenda/wangyurain_g_4174699414.htm
   2016-09-27 12:57:38
   Now scraping post http://www.haodf.com/wenda/wangyurain_g_4173804205.htm
   2016-09-27 12:57:39
   Now scraping post http://www.haodf.com/wenda/wangyurain_g_4173328774.htm
   2016-09-27 12:57:39
   Now scraping post http://www.haodf.com/wenda/wangyurain_g_4166621104.htm
   2016-09-27 12:57:40
   Now scraping post http://www.haodf.com/wenda/wangyurain_g_4164909114.htm
   2016-09-27 12:57:41
   Now scraping post http://www.haodf.com/wenda/wangyurain_g_4143776296.htm
   2016-09-27 12:57:41
   Now scraping post http://www.haodf.com/wenda/wangyurain_g_4161080393.htm
   2016-09-27 12:57:42
   Now scraping post http://www.haodf.com/wenda/wangyurain_g_4161272338.htm
   2016-09-27 12:57:43
   Now scraping post http://www.haodf.com/wenda/wangyurain_g_4153681664.htm
  2016-09-27 12:57:43
  Now scraping page 23
   2016-09-27 12:57:44
   Now scraping post http://www.haodf.com/wenda/wangyurain_g_3966235838.htm
   2016-09-27 12:57:44
   Now scraping post http://www.haodf.com/wenda/wangyurain_g_4154715242.htm
   2016-09-27 12:57:45
   Now scraping post http://www.haodf.com/wenda/wangyurain_g_4141820533.htm
   2016-09-27 12:57:46
   Now scraping post http://www.haodf.com/wenda/wangyurain_g_4136046311.htm
   2016-09-27 12:57:47
   Now scraping post http://www.haodf.com/wenda/wangyurain_g_4141103424.htm
   2016-09-27 12:57:48
   Now scraping post http://www.haodf.com/wenda/wangyurain_g_4074892786.htm
   2016-09-27 12:57:48
   Now scraping post http://www.haodf.com/wenda/wangyurain_g_4098578800.htm
   2016-09-27 12:57:49
   Now scraping post http://www.haodf.com/wenda/wangyurain_g_4136419744.htm
   2016-09-27 12:57:49
   Now scraping post http://www.haodf.com/wenda/wangyurain_g_4133875643.htm
   2016-09-27 12:57:50
   Now scraping post http://www.haodf.com/wenda/wangyurain_g_4131254410.htm
   2016-09-27 12:57:51
   Now scraping post http://www.haodf.com/wenda/wangyurain_g_4128876224.htm
   2016-09-27 12:57:52
   Now scraping post http://www.haodf.com/wenda/wangyurain_g_4121295737.htm
   2016-09-27 12:57:52
   Now scraping post http://www.haodf.com/wenda/wangyurain_g_3969995786.htm
   2016-09-27 12:57:53
   Now scraping post http://www.haodf.com/wenda/wangyurain_g_4125361509.htm
   2016-09-27 12:57:54
   Now scraping post http://www.haodf.com/wenda/wangyurain_g_4127010489.htm
   2016-09-27 12:57:54
   Now scraping post http://www.haodf.com/wenda/wangyurain_g_4127002981.htm
   2016-09-27 12:57:55
   Now scraping post http://www.haodf.com/wenda/wangyurain_g_4078523301.htm
   2016-09-27 12:57:56
   Now scraping post http://www.haodf.com/wenda/wangyurain_g_4123428296.htm
   2016-09-27 12:57:57
   Now scraping post http://www.haodf.com/wenda/wangyurain_g_4121301571.htm
   2016-09-27 12:57:57
   Now scraping post http://www.haodf.com/wenda/wangyurain_g_4108770949.htm
   2016-09-27 12:57:58
   Now scraping post http://www.haodf.com/wenda/wangyurain_g_4028249438.htm
   2016-09-27 12:57:59
   Now scraping post http://www.haodf.com/wenda/wangyurain_g_4063704557.htm
   2016-09-27 12:57:59
   Now scraping post http://www.haodf.com/wenda/wangyurain_g_4104312761.htm
   2016-09-27 12:58:00
   Now scraping post http://www.haodf.com/wenda/wangyurain_g_4104388868.htm
   2016-09-27 12:58:01
   Now scraping post http://www.haodf.com/wenda/wangyurain_g_3953332325.htm
  2016-09-27 12:58:02
  Now scraping page 24
   2016-09-27 12:58:02
   Now scraping post http://www.haodf.com/wenda/wangyurain_g_4102800574.htm
   2016-09-27 12:58:03
   Now scraping post http://www.haodf.com/wenda/wangyurain_g_4100614826.htm
   2016-09-27 12:58:03
   Now scraping post http://www.haodf.com/wenda/wangyurain_g_4099886931.htm
   2016-09-27 12:58:04
   Now scraping post http://www.haodf.com/wenda/wangyurain_g_4098978450.htm
   2016-09-27 12:58:04
   Now scraping post http://www.haodf.com/wenda/wangyurain_g_4094980597.htm
   2016-09-27 12:58:05
   Now scraping post http://www.haodf.com/wenda/wangyurain_g_4090218264.htm
   2016-09-27 12:58:06
   Now scraping post http://www.haodf.com/wenda/wangyurain_g_4094974873.htm
   2016-09-27 12:58:07
   Now scraping post http://www.haodf.com/wenda/wangyurain_g_4035968102.htm
   2016-09-27 12:58:07
   Now scraping post http://www.haodf.com/wenda/wangyurain_g_4000094916.htm
   2016-09-27 12:58:08
   Now scraping post http://www.haodf.com/wenda/wangyurain_g_4069974289.htm
   2016-09-27 12:58:08
   Now scraping post http://www.haodf.com/wenda/wangyurain_g_4070468765.htm
   2016-09-27 12:58:09
   Now scraping post http://www.haodf.com/wenda/wangyurain_g_3976865888.htm
   2016-09-27 12:58:10
   Now scraping post http://www.haodf.com/wenda/wangyurain_g_4047204476.htm
   2016-09-27 12:58:10
   Now scraping post http://www.haodf.com/wenda/wangyurain_g_4035834551.htm
   2016-09-27 12:58:11
   Now scraping post http://www.haodf.com/wenda/wangyurain_g_4035852449.htm
   2016-09-27 12:58:11
   Now scraping post http://www.haodf.com/wenda/wangyurain_g_4041321733.htm
   2016-09-27 12:58:13
   Now scraping post http://www.haodf.com/wenda/wangyurain_g_4035858147.htm
   2016-09-27 12:58:14
   Now scraping post http://www.haodf.com/wenda/wangyurain_g_4035844052.htm
   2016-09-27 12:58:15
   Now scraping post http://www.haodf.com/wenda/wangyurain_g_4026301971.htm
   2016-09-27 12:58:15
   Now scraping post http://www.haodf.com/wenda/wangyurain_g_4034141276.htm
   2016-09-27 12:58:16
   Now scraping post http://www.haodf.com/wenda/wangyurain_g_4035311389.htm
   2016-09-27 12:58:16
   Now scraping post http://www.haodf.com/wenda/wangyurain_g_3976257760.htm
   2016-09-27 12:58:17
   Now scraping post http://www.haodf.com/wenda/wangyurain_g_4025752358.htm
   2016-09-27 12:58:17
   Now scraping post http://www.haodf.com/wenda/wangyurain_g_4021309211.htm
   2016-09-27 12:58:18
   Now scraping post http://www.haodf.com/wenda/wangyurain_g_4005195937.htm
  2016-09-27 12:58:19
  Now scraping page 25
   2016-09-27 12:58:19
   Now scraping post http://www.haodf.com/wenda/wangyurain_g_4008209113.htm
   2016-09-27 12:58:20
   Now scraping post http://www.haodf.com/wenda/wangyurain_g_3997494531.htm
   2016-09-27 12:58:21
   Now scraping post http://www.haodf.com/wenda/wangyurain_g_4003647729.htm
   2016-09-27 12:58:22
   Now scraping post http://www.haodf.com/wenda/wangyurain_g_4008172329.htm
   2016-09-27 12:58:22
   Now scraping post http://www.haodf.com/wenda/wangyurain_g_3989507609.htm
   2016-09-27 12:58:23
   Now scraping post http://www.haodf.com/wenda/wangyurain_g_4009586715.htm
   2016-09-27 12:58:23
   Now scraping post http://www.haodf.com/wenda/wangyurain_g_3999616958.htm
   2016-09-27 12:58:24
   Now scraping post http://www.haodf.com/wenda/wangyurain_g_4003728920.htm
   2016-09-27 12:58:24
   Now scraping post http://www.haodf.com/wenda/wangyurain_g_3990331115.htm
   2016-09-27 12:58:24
   Now scraping post http://www.haodf.com/wenda/wangyurain_g_3981441144.htm
   2016-09-27 12:58:25
   Now scraping post http://www.haodf.com/wenda/wangyurain_g_3997904215.htm
   2016-09-27 12:58:26
   Now scraping post http://www.haodf.com/wenda/wangyurain_g_3995568376.htm
   2016-09-27 12:58:26
   Now scraping post http://www.haodf.com/wenda/wangyurain_g_3991338130.htm
   2016-09-27 12:58:27
   Now scraping post http://www.haodf.com/wenda/wangyurain_g_3990017003.htm
   2016-09-27 12:58:28
   Now scraping post http://www.haodf.com/wenda/wangyurain_g_3991011777.htm
   2016-09-27 12:58:28
   Now scraping post http://www.haodf.com/wenda/wangyurain_g_3932467820.htm
   2016-09-27 12:58:29
   Now scraping post http://www.haodf.com/wenda/wangyurain_g_3971934574.htm
   2016-09-27 12:58:29
   Now scraping post http://www.haodf.com/wenda/wangyurain_g_3972806857.htm
   2016-09-27 12:58:30
   Now scraping post http://www.haodf.com/wenda/wangyurain_g_3972819288.htm
2016-09-27 17:00:24
[33m!Warning:[0m Fail to open: http://www.haodf.com/jibing/choudongzheng.htm
    2016-09-27 17:00:24
[33m    Warning:[0m Fail to get tag: http://www.haodf.com/jibing/choudongzheng.htm
   2016-09-27 17:00:24
   Now scraping post http://www.haodf.com/wenda/wangyurain_g_3972671146.htm
   2016-09-27 17:00:25
   Now scraping post http://www.haodf.com/wenda/wangyurain_g_3970619260.htm
   2016-09-27 17:00:26
   Now scraping post http://www.haodf.com/wenda/wangyurain_g_3959799077.htm
   2016-09-27 17:00:26
   Now scraping post http://www.haodf.com/wenda/wangyurain_g_3909913803.htm
   2016-09-27 17:00:27
   Now scraping post http://www.haodf.com/wenda/wangyurain_g_3915944207.htm
   2016-09-27 17:00:29
   Now scraping post http://www.haodf.com/wenda/wangyurain_g_3848655501.htm
  2016-09-27 17:00:29
  Now scraping page 26
   2016-09-27 17:00:30
   Now scraping post http://www.haodf.com/wenda/wangyurain_g_3769439740.htm
   2016-09-27 17:00:31
   Now scraping post http://www.haodf.com/wenda/wangyurain_g_3701417243.htm
   2016-09-27 17:00:31
   Now scraping post http://www.haodf.com/wenda/wangyurain_g_3692521891.htm
   2016-09-27 17:00:32
   Now scraping post http://www.haodf.com/wenda/wangyurain_g_3456077496.htm
   2016-09-27 17:00:34
   Now scraping post http://www.haodf.com/wenda/wangyurain_g_3593231889.htm
   2016-09-27 17:00:35
   Now scraping post http://www.haodf.com/wenda/wangyurain_g_3641486622.htm
   2016-09-27 17:00:36
   Now scraping post http://www.haodf.com/wenda/wangyurain_g_3351087122.htm
   2016-09-27 17:00:38
   Now scraping post http://www.haodf.com/wenda/wangyurain_g_3488783669.htm
   2016-09-27 17:00:39
   Now scraping post http://www.haodf.com/wenda/wangyurain_g_3593087256.htm
   2016-09-27 17:00:40
   Now scraping post http://www.haodf.com/wenda/wangyurain_g_3458282026.htm
   2016-09-27 17:00:41
   Now scraping post http://www.haodf.com/wenda/wangyurain_g_3111538385.htm
   2016-09-27 17:00:42
   Now scraping post http://www.haodf.com/wenda/wangyurain_g_3351080479.htm
   2016-09-27 17:00:43
   Now scraping post http://www.haodf.com/wenda/wangyurain_g_3111531550.htm
2016-09-27 17:00:44
[32m Finish![0m scraped 26 pages, 225 Q&As out of 638 posts.

