 2016-09-28 13:20:37
 Now scraping doctor 徐秀
  2016-09-28 13:20:38
  Now scraping page 1
   2016-09-28 13:20:40
   Now scraping post http://drxuxiu.haodf.com/wenda/drxuxiu_4740951401.htm
   2016-09-28 13:20:40
   Now scraping post http://www.haodf.com/wenda/drxuxiu_g_4596569821.htm
   2016-09-28 13:20:40
   Now scraping post http://www.haodf.com/wenda/drxuxiu_g_3367649181.htm
   2016-09-28 13:20:41
   Now scraping post http://www.haodf.com/wenda/drxuxiu_g_3321162237.htm
   2016-09-28 13:20:42
   Now scraping post http://www.haodf.com/wenda/drxuxiu_g_4336545442.htm
   2016-09-28 13:20:42
   Now scraping post http://www.haodf.com/wenda/drxuxiu_g_4233948786.htm
   2016-09-28 13:20:43
   Now scraping post http://www.haodf.com/wenda/drxuxiu_g_4233944843.htm
   2016-09-28 13:20:44
   Now scraping post http://www.haodf.com/wenda/drxuxiu_g_4233940705.htm
   2016-09-28 13:20:45
   Now scraping post http://www.haodf.com/wenda/drxuxiu_g_3571515708.htm
   2016-09-28 13:20:46
   Now scraping post http://www.haodf.com/wenda/drxuxiu_g_4083782761.htm
   2016-09-28 13:20:47
   Now scraping post http://www.haodf.com/wenda/drxuxiu_g_3773684816.htm
   2016-09-28 13:20:47
   Now scraping post http://www.haodf.com/wenda/drxuxiu_g_3604300912.htm
   2016-09-28 13:20:49
   Now scraping post http://www.haodf.com/wenda/drxuxiu_g_3307963081.htm
   2016-09-28 13:20:50
   Now scraping post http://www.haodf.com/wenda/drxuxiu_g_3539611716.htm
   2016-09-28 13:20:50
   Now scraping post http://www.haodf.com/wenda/drxuxiu_g_3533913964.htm
   2016-09-28 13:20:51
   Now scraping post http://www.haodf.com/wenda/drxuxiu_g_3367617535.htm
   2016-09-28 13:20:52
   Now scraping post http://www.haodf.com/wenda/drxuxiu_g_1585499377.htm
   2016-09-28 13:20:53
   Now scraping post http://www.haodf.com/wenda/drxuxiu_g_3347935761.htm
   2016-09-28 13:20:54
   Now scraping post http://www.haodf.com/wenda/drxuxiu_g_3307977684.htm
   2016-09-28 13:20:55
   Now scraping post http://www.haodf.com/wenda/drxuxiu_g_3367639542.htm
   2016-09-28 13:20:56
   Now scraping post http://www.haodf.com/wenda/drxuxiu_g_3347945806.htm
   2016-09-28 13:20:57
   Now scraping post http://www.haodf.com/wenda/drxuxiu_g_1179508662.htm
   2016-09-28 13:20:58
   Now scraping post http://www.haodf.com/wenda/drxuxiu_g_1132748807.htm
   2016-09-28 13:20:58
   Now scraping post http://www.haodf.com/wenda/drxuxiu_g_3307948786.htm
   2016-09-28 13:21:00
   Now scraping post http://www.haodf.com/wenda/drxuxiu_g_3283115662.htm
  2016-09-28 13:21:01
  Now scraping page 2
   2016-09-28 13:21:01
   Now scraping post http://www.haodf.com/wenda/drxuxiu_g_3261518510.htm
   2016-09-28 13:21:02
   Now scraping post http://www.haodf.com/wenda/drxuxiu_g_3261538134.htm
   2016-09-28 13:21:02
   Now scraping post http://www.haodf.com/wenda/drxuxiu_g_3261525767.htm
   2016-09-28 13:21:03
   Now scraping post http://www.haodf.com/wenda/drxuxiu_g_2137810662.htm
   2016-09-28 13:21:04
   Now scraping post http://www.haodf.com/wenda/drxuxiu_g_2137807700.htm
   2016-09-28 13:21:05
   Now scraping post http://www.haodf.com/wenda/drxuxiu_g_2137809813.htm
   2016-09-28 13:21:06
   Now scraping post http://www.haodf.com/wenda/drxuxiu_g_2066578720.htm
   2016-09-28 13:21:06
   Now scraping post http://www.haodf.com/wenda/drxuxiu_g_2041399741.htm
   2016-09-28 13:21:07
   Now scraping post http://www.haodf.com/wenda/drxuxiu_g_2017870738.htm
   2016-09-28 13:21:07
   Now scraping post http://www.haodf.com/wenda/drxuxiu_g_1875829062.htm
   2016-09-28 13:21:08
   Now scraping post http://www.haodf.com/wenda/drxuxiu_g_2011354898.htm
   2016-09-28 13:21:09
   Now scraping post http://www.haodf.com/wenda/drxuxiu_g_2010889345.htm
   2016-09-28 13:21:10
   Now scraping post http://www.haodf.com/wenda/drxuxiu_g_1991397590.htm
   2016-09-28 13:21:10
   Now scraping post http://www.haodf.com/wenda/drxuxiu_g_1976409014.htm
   2016-09-28 13:21:11
   Now scraping post http://www.haodf.com/wenda/drxuxiu_g_1929804615.htm
   2016-09-28 13:21:12
   Now scraping post http://www.haodf.com/wenda/drxuxiu_g_1870313055.htm
   2016-09-28 13:21:12
   Now scraping post http://www.haodf.com/wenda/drxuxiu_g_1846148353.htm
   2016-09-28 13:21:13
   Now scraping post http://www.haodf.com/wenda/drxuxiu_g_1823734009.htm
   2016-09-28 13:21:14
   Now scraping post http://www.haodf.com/wenda/drxuxiu_g_1787156615.htm
   2016-09-28 13:21:15
   Now scraping post http://www.haodf.com/wenda/drxuxiu_g_1772029714.htm
   2016-09-28 13:21:16
   Now scraping post http://www.haodf.com/wenda/drxuxiu_g_1778234581.htm
   2016-09-28 13:21:17
   Now scraping post http://www.haodf.com/wenda/drxuxiu_g_1775207304.htm
   2016-09-28 13:21:18
   Now scraping post http://www.haodf.com/wenda/drxuxiu_g_1768860316.htm
   2016-09-28 13:21:19
   Now scraping post http://www.haodf.com/wenda/drxuxiu_g_1768866244.htm
   2016-09-28 13:21:20
   Now scraping post http://www.haodf.com/wenda/drxuxiu_g_1768863681.htm
  2016-09-28 13:21:21
  Now scraping page 3
   2016-09-28 13:21:22
   Now scraping post http://www.haodf.com/wenda/drxuxiu_g_1768857504.htm
   2016-09-28 13:21:23
   Now scraping post http://www.haodf.com/wenda/drxuxiu_g_1768839959.htm
   2016-09-28 13:21:23
   Now scraping post http://www.haodf.com/wenda/drxuxiu_g_1728985191.htm
   2016-09-28 13:21:25
   Now scraping post http://www.haodf.com/wenda/drxuxiu_g_1051168521.htm
   2016-09-28 13:21:26
   Now scraping post http://www.haodf.com/wenda/drxuxiu_g_1728987797.htm
   2016-09-28 13:21:27
   Now scraping post http://www.haodf.com/wenda/drxuxiu_g_1728982838.htm
   2016-09-28 13:21:27
   Now scraping post http://www.haodf.com/wenda/drxuxiu_g_1709033652.htm
   2016-09-28 13:21:28
   Now scraping post http://www.haodf.com/wenda/drxuxiu_g_1711467758.htm
   2016-09-28 13:21:29
   Now scraping post http://www.haodf.com/wenda/drxuxiu_g_1678230847.htm
   2016-09-28 13:21:30
   Now scraping post http://www.haodf.com/wenda/drxuxiu_g_1666393701.htm
   2016-09-28 13:21:31
   Now scraping post http://www.haodf.com/wenda/drxuxiu_g_1651751492.htm
   2016-09-28 13:21:32
   Now scraping post http://www.haodf.com/wenda/drxuxiu_g_1484135604.htm
   2016-09-28 13:21:33
   Now scraping post http://www.haodf.com/wenda/drxuxiu_g_1641514296.htm
   2016-09-28 13:21:34
   Now scraping post http://www.haodf.com/wenda/drxuxiu_g_1641518321.htm
   2016-09-28 13:21:35
   Now scraping post http://www.haodf.com/wenda/drxuxiu_g_1556528473.htm
   2016-09-28 13:21:35
   Now scraping post http://www.haodf.com/wenda/drxuxiu_g_1582142389.htm
   2016-09-28 13:21:37
   Now scraping post http://www.haodf.com/wenda/drxuxiu_g_1569337472.htm
   2016-09-28 13:21:38
   Now scraping post http://www.haodf.com/wenda/drxuxiu_g_1569333246.htm
   2016-09-28 13:21:38
   Now scraping post http://www.haodf.com/wenda/drxuxiu_g_1566677436.htm
   2016-09-28 13:21:39
   Now scraping post http://www.haodf.com/wenda/drxuxiu_g_1563958149.htm
   2016-09-28 13:21:40
   Now scraping post http://www.haodf.com/wenda/drxuxiu_g_663076672.htm
   2016-09-28 13:21:41
   Now scraping post http://www.haodf.com/wenda/drxuxiu_g_1559178713.htm
   2016-09-28 13:21:42
   Now scraping post http://www.haodf.com/wenda/drxuxiu_g_1556526854.htm
   2016-09-28 13:21:43
   Now scraping post http://www.haodf.com/wenda/drxuxiu_g_1535063092.htm
   2016-09-28 13:21:45
   Now scraping post http://www.haodf.com/wenda/drxuxiu_g_711702204.htm
  2016-09-28 13:21:46
  Now scraping page 4
   2016-09-28 13:21:46
   Now scraping post http://www.haodf.com/wenda/drxuxiu_g_1526762028.htm
   2016-09-28 13:21:47
   Now scraping post http://www.haodf.com/wenda/drxuxiu_g_1507479973.htm
   2016-09-28 13:21:49
   Now scraping post http://www.haodf.com/wenda/drxuxiu_g_1507478697.htm
   2016-09-28 13:21:50
   Now scraping post http://www.haodf.com/wenda/drxuxiu_g_1496676425.htm
   2016-09-28 13:21:51
   Now scraping post http://www.haodf.com/wenda/drxuxiu_g_1496681294.htm
   2016-09-28 13:21:52
   Now scraping post http://www.haodf.com/wenda/drxuxiu_g_1485576891.htm
   2016-09-28 13:21:53
   Now scraping post http://www.haodf.com/wenda/drxuxiu_g_1484149506.htm
   2016-09-28 13:21:54
   Now scraping post http://www.haodf.com/wenda/drxuxiu_g_1453297314.htm
   2016-09-28 13:21:55
   Now scraping post http://www.haodf.com/wenda/drxuxiu_g_1484154897.htm
   2016-09-28 13:21:56
   Now scraping post http://www.haodf.com/wenda/drxuxiu_g_1484151305.htm
   2016-09-28 13:21:57
   Now scraping post http://www.haodf.com/wenda/drxuxiu_g_1484144440.htm
   2016-09-28 13:21:58
   Now scraping post http://www.haodf.com/wenda/drxuxiu_g_1472419260.htm
   2016-09-28 13:21:59
   Now scraping post http://www.haodf.com/wenda/drxuxiu_g_1458704617.htm
   2016-09-28 13:22:00
   Now scraping post http://www.haodf.com/wenda/drxuxiu_g_1467380519.htm
   2016-09-28 13:22:01
   Now scraping post http://www.haodf.com/wenda/drxuxiu_g_1467379738.htm
   2016-09-28 13:22:02
   Now scraping post http://www.haodf.com/wenda/drxuxiu_g_1351407348.htm
   2016-09-28 13:22:03
   Now scraping post http://www.haodf.com/wenda/drxuxiu_g_1461460361.htm
   2016-09-28 13:22:04
   Now scraping post http://www.haodf.com/wenda/drxuxiu_g_1461462499.htm
   2016-09-28 13:22:05
   Now scraping post http://www.haodf.com/wenda/drxuxiu_g_1461461270.htm
   2016-09-28 13:22:06
   Now scraping post http://www.haodf.com/wenda/drxuxiu_g_1461458835.htm
   2016-09-28 13:22:07
   Now scraping post http://www.haodf.com/wenda/drxuxiu_g_1453295903.htm
   2016-09-28 13:22:08
   Now scraping post http://www.haodf.com/wenda/drxuxiu_g_1453298959.htm
   2016-09-28 13:22:09
   Now scraping post http://www.haodf.com/wenda/drxuxiu_g_1453297919.htm
   2016-09-28 13:22:09
   Now scraping post http://www.haodf.com/wenda/drxuxiu_g_1451598291.htm
   2016-09-28 13:22:10
   Now scraping post http://www.haodf.com/wenda/drxuxiu_g_1451599584.htm
  2016-09-28 13:22:11
  Now scraping page 5
   2016-09-28 13:22:12
   Now scraping post http://www.haodf.com/wenda/drxuxiu_g_1433917663.htm
   2016-09-28 13:22:12
   Now scraping post http://www.haodf.com/wenda/drxuxiu_g_1446128999.htm
   2016-09-28 13:22:13
   Now scraping post http://www.haodf.com/wenda/drxuxiu_g_1422486149.htm
   2016-09-28 13:22:14
   Now scraping post http://www.haodf.com/wenda/drxuxiu_g_1410542860.htm
   2016-09-28 13:22:15
   Now scraping post http://www.haodf.com/wenda/drxuxiu_g_1409067159.htm
   2016-09-28 13:22:16
   Now scraping post http://www.haodf.com/wenda/drxuxiu_g_1019174487.htm
   2016-09-28 13:22:17
   Now scraping post http://www.haodf.com/wenda/drxuxiu_g_1312225358.htm
   2016-09-28 13:22:18
   Now scraping post http://www.haodf.com/wenda/drxuxiu_g_1357889545.htm
   2016-09-28 13:22:19
   Now scraping post http://www.haodf.com/wenda/drxuxiu_g_1359578471.htm
   2016-09-28 13:22:19
   Now scraping post http://www.haodf.com/wenda/drxuxiu_g_1312226029.htm
   2016-09-28 13:22:21
   Now scraping post http://www.haodf.com/wenda/drxuxiu_g_1312225682.htm
   2016-09-28 13:22:21
   Now scraping post http://www.haodf.com/wenda/drxuxiu_g_1293431611.htm
   2016-09-28 13:22:22
   Now scraping post http://www.haodf.com/wenda/drxuxiu_g_1293426412.htm
   2016-09-28 13:22:23
   Now scraping post http://www.haodf.com/wenda/drxuxiu_g_1286800812.htm
   2016-09-28 13:22:24
   Now scraping post http://www.haodf.com/wenda/drxuxiu_g_1286799304.htm
   2016-09-28 13:22:25
   Now scraping post http://www.haodf.com/wenda/drxuxiu_g_1256486641.htm
   2016-09-28 13:22:26
   Now scraping post http://www.haodf.com/wenda/drxuxiu_g_1256485075.htm
   2016-09-28 13:22:27
   Now scraping post http://www.haodf.com/wenda/drxuxiu_g_1240437813.htm
   2016-09-28 13:22:28
   Now scraping post http://www.haodf.com/wenda/drxuxiu_g_1222122270.htm
   2016-09-28 13:22:28
   Now scraping post http://www.haodf.com/wenda/drxuxiu_g_1176535714.htm
   2016-09-28 13:22:29
   Now scraping post http://www.haodf.com/wenda/drxuxiu_g_1128841663.htm
   2016-09-28 13:22:30
   Now scraping post http://www.haodf.com/wenda/drxuxiu_g_1132747819.htm
   2016-09-28 13:22:31
   Now scraping post http://www.haodf.com/wenda/drxuxiu_g_1175406541.htm
   2016-09-28 13:22:32
   Now scraping post http://www.haodf.com/wenda/drxuxiu_g_1157364759.htm
   2016-09-28 13:22:33
   Now scraping post http://www.haodf.com/wenda/drxuxiu_g_1155614205.htm
  2016-09-28 13:22:34
  Now scraping page 6
   2016-09-28 13:22:34
   Now scraping post http://www.haodf.com/wenda/drxuxiu_g_1155612653.htm
   2016-09-28 13:22:35
   Now scraping post http://www.haodf.com/wenda/drxuxiu_g_1148285743.htm
   2016-09-28 13:22:36
   Now scraping post http://www.haodf.com/wenda/drxuxiu_g_1152845073.htm
   2016-09-28 13:22:37
   Now scraping post http://www.haodf.com/wenda/drxuxiu_g_1148286968.htm
   2016-09-28 13:22:38
   Now scraping post http://www.haodf.com/wenda/drxuxiu_g_1137975506.htm
   2016-09-28 13:22:39
   Now scraping post http://www.haodf.com/wenda/drxuxiu_g_1139464295.htm
   2016-09-28 13:22:40
   Now scraping post http://www.haodf.com/wenda/drxuxiu_g_1119261283.htm
   2016-09-28 13:22:41
   Now scraping post http://www.haodf.com/wenda/drxuxiu_g_1137975833.htm
   2016-09-28 13:22:41
   Now scraping post http://www.haodf.com/wenda/drxuxiu_g_1131760243.htm
   2016-09-28 13:22:42
   Now scraping post http://www.haodf.com/wenda/drxuxiu_g_1128842668.htm
   2016-09-28 13:22:43
   Now scraping post http://www.haodf.com/wenda/drxuxiu_g_1126527497.htm
   2016-09-28 13:22:44
   Now scraping post http://www.haodf.com/wenda/drxuxiu_g_1119259496.htm
   2016-09-28 13:22:45
   Now scraping post http://www.haodf.com/wenda/drxuxiu_g_1119258863.htm
   2016-09-28 13:22:45
   Now scraping post http://www.haodf.com/wenda/drxuxiu_g_1119257976.htm
   2016-09-28 13:22:46
   Now scraping post http://www.haodf.com/wenda/drxuxiu_g_1116050015.htm
   2016-09-28 13:22:47
   Now scraping post http://www.haodf.com/wenda/drxuxiu_g_1112090778.htm
   2016-09-28 13:22:48
   Now scraping post http://www.haodf.com/wenda/drxuxiu_g_1112082575.htm
   2016-09-28 13:22:49
   Now scraping post http://www.haodf.com/wenda/drxuxiu_g_1097441663.htm
   2016-09-28 13:22:50
   Now scraping post http://www.haodf.com/wenda/drxuxiu_g_873794579.htm
   2016-09-28 13:22:51
   Now scraping post http://www.haodf.com/wenda/drxuxiu_g_1097445274.htm
   2016-09-28 13:22:52
   Now scraping post http://www.haodf.com/wenda/drxuxiu_g_1097438799.htm
   2016-09-28 13:22:53
   Now scraping post http://www.haodf.com/wenda/drxuxiu_g_1090460144.htm
   2016-09-28 13:22:54
   Now scraping post http://www.haodf.com/wenda/drxuxiu_g_1083499597.htm
   2016-09-28 13:22:55
   Now scraping post http://www.haodf.com/wenda/drxuxiu_g_1074099502.htm
   2016-09-28 13:22:56
   Now scraping post http://www.haodf.com/wenda/drxuxiu_g_1068815726.htm
  2016-09-28 13:22:57
  Now scraping page 7
   2016-09-28 13:22:57
   Now scraping post http://www.haodf.com/wenda/drxuxiu_g_1068812824.htm
   2016-09-28 13:22:58
   Now scraping post http://www.haodf.com/wenda/drxuxiu_g_1058861682.htm
   2016-09-28 13:22:59
   Now scraping post http://www.haodf.com/wenda/drxuxiu_g_1057498058.htm
   2016-09-28 13:23:00
   Now scraping post http://www.haodf.com/wenda/drxuxiu_g_1051165224.htm
   2016-09-28 13:23:01
   Now scraping post http://www.haodf.com/wenda/drxuxiu_g_1046018601.htm
   2016-09-28 13:23:02
   Now scraping post http://www.haodf.com/wenda/drxuxiu_g_1051162295.htm
   2016-09-28 13:23:03
   Now scraping post http://www.haodf.com/wenda/drxuxiu_g_1047620830.htm
   2016-09-28 13:23:04
   Now scraping post http://www.haodf.com/wenda/drxuxiu_g_1039170087.htm
   2016-09-28 13:23:05
   Now scraping post http://www.haodf.com/wenda/drxuxiu_g_1034739692.htm
   2016-09-28 13:23:06
   Now scraping post http://www.haodf.com/wenda/drxuxiu_g_1034739062.htm
   2016-09-28 13:23:07
   Now scraping post http://www.haodf.com/wenda/drxuxiu_g_1022367063.htm
   2016-09-28 13:23:08
   Now scraping post http://www.haodf.com/wenda/drxuxiu_g_1019177511.htm
   2016-09-28 13:23:09
   Now scraping post http://www.haodf.com/wenda/drxuxiu_g_1019171048.htm
   2016-09-28 13:23:10
   Now scraping post http://www.haodf.com/wenda/drxuxiu_g_1014060723.htm
   2016-09-28 13:23:11
   Now scraping post http://www.haodf.com/wenda/drxuxiu_g_997789373.htm
   2016-09-28 13:23:11
   Now scraping post http://www.haodf.com/wenda/drxuxiu_g_996756125.htm
   2016-09-28 13:23:12
   Now scraping post http://www.haodf.com/wenda/drxuxiu_g_989779673.htm
   2016-09-28 13:23:13
   Now scraping post http://www.haodf.com/wenda/drxuxiu_g_989410022.htm
   2016-09-28 13:23:14
   Now scraping post http://www.haodf.com/wenda/drxuxiu_g_975499836.htm
   2016-09-28 13:23:17
   Now scraping post http://www.haodf.com/wenda/drxuxiu_g_968687403.htm
   2016-09-28 13:23:17
   Now scraping post http://www.haodf.com/wenda/drxuxiu_g_1026346753.htm
   2016-09-28 13:23:18
   Now scraping post http://www.haodf.com/wenda/drxuxiu_g_1026345412.htm
   2016-09-28 13:23:19
   Now scraping post http://www.haodf.com/wenda/drxuxiu_g_1014068569.htm
   2016-09-28 13:23:19
   Now scraping post http://www.haodf.com/wenda/drxuxiu_g_1022365222.htm
   2016-09-28 13:23:20
   Now scraping post http://www.haodf.com/wenda/drxuxiu_g_1021273221.htm
  2016-09-28 13:23:21
  Now scraping page 8
   2016-09-28 13:23:21
   Now scraping post http://www.haodf.com/wenda/drxuxiu_g_1014062109.htm
   2016-09-28 13:23:22
   Now scraping post http://www.haodf.com/wenda/drxuxiu_g_1019168386.htm
   2016-09-28 13:23:23
   Now scraping post http://www.haodf.com/wenda/drxuxiu_g_958033408.htm
   2016-09-28 13:23:24
   Now scraping post http://www.haodf.com/wenda/drxuxiu_g_1014065974.htm
   2016-09-28 13:23:25
   Now scraping post http://www.haodf.com/wenda/drxuxiu_g_1019176402.htm
   2016-09-28 13:23:26
   Now scraping post http://www.haodf.com/wenda/drxuxiu_g_1010310140.htm
   2016-09-28 13:23:27
   Now scraping post http://www.haodf.com/wenda/drxuxiu_g_1019170379.htm
   2016-09-28 13:23:28
   Now scraping post http://www.haodf.com/wenda/drxuxiu_g_1019169698.htm
   2016-09-28 13:23:29
   Now scraping post http://www.haodf.com/wenda/drxuxiu_g_1014558770.htm
   2016-09-28 13:23:29
   Now scraping post http://www.haodf.com/wenda/drxuxiu_g_1014065699.htm
   2016-09-28 13:23:30
   Now scraping post http://www.haodf.com/wenda/drxuxiu_g_1014069847.htm
   2016-09-28 13:23:31
   Now scraping post http://www.haodf.com/wenda/drxuxiu_g_1014069145.htm
   2016-09-28 13:23:32
   Now scraping post http://www.haodf.com/wenda/drxuxiu_g_1014068389.htm
   2016-09-28 13:23:33
   Now scraping post http://www.haodf.com/wenda/drxuxiu_g_1014067510.htm
   2016-09-28 13:23:34
   Now scraping post http://www.haodf.com/wenda/drxuxiu_g_1006451922.htm
   2016-09-28 13:23:35
   Now scraping post http://www.haodf.com/wenda/drxuxiu_g_1005959898.htm
   2016-09-28 13:23:36
[33m   Warning:[0m Fail to get Q&A: http://www.haodf.com/wenda/drxuxiu_g_1005959898.htm
   2016-09-28 13:23:36
   Now scraping post http://www.haodf.com/wenda/drxuxiu_g_1005963600.htm
   2016-09-28 13:23:37
   Now scraping post http://www.haodf.com/wenda/drxuxiu_g_1001287634.htm
   2016-09-28 13:23:38
   Now scraping post http://www.haodf.com/wenda/drxuxiu_g_997792467.htm
   2016-09-28 13:23:39
   Now scraping post http://www.haodf.com/wenda/drxuxiu_g_987785319.htm
   2016-09-28 13:23:40
   Now scraping post http://www.haodf.com/wenda/drxuxiu_g_998260392.htm
   2016-09-28 13:23:43
   Now scraping post http://www.haodf.com/wenda/drxuxiu_g_996513562.htm
   2016-09-28 13:23:43
   Now scraping post http://www.haodf.com/wenda/drxuxiu_g_992326036.htm
   2016-09-28 13:23:44
   Now scraping post http://www.haodf.com/wenda/drxuxiu_g_992325073.htm
   2016-09-28 13:23:45
   Now scraping post http://www.haodf.com/wenda/drxuxiu_g_992324554.htm
  2016-09-28 13:23:45
  Now scraping page 9
   2016-09-28 13:23:46
   Now scraping post http://www.haodf.com/wenda/drxuxiu_g_992324007.htm
   2016-09-28 13:23:46
   Now scraping post http://www.haodf.com/wenda/drxuxiu_g_989778672.htm
   2016-09-28 13:23:47
   Now scraping post http://www.haodf.com/wenda/drxuxiu_g_989411567.htm
   2016-09-28 13:23:48
   Now scraping post http://www.haodf.com/wenda/drxuxiu_g_987786140.htm
   2016-09-28 13:23:49
[33m   Warning:[0m Fail to get Q&A: http://www.haodf.com/wenda/drxuxiu_g_987786140.htm
   2016-09-28 13:23:49
   Now scraping post http://www.haodf.com/wenda/drxuxiu_g_978338627.htm
   2016-09-28 13:23:50
   Now scraping post http://www.haodf.com/wenda/drxuxiu_g_987783957.htm
   2016-09-28 13:23:51
   Now scraping post http://www.haodf.com/wenda/drxuxiu_g_987782388.htm
   2016-09-28 13:23:52
   Now scraping post http://www.haodf.com/wenda/drxuxiu_g_837357577.htm
   2016-09-28 13:23:53
   Now scraping post http://www.haodf.com/wenda/drxuxiu_g_987775777.htm
   2016-09-28 13:23:54
   Now scraping post http://www.haodf.com/wenda/drxuxiu_g_987774767.htm
   2016-09-28 13:23:55
   Now scraping post http://www.haodf.com/wenda/drxuxiu_g_987774065.htm
   2016-09-28 13:23:56
   Now scraping post http://www.haodf.com/wenda/drxuxiu_g_980421387.htm
   2016-09-28 13:23:57
   Now scraping post http://www.haodf.com/wenda/drxuxiu_g_980422397.htm
   2016-09-28 13:23:58
   Now scraping post http://www.haodf.com/wenda/drxuxiu_g_979071340.htm
   2016-09-28 13:23:59
   Now scraping post http://www.haodf.com/wenda/drxuxiu_g_971380423.htm
   2016-09-28 13:23:59
   Now scraping post http://www.haodf.com/wenda/drxuxiu_g_970577856.htm
   2016-09-28 13:24:00
   Now scraping post http://www.haodf.com/wenda/drxuxiu_g_968688243.htm
   2016-09-28 13:24:01
   Now scraping post http://www.haodf.com/wenda/drxuxiu_g_964674432.htm
   2016-09-28 13:24:03
   Now scraping post http://www.haodf.com/wenda/drxuxiu_g_961603325.htm
   2016-09-28 13:24:04
   Now scraping post http://www.haodf.com/wenda/drxuxiu_g_961601160.htm
   2016-09-28 13:24:05
   Now scraping post http://www.haodf.com/wenda/drxuxiu_g_834481194.htm
   2016-09-28 13:24:06
   Now scraping post http://www.haodf.com/wenda/drxuxiu_g_958032038.htm
   2016-09-28 13:24:07
   Now scraping post http://www.haodf.com/wenda/drxuxiu_g_958030746.htm
   2016-09-28 13:24:08
   Now scraping post http://www.haodf.com/wenda/drxuxiu_g_954658596.htm
   2016-09-28 13:24:09
   Now scraping post http://www.haodf.com/wenda/drxuxiu_g_953915533.htm
  2016-09-28 13:24:09
  Now scraping page 10
   2016-09-28 13:24:10
   Now scraping post http://www.haodf.com/wenda/drxuxiu_g_951064298.htm
   2016-09-28 13:24:11
   Now scraping post http://www.haodf.com/wenda/drxuxiu_g_952531575.htm
   2016-09-28 13:24:12
   Now scraping post http://www.haodf.com/wenda/drxuxiu_g_951059857.htm
   2016-09-28 13:24:13
   Now scraping post http://www.haodf.com/wenda/drxuxiu_g_948697261.htm
   2016-09-28 13:24:14
   Now scraping post http://www.haodf.com/wenda/drxuxiu_g_946227264.htm
   2016-09-28 13:24:15
   Now scraping post http://www.haodf.com/wenda/drxuxiu_g_946226611.htm
   2016-09-28 13:24:16
   Now scraping post http://www.haodf.com/wenda/drxuxiu_g_942111697.htm
   2016-09-28 13:24:17
   Now scraping post http://www.haodf.com/wenda/drxuxiu_g_939324607.htm
   2016-09-28 13:24:18
   Now scraping post http://www.haodf.com/wenda/drxuxiu_g_936419577.htm
   2016-09-28 13:24:19
   Now scraping post http://www.haodf.com/wenda/drxuxiu_g_930325580.htm
   2016-09-28 13:24:19
   Now scraping post http://www.haodf.com/wenda/drxuxiu_g_921818474.htm
   2016-09-28 13:24:20
   Now scraping post http://www.haodf.com/wenda/drxuxiu_g_920782741.htm
   2016-09-28 13:24:20
   Now scraping post http://www.haodf.com/wenda/drxuxiu_g_917368196.htm
   2016-09-28 13:24:22
   Now scraping post http://www.haodf.com/wenda/drxuxiu_g_917373305.htm
   2016-09-28 13:24:22
   Now scraping post http://www.haodf.com/wenda/drxuxiu_g_917371065.htm
   2016-09-28 13:24:23
   Now scraping post http://www.haodf.com/wenda/drxuxiu_g_900278251.htm
   2016-09-28 13:24:24
   Now scraping post http://www.haodf.com/wenda/drxuxiu_g_905925511.htm
   2016-09-28 13:24:25
   Now scraping post http://www.haodf.com/wenda/drxuxiu_g_900281253.htm
   2016-09-28 13:24:26
   Now scraping post http://www.haodf.com/wenda/drxuxiu_g_900280238.htm
   2016-09-28 13:24:27
   Now scraping post http://www.haodf.com/wenda/drxuxiu_g_895340838.htm
   2016-09-28 13:24:29
   Now scraping post http://www.haodf.com/wenda/drxuxiu_g_894789888.htm
   2016-09-28 13:24:29
   Now scraping post http://www.haodf.com/wenda/drxuxiu_g_890372621.htm
   2016-09-28 13:24:30
   Now scraping post http://www.haodf.com/wenda/drxuxiu_g_881251478.htm
   2016-09-28 13:24:31
   Now scraping post http://www.haodf.com/wenda/drxuxiu_g_878323474.htm
   2016-09-28 13:24:32
   Now scraping post http://www.haodf.com/wenda/drxuxiu_g_873805616.htm
  2016-09-28 13:24:33
  Now scraping page 11
   2016-09-28 13:24:34
   Now scraping post http://www.haodf.com/wenda/drxuxiu_g_869124553.htm
   2016-09-28 13:24:35
   Now scraping post http://www.haodf.com/wenda/drxuxiu_g_869127553.htm
   2016-09-28 13:24:36
   Now scraping post http://www.haodf.com/wenda/drxuxiu_g_853078933.htm
   2016-09-28 13:24:37
   Now scraping post http://www.haodf.com/wenda/drxuxiu_g_855838546.htm
   2016-09-28 13:24:38
   Now scraping post http://www.haodf.com/wenda/drxuxiu_g_837979011.htm
   2016-09-28 13:24:39
   Now scraping post http://www.haodf.com/wenda/drxuxiu_g_837362032.htm
   2016-09-28 13:24:40
   Now scraping post http://www.haodf.com/wenda/drxuxiu_g_837358929.htm
   2016-09-28 13:24:40
   Now scraping post http://www.haodf.com/wenda/drxuxiu_g_830248143.htm
   2016-09-28 13:24:41
   Now scraping post http://www.haodf.com/wenda/drxuxiu_g_825076121.htm
   2016-09-28 13:24:42
   Now scraping post http://www.haodf.com/wenda/drxuxiu_g_822197972.htm
   2016-09-28 13:24:43
   Now scraping post http://www.haodf.com/wenda/drxuxiu_g_822195914.htm
   2016-09-28 13:24:44
   Now scraping post http://www.haodf.com/wenda/drxuxiu_g_720474315.htm
   2016-09-28 13:24:45
   Now scraping post http://www.haodf.com/wenda/drxuxiu_g_788909625.htm
   2016-09-28 13:24:45
   Now scraping post http://www.haodf.com/wenda/drxuxiu_g_788909102.htm
   2016-09-28 13:24:46
   Now scraping post http://www.haodf.com/wenda/drxuxiu_g_773477133.htm
   2016-09-28 13:24:48
   Now scraping post http://www.haodf.com/wenda/drxuxiu_g_773476301.htm
   2016-09-28 13:24:49
   Now scraping post http://www.haodf.com/wenda/drxuxiu_g_773475481.htm
   2016-09-28 13:24:50
   Now scraping post http://www.haodf.com/wenda/drxuxiu_g_768310973.htm
   2016-09-28 13:24:51
   Now scraping post http://www.haodf.com/wenda/drxuxiu_g_764416177.htm
   2016-09-28 13:24:52
   Now scraping post http://www.haodf.com/wenda/drxuxiu_g_760282606.htm
   2016-09-28 13:24:53
   Now scraping post http://www.haodf.com/wenda/drxuxiu_g_760280827.htm
   2016-09-28 13:24:54
   Now scraping post http://www.haodf.com/wenda/drxuxiu_g_756654103.htm
   2016-09-28 13:24:54
   Now scraping post http://www.haodf.com/wenda/drxuxiu_g_756657628.htm
   2016-09-28 13:24:56
   Now scraping post http://www.haodf.com/wenda/drxuxiu_g_756655937.htm
   2016-09-28 13:24:57
   Now scraping post http://www.haodf.com/wenda/drxuxiu_g_756653061.htm
  2016-09-28 13:24:58
  Now scraping page 12
   2016-09-28 13:24:58
   Now scraping post http://www.haodf.com/wenda/drxuxiu_g_756652266.htm
   2016-09-28 13:24:59
   Now scraping post http://www.haodf.com/wenda/drxuxiu_g_744829209.htm
   2016-09-28 13:25:00
   Now scraping post http://www.haodf.com/wenda/drxuxiu_g_744837436.htm
   2016-09-28 13:25:01
   Now scraping post http://www.haodf.com/wenda/drxuxiu_g_744835155.htm
   2016-09-28 13:25:02
   Now scraping post http://www.haodf.com/wenda/drxuxiu_g_744831744.htm
   2016-09-28 13:25:02
   Now scraping post http://www.haodf.com/wenda/drxuxiu_g_744830613.htm
   2016-09-28 13:25:04
   Now scraping post http://www.haodf.com/wenda/drxuxiu_g_744829808.htm
   2016-09-28 13:25:05
   Now scraping post http://www.haodf.com/wenda/drxuxiu_g_646803740.htm
   2016-09-28 13:25:06
   Now scraping post http://www.haodf.com/wenda/drxuxiu_g_739676866.htm
   2016-09-28 13:25:07
   Now scraping post http://www.haodf.com/wenda/drxuxiu_g_720476145.htm
   2016-09-28 13:25:08
   Now scraping post http://www.haodf.com/wenda/drxuxiu_g_736856406.htm
   2016-09-28 13:25:09
   Now scraping post http://www.haodf.com/wenda/drxuxiu_g_736856107.htm
   2016-09-28 13:25:10
   Now scraping post http://www.haodf.com/wenda/drxuxiu_g_731174204.htm
   2016-09-28 13:25:11
   Now scraping post http://www.haodf.com/wenda/drxuxiu_g_730238664.htm
   2016-09-28 13:25:13
   Now scraping post http://www.haodf.com/wenda/drxuxiu_g_730239513.htm
   2016-09-28 13:25:14
   Now scraping post http://www.haodf.com/wenda/drxuxiu_g_711703811.htm
   2016-09-28 13:25:15
   Now scraping post http://www.haodf.com/wenda/drxuxiu_g_727406678.htm
   2016-09-28 13:25:16
   Now scraping post http://www.haodf.com/wenda/drxuxiu_g_727401966.htm
   2016-09-28 13:25:16
   Now scraping post http://www.haodf.com/wenda/drxuxiu_g_725734415.htm
   2016-09-28 13:25:17
   Now scraping post http://www.haodf.com/wenda/drxuxiu_g_725732020.htm
   2016-09-28 13:25:18
   Now scraping post http://www.haodf.com/wenda/drxuxiu_g_725730864.htm
   2016-09-28 13:25:19
   Now scraping post http://www.haodf.com/wenda/drxuxiu_g_720475060.htm
   2016-09-28 13:25:20
   Now scraping post http://www.haodf.com/wenda/drxuxiu_g_711703053.htm
   2016-09-28 13:25:21
   Now scraping post http://www.haodf.com/wenda/drxuxiu_g_701746181.htm
   2016-09-28 13:25:22
   Now scraping post http://www.haodf.com/wenda/drxuxiu_g_709132656.htm
  2016-09-28 13:25:23
  Now scraping page 13
   2016-09-28 13:25:23
   Now scraping post http://www.haodf.com/wenda/drxuxiu_g_709131937.htm
   2016-09-28 13:25:24
   Now scraping post http://www.haodf.com/wenda/drxuxiu_g_709131017.htm
   2016-09-28 13:25:25
   Now scraping post http://www.haodf.com/wenda/drxuxiu_g_701746655.htm
   2016-09-28 13:25:26
   Now scraping post http://www.haodf.com/wenda/drxuxiu_g_701745269.htm
   2016-09-28 13:25:27
   Now scraping post http://www.haodf.com/wenda/drxuxiu_g_701742944.htm
   2016-09-28 13:25:28
   Now scraping post http://www.haodf.com/wenda/drxuxiu_g_695601952.htm
   2016-09-28 13:25:29
   Now scraping post http://www.haodf.com/wenda/drxuxiu_g_695602618.htm
   2016-09-28 13:25:30
   Now scraping post http://www.haodf.com/wenda/drxuxiu_g_695600471.htm
   2016-09-28 13:25:31
   Now scraping post http://www.haodf.com/wenda/drxuxiu_g_695597996.htm
   2016-09-28 13:25:32
   Now scraping post http://www.haodf.com/wenda/drxuxiu_g_693241682.htm
   2016-09-28 13:25:33
   Now scraping post http://www.haodf.com/wenda/drxuxiu_g_646803742.htm
   2016-09-28 13:25:34
   Now scraping post http://www.haodf.com/wenda/drxuxiu_g_687589450.htm
   2016-09-28 13:25:35
   Now scraping post http://www.haodf.com/wenda/drxuxiu_g_683734010.htm
   2016-09-28 13:25:36
   Now scraping post http://www.haodf.com/wenda/drxuxiu_g_683731662.htm
   2016-09-28 13:25:37
   Now scraping post http://www.haodf.com/wenda/drxuxiu_g_661403205.htm
   2016-09-28 13:25:38
   Now scraping post http://www.haodf.com/wenda/drxuxiu_g_663074940.htm
   2016-09-28 13:25:39
   Now scraping post http://www.haodf.com/wenda/drxuxiu_g_661402392.htm
   2016-09-28 13:25:40
   Now scraping post http://www.haodf.com/wenda/drxuxiu_g_646803765.htm
   2016-09-28 13:25:41
   Now scraping post http://www.haodf.com/wenda/drxuxiu_g_663077479.htm
   2016-09-28 13:25:42
   Now scraping post http://www.haodf.com/wenda/drxuxiu_g_659833625.htm
   2016-09-28 13:25:43
   Now scraping post http://www.haodf.com/wenda/drxuxiu_g_659832968.htm
   2016-09-28 13:25:44
   Now scraping post http://www.haodf.com/wenda/drxuxiu_g_659831980.htm
   2016-09-28 13:25:45
   Now scraping post http://www.haodf.com/wenda/drxuxiu_g_658494380.htm
   2016-09-28 13:25:46
   Now scraping post http://www.haodf.com/wenda/drxuxiu_g_658493314.htm
   2016-09-28 13:25:47
   Now scraping post http://www.haodf.com/wenda/drxuxiu_g_653100231.htm
  2016-09-28 13:25:49
  Now scraping page 14
   2016-09-28 13:25:49
   Now scraping post http://www.haodf.com/wenda/drxuxiu_g_649926736.htm
   2016-09-28 13:25:50
   Now scraping post http://www.haodf.com/wenda/drxuxiu_g_646803771.htm
   2016-09-28 13:25:51
   Now scraping post http://www.haodf.com/wenda/drxuxiu_g_646803772.htm
   2016-09-28 13:25:52
   Now scraping post http://www.haodf.com/wenda/drxuxiu_g_646803769.htm
   2016-09-28 13:25:53
   Now scraping post http://www.haodf.com/wenda/drxuxiu_g_646803770.htm
   2016-09-28 13:25:54
   Now scraping post http://www.haodf.com/wenda/drxuxiu_g_646803768.htm
   2016-09-28 13:25:55
   Now scraping post http://www.haodf.com/wenda/drxuxiu_g_646803767.htm
   2016-09-28 13:25:57
   Now scraping post http://www.haodf.com/wenda/drxuxiu_g_646803763.htm
   2016-09-28 13:25:57
   Now scraping post http://www.haodf.com/wenda/drxuxiu_g_646803766.htm
   2016-09-28 13:25:58
   Now scraping post http://www.haodf.com/wenda/drxuxiu_g_646803762.htm
   2016-09-28 13:25:59
   Now scraping post http://www.haodf.com/wenda/drxuxiu_g_646803764.htm
   2016-09-28 13:26:00
   Now scraping post http://www.haodf.com/wenda/drxuxiu_g_646803574.htm
   2016-09-28 13:26:00
   Now scraping post http://www.haodf.com/wenda/drxuxiu_g_646803760.htm
   2016-09-28 13:26:01
   Now scraping post http://www.haodf.com/wenda/drxuxiu_g_646803761.htm
   2016-09-28 13:26:02
   Now scraping post http://www.haodf.com/wenda/drxuxiu_g_646803677.htm
   2016-09-28 13:26:04
   Now scraping post http://www.haodf.com/wenda/drxuxiu_g_646803759.htm
   2016-09-28 13:26:05
   Now scraping post http://www.haodf.com/wenda/drxuxiu_g_646803757.htm
   2016-09-28 13:26:06
   Now scraping post http://www.haodf.com/wenda/drxuxiu_g_646803758.htm
   2016-09-28 13:26:07
   Now scraping post http://www.haodf.com/wenda/drxuxiu_g_646803752.htm
   2016-09-28 13:26:08
   Now scraping post http://www.haodf.com/wenda/drxuxiu_g_646803669.htm
   2016-09-28 13:26:09
   Now scraping post http://www.haodf.com/wenda/drxuxiu_g_646803756.htm
   2016-09-28 13:26:11
   Now scraping post http://www.haodf.com/wenda/drxuxiu_g_646803754.htm
   2016-09-28 13:26:12
   Now scraping post http://www.haodf.com/wenda/drxuxiu_g_646803755.htm
   2016-09-28 13:26:13
   Now scraping post http://www.haodf.com/wenda/drxuxiu_g_646803753.htm
   2016-09-28 13:26:14
   Now scraping post http://www.haodf.com/wenda/drxuxiu_g_646803750.htm
  2016-09-28 13:26:15
  Now scraping page 15
   2016-09-28 13:26:15
   Now scraping post http://www.haodf.com/wenda/drxuxiu_g_646803751.htm
   2016-09-28 13:26:16
   Now scraping post http://www.haodf.com/wenda/drxuxiu_g_646803749.htm
   2016-09-28 13:26:17
   Now scraping post http://www.haodf.com/wenda/drxuxiu_g_646803745.htm
   2016-09-28 13:26:18
   Now scraping post http://www.haodf.com/wenda/drxuxiu_g_646803748.htm
   2016-09-28 13:26:19
   Now scraping post http://www.haodf.com/wenda/drxuxiu_g_646803738.htm
   2016-09-28 13:26:20
   Now scraping post http://www.haodf.com/wenda/drxuxiu_g_646803747.htm
   2016-09-28 13:26:21
   Now scraping post http://www.haodf.com/wenda/drxuxiu_g_646803744.htm
   2016-09-28 13:26:22
   Now scraping post http://www.haodf.com/wenda/drxuxiu_g_646803746.htm
   2016-09-28 13:26:23
   Now scraping post http://www.haodf.com/wenda/drxuxiu_g_646803743.htm
   2016-09-28 13:26:24
   Now scraping post http://www.haodf.com/wenda/drxuxiu_g_646803741.htm
   2016-09-28 13:26:25
   Now scraping post http://www.haodf.com/wenda/drxuxiu_g_646803508.htm
   2016-09-28 13:26:25
   Now scraping post http://www.haodf.com/wenda/drxuxiu_g_646803727.htm
   2016-09-28 13:26:26
   Now scraping post http://www.haodf.com/wenda/drxuxiu_g_646803739.htm
   2016-09-28 13:26:27
   Now scraping post http://www.haodf.com/wenda/drxuxiu_g_646803671.htm
   2016-09-28 13:26:28
   Now scraping post http://www.haodf.com/wenda/drxuxiu_g_646803734.htm
   2016-09-28 13:26:29
   Now scraping post http://www.haodf.com/wenda/drxuxiu_g_646803736.htm
   2016-09-28 13:26:30
   Now scraping post http://www.haodf.com/wenda/drxuxiu_g_646803737.htm
   2016-09-28 13:26:31
   Now scraping post http://www.haodf.com/wenda/drxuxiu_g_646803735.htm
   2016-09-28 13:26:32
   Now scraping post http://www.haodf.com/wenda/drxuxiu_g_646803732.htm
   2016-09-28 13:26:33
   Now scraping post http://www.haodf.com/wenda/drxuxiu_g_646803730.htm
   2016-09-28 13:26:34
   Now scraping post http://www.haodf.com/wenda/drxuxiu_g_646803733.htm
   2016-09-28 13:26:34
   Now scraping post http://www.haodf.com/wenda/drxuxiu_g_646803731.htm
   2016-09-28 13:26:35
   Now scraping post http://www.haodf.com/wenda/drxuxiu_g_646803722.htm
   2016-09-28 13:26:36
   Now scraping post http://www.haodf.com/wenda/drxuxiu_g_646803721.htm
   2016-09-28 13:26:37
   Now scraping post http://www.haodf.com/wenda/drxuxiu_g_646803724.htm
  2016-09-28 13:26:38
  Now scraping page 16
   2016-09-28 13:26:38
   Now scraping post http://www.haodf.com/wenda/drxuxiu_g_646803723.htm
   2016-09-28 13:26:39
   Now scraping post http://www.haodf.com/wenda/drxuxiu_g_646803725.htm
   2016-09-28 13:26:40
   Now scraping post http://www.haodf.com/wenda/drxuxiu_g_646803726.htm
   2016-09-28 13:26:40
   Now scraping post http://www.haodf.com/wenda/drxuxiu_g_646803728.htm
   2016-09-28 13:26:41
   Now scraping post http://www.haodf.com/wenda/drxuxiu_g_646803720.htm
   2016-09-28 13:26:43
   Now scraping post http://www.haodf.com/wenda/drxuxiu_g_646803717.htm
   2016-09-28 13:26:44
   Now scraping post http://www.haodf.com/wenda/drxuxiu_g_646803718.htm
   2016-09-28 13:26:45
   Now scraping post http://www.haodf.com/wenda/drxuxiu_g_646803719.htm
   2016-09-28 13:26:46
   Now scraping post http://www.haodf.com/wenda/drxuxiu_g_646803716.htm
   2016-09-28 13:26:47
   Now scraping post http://www.haodf.com/wenda/drxuxiu_g_646803715.htm
   2016-09-28 13:26:48
   Now scraping post http://www.haodf.com/wenda/drxuxiu_g_646803714.htm
   2016-09-28 13:26:49
   Now scraping post http://www.haodf.com/wenda/drxuxiu_g_646803713.htm
   2016-09-28 13:26:50
   Now scraping post http://www.haodf.com/wenda/drxuxiu_g_646803712.htm
   2016-09-28 13:26:51
   Now scraping post http://www.haodf.com/wenda/drxuxiu_g_646803710.htm
   2016-09-28 13:26:52
   Now scraping post http://www.haodf.com/wenda/drxuxiu_g_646803711.htm
   2016-09-28 13:26:53
   Now scraping post http://www.haodf.com/wenda/drxuxiu_g_646803708.htm
   2016-09-28 13:26:55
   Now scraping post http://www.haodf.com/wenda/drxuxiu_g_646803706.htm
   2016-09-28 13:26:55
   Now scraping post http://www.haodf.com/wenda/drxuxiu_g_646803704.htm
   2016-09-28 13:26:56
   Now scraping post http://www.haodf.com/wenda/drxuxiu_g_646803707.htm
   2016-09-28 13:26:56
   Now scraping post http://www.haodf.com/wenda/drxuxiu_g_646803703.htm
   2016-09-28 13:26:57
   Now scraping post http://www.haodf.com/wenda/drxuxiu_g_646803705.htm
   2016-09-28 13:26:58
   Now scraping post http://www.haodf.com/wenda/drxuxiu_g_646803702.htm
   2016-09-28 13:27:00
   Now scraping post http://www.haodf.com/wenda/drxuxiu_g_646803701.htm
   2016-09-28 13:27:01
   Now scraping post http://www.haodf.com/wenda/drxuxiu_g_646803698.htm
   2016-09-28 13:27:02
   Now scraping post http://www.haodf.com/wenda/drxuxiu_g_646803700.htm
  2016-09-28 13:27:02
  Now scraping page 17
   2016-09-28 13:27:03
   Now scraping post http://www.haodf.com/wenda/drxuxiu_g_646803697.htm
   2016-09-28 13:27:04
   Now scraping post http://www.haodf.com/wenda/drxuxiu_g_646803699.htm
   2016-09-28 13:27:05
   Now scraping post http://www.haodf.com/wenda/drxuxiu_g_646803695.htm
   2016-09-28 13:27:06
   Now scraping post http://www.haodf.com/wenda/drxuxiu_g_646803696.htm
   2016-09-28 13:27:07
   Now scraping post http://www.haodf.com/wenda/drxuxiu_g_646803694.htm
   2016-09-28 13:27:07
   Now scraping post http://www.haodf.com/wenda/drxuxiu_g_646803691.htm
   2016-09-28 13:27:08
   Now scraping post http://www.haodf.com/wenda/drxuxiu_g_646803693.htm
   2016-09-28 13:27:10
   Now scraping post http://www.haodf.com/wenda/drxuxiu_g_646803692.htm
   2016-09-28 13:27:11
   Now scraping post http://www.haodf.com/wenda/drxuxiu_g_646803690.htm
   2016-09-28 13:27:11
   Now scraping post http://www.haodf.com/wenda/drxuxiu_g_646803687.htm
   2016-09-28 13:27:12
   Now scraping post http://www.haodf.com/wenda/drxuxiu_g_646803688.htm
   2016-09-28 13:27:13
   Now scraping post http://www.haodf.com/wenda/drxuxiu_g_646803689.htm
   2016-09-28 13:27:14
   Now scraping post http://www.haodf.com/wenda/drxuxiu_g_646803686.htm
   2016-09-28 13:27:15
   Now scraping post http://www.haodf.com/wenda/drxuxiu_g_646803685.htm
   2016-09-28 13:27:17
   Now scraping post http://www.haodf.com/wenda/drxuxiu_g_646803684.htm
   2016-09-28 13:27:19
   Now scraping post http://www.haodf.com/wenda/drxuxiu_g_646803683.htm
   2016-09-28 13:27:20
   Now scraping post http://www.haodf.com/wenda/drxuxiu_g_646803680.htm
   2016-09-28 13:27:21
   Now scraping post http://www.haodf.com/wenda/drxuxiu_g_646803679.htm
   2016-09-28 13:27:22
   Now scraping post http://www.haodf.com/wenda/drxuxiu_g_646803682.htm
   2016-09-28 13:27:22
   Now scraping post http://www.haodf.com/wenda/drxuxiu_g_646803681.htm
   2016-09-28 13:27:24
   Now scraping post http://www.haodf.com/wenda/drxuxiu_g_646803678.htm
   2016-09-28 13:27:25
   Now scraping post http://www.haodf.com/wenda/drxuxiu_g_646803675.htm
   2016-09-28 13:27:25
   Now scraping post http://www.haodf.com/wenda/drxuxiu_g_646803676.htm
   2016-09-28 13:27:26
   Now scraping post http://www.haodf.com/wenda/drxuxiu_g_646803674.htm
   2016-09-28 13:27:27
   Now scraping post http://www.haodf.com/wenda/drxuxiu_g_646803673.htm
  2016-09-28 13:27:28
  Now scraping page 18
   2016-09-28 13:27:28
   Now scraping post http://www.haodf.com/wenda/drxuxiu_g_646803672.htm
   2016-09-28 13:27:29
   Now scraping post http://www.haodf.com/wenda/drxuxiu_g_646803670.htm
   2016-09-28 13:27:30
   Now scraping post http://www.haodf.com/wenda/drxuxiu_g_646803668.htm
   2016-09-28 13:27:31
   Now scraping post http://www.haodf.com/wenda/drxuxiu_g_646803665.htm
   2016-09-28 13:27:32
   Now scraping post http://www.haodf.com/wenda/drxuxiu_g_646803666.htm
   2016-09-28 13:27:33
   Now scraping post http://www.haodf.com/wenda/drxuxiu_g_646803667.htm
   2016-09-28 13:27:34
   Now scraping post http://www.haodf.com/wenda/drxuxiu_g_646803664.htm
   2016-09-28 13:27:35
   Now scraping post http://www.haodf.com/wenda/drxuxiu_g_646803663.htm
   2016-09-28 13:27:36
   Now scraping post http://www.haodf.com/wenda/drxuxiu_g_646803662.htm
   2016-09-28 13:27:37
   Now scraping post http://www.haodf.com/wenda/drxuxiu_g_646803660.htm
   2016-09-28 13:27:38
   Now scraping post http://www.haodf.com/wenda/drxuxiu_g_646803661.htm
   2016-09-28 13:27:39
   Now scraping post http://www.haodf.com/wenda/drxuxiu_g_646803659.htm
   2016-09-28 13:27:40
   Now scraping post http://www.haodf.com/wenda/drxuxiu_g_646803657.htm
   2016-09-28 13:27:41
   Now scraping post http://www.haodf.com/wenda/drxuxiu_g_646803658.htm
   2016-09-28 13:27:42
   Now scraping post http://www.haodf.com/wenda/drxuxiu_g_646803656.htm
   2016-09-28 13:27:43
   Now scraping post http://www.haodf.com/wenda/drxuxiu_g_646803655.htm
   2016-09-28 13:27:44
   Now scraping post http://www.haodf.com/wenda/drxuxiu_g_646803654.htm
   2016-09-28 13:27:45
   Now scraping post http://www.haodf.com/wenda/drxuxiu_g_646803653.htm
   2016-09-28 13:27:46
   Now scraping post http://www.haodf.com/wenda/drxuxiu_g_646803652.htm
   2016-09-28 13:27:47
   Now scraping post http://www.haodf.com/wenda/drxuxiu_g_646803651.htm
   2016-09-28 13:27:47
   Now scraping post http://www.haodf.com/wenda/drxuxiu_g_646803575.htm
   2016-09-28 13:27:49
   Now scraping post http://www.haodf.com/wenda/drxuxiu_g_646803649.htm
   2016-09-28 13:27:50
   Now scraping post http://www.haodf.com/wenda/drxuxiu_g_646803650.htm
   2016-09-28 13:27:51
   Now scraping post http://www.haodf.com/wenda/drxuxiu_g_646803648.htm
   2016-09-28 13:27:51
   Now scraping post http://www.haodf.com/wenda/drxuxiu_g_646803647.htm
  2016-09-28 13:27:52
  Now scraping page 19
   2016-09-28 13:27:52
   Now scraping post http://www.haodf.com/wenda/drxuxiu_g_646803646.htm
   2016-09-28 13:27:53
   Now scraping post http://www.haodf.com/wenda/drxuxiu_g_646803645.htm
   2016-09-28 13:27:55
   Now scraping post http://www.haodf.com/wenda/drxuxiu_g_646803644.htm
   2016-09-28 13:27:55
   Now scraping post http://www.haodf.com/wenda/drxuxiu_g_646803643.htm
   2016-09-28 13:27:56
   Now scraping post http://www.haodf.com/wenda/drxuxiu_g_646803641.htm
   2016-09-28 13:27:57
   Now scraping post http://www.haodf.com/wenda/drxuxiu_g_646803642.htm
   2016-09-28 13:27:58
   Now scraping post http://www.haodf.com/wenda/drxuxiu_g_646803640.htm
   2016-09-28 13:27:59
   Now scraping post http://www.haodf.com/wenda/drxuxiu_g_646803639.htm
   2016-09-28 13:28:00
   Now scraping post http://www.haodf.com/wenda/drxuxiu_g_646803638.htm
   2016-09-28 13:28:01
   Now scraping post http://www.haodf.com/wenda/drxuxiu_g_646803637.htm
   2016-09-28 13:28:02
   Now scraping post http://www.haodf.com/wenda/drxuxiu_g_646803636.htm
   2016-09-28 13:28:03
   Now scraping post http://www.haodf.com/wenda/drxuxiu_g_646803633.htm
   2016-09-28 13:28:05
   Now scraping post http://www.haodf.com/wenda/drxuxiu_g_646803635.htm
   2016-09-28 13:28:07
   Now scraping post http://www.haodf.com/wenda/drxuxiu_g_646803634.htm
   2016-09-28 13:28:07
   Now scraping post http://www.haodf.com/wenda/drxuxiu_g_646803632.htm
   2016-09-28 13:28:09
   Now scraping post http://www.haodf.com/wenda/drxuxiu_g_646803631.htm
   2016-09-28 13:28:09
   Now scraping post http://www.haodf.com/wenda/drxuxiu_g_646803630.htm
   2016-09-28 13:28:10
   Now scraping post http://www.haodf.com/wenda/drxuxiu_g_646803628.htm
   2016-09-28 13:28:11
   Now scraping post http://www.haodf.com/wenda/drxuxiu_g_646803629.htm
   2016-09-28 13:28:12
   Now scraping post http://www.haodf.com/wenda/drxuxiu_g_646803623.htm
   2016-09-28 13:28:13
   Now scraping post http://www.haodf.com/wenda/drxuxiu_g_646803620.htm
   2016-09-28 13:28:14
   Now scraping post http://www.haodf.com/wenda/drxuxiu_g_646803621.htm
   2016-09-28 13:28:15
   Now scraping post http://www.haodf.com/wenda/drxuxiu_g_646803619.htm
   2016-09-28 13:28:16
   Now scraping post http://www.haodf.com/wenda/drxuxiu_g_646803618.htm
   2016-09-28 13:28:17
   Now scraping post http://www.haodf.com/wenda/drxuxiu_g_646803616.htm
  2016-09-28 13:28:18
  Now scraping page 20
   2016-09-28 13:28:18
   Now scraping post http://www.haodf.com/wenda/drxuxiu_g_646803617.htm
   2016-09-28 13:28:19
   Now scraping post http://www.haodf.com/wenda/drxuxiu_g_646803614.htm
   2016-09-28 13:28:20
   Now scraping post http://www.haodf.com/wenda/drxuxiu_g_646803615.htm
   2016-09-28 13:28:21
   Now scraping post http://www.haodf.com/wenda/drxuxiu_g_646803613.htm
   2016-09-28 13:28:22
   Now scraping post http://www.haodf.com/wenda/drxuxiu_g_646803612.htm
   2016-09-28 13:28:23
   Now scraping post http://www.haodf.com/wenda/drxuxiu_g_646803611.htm
   2016-09-28 13:28:24
   Now scraping post http://www.haodf.com/wenda/drxuxiu_g_646803610.htm
   2016-09-28 13:28:25
   Now scraping post http://www.haodf.com/wenda/drxuxiu_g_646803608.htm
   2016-09-28 13:28:26
   Now scraping post http://www.haodf.com/wenda/drxuxiu_g_646803609.htm
   2016-09-28 13:28:27
   Now scraping post http://www.haodf.com/wenda/drxuxiu_g_646803605.htm
   2016-09-28 13:28:28
   Now scraping post http://www.haodf.com/wenda/drxuxiu_g_646803604.htm
   2016-09-28 13:28:29
   Now scraping post http://www.haodf.com/wenda/drxuxiu_g_646803606.htm
   2016-09-28 13:28:30
   Now scraping post http://www.haodf.com/wenda/drxuxiu_g_646803607.htm
   2016-09-28 13:28:31
   Now scraping post http://www.haodf.com/wenda/drxuxiu_g_646803603.htm
   2016-09-28 13:28:32
   Now scraping post http://www.haodf.com/wenda/drxuxiu_g_646803602.htm
   2016-09-28 13:28:32
   Now scraping post http://www.haodf.com/wenda/drxuxiu_g_646803600.htm
   2016-09-28 13:28:34
   Now scraping post http://www.haodf.com/wenda/drxuxiu_g_646803599.htm
   2016-09-28 13:28:35
   Now scraping post http://www.haodf.com/wenda/drxuxiu_g_646803596.htm
   2016-09-28 13:28:36
   Now scraping post http://www.haodf.com/wenda/drxuxiu_g_646803595.htm
   2016-09-28 13:28:37
   Now scraping post http://www.haodf.com/wenda/drxuxiu_g_646803594.htm
   2016-09-28 13:28:37
   Now scraping post http://www.haodf.com/wenda/drxuxiu_g_646803593.htm
   2016-09-28 13:28:38
   Now scraping post http://www.haodf.com/wenda/drxuxiu_g_646803590.htm
   2016-09-28 13:28:39
   Now scraping post http://www.haodf.com/wenda/drxuxiu_g_646803588.htm
   2016-09-28 13:28:40
   Now scraping post http://www.haodf.com/wenda/drxuxiu_g_646803586.htm
   2016-09-28 13:28:40
   Now scraping post http://www.haodf.com/wenda/drxuxiu_g_646803584.htm
  2016-09-28 13:28:41
  Now scraping page 21
   2016-09-28 13:28:42
   Now scraping post http://www.haodf.com/wenda/drxuxiu_g_646803583.htm
   2016-09-28 13:28:43
   Now scraping post http://www.haodf.com/wenda/drxuxiu_g_646803582.htm
   2016-09-28 13:28:43
   Now scraping post http://www.haodf.com/wenda/drxuxiu_g_646803577.htm
   2016-09-28 13:28:44
   Now scraping post http://www.haodf.com/wenda/drxuxiu_g_646803576.htm
   2016-09-28 13:28:45
   Now scraping post http://www.haodf.com/wenda/drxuxiu_g_646803570.htm
   2016-09-28 13:28:46
   Now scraping post http://www.haodf.com/wenda/drxuxiu_g_646803569.htm
   2016-09-28 13:28:47
   Now scraping post http://www.haodf.com/wenda/drxuxiu_g_646803568.htm
   2016-09-28 13:28:48
   Now scraping post http://www.haodf.com/wenda/drxuxiu_g_646803567.htm
   2016-09-28 13:28:48
   Now scraping post http://www.haodf.com/wenda/drxuxiu_g_646803565.htm
   2016-09-28 13:28:50
   Now scraping post http://www.haodf.com/wenda/drxuxiu_g_646803563.htm
   2016-09-28 13:28:50
   Now scraping post http://www.haodf.com/wenda/drxuxiu_g_646803557.htm
   2016-09-28 13:28:52
   Now scraping post http://www.haodf.com/wenda/drxuxiu_g_646803555.htm
   2016-09-28 13:28:53
   Now scraping post http://www.haodf.com/wenda/drxuxiu_g_646803552.htm
   2016-09-28 13:28:54
   Now scraping post http://www.haodf.com/wenda/drxuxiu_g_646803548.htm
   2016-09-28 13:28:55
   Now scraping post http://www.haodf.com/wenda/drxuxiu_g_646803547.htm
   2016-09-28 13:28:56
   Now scraping post http://www.haodf.com/wenda/drxuxiu_g_646803546.htm
   2016-09-28 13:28:57
   Now scraping post http://www.haodf.com/wenda/drxuxiu_g_646803542.htm
   2016-09-28 13:28:58
   Now scraping post http://www.haodf.com/wenda/drxuxiu_g_646803541.htm
   2016-09-28 13:28:59
   Now scraping post http://www.haodf.com/wenda/drxuxiu_g_646803535.htm
   2016-09-28 13:29:00
   Now scraping post http://www.haodf.com/wenda/drxuxiu_g_646803534.htm
   2016-09-28 13:29:01
   Now scraping post http://www.haodf.com/wenda/drxuxiu_g_646803532.htm
   2016-09-28 13:29:01
   Now scraping post http://www.haodf.com/wenda/drxuxiu_g_646803529.htm
   2016-09-28 13:29:03
   Now scraping post http://www.haodf.com/wenda/drxuxiu_g_646803527.htm
   2016-09-28 13:29:04
   Now scraping post http://www.haodf.com/wenda/drxuxiu_g_646803520.htm
   2016-09-28 13:29:06
   Now scraping post http://www.haodf.com/wenda/drxuxiu_g_646803519.htm
  2016-09-28 13:29:07
  Now scraping page 22
   2016-09-28 13:29:07
   Now scraping post http://www.haodf.com/wenda/drxuxiu_g_646803515.htm
   2016-09-28 13:29:09
   Now scraping post http://www.haodf.com/wenda/drxuxiu_g_646803513.htm
   2016-09-28 13:29:09
   Now scraping post http://www.haodf.com/wenda/drxuxiu_g_646803512.htm
   2016-09-28 13:29:10
   Now scraping post http://www.haodf.com/wenda/drxuxiu_g_646803511.htm
   2016-09-28 13:29:11
   Now scraping post http://www.haodf.com/wenda/drxuxiu_g_646803510.htm
   2016-09-28 13:29:12
   Now scraping post http://www.haodf.com/wenda/drxuxiu_g_646803509.htm
   2016-09-28 13:29:13
   Now scraping post http://www.haodf.com/wenda/drxuxiu_g_646803505.htm
   2016-09-28 13:29:14
   Now scraping post http://www.haodf.com/wenda/drxuxiu_g_646803504.htm
   2016-09-28 13:29:15
   Now scraping post http://www.haodf.com/wenda/drxuxiu_g_646803502.htm
   2016-09-28 13:29:16
   Now scraping post http://www.haodf.com/wenda/drxuxiu_g_646803495.htm
   2016-09-28 13:29:17
   Now scraping post http://www.haodf.com/wenda/drxuxiu_g_646803494.htm
   2016-09-28 13:29:18
   Now scraping post http://www.haodf.com/wenda/drxuxiu_g_646803493.htm
   2016-09-28 13:29:19
   Now scraping post http://www.haodf.com/wenda/drxuxiu_g_646803474.htm
   2016-09-28 13:29:20
   Now scraping post http://www.haodf.com/wenda/drxuxiu_g_646803492.htm
   2016-09-28 13:29:21
   Now scraping post http://www.haodf.com/wenda/drxuxiu_g_646803491.htm
   2016-09-28 13:29:21
   Now scraping post http://www.haodf.com/wenda/drxuxiu_g_646803487.htm
   2016-09-28 13:29:22
   Now scraping post http://www.haodf.com/wenda/drxuxiu_g_646803485.htm
   2016-09-28 13:29:23
   Now scraping post http://www.haodf.com/wenda/drxuxiu_g_646803483.htm
   2016-09-28 13:29:25
   Now scraping post http://www.haodf.com/wenda/drxuxiu_g_646803479.htm
   2016-09-28 13:29:26
   Now scraping post http://www.haodf.com/wenda/drxuxiu_g_646803457.htm
   2016-09-28 13:29:27
   Now scraping post http://www.haodf.com/wenda/drxuxiu_g_646803477.htm
   2016-09-28 13:29:27
   Now scraping post http://www.haodf.com/wenda/drxuxiu_g_646803475.htm
   2016-09-28 13:29:29
   Now scraping post http://www.haodf.com/wenda/drxuxiu_g_646803473.htm
   2016-09-28 13:29:30
   Now scraping post http://www.haodf.com/wenda/drxuxiu_g_646803472.htm
   2016-09-28 13:29:31
   Now scraping post http://www.haodf.com/wenda/drxuxiu_g_646803470.htm
  2016-09-28 13:29:32
  Now scraping page 23
   2016-09-28 13:29:32
   Now scraping post http://www.haodf.com/wenda/drxuxiu_g_646803465.htm
   2016-09-28 13:29:33
   Now scraping post http://www.haodf.com/wenda/drxuxiu_g_646803463.htm
   2016-09-28 13:29:34
   Now scraping post http://www.haodf.com/wenda/drxuxiu_g_646803462.htm
   2016-09-28 13:29:35
   Now scraping post http://www.haodf.com/wenda/drxuxiu_g_646803461.htm
   2016-09-28 13:29:35
   Now scraping post http://www.haodf.com/wenda/drxuxiu_g_646803458.htm
   2016-09-28 13:29:36
   Now scraping post http://www.haodf.com/wenda/drxuxiu_g_646803454.htm
   2016-09-28 13:29:37
   Now scraping post http://www.haodf.com/wenda/drxuxiu_g_646803453.htm
   2016-09-28 13:29:38
   Now scraping post http://www.haodf.com/wenda/drxuxiu_g_646803452.htm
   2016-09-28 13:29:39
   Now scraping post http://www.haodf.com/wenda/drxuxiu_g_646803451.htm
   2016-09-28 13:29:40
   Now scraping post http://www.haodf.com/wenda/drxuxiu_g_646803446.htm
   2016-09-28 13:29:41
   Now scraping post http://www.haodf.com/wenda/drxuxiu_g_646803589.htm
   2016-09-28 13:29:41
   Now scraping post http://www.haodf.com/wenda/drxuxiu_g_646803601.htm
   2016-09-28 13:29:42
   Now scraping post http://www.haodf.com/wenda/drxuxiu_g_646803597.htm
   2016-09-28 13:29:43
   Now scraping post http://www.haodf.com/wenda/drxuxiu_g_646803598.htm
   2016-09-28 13:29:44
   Now scraping post http://www.haodf.com/wenda/drxuxiu_g_646803564.htm
   2016-09-28 13:29:45
   Now scraping post http://www.haodf.com/wenda/drxuxiu_g_646803572.htm
   2016-09-28 13:29:45
   Now scraping post http://www.haodf.com/wenda/drxuxiu_g_646803592.htm
   2016-09-28 13:29:46
   Now scraping post http://www.haodf.com/wenda/drxuxiu_g_646803591.htm
   2016-09-28 13:29:47
   Now scraping post http://www.haodf.com/wenda/drxuxiu_g_646803566.htm
   2016-09-28 13:29:47
   Now scraping post http://www.haodf.com/wenda/drxuxiu_g_646803579.htm
   2016-09-28 13:29:48
   Now scraping post http://www.haodf.com/wenda/drxuxiu_g_646803587.htm
   2016-09-28 13:29:48
   Now scraping post http://www.haodf.com/wenda/drxuxiu_g_646803585.htm
   2016-09-28 13:29:49
   Now scraping post http://www.haodf.com/wenda/drxuxiu_g_646803581.htm
   2016-09-28 13:29:50
   Now scraping post http://www.haodf.com/wenda/drxuxiu_g_646803580.htm
   2016-09-28 13:29:50
   Now scraping post http://www.haodf.com/wenda/drxuxiu_g_646803578.htm
  2016-09-28 13:29:51
  Now scraping page 24
   2016-09-28 13:29:51
   Now scraping post http://www.haodf.com/wenda/drxuxiu_g_646803573.htm
   2016-09-28 13:29:52
   Now scraping post http://www.haodf.com/wenda/drxuxiu_g_646803571.htm
   2016-09-28 13:29:53
   Now scraping post http://www.haodf.com/wenda/drxuxiu_g_646803562.htm
   2016-09-28 13:29:54
   Now scraping post http://www.haodf.com/wenda/drxuxiu_g_646803561.htm
   2016-09-28 13:29:55
   Now scraping post http://www.haodf.com/wenda/drxuxiu_g_646803558.htm
   2016-09-28 13:29:56
   Now scraping post http://www.haodf.com/wenda/drxuxiu_g_646803560.htm
   2016-09-28 13:29:56
   Now scraping post http://www.haodf.com/wenda/drxuxiu_g_646803559.htm
   2016-09-28 13:29:57
   Now scraping post http://www.haodf.com/wenda/drxuxiu_g_646803556.htm
   2016-09-28 13:29:58
   Now scraping post http://www.haodf.com/wenda/drxuxiu_g_646803549.htm
   2016-09-28 13:29:59
   Now scraping post http://www.haodf.com/wenda/drxuxiu_g_646803554.htm
   2016-09-28 13:30:00
   Now scraping post http://www.haodf.com/wenda/drxuxiu_g_646803553.htm
   2016-09-28 13:30:01
   Now scraping post http://www.haodf.com/wenda/drxuxiu_g_646803499.htm
   2016-09-28 13:30:02
   Now scraping post http://www.haodf.com/wenda/drxuxiu_g_646803550.htm
   2016-09-28 13:30:02
   Now scraping post http://www.haodf.com/wenda/drxuxiu_g_646803551.htm
   2016-09-28 13:30:03
   Now scraping post http://www.haodf.com/wenda/drxuxiu_g_646803545.htm
   2016-09-28 13:30:04
   Now scraping post http://www.haodf.com/wenda/drxuxiu_g_646803544.htm
   2016-09-28 13:30:05
   Now scraping post http://www.haodf.com/wenda/drxuxiu_g_646803543.htm
   2016-09-28 13:30:06
   Now scraping post http://www.haodf.com/wenda/drxuxiu_g_646803540.htm
   2016-09-28 13:30:07
   Now scraping post http://www.haodf.com/wenda/drxuxiu_g_646803539.htm
   2016-09-28 13:30:08
   Now scraping post http://www.haodf.com/wenda/drxuxiu_g_646803537.htm
   2016-09-28 13:30:09
   Now scraping post http://www.haodf.com/wenda/drxuxiu_g_646803538.htm
   2016-09-28 13:30:10
   Now scraping post http://www.haodf.com/wenda/drxuxiu_g_646803536.htm
   2016-09-28 13:30:11
   Now scraping post http://www.haodf.com/wenda/drxuxiu_g_646803533.htm
   2016-09-28 13:30:11
   Now scraping post http://www.haodf.com/wenda/drxuxiu_g_646803530.htm
   2016-09-28 13:30:14
   Now scraping post http://www.haodf.com/wenda/drxuxiu_g_646803531.htm
  2016-09-28 13:30:14
  Now scraping page 25
   2016-09-28 13:30:14
   Now scraping post http://www.haodf.com/wenda/drxuxiu_g_646803528.htm
   2016-09-28 13:30:16
   Now scraping post http://www.haodf.com/wenda/drxuxiu_g_646803526.htm
   2016-09-28 13:30:17
   Now scraping post http://www.haodf.com/wenda/drxuxiu_g_646803523.htm
   2016-09-28 13:30:19
   Now scraping post http://www.haodf.com/wenda/drxuxiu_g_646803525.htm
   2016-09-28 13:30:20
   Now scraping post http://www.haodf.com/wenda/drxuxiu_g_646803517.htm
   2016-09-28 13:30:21
   Now scraping post http://www.haodf.com/wenda/drxuxiu_g_646803524.htm
   2016-09-28 13:30:22
   Now scraping post http://www.haodf.com/wenda/drxuxiu_g_646803522.htm
   2016-09-28 13:30:24
   Now scraping post http://www.haodf.com/wenda/drxuxiu_g_646803521.htm
   2016-09-28 13:30:25
   Now scraping post http://www.haodf.com/wenda/drxuxiu_g_646803518.htm
   2016-09-28 13:30:26
   Now scraping post http://www.haodf.com/wenda/drxuxiu_g_646803516.htm
   2016-09-28 13:30:27
   Now scraping post http://www.haodf.com/wenda/drxuxiu_g_646803514.htm
   2016-09-28 13:30:28
   Now scraping post http://www.haodf.com/wenda/drxuxiu_g_646803506.htm
   2016-09-28 13:30:30
   Now scraping post http://www.haodf.com/wenda/drxuxiu_g_646803507.htm
   2016-09-28 13:30:31
   Now scraping post http://www.haodf.com/wenda/drxuxiu_g_646803501.htm
   2016-09-28 13:30:34
   Now scraping post http://www.haodf.com/wenda/drxuxiu_g_646803503.htm
   2016-09-28 13:30:35
   Now scraping post http://www.haodf.com/wenda/drxuxiu_g_646803500.htm
   2016-09-28 13:30:36
   Now scraping post http://www.haodf.com/wenda/drxuxiu_g_646803497.htm
   2016-09-28 13:30:37
   Now scraping post http://www.haodf.com/wenda/drxuxiu_g_646803498.htm
   2016-09-28 13:30:38
   Now scraping post http://www.haodf.com/wenda/drxuxiu_g_646803496.htm
   2016-09-28 13:30:39
   Now scraping post http://www.haodf.com/wenda/drxuxiu_g_646803489.htm
   2016-09-28 13:30:40
   Now scraping post http://www.haodf.com/wenda/drxuxiu_g_646803490.htm
   2016-09-28 13:30:41
   Now scraping post http://www.haodf.com/wenda/drxuxiu_g_646803488.htm
   2016-09-28 13:30:41
   Now scraping post http://www.haodf.com/wenda/drxuxiu_g_646803486.htm
   2016-09-28 13:30:42
   Now scraping post http://www.haodf.com/wenda/drxuxiu_g_646803484.htm
   2016-09-28 13:30:43
   Now scraping post http://www.haodf.com/wenda/drxuxiu_g_646803482.htm
  2016-09-28 13:30:44
  Now scraping page 26
   2016-09-28 13:30:45
   Now scraping post http://www.haodf.com/wenda/drxuxiu_g_646803481.htm
   2016-09-28 13:30:46
   Now scraping post http://www.haodf.com/wenda/drxuxiu_g_646803480.htm
   2016-09-28 13:30:47
   Now scraping post http://www.haodf.com/wenda/drxuxiu_g_646803478.htm
   2016-09-28 13:30:48
   Now scraping post http://www.haodf.com/wenda/drxuxiu_g_646803476.htm
   2016-09-28 13:30:49
   Now scraping post http://www.haodf.com/wenda/drxuxiu_g_646803469.htm
   2016-09-28 13:30:50
   Now scraping post http://www.haodf.com/wenda/drxuxiu_g_646803471.htm
   2016-09-28 13:30:51
   Now scraping post http://www.haodf.com/wenda/drxuxiu_g_646803466.htm
   2016-09-28 13:30:52
   Now scraping post http://www.haodf.com/wenda/drxuxiu_g_646803468.htm
   2016-09-28 13:30:53
   Now scraping post http://www.haodf.com/wenda/drxuxiu_g_646803467.htm
   2016-09-28 13:30:54
   Now scraping post http://www.haodf.com/wenda/drxuxiu_g_646803464.htm
   2016-09-28 13:30:55
   Now scraping post http://www.haodf.com/wenda/drxuxiu_g_646803460.htm
   2016-09-28 13:30:56
   Now scraping post http://www.haodf.com/wenda/drxuxiu_g_646803459.htm
   2016-09-28 13:30:57
   Now scraping post http://www.haodf.com/wenda/drxuxiu_g_646803455.htm
   2016-09-28 13:30:58
   Now scraping post http://www.haodf.com/wenda/drxuxiu_g_646803456.htm
   2016-09-28 13:30:59
   Now scraping post http://www.haodf.com/wenda/drxuxiu_g_646803450.htm
   2016-09-28 13:31:01
   Now scraping post http://www.haodf.com/wenda/drxuxiu_g_646803447.htm
   2016-09-28 13:31:02
   Now scraping post http://www.haodf.com/wenda/drxuxiu_g_646803449.htm
   2016-09-28 13:31:03
   Now scraping post http://www.haodf.com/wenda/drxuxiu_g_646803448.htm
2016-09-28 13:31:05
[32m Finish![0m scraped 26 pages, 624 Q&As out of 643 posts.

