 2016-09-28 13:20:40
 Now scraping doctor 崔永华
  2016-09-28 13:20:41
  Now scraping page 1
   2016-09-28 13:20:41
   Now scraping post http://www.haodf.com/wenda/drcyh_g_4749916355.htm
   2016-09-28 13:20:42
   Now scraping post http://www.haodf.com/wenda/drcyh_g_4749920420.htm
   2016-09-28 13:20:42
   Now scraping post http://www.haodf.com/wenda/drcyh_g_4749921187.htm
   2016-09-28 13:20:43
   Now scraping post http://www.haodf.com/wenda/drcyh_g_4749917660.htm
   2016-09-28 13:20:43
   Now scraping post http://www.haodf.com/wenda/drcyh_g_4743834152.htm
   2016-09-28 13:20:44
   Now scraping post http://www.haodf.com/wenda/drcyh_g_4745509394.htm
   2016-09-28 13:20:45
   Now scraping post http://www.haodf.com/wenda/drcyh_g_4742103078.htm
   2016-09-28 13:20:46
   Now scraping post http://www.haodf.com/wenda/drcyh_g_4742100760.htm
   2016-09-28 13:20:46
   Now scraping post http://www.haodf.com/wenda/drcyh_g_4685852394.htm
   2016-09-28 13:20:47
   Now scraping post http://www.haodf.com/wenda/drcyh_g_4730319825.htm
   2016-09-28 13:20:47
   Now scraping post http://www.haodf.com/wenda/drcyh_g_4714559129.htm
   2016-09-28 13:20:48
   Now scraping post http://www.haodf.com/wenda/drcyh_g_4714562082.htm
   2016-09-28 13:20:49
   Now scraping post http://www.haodf.com/wenda/drcyh_g_4690303192.htm
   2016-09-28 13:20:50
   Now scraping post http://www.haodf.com/wenda/drcyh_g_4688045579.htm
   2016-09-28 13:20:51
   Now scraping post http://www.haodf.com/wenda/drcyh_g_4690300055.htm
   2016-09-28 13:20:52
   Now scraping post http://www.haodf.com/wenda/drcyh_g_4690304018.htm
   2016-09-28 13:20:52
   Now scraping post http://www.haodf.com/wenda/drcyh_g_4688096062.htm
   2016-09-28 13:20:53
   Now scraping post http://www.haodf.com/wenda/drcyh_g_4669914174.htm
   2016-09-28 13:20:53
   Now scraping post http://www.haodf.com/wenda/drcyh_g_4170095798.htm
   2016-09-28 13:20:54
   Now scraping post http://www.haodf.com/wenda/drcyh_g_4528912803.htm
   2016-09-28 13:20:55
   Now scraping post http://www.haodf.com/wenda/drcyh_g_4665387614.htm
   2016-09-28 13:20:56
   Now scraping post http://www.haodf.com/wenda/drcyh_g_4665385870.htm
   2016-09-28 13:20:56
   Now scraping post http://www.haodf.com/wenda/drcyh_g_4652597862.htm
   2016-09-28 13:20:57
   Now scraping post http://www.haodf.com/wenda/drcyh_g_4622985032.htm
   2016-09-28 13:20:58
   Now scraping post http://www.haodf.com/wenda/drcyh_g_4652604209.htm
  2016-09-28 13:20:58
  Now scraping page 2
   2016-09-28 13:20:59
   Now scraping post http://www.haodf.com/wenda/drcyh_g_4643214132.htm
   2016-09-28 13:20:59
   Now scraping post http://www.haodf.com/wenda/drcyh_g_4643216092.htm
   2016-09-28 13:21:01
   Now scraping post http://www.haodf.com/wenda/drcyh_g_4652601343.htm
   2016-09-28 13:21:01
   Now scraping post http://www.haodf.com/wenda/drcyh_g_4629586007.htm
   2016-09-28 13:21:02
   Now scraping post http://www.haodf.com/wenda/drcyh_g_4604775789.htm
   2016-09-28 13:21:03
   Now scraping post http://www.haodf.com/wenda/drcyh_g_4634141078.htm
   2016-09-28 13:21:03
   Now scraping post http://www.haodf.com/wenda/drcyh_g_4634139489.htm
   2016-09-28 13:21:04
   Now scraping post http://www.haodf.com/wenda/drcyh_g_4634138191.htm
   2016-09-28 13:21:05
   Now scraping post http://www.haodf.com/wenda/drcyh_g_4634134745.htm
   2016-09-28 13:21:06
   Now scraping post http://www.haodf.com/wenda/drcyh_g_4620311118.htm
   2016-09-28 13:21:06
   Now scraping post http://www.haodf.com/wenda/drcyh_g_4622990587.htm
   2016-09-28 13:21:08
   Now scraping post http://www.haodf.com/wenda/drcyh_g_4620313507.htm
   2016-09-28 13:21:08
   Now scraping post http://www.haodf.com/wenda/drcyh_g_4620316761.htm
   2016-09-28 13:21:09
   Now scraping post http://www.haodf.com/wenda/drcyh_g_4620317905.htm
   2016-09-28 13:21:10
   Now scraping post http://www.haodf.com/wenda/drcyh_g_4620312655.htm
   2016-09-28 13:21:10
   Now scraping post http://www.haodf.com/wenda/drcyh_g_4608843141.htm
   2016-09-28 13:21:11
   Now scraping post http://www.haodf.com/wenda/drcyh_g_4611255399.htm
   2016-09-28 13:21:12
   Now scraping post http://www.haodf.com/wenda/drcyh_g_1127789649.htm
   2016-09-28 13:21:13
   Now scraping post http://www.haodf.com/wenda/drcyh_g_4611265031.htm
   2016-09-28 13:21:14
   Now scraping post http://www.haodf.com/wenda/drcyh_g_4608844852.htm
   2016-09-28 13:21:14
   Now scraping post http://www.haodf.com/wenda/drcyh_g_4611262688.htm
   2016-09-28 13:21:15
   Now scraping post http://www.haodf.com/wenda/drcyh_g_4604780995.htm
   2016-09-28 13:21:16
   Now scraping post http://www.haodf.com/wenda/drcyh_g_4608842246.htm
   2016-09-28 13:21:17
   Now scraping post http://www.haodf.com/wenda/drcyh_g_4604781735.htm
   2016-09-28 13:21:18
   Now scraping post http://www.haodf.com/wenda/drcyh_g_4604776563.htm
  2016-09-28 13:21:18
  Now scraping page 3
   2016-09-28 13:21:19
   Now scraping post http://www.haodf.com/wenda/drcyh_g_4582831027.htm
   2016-09-28 13:21:20
   Now scraping post http://www.haodf.com/wenda/drcyh_g_4600514095.htm
   2016-09-28 13:21:21
   Now scraping post http://www.haodf.com/wenda/drcyh_g_4600508079.htm
   2016-09-28 13:21:21
   Now scraping post http://www.haodf.com/wenda/drcyh_g_4563749174.htm
   2016-09-28 13:21:22
   Now scraping post http://www.haodf.com/wenda/drcyh_g_4600516889.htm
   2016-09-28 13:21:23
   Now scraping post http://www.haodf.com/wenda/drcyh_g_4600511150.htm
   2016-09-28 13:21:24
   Now scraping post http://www.haodf.com/wenda/drcyh_g_4582839675.htm
   2016-09-28 13:21:25
   Now scraping post http://www.haodf.com/wenda/drcyh_g_4582835026.htm
   2016-09-28 13:21:26
   Now scraping post http://www.haodf.com/wenda/drcyh_g_4563753919.htm
   2016-09-28 13:21:27
   Now scraping post http://www.haodf.com/wenda/drcyh_g_4549911464.htm
   2016-09-28 13:21:28
   Now scraping post http://www.haodf.com/wenda/drcyh_g_4552161259.htm
   2016-09-28 13:21:29
   Now scraping post http://www.haodf.com/wenda/drcyh_g_4303833331.htm
   2016-09-28 13:21:30
   Now scraping post http://www.haodf.com/wenda/drcyh_g_4552159115.htm
   2016-09-28 13:21:31
   Now scraping post http://www.haodf.com/wenda/drcyh_g_4552164641.htm
   2016-09-28 13:21:32
   Now scraping post http://www.haodf.com/wenda/drcyh_g_4549935732.htm
   2016-09-28 13:21:33
   Now scraping post http://www.haodf.com/wenda/drcyh_g_4549929409.htm
   2016-09-28 13:21:33
   Now scraping post http://www.haodf.com/wenda/drcyh_g_4528913401.htm
   2016-09-28 13:21:34
   Now scraping post http://www.haodf.com/wenda/drcyh_g_4516757576.htm
   2016-09-28 13:21:35
   Now scraping post http://www.haodf.com/wenda/drcyh_g_4494837433.htm
   2016-09-28 13:21:36
   Now scraping post http://www.haodf.com/wenda/drcyh_g_4494836238.htm
   2016-09-28 13:21:37
   Now scraping post http://www.haodf.com/wenda/drcyh_g_4494834778.htm
   2016-09-28 13:21:38
   Now scraping post http://www.haodf.com/wenda/drcyh_g_4425446271.htm
   2016-09-28 13:21:39
   Now scraping post http://www.haodf.com/wenda/drcyh_g_1905723064.htm
   2016-09-28 13:21:39
   Now scraping post http://www.haodf.com/wenda/drcyh_g_4475496616.htm
   2016-09-28 13:21:40
   Now scraping post http://www.haodf.com/wenda/drcyh_g_4475495368.htm
  2016-09-28 13:21:41
  Now scraping page 4
   2016-09-28 13:21:42
   Now scraping post http://www.haodf.com/wenda/drcyh_g_4475493422.htm
   2016-09-28 13:21:43
   Now scraping post http://www.haodf.com/wenda/drcyh_g_4414356881.htm
   2016-09-28 13:21:44
   Now scraping post http://www.haodf.com/wenda/drcyh_g_4457260978.htm
   2016-09-28 13:21:45
   Now scraping post http://www.haodf.com/wenda/drcyh_g_4451587944.htm
   2016-09-28 13:21:45
   Now scraping post http://www.haodf.com/wenda/drcyh_g_4432352645.htm
   2016-09-28 13:21:46
   Now scraping post http://www.haodf.com/wenda/drcyh_g_4425992995.htm
   2016-09-28 13:21:47
   Now scraping post http://www.haodf.com/wenda/drcyh_g_4407468592.htm
   2016-09-28 13:21:47
   Now scraping post http://www.haodf.com/wenda/drcyh_g_4414368571.htm
   2016-09-28 13:21:48
   Now scraping post http://www.haodf.com/wenda/drcyh_g_3472656143.htm
   2016-09-28 13:21:49
   Now scraping post http://www.haodf.com/wenda/drcyh_g_4410643771.htm
   2016-09-28 13:21:50
   Now scraping post http://www.haodf.com/wenda/drcyh_g_4410643330.htm
   2016-09-28 13:21:51
   Now scraping post http://www.haodf.com/wenda/drcyh_g_4386630703.htm
   2016-09-28 13:21:52
   Now scraping post http://www.haodf.com/wenda/drcyh_g_4360420009.htm
   2016-09-28 13:21:52
   Now scraping post http://www.haodf.com/wenda/drcyh_g_4330722310.htm
   2016-09-28 13:21:53
   Now scraping post http://www.haodf.com/wenda/drcyh_g_3780620228.htm
   2016-09-28 13:21:54
   Now scraping post http://www.haodf.com/wenda/drcyh_g_4223337567.htm
   2016-09-28 13:21:55
   Now scraping post http://www.haodf.com/wenda/drcyh_g_2973615250.htm
   2016-09-28 13:21:56
   Now scraping post http://www.haodf.com/wenda/drcyh_g_4202910515.htm
   2016-09-28 13:21:57
   Now scraping post http://www.haodf.com/wenda/drcyh_g_4189520607.htm
   2016-09-28 13:21:57
   Now scraping post http://www.haodf.com/wenda/drcyh_g_4186640175.htm
   2016-09-28 13:21:58
   Now scraping post http://www.haodf.com/wenda/drcyh_g_4151626485.htm
   2016-09-28 13:21:59
   Now scraping post http://www.haodf.com/wenda/drcyh_g_2413583656.htm
   2016-09-28 13:22:00
   Now scraping post http://www.haodf.com/wenda/drcyh_g_3996694037.htm
   2016-09-28 13:22:01
   Now scraping post http://www.haodf.com/wenda/drcyh_g_3997103731.htm
   2016-09-28 13:22:02
   Now scraping post http://www.haodf.com/wenda/drcyh_g_3996699492.htm
  2016-09-28 13:22:03
  Now scraping page 5
   2016-09-28 13:22:04
   Now scraping post http://www.haodf.com/wenda/drcyh_g_3997111640.htm
   2016-09-28 13:22:05
   Now scraping post http://www.haodf.com/wenda/drcyh_g_3954468940.htm
   2016-09-28 13:22:06
   Now scraping post http://www.haodf.com/wenda/drcyh_g_3780639938.htm
   2016-09-28 13:22:07
   Now scraping post http://www.haodf.com/wenda/drcyh_g_3780633681.htm
   2016-09-28 13:22:08
   Now scraping post http://www.haodf.com/wenda/drcyh_g_3780631288.htm
   2016-09-28 13:22:09
   Now scraping post http://www.haodf.com/wenda/drcyh_g_3547300157.htm
   2016-09-28 13:22:10
   Now scraping post http://www.haodf.com/wenda/drcyh_g_3628514257.htm
   2016-09-28 13:22:10
   Now scraping post http://www.haodf.com/wenda/drcyh_g_3577867138.htm
   2016-09-28 13:22:11
   Now scraping post http://www.haodf.com/wenda/drcyh_g_3577523147.htm
   2016-09-28 13:22:12
   Now scraping post http://www.haodf.com/wenda/drcyh_g_3490648505.htm
   2016-09-28 13:22:13
   Now scraping post http://www.haodf.com/wenda/drcyh_g_637859004.htm
   2016-09-28 13:22:14
   Now scraping post http://www.haodf.com/wenda/drcyh_g_3266513664.htm
   2016-09-28 13:22:14
   Now scraping post http://www.haodf.com/wenda/drcyh_g_3266522722.htm
   2016-09-28 13:22:15
   Now scraping post http://www.haodf.com/wenda/drcyh_g_3266498896.htm
   2016-09-28 13:22:16
   Now scraping post http://www.haodf.com/wenda/drcyh_g_3217814833.htm
   2016-09-28 13:22:17
   Now scraping post http://www.haodf.com/wenda/drcyh_g_3217812421.htm
   2016-09-28 13:22:18
   Now scraping post http://www.haodf.com/wenda/drcyh_g_3217808394.htm
   2016-09-28 13:22:18
   Now scraping post http://www.haodf.com/wenda/drcyh_g_2989948923.htm
   2016-09-28 13:22:19
   Now scraping post http://www.haodf.com/wenda/drcyh_g_2980244279.htm
   2016-09-28 13:22:20
   Now scraping post http://www.haodf.com/wenda/drcyh_g_2545491165.htm
   2016-09-28 13:22:21
   Now scraping post http://www.haodf.com/wenda/drcyh_g_2958342367.htm
   2016-09-28 13:22:22
   Now scraping post http://www.haodf.com/wenda/drcyh_g_2697932245.htm
   2016-09-28 13:22:23
   Now scraping post http://www.haodf.com/wenda/drcyh_g_2690283136.htm
   2016-09-28 13:22:24
   Now scraping post http://www.haodf.com/wenda/drcyh_g_2830300886.htm
   2016-09-28 13:22:25
   Now scraping post http://www.haodf.com/wenda/drcyh_g_2830300428.htm
  2016-09-28 13:22:26
  Now scraping page 6
   2016-09-28 13:22:26
   Now scraping post http://www.haodf.com/wenda/drcyh_g_2126000111.htm
   2016-09-28 13:22:27
   Now scraping post http://www.haodf.com/wenda/drcyh_g_1008461228.htm
   2016-09-28 13:22:28
   Now scraping post http://www.haodf.com/wenda/drcyh_g_2457940450.htm
   2016-09-28 13:22:29
   Now scraping post http://www.haodf.com/wenda/drcyh_g_2565257307.htm
   2016-09-28 13:22:29
   Now scraping post http://www.haodf.com/wenda/drcyh_g_2487855962.htm
   2016-09-28 13:22:30
   Now scraping post http://www.haodf.com/wenda/drcyh_g_2413897444.htm
   2016-09-28 13:22:31
   Now scraping post http://www.haodf.com/wenda/drcyh_g_2413892357.htm
   2016-09-28 13:22:32
   Now scraping post http://www.haodf.com/wenda/drcyh_g_1342017912.htm
   2016-09-28 13:22:33
   Now scraping post http://www.haodf.com/wenda/drcyh_g_2311894627.htm
   2016-09-28 13:22:33
   Now scraping post http://www.haodf.com/wenda/drcyh_g_1340171970.htm
   2016-09-28 13:22:34
   Now scraping post http://www.haodf.com/wenda/drcyh_g_2255263645.htm
   2016-09-28 13:22:35
   Now scraping post http://www.haodf.com/wenda/drcyh_g_956294709.htm
   2016-09-28 13:22:36
   Now scraping post http://www.haodf.com/wenda/drcyh_g_2214370814.htm
   2016-09-28 13:22:37
   Now scraping post http://www.haodf.com/wenda/drcyh_g_637858838.htm
   2016-09-28 13:22:38
   Now scraping post http://www.haodf.com/wenda/drcyh_g_2044025834.htm
   2016-09-28 13:22:39
   Now scraping post http://www.haodf.com/wenda/drcyh_g_2121966168.htm
   2016-09-28 13:22:39
   Now scraping post http://www.haodf.com/wenda/drcyh_g_2095388180.htm
   2016-09-28 13:22:41
   Now scraping post http://www.haodf.com/wenda/drcyh_g_2071577981.htm
   2016-09-28 13:22:41
   Now scraping post http://www.haodf.com/wenda/drcyh_g_2071575018.htm
   2016-09-28 13:22:42
   Now scraping post http://www.haodf.com/wenda/drcyh_g_2045945330.htm
   2016-09-28 13:22:43
   Now scraping post http://www.haodf.com/wenda/drcyh_g_1968853492.htm
   2016-09-28 13:22:44
   Now scraping post http://www.haodf.com/wenda/drcyh_g_1930889201.htm
   2016-09-28 13:22:45
   Now scraping post http://www.haodf.com/wenda/drcyh_g_1905899256.htm
   2016-09-28 13:22:45
   Now scraping post http://www.haodf.com/wenda/drcyh_g_1904932927.htm
   2016-09-28 13:22:47
   Now scraping post http://www.haodf.com/wenda/drcyh_g_1859523720.htm
  2016-09-28 13:22:47
  Now scraping page 7
   2016-09-28 13:22:49
   Now scraping post http://www.haodf.com/wenda/drcyh_g_1897387193.htm
   2016-09-28 13:22:49
   Now scraping post http://www.haodf.com/wenda/drcyh_g_1884435237.htm
   2016-09-28 13:22:50
   Now scraping post http://www.haodf.com/wenda/drcyh_g_1883642404.htm
   2016-09-28 13:22:51
   Now scraping post http://www.haodf.com/wenda/drcyh_g_1882681481.htm
   2016-09-28 13:22:52
   Now scraping post http://www.haodf.com/wenda/drcyh_g_1849302472.htm
   2016-09-28 13:22:53
   Now scraping post http://www.haodf.com/wenda/drcyh_g_1353738169.htm
   2016-09-28 13:22:54
   Now scraping post http://www.haodf.com/wenda/drcyh_g_1848851105.htm
   2016-09-28 13:22:55
   Now scraping post http://www.haodf.com/wenda/drcyh_g_1753207365.htm
   2016-09-28 13:22:56
   Now scraping post http://www.haodf.com/wenda/drcyh_g_1847945270.htm
   2016-09-28 13:22:56
   Now scraping post http://www.haodf.com/wenda/drcyh_g_1847915575.htm
   2016-09-28 13:22:57
   Now scraping post http://www.haodf.com/wenda/drcyh_g_1821671989.htm
   2016-09-28 13:22:58
   Now scraping post http://www.haodf.com/wenda/drcyh_g_1792230360.htm
   2016-09-28 13:22:59
   Now scraping post http://www.haodf.com/wenda/drcyh_g_1766921369.htm
   2016-09-28 13:23:00
   Now scraping post http://www.haodf.com/wenda/drcyh_g_1752330339.htm
   2016-09-28 13:23:01
   Now scraping post http://www.haodf.com/wenda/drcyh_g_1752288355.htm
   2016-09-28 13:23:02
   Now scraping post http://www.haodf.com/wenda/drcyh_g_1738188639.htm
   2016-09-28 13:23:03
   Now scraping post http://www.haodf.com/wenda/drcyh_g_1724575991.htm
   2016-09-28 13:23:04
   Now scraping post http://www.haodf.com/wenda/drcyh_g_1663747921.htm
   2016-09-28 13:23:04
   Now scraping post http://www.haodf.com/wenda/drcyh_g_1719586971.htm
   2016-09-28 13:23:06
   Now scraping post http://www.haodf.com/wenda/drcyh_g_1708960372.htm
   2016-09-28 13:23:07
   Now scraping post http://www.haodf.com/wenda/drcyh_g_1694661824.htm
   2016-09-28 13:23:08
   Now scraping post http://www.haodf.com/wenda/drcyh_g_1084568963.htm
   2016-09-28 13:23:09
   Now scraping post http://www.haodf.com/wenda/drcyh_g_1673871628.htm
   2016-09-28 13:23:10
   Now scraping post http://www.haodf.com/wenda/drcyh_g_1673848022.htm
   2016-09-28 13:23:10
   Now scraping post http://www.haodf.com/wenda/drcyh_g_1663753524.htm
  2016-09-28 13:23:11
  Now scraping page 8
   2016-09-28 13:23:12
   Now scraping post http://www.haodf.com/wenda/drcyh_g_1663648002.htm
   2016-09-28 13:23:13
   Now scraping post http://www.haodf.com/wenda/drcyh_g_1648795811.htm
   2016-09-28 13:23:14
   Now scraping post http://www.haodf.com/wenda/drcyh_g_1642873090.htm
   2016-09-28 13:23:14
   Now scraping post http://www.haodf.com/wenda/drcyh_g_1642679618.htm
   2016-09-28 13:23:15
   Now scraping post http://www.haodf.com/wenda/drcyh_g_1630523670.htm
   2016-09-28 13:23:16
   Now scraping post http://www.haodf.com/wenda/drcyh_g_1595352559.htm
   2016-09-28 13:23:17
   Now scraping post http://www.haodf.com/wenda/drcyh_g_1627210620.htm
   2016-09-28 13:23:18
   Now scraping post http://www.haodf.com/wenda/drcyh_g_1627210010.htm
   2016-09-28 13:23:19
   Now scraping post http://www.haodf.com/wenda/drcyh_g_1618919145.htm
   2016-09-28 13:23:20
   Now scraping post http://www.haodf.com/wenda/drcyh_g_1608410116.htm
   2016-09-28 13:23:20
   Now scraping post http://www.haodf.com/wenda/drcyh_g_1606978754.htm
   2016-09-28 13:23:21
   Now scraping post http://www.haodf.com/wenda/drcyh_g_1606926866.htm
   2016-09-28 13:23:22
   Now scraping post http://www.haodf.com/wenda/drcyh_g_1605856442.htm
   2016-09-28 13:23:23
   Now scraping post http://www.haodf.com/wenda/drcyh_g_1596691128.htm
   2016-09-28 13:23:24
   Now scraping post http://www.haodf.com/wenda/drcyh_g_1596594685.htm
   2016-09-28 13:23:24
   Now scraping post http://www.haodf.com/wenda/drcyh_g_1591408240.htm
   2016-09-28 13:23:25
   Now scraping post http://www.haodf.com/wenda/drcyh_g_1591416785.htm
   2016-09-28 13:23:26
   Now scraping post http://www.haodf.com/wenda/drcyh_g_1591415873.htm
   2016-09-28 13:23:27
   Now scraping post http://www.haodf.com/wenda/drcyh_g_1591412878.htm
   2016-09-28 13:23:28
   Now scraping post http://www.haodf.com/wenda/drcyh_g_1582987017.htm
   2016-09-28 13:23:29
   Now scraping post http://www.haodf.com/wenda/drcyh_g_1582241230.htm
   2016-09-28 13:23:30
   Now scraping post http://www.haodf.com/wenda/drcyh_g_1558708078.htm
   2016-09-28 13:23:30
   Now scraping post http://www.haodf.com/wenda/drcyh_g_1547179686.htm
   2016-09-28 13:23:31
   Now scraping post http://www.haodf.com/wenda/drcyh_g_1534664827.htm
   2016-09-28 13:23:32
   Now scraping post http://www.haodf.com/wenda/drcyh_g_1523117667.htm
  2016-09-28 13:23:33
  Now scraping page 9
   2016-09-28 13:23:33
   Now scraping post http://www.haodf.com/wenda/drcyh_g_1515289148.htm
   2016-09-28 13:23:34
   Now scraping post http://www.haodf.com/wenda/drcyh_g_1353778419.htm
   2016-09-28 13:23:35
   Now scraping post http://www.haodf.com/wenda/drcyh_g_1512228523.htm
   2016-09-28 13:23:36
   Now scraping post http://www.haodf.com/wenda/drcyh_g_1512054113.htm
   2016-09-28 13:23:37
   Now scraping post http://www.haodf.com/wenda/drcyh_g_1510855211.htm
   2016-09-28 13:23:38
   Now scraping post http://www.haodf.com/wenda/drcyh_g_1510164517.htm
   2016-09-28 13:23:39
   Now scraping post http://www.haodf.com/wenda/drcyh_g_1510153030.htm
   2016-09-28 13:23:39
   Now scraping post http://www.haodf.com/wenda/drcyh_g_1500286387.htm
   2016-09-28 13:23:40
   Now scraping post http://www.haodf.com/wenda/drcyh_g_1499108801.htm
   2016-09-28 13:23:40
   Now scraping post http://www.haodf.com/wenda/drcyh_g_1495746466.htm
   2016-09-28 13:23:41
   Now scraping post http://www.haodf.com/wenda/drcyh_g_1495744950.htm
   2016-09-28 13:23:42
   Now scraping post http://www.haodf.com/wenda/drcyh_g_1495743728.htm
   2016-09-28 13:23:43
   Now scraping post http://www.haodf.com/wenda/drcyh_g_1495742343.htm
   2016-09-28 13:23:44
   Now scraping post http://www.haodf.com/wenda/drcyh_g_1485969579.htm
   2016-09-28 13:23:45
   Now scraping post http://www.haodf.com/wenda/drcyh_g_1485968603.htm
   2016-09-28 13:23:45
   Now scraping post http://www.haodf.com/wenda/drcyh_g_1485964449.htm
   2016-09-28 13:23:46
   Now scraping post http://www.haodf.com/wenda/drcyh_g_1436055928.htm
   2016-09-28 13:23:47
   Now scraping post http://www.haodf.com/wenda/drcyh_g_1180563170.htm
   2016-09-28 13:23:48
   Now scraping post http://www.haodf.com/wenda/drcyh_g_1114727700.htm
   2016-09-28 13:23:49
   Now scraping post http://www.haodf.com/wenda/drcyh_g_1354251225.htm
   2016-09-28 13:23:50
   Now scraping post http://www.haodf.com/wenda/drcyh_g_1383782950.htm
   2016-09-28 13:23:51
   Now scraping post http://www.haodf.com/wenda/drcyh_g_937787032.htm
   2016-09-28 13:23:52
   Now scraping post http://www.haodf.com/wenda/drcyh_g_1465032758.htm
   2016-09-28 13:23:53
   Now scraping post http://www.haodf.com/wenda/drcyh_g_1450769373.htm
   2016-09-28 13:23:53
   Now scraping post http://www.haodf.com/wenda/drcyh_g_1423195996.htm
  2016-09-28 13:23:54
  Now scraping page 10
   2016-09-28 13:23:55
   Now scraping post http://www.haodf.com/wenda/drcyh_g_1413239499.htm
   2016-09-28 13:23:56
   Now scraping post http://www.haodf.com/wenda/drcyh_g_1396756414.htm
   2016-09-28 13:23:56
   Now scraping post http://www.haodf.com/wenda/drcyh_g_1302664623.htm
   2016-09-28 13:23:57
   Now scraping post http://www.haodf.com/wenda/drcyh_g_1374331778.htm
   2016-09-28 13:23:58
   Now scraping post http://www.haodf.com/wenda/drcyh_g_1373980259.htm
   2016-09-28 13:23:59
   Now scraping post http://www.haodf.com/wenda/drcyh_g_1373842343.htm
   2016-09-28 13:24:00
   Now scraping post http://www.haodf.com/wenda/drcyh_g_1372239163.htm
   2016-09-28 13:24:00
   Now scraping post http://www.haodf.com/wenda/drcyh_g_1372194799.htm
   2016-09-28 13:24:01
   Now scraping post http://www.haodf.com/wenda/drcyh_g_1369256928.htm
   2016-09-28 13:24:02
   Now scraping post http://www.haodf.com/wenda/drcyh_g_1342033874.htm
   2016-09-28 13:24:03
   Now scraping post http://www.haodf.com/wenda/drcyh_g_1342023535.htm
   2016-09-28 13:24:04
   Now scraping post http://www.haodf.com/wenda/drcyh_g_1340919428.htm
   2016-09-28 13:24:04
   Now scraping post http://www.haodf.com/wenda/drcyh_g_1315103988.htm
   2016-09-28 13:24:05
   Now scraping post http://www.haodf.com/wenda/drcyh_g_1313930138.htm
   2016-09-28 13:24:06
   Now scraping post http://www.haodf.com/wenda/drcyh_g_1313901072.htm
   2016-09-28 13:24:07
   Now scraping post http://www.haodf.com/wenda/drcyh_g_1304528593.htm
   2016-09-28 13:24:08
   Now scraping post http://www.haodf.com/wenda/drcyh_g_1303802393.htm
   2016-09-28 13:24:08
   Now scraping post http://www.haodf.com/wenda/drcyh_g_1297889882.htm
   2016-09-28 13:24:09
   Now scraping post http://www.haodf.com/wenda/drcyh_g_1242524851.htm
   2016-09-28 13:24:10
   Now scraping post http://www.haodf.com/wenda/drcyh_g_1223669263.htm
   2016-09-28 13:24:11
   Now scraping post http://www.haodf.com/wenda/drcyh_g_1196831218.htm
   2016-09-28 13:24:11
   Now scraping post http://www.haodf.com/wenda/drcyh_g_1196436035.htm
   2016-09-28 13:24:12
   Now scraping post http://www.haodf.com/wenda/drcyh_g_1157928798.htm
   2016-09-28 13:24:13
   Now scraping post http://www.haodf.com/wenda/drcyh_g_1190031245.htm
   2016-09-28 13:24:14
   Now scraping post http://www.haodf.com/wenda/drcyh_g_1190029436.htm
  2016-09-28 13:24:15
  Now scraping page 11
   2016-09-28 13:24:15
   Now scraping post http://www.haodf.com/wenda/drcyh_g_1188949258.htm
   2016-09-28 13:24:16
   Now scraping post http://www.haodf.com/wenda/drcyh_g_1188913093.htm
   2016-09-28 13:24:17
   Now scraping post http://www.haodf.com/wenda/drcyh_g_1180566741.htm
   2016-09-28 13:24:18
   Now scraping post http://www.haodf.com/wenda/drcyh_g_1180563799.htm
   2016-09-28 13:24:20
   Now scraping post http://www.haodf.com/wenda/drcyh_g_1174523821.htm
   2016-09-28 13:24:21
   Now scraping post http://www.haodf.com/wenda/drcyh_g_1173446401.htm
   2016-09-28 13:24:22
   Now scraping post http://www.haodf.com/wenda/drcyh_g_1173201925.htm
   2016-09-28 13:24:22
   Now scraping post http://www.haodf.com/wenda/drcyh_g_1167816191.htm
   2016-09-28 13:24:23
   Now scraping post http://www.haodf.com/wenda/drcyh_g_1022225473.htm
   2016-09-28 13:24:24
   Now scraping post http://www.haodf.com/wenda/drcyh_g_1165180615.htm
   2016-09-28 13:24:25
   Now scraping post http://www.haodf.com/wenda/drcyh_g_1157540572.htm
   2016-09-28 13:24:25
   Now scraping post http://www.haodf.com/wenda/drcyh_g_1157328047.htm
   2016-09-28 13:24:26
   Now scraping post http://www.haodf.com/wenda/drcyh_g_1156329018.htm
   2016-09-28 13:24:27
   Now scraping post http://www.haodf.com/wenda/drcyh_g_1156130366.htm
   2016-09-28 13:24:28
   Now scraping post http://www.haodf.com/wenda/drcyh_g_1149611276.htm
   2016-09-28 13:24:29
   Now scraping post http://www.haodf.com/wenda/drcyh_g_1148754181.htm
   2016-09-28 13:24:29
   Now scraping post http://www.haodf.com/wenda/drcyh_g_1139937048.htm
   2016-09-28 13:24:30
   Now scraping post http://www.haodf.com/wenda/drcyh_g_956239791.htm
   2016-09-28 13:24:31
   Now scraping post http://www.haodf.com/wenda/drcyh_g_1059233702.htm
   2016-09-28 13:24:32
   Now scraping post http://www.haodf.com/wenda/drcyh_g_1127650200.htm
   2016-09-28 13:24:33
   Now scraping post http://www.haodf.com/wenda/drcyh_g_1127387327.htm
   2016-09-28 13:24:34
   Now scraping post http://www.haodf.com/wenda/drcyh_g_1116367670.htm
   2016-09-28 13:24:34
   Now scraping post http://www.haodf.com/wenda/drcyh_g_1115543356.htm
   2016-09-28 13:24:35
   Now scraping post http://www.haodf.com/wenda/drcyh_g_652540296.htm
   2016-09-28 13:24:36
   Now scraping post http://www.haodf.com/wenda/drcyh_g_1107465122.htm
  2016-09-28 13:24:37
  Now scraping page 12
   2016-09-28 13:24:38
   Now scraping post http://www.haodf.com/wenda/drcyh_g_1101122151.htm
   2016-09-28 13:24:39
   Now scraping post http://www.haodf.com/wenda/drcyh_g_1101121703.htm
   2016-09-28 13:24:39
   Now scraping post http://www.haodf.com/wenda/drcyh_g_1101115161.htm
   2016-09-28 13:24:40
   Now scraping post http://www.haodf.com/wenda/drcyh_g_1100340843.htm
   2016-09-28 13:24:41
   Now scraping post http://www.haodf.com/wenda/drcyh_g_1099995977.htm
   2016-09-28 13:24:42
   Now scraping post http://www.haodf.com/wenda/drcyh_g_1099993039.htm
   2016-09-28 13:24:43
   Now scraping post http://www.haodf.com/wenda/drcyh_g_1099958774.htm
   2016-09-28 13:24:43
   Now scraping post http://www.haodf.com/wenda/drcyh_g_738693004.htm
   2016-09-28 13:24:44
   Now scraping post http://www.haodf.com/wenda/drcyh_g_1082099906.htm
   2016-09-28 13:24:45
   Now scraping post http://www.haodf.com/wenda/drcyh_g_1084649685.htm
   2016-09-28 13:24:46
   Now scraping post http://www.haodf.com/wenda/drcyh_g_1084034784.htm
   2016-09-28 13:24:46
   Now scraping post http://www.haodf.com/wenda/drcyh_g_1083981376.htm
   2016-09-28 13:24:47
   Now scraping post http://www.haodf.com/wenda/drcyh_g_1076984836.htm
   2016-09-28 13:24:48
   Now scraping post http://www.haodf.com/wenda/drcyh_g_1076807357.htm
   2016-09-28 13:24:49
   Now scraping post http://www.haodf.com/wenda/drcyh_g_1075754843.htm
   2016-09-28 13:24:50
   Now scraping post http://www.haodf.com/wenda/drcyh_g_1075622562.htm
   2016-09-28 13:24:51
   Now scraping post http://www.haodf.com/wenda/drcyh_g_1075505032.htm
   2016-09-28 13:24:52
   Now scraping post http://www.haodf.com/wenda/drcyh_g_1015347598.htm
   2016-09-28 13:24:53
   Now scraping post http://www.haodf.com/wenda/drcyh_g_1073121835.htm
   2016-09-28 13:24:54
   Now scraping post http://www.haodf.com/wenda/drcyh_g_1068306422.htm
   2016-09-28 13:24:55
   Now scraping post http://www.haodf.com/wenda/drcyh_g_1067505309.htm
   2016-09-28 13:24:56
   Now scraping post http://www.haodf.com/wenda/drcyh_g_1067237960.htm
   2016-09-28 13:24:56
   Now scraping post http://www.haodf.com/wenda/drcyh_g_1067006787.htm
   2016-09-28 13:24:57
   Now scraping post http://www.haodf.com/wenda/drcyh_g_1059196028.htm
   2016-09-28 13:24:58
   Now scraping post http://www.haodf.com/wenda/drcyh_g_1052545404.htm
  2016-09-28 13:24:59
  Now scraping page 13
   2016-09-28 13:25:00
   Now scraping post http://www.haodf.com/wenda/drcyh_g_1049250565.htm
   2016-09-28 13:25:01
   Now scraping post http://www.haodf.com/wenda/drcyh_g_1046670991.htm
   2016-09-28 13:25:02
   Now scraping post http://www.haodf.com/wenda/drcyh_g_1046508201.htm
   2016-09-28 13:25:02
   Now scraping post http://www.haodf.com/wenda/drcyh_g_1039700131.htm
   2016-09-28 13:25:03
   Now scraping post http://www.haodf.com/wenda/drcyh_g_1039688895.htm
   2016-09-28 13:25:04
   Now scraping post http://www.haodf.com/wenda/drcyh_g_1039140937.htm
   2016-09-28 13:25:05
   Now scraping post http://www.haodf.com/wenda/drcyh_g_1039004224.htm
   2016-09-28 13:25:06
   Now scraping post http://www.haodf.com/wenda/drcyh_g_1038691931.htm
   2016-09-28 13:25:06
   Now scraping post http://www.haodf.com/wenda/drcyh_g_1038307497.htm
   2016-09-28 13:25:07
   Now scraping post http://www.haodf.com/wenda/drcyh_g_1033824413.htm
   2016-09-28 13:25:08
   Now scraping post http://www.haodf.com/wenda/drcyh_g_1021500040.htm
   2016-09-28 13:25:09
   Now scraping post http://www.haodf.com/wenda/drcyh_g_1021494183.htm
   2016-09-28 13:25:10
   Now scraping post http://www.haodf.com/wenda/drcyh_g_1021328198.htm
   2016-09-28 13:25:11
   Now scraping post http://www.haodf.com/wenda/drcyh_g_1021175090.htm
   2016-09-28 13:25:11
   Now scraping post http://www.haodf.com/wenda/drcyh_g_1020036593.htm
   2016-09-28 13:25:12
   Now scraping post http://www.haodf.com/wenda/drcyh_g_1015021040.htm
   2016-09-28 13:25:13
   Now scraping post http://www.haodf.com/wenda/drcyh_g_1010675495.htm
   2016-09-28 13:25:14
   Now scraping post http://www.haodf.com/wenda/drcyh_g_1008575671.htm
   2016-09-28 13:25:15
   Now scraping post http://www.haodf.com/wenda/drcyh_g_1008471909.htm
   2016-09-28 13:25:16
   Now scraping post http://www.haodf.com/wenda/drcyh_g_1002466415.htm
   2016-09-28 13:25:17
   Now scraping post http://www.haodf.com/wenda/drcyh_g_988088581.htm
   2016-09-28 13:25:18
   Now scraping post http://www.haodf.com/wenda/drcyh_g_995341458.htm
   2016-09-28 13:25:19
   Now scraping post http://www.haodf.com/wenda/drcyh_g_995090148.htm
   2016-09-28 13:25:20
   Now scraping post http://www.haodf.com/wenda/drcyh_g_995062801.htm
   2016-09-28 13:25:21
   Now scraping post http://www.haodf.com/wenda/drcyh_g_989113253.htm
  2016-09-28 13:25:21
  Now scraping page 14
   2016-09-28 13:25:22
   Now scraping post http://www.haodf.com/wenda/drcyh_g_988996413.htm
   2016-09-28 13:25:23
   Now scraping post http://www.haodf.com/wenda/drcyh_g_988179395.htm
   2016-09-28 13:25:24
   Now scraping post http://www.haodf.com/wenda/drcyh_g_982552894.htm
   2016-09-28 13:25:25
   Now scraping post http://www.haodf.com/wenda/drcyh_g_977111906.htm
   2016-09-28 13:25:25
   Now scraping post http://www.haodf.com/wenda/drcyh_g_976518447.htm
   2016-09-28 13:25:27
   Now scraping post http://www.haodf.com/wenda/drcyh_g_652543588.htm
   2016-09-28 13:25:28
   Now scraping post http://www.haodf.com/wenda/drcyh_g_971570995.htm
   2016-09-28 13:25:29
   Now scraping post http://www.haodf.com/wenda/drcyh_g_971407281.htm
   2016-09-28 13:25:29
   Now scraping post http://www.haodf.com/wenda/drcyh_g_963728643.htm
   2016-09-28 13:25:30
   Now scraping post http://www.haodf.com/wenda/drcyh_g_963488409.htm
   2016-09-28 13:25:31
   Now scraping post http://www.haodf.com/wenda/drcyh_g_945974325.htm
   2016-09-28 13:25:32
   Now scraping post http://www.haodf.com/wenda/drcyh_g_944976564.htm
   2016-09-28 13:25:33
   Now scraping post http://www.haodf.com/wenda/drcyh_g_744971295.htm
   2016-09-28 13:25:34
   Now scraping post http://www.haodf.com/wenda/drcyh_g_863592763.htm
   2016-09-28 13:25:35
   Now scraping post http://www.haodf.com/wenda/drcyh_g_932948911.htm
   2016-09-28 13:25:36
   Now scraping post http://www.haodf.com/wenda/drcyh_g_926415984.htm
   2016-09-28 13:25:37
   Now scraping post http://www.haodf.com/wenda/drcyh_g_919731622.htm
   2016-09-28 13:25:38
   Now scraping post http://www.haodf.com/wenda/drcyh_g_919631674.htm
   2016-09-28 13:25:39
   Now scraping post http://www.haodf.com/wenda/drcyh_g_914752773.htm
   2016-09-28 13:25:39
   Now scraping post http://www.haodf.com/wenda/drcyh_g_914424169.htm
   2016-09-28 13:25:40
   Now scraping post http://www.haodf.com/wenda/drcyh_g_914398413.htm
   2016-09-28 13:25:41
   Now scraping post http://www.haodf.com/wenda/drcyh_g_914260248.htm
   2016-09-28 13:25:42
   Now scraping post http://www.haodf.com/wenda/drcyh_g_906624452.htm
   2016-09-28 13:25:43
   Now scraping post http://www.haodf.com/wenda/drcyh_g_905758348.htm
   2016-09-28 13:25:44
   Now scraping post http://www.haodf.com/wenda/drcyh_g_904493478.htm
  2016-09-28 13:25:44
  Now scraping page 15
   2016-09-28 13:25:45
   Now scraping post http://www.haodf.com/wenda/drcyh_g_900286905.htm
   2016-09-28 13:25:46
   Now scraping post http://www.haodf.com/wenda/drcyh_g_738598486.htm
   2016-09-28 13:25:47
   Now scraping post http://www.haodf.com/wenda/drcyh_g_898676100.htm
   2016-09-28 13:25:48
   Now scraping post http://www.haodf.com/wenda/drcyh_g_875361463.htm
   2016-09-28 13:25:48
   Now scraping post http://www.haodf.com/wenda/drcyh_g_880410329.htm
   2016-09-28 13:25:49
   Now scraping post http://www.haodf.com/wenda/drcyh_g_875364185.htm
   2016-09-28 13:25:50
   Now scraping post http://www.haodf.com/wenda/drcyh_g_874869552.htm
   2016-09-28 13:25:51
   Now scraping post http://www.haodf.com/wenda/drcyh_g_637858771.htm
   2016-09-28 13:25:52
   Now scraping post http://www.haodf.com/wenda/drcyh_g_864042917.htm
   2016-09-28 13:25:53
   Now scraping post http://www.haodf.com/wenda/drcyh_g_771458881.htm
   2016-09-28 13:25:54
   Now scraping post http://www.haodf.com/wenda/drcyh_g_858526579.htm
   2016-09-28 13:25:55
   Now scraping post http://www.haodf.com/wenda/drcyh_g_853693922.htm
   2016-09-28 13:25:56
   Now scraping post http://www.haodf.com/wenda/drcyh_g_848664855.htm
   2016-09-28 13:25:58
   Now scraping post http://www.haodf.com/wenda/drcyh_g_826426471.htm
   2016-09-28 13:25:59
   Now scraping post http://www.haodf.com/wenda/drcyh_g_842867414.htm
   2016-09-28 13:26:00
   Now scraping post http://www.haodf.com/wenda/drcyh_g_837765901.htm
   2016-09-28 13:26:00
   Now scraping post http://www.haodf.com/wenda/drcyh_g_837389325.htm
   2016-09-28 13:26:01
   Now scraping post http://www.haodf.com/wenda/drcyh_g_685429805.htm
   2016-09-28 13:26:02
   Now scraping post http://www.haodf.com/wenda/drcyh_g_680603321.htm
   2016-09-28 13:26:03
   Now scraping post http://www.haodf.com/wenda/drcyh_g_831883773.htm
   2016-09-28 13:26:04
   Now scraping post http://www.haodf.com/wenda/drcyh_g_831486207.htm
   2016-09-28 13:26:05
   Now scraping post http://www.haodf.com/wenda/drcyh_g_826528352.htm
   2016-09-28 13:26:06
   Now scraping post http://www.haodf.com/wenda/drcyh_g_826380153.htm
   2016-09-28 13:26:07
   Now scraping post http://www.haodf.com/wenda/drcyh_g_820382628.htm
   2016-09-28 13:26:08
   Now scraping post http://www.haodf.com/wenda/drcyh_g_774910693.htm
  2016-09-28 13:26:09
  Now scraping page 16
   2016-09-28 13:26:10
   Now scraping post http://www.haodf.com/wenda/drcyh_g_811995652.htm
   2016-09-28 13:26:11
   Now scraping post http://www.haodf.com/wenda/drcyh_g_811980770.htm
   2016-09-28 13:26:12
   Now scraping post http://www.haodf.com/wenda/drcyh_g_810275130.htm
   2016-09-28 13:26:13
   Now scraping post http://www.haodf.com/wenda/drcyh_g_803056390.htm
   2016-09-28 13:26:13
   Now scraping post http://www.haodf.com/wenda/drcyh_g_802383499.htm
   2016-09-28 13:26:14
   Now scraping post http://www.haodf.com/wenda/drcyh_g_796319713.htm
   2016-09-28 13:26:15
   Now scraping post http://www.haodf.com/wenda/drcyh_g_795819332.htm
   2016-09-28 13:26:15
   Now scraping post http://www.haodf.com/wenda/drcyh_g_795671755.htm
   2016-09-28 13:26:16
   Now scraping post http://www.haodf.com/wenda/drcyh_g_770119415.htm
   2016-09-28 13:26:17
   Now scraping post http://www.haodf.com/wenda/drcyh_g_790275741.htm
   2016-09-28 13:26:18
   Now scraping post http://www.haodf.com/wenda/drcyh_g_784909979.htm
   2016-09-28 13:26:19
   Now scraping post http://www.haodf.com/wenda/drcyh_g_721840506.htm
   2016-09-28 13:26:20
   Now scraping post http://www.haodf.com/wenda/drcyh_g_782426482.htm
   2016-09-28 13:26:21
   Now scraping post http://www.haodf.com/wenda/drcyh_g_777710379.htm
   2016-09-28 13:26:21
   Now scraping post http://www.haodf.com/wenda/drcyh_g_777692857.htm
   2016-09-28 13:26:22
   Now scraping post http://www.haodf.com/wenda/drcyh_g_777541274.htm
   2016-09-28 13:26:23
   Now scraping post http://www.haodf.com/wenda/drcyh_g_777092756.htm
   2016-09-28 13:26:24
   Now scraping post http://www.haodf.com/wenda/drcyh_g_771672737.htm
   2016-09-28 13:26:25
   Now scraping post http://www.haodf.com/wenda/drcyh_g_771077912.htm
   2016-09-28 13:26:25
   Now scraping post http://www.haodf.com/wenda/drcyh_g_751069588.htm
   2016-09-28 13:26:26
   Now scraping post http://www.haodf.com/wenda/drcyh_g_769710535.htm
   2016-09-28 13:26:27
   Now scraping post http://www.haodf.com/wenda/drcyh_g_637859003.htm
   2016-09-28 13:26:28
   Now scraping post http://www.haodf.com/wenda/drcyh_g_764072958.htm
   2016-09-28 13:26:28
   Now scraping post http://www.haodf.com/wenda/drcyh_g_763850572.htm
   2016-09-28 13:26:29
   Now scraping post http://www.haodf.com/wenda/drcyh_g_754586444.htm
  2016-09-28 13:26:30
  Now scraping page 17
   2016-09-28 13:26:31
   Now scraping post http://www.haodf.com/wenda/drcyh_g_746324538.htm
   2016-09-28 13:26:32
   Now scraping post http://www.haodf.com/wenda/drcyh_g_761693566.htm
   2016-09-28 13:26:33
   Now scraping post http://www.haodf.com/wenda/drcyh_g_739899253.htm
   2016-09-28 13:26:33
   Now scraping post http://www.haodf.com/wenda/drcyh_g_751958603.htm
   2016-09-28 13:26:34
   Now scraping post http://www.haodf.com/wenda/drcyh_g_757622328.htm
   2016-09-28 13:26:35
   Now scraping post http://www.haodf.com/wenda/drcyh_g_751920730.htm
   2016-09-28 13:26:36
   Now scraping post http://www.haodf.com/wenda/drcyh_g_746256088.htm
   2016-09-28 13:26:36
   Now scraping post http://www.haodf.com/wenda/drcyh_g_742451758.htm
   2016-09-28 13:26:37
   Now scraping post http://www.haodf.com/wenda/drcyh_g_740848078.htm
   2016-09-28 13:26:38
   Now scraping post http://www.haodf.com/wenda/drcyh_g_739108365.htm
   2016-09-28 13:26:40
   Now scraping post http://www.haodf.com/wenda/drcyh_g_739089043.htm
   2016-09-28 13:26:40
   Now scraping post http://www.haodf.com/wenda/drcyh_g_738618689.htm
   2016-09-28 13:26:41
   Now scraping post http://www.haodf.com/wenda/drcyh_g_640567916.htm
   2016-09-28 13:26:42
   Now scraping post http://www.haodf.com/wenda/drcyh_g_637858468.htm
   2016-09-28 13:26:44
   Now scraping post http://www.haodf.com/wenda/drcyh_g_733303288.htm
   2016-09-28 13:26:44
   Now scraping post http://www.haodf.com/wenda/drcyh_g_727458099.htm
   2016-09-28 13:26:45
   Now scraping post http://www.haodf.com/wenda/drcyh_g_721865491.htm
   2016-09-28 13:26:46
   Now scraping post http://www.haodf.com/wenda/drcyh_g_721845185.htm
   2016-09-28 13:26:47
   Now scraping post http://www.haodf.com/wenda/drcyh_g_721841666.htm
   2016-09-28 13:26:48
   Now scraping post http://www.haodf.com/wenda/drcyh_g_717442525.htm
   2016-09-28 13:26:49
   Now scraping post http://www.haodf.com/wenda/drcyh_g_637858670.htm
   2016-09-28 13:26:50
   Now scraping post http://www.haodf.com/wenda/drcyh_g_712895330.htm
   2016-09-28 13:26:51
   Now scraping post http://www.haodf.com/wenda/drcyh_g_712859867.htm
   2016-09-28 13:26:52
   Now scraping post http://www.haodf.com/wenda/drcyh_g_711728968.htm
   2016-09-28 13:26:53
   Now scraping post http://www.haodf.com/wenda/drcyh_g_704005277.htm
  2016-09-28 13:26:54
  Now scraping page 18
   2016-09-28 13:26:54
   Now scraping post http://www.haodf.com/wenda/drcyh_g_696907011.htm
   2016-09-28 13:26:55
   Now scraping post http://www.haodf.com/wenda/drcyh_g_703392849.htm
   2016-09-28 13:26:56
   Now scraping post http://www.haodf.com/wenda/drcyh_g_701053547.htm
   2016-09-28 13:26:57
   Now scraping post http://www.haodf.com/wenda/drcyh_g_652555855.htm
   2016-09-28 13:26:58
   Now scraping post http://www.haodf.com/wenda/drcyh_g_697350479.htm
   2016-09-28 13:26:59
   Now scraping post http://www.haodf.com/wenda/drcyh_g_685720829.htm
   2016-09-28 13:27:00
   Now scraping post http://www.haodf.com/wenda/drcyh_g_685433001.htm
   2016-09-28 13:27:01
   Now scraping post http://www.haodf.com/wenda/drcyh_g_680676956.htm
   2016-09-28 13:27:02
   Now scraping post http://www.haodf.com/wenda/drcyh_g_678129819.htm
   2016-09-28 13:27:03
   Now scraping post http://www.haodf.com/wenda/drcyh_g_676759993.htm
   2016-09-28 13:27:04
   Now scraping post http://www.haodf.com/wenda/drcyh_g_675369164.htm
   2016-09-28 13:27:05
   Now scraping post http://www.haodf.com/wenda/drcyh_g_672001568.htm
   2016-09-28 13:27:06
   Now scraping post http://www.haodf.com/wenda/drcyh_g_671792858.htm
   2016-09-28 13:27:07
   Now scraping post http://www.haodf.com/wenda/drcyh_g_637858998.htm
   2016-09-28 13:27:08
   Now scraping post http://www.haodf.com/wenda/drcyh_g_667752594.htm
   2016-09-28 13:27:09
   Now scraping post http://www.haodf.com/wenda/drcyh_g_666577873.htm
   2016-09-28 13:27:10
   Now scraping post http://www.haodf.com/wenda/drcyh_g_661274414.htm
   2016-09-28 13:27:12
   Now scraping post http://www.haodf.com/wenda/drcyh_g_661279905.htm
   2016-09-28 13:27:13
   Now scraping post http://www.haodf.com/wenda/drcyh_g_652531983.htm
   2016-09-28 13:27:15
   Now scraping post http://www.haodf.com/wenda/drcyh_g_661281290.htm
   2016-09-28 13:27:16
   Now scraping post http://www.haodf.com/wenda/drcyh_g_661279039.htm
   2016-09-28 13:27:17
   Now scraping post http://www.haodf.com/wenda/drcyh_g_661277625.htm
   2016-09-28 13:27:18
   Now scraping post http://www.haodf.com/wenda/drcyh_g_661276418.htm
   2016-09-28 13:27:19
   Now scraping post http://www.haodf.com/wenda/drcyh_g_661275788.htm
   2016-09-28 13:27:20
   Now scraping post http://www.haodf.com/wenda/drcyh_g_661218247.htm
  2016-09-28 13:27:21
  Now scraping page 19
   2016-09-28 13:27:21
   Now scraping post http://www.haodf.com/wenda/drcyh_g_660310057.htm
   2016-09-28 13:27:22
   Now scraping post http://www.haodf.com/wenda/drcyh_g_659045278.htm
   2016-09-28 13:27:22
   Now scraping post http://www.haodf.com/wenda/drcyh_g_659114146.htm
   2016-09-28 13:27:23
   Now scraping post http://www.haodf.com/wenda/drcyh_g_658627953.htm
   2016-09-28 13:27:24
   Now scraping post http://www.haodf.com/wenda/drcyh_g_637858837.htm
   2016-09-28 13:27:25
   Now scraping post http://www.haodf.com/wenda/drcyh_g_658612908.htm
   2016-09-28 13:27:26
   Now scraping post http://www.haodf.com/wenda/drcyh_g_658607798.htm
   2016-09-28 13:27:27
   Now scraping post http://www.haodf.com/wenda/drcyh_g_640569086.htm
   2016-09-28 13:27:28
   Now scraping post http://www.haodf.com/wenda/drcyh_g_652509856.htm
   2016-09-28 13:27:29
   Now scraping post http://www.haodf.com/wenda/drcyh_g_656214737.htm
   2016-09-28 13:27:30
   Now scraping post http://www.haodf.com/wenda/drcyh_g_637858848.htm
   2016-09-28 13:27:31
   Now scraping post http://www.haodf.com/wenda/drcyh_g_652559163.htm
   2016-09-28 13:27:31
   Now scraping post http://www.haodf.com/wenda/drcyh_g_652554248.htm
   2016-09-28 13:27:33
   Now scraping post http://www.haodf.com/wenda/drcyh_g_640566165.htm
   2016-09-28 13:27:33
   Now scraping post http://www.haodf.com/wenda/drcyh_g_652519611.htm
   2016-09-28 13:27:34
   Now scraping post http://www.haodf.com/wenda/drcyh_g_652550302.htm
   2016-09-28 13:27:35
   Now scraping post http://www.haodf.com/wenda/drcyh_g_652546227.htm
   2016-09-28 13:27:36
   Now scraping post http://www.haodf.com/wenda/drcyh_g_652544714.htm
   2016-09-28 13:27:37
   Now scraping post http://www.haodf.com/wenda/drcyh_g_652511072.htm
   2016-09-28 13:27:38
   Now scraping post http://www.haodf.com/wenda/drcyh_g_652537981.htm
   2016-09-28 13:27:39
   Now scraping post http://www.haodf.com/wenda/drcyh_g_637858839.htm
   2016-09-28 13:27:40
   Now scraping post http://www.haodf.com/wenda/drcyh_g_652534470.htm
   2016-09-28 13:27:41
   Now scraping post http://www.haodf.com/wenda/drcyh_g_652526392.htm
   2016-09-28 13:27:42
   Now scraping post http://www.haodf.com/wenda/drcyh_g_652521078.htm
   2016-09-28 13:27:44
   Now scraping post http://www.haodf.com/wenda/drcyh_g_637858814.htm
  2016-09-28 13:27:45
  Now scraping page 20
   2016-09-28 13:27:45
   Now scraping post http://www.haodf.com/wenda/drcyh_g_652504948.htm
   2016-09-28 13:27:46
   Now scraping post http://www.haodf.com/wenda/drcyh_g_652502558.htm
   2016-09-28 13:27:47
   Now scraping post http://www.haodf.com/wenda/drcyh_g_652499783.htm
   2016-09-28 13:27:48
   Now scraping post http://www.haodf.com/wenda/drcyh_g_652492676.htm
   2016-09-28 13:27:49
   Now scraping post http://www.haodf.com/wenda/drcyh_g_637858836.htm
   2016-09-28 13:27:51
   Now scraping post http://www.haodf.com/wenda/drcyh_g_640578787.htm
   2016-09-28 13:27:52
   Now scraping post http://www.haodf.com/wenda/drcyh_g_640564509.htm
   2016-09-28 13:27:53
   Now scraping post http://www.haodf.com/wenda/drcyh_g_640577163.htm
   2016-09-28 13:27:54
   Now scraping post http://www.haodf.com/wenda/drcyh_g_640575460.htm
   2016-09-28 13:27:55
   Now scraping post http://www.haodf.com/wenda/drcyh_g_637858847.htm
   2016-09-28 13:27:56
   Now scraping post http://www.haodf.com/wenda/drcyh_g_637858844.htm
   2016-09-28 13:27:57
   Now scraping post http://www.haodf.com/wenda/drcyh_g_640571444.htm
   2016-09-28 13:27:58
   Now scraping post http://www.haodf.com/wenda/drcyh_g_640570817.htm
   2016-09-28 13:27:59
   Now scraping post http://www.haodf.com/wenda/drcyh_g_640570256.htm
   2016-09-28 13:28:00
   Now scraping post http://www.haodf.com/wenda/drcyh_g_640569670.htm
   2016-09-28 13:28:02
   Now scraping post http://www.haodf.com/wenda/drcyh_g_640567113.htm
   2016-09-28 13:28:03
   Now scraping post http://www.haodf.com/wenda/drcyh_g_640565524.htm
   2016-09-28 13:28:04
   Now scraping post http://www.haodf.com/wenda/drcyh_g_640563628.htm
   2016-09-28 13:28:05
   Now scraping post http://www.haodf.com/wenda/drcyh_g_648745620.htm
   2016-09-28 13:28:06
   Now scraping post http://www.haodf.com/wenda/drcyh_g_637858923.htm
   2016-09-28 13:28:07
   Now scraping post http://www.haodf.com/wenda/drcyh_g_637858845.htm
   2016-09-28 13:28:08
   Now scraping post http://www.haodf.com/wenda/drcyh_g_637858846.htm
   2016-09-28 13:28:09
   Now scraping post http://www.haodf.com/wenda/drcyh_g_637858841.htm
   2016-09-28 13:28:10
   Now scraping post http://www.haodf.com/wenda/drcyh_g_637858922.htm
   2016-09-28 13:28:10
   Now scraping post http://www.haodf.com/wenda/drcyh_g_637858833.htm
  2016-09-28 13:28:11
  Now scraping page 21
   2016-09-28 13:28:12
   Now scraping post http://www.haodf.com/wenda/drcyh_g_637858843.htm
   2016-09-28 13:28:13
   Now scraping post http://www.haodf.com/wenda/drcyh_g_637858840.htm
   2016-09-28 13:28:14
   Now scraping post http://www.haodf.com/wenda/drcyh_g_637858842.htm
   2016-09-28 13:28:15
   Now scraping post http://www.haodf.com/wenda/drcyh_g_637858834.htm
   2016-09-28 13:28:16
   Now scraping post http://www.haodf.com/wenda/drcyh_g_637858820.htm
   2016-09-28 13:28:17
   Now scraping post http://www.haodf.com/wenda/drcyh_g_637859002.htm
   2016-09-28 13:28:18
   Now scraping post http://www.haodf.com/wenda/drcyh_g_637859001.htm
   2016-09-28 13:28:19
   Now scraping post http://www.haodf.com/wenda/drcyh_g_637859000.htm
   2016-09-28 13:28:20
   Now scraping post http://www.haodf.com/wenda/drcyh_g_637858835.htm
   2016-09-28 13:28:20
   Now scraping post http://www.haodf.com/wenda/drcyh_g_637858819.htm
   2016-09-28 13:28:21
   Now scraping post http://www.haodf.com/wenda/drcyh_g_637858822.htm
   2016-09-28 13:28:22
   Now scraping post http://www.haodf.com/wenda/drcyh_g_637858613.htm
   2016-09-28 13:28:23
   Now scraping post http://www.haodf.com/wenda/drcyh_g_637858804.htm
   2016-09-28 13:28:25
   Now scraping post http://www.haodf.com/wenda/drcyh_g_637858823.htm
   2016-09-28 13:28:26
   Now scraping post http://www.haodf.com/wenda/drcyh_g_637858821.htm
   2016-09-28 13:28:27
   Now scraping post http://www.haodf.com/wenda/drcyh_g_637858818.htm
   2016-09-28 13:28:28
   Now scraping post http://www.haodf.com/wenda/drcyh_g_637858817.htm
   2016-09-28 13:28:29
   Now scraping post http://www.haodf.com/wenda/drcyh_g_637858816.htm
   2016-09-28 13:28:30
   Now scraping post http://www.haodf.com/wenda/drcyh_g_637858999.htm
   2016-09-28 13:28:31
   Now scraping post http://www.haodf.com/wenda/drcyh_g_637858921.htm
   2016-09-28 13:28:31
   Now scraping post http://www.haodf.com/wenda/drcyh_g_637858997.htm
   2016-09-28 13:28:32
   Now scraping post http://www.haodf.com/wenda/drcyh_g_637858996.htm
   2016-09-28 13:28:34
   Now scraping post http://www.haodf.com/wenda/drcyh_g_637858995.htm
   2016-09-28 13:28:34
   Now scraping post http://www.haodf.com/wenda/drcyh_g_637858811.htm
   2016-09-28 13:28:36
   Now scraping post http://www.haodf.com/wenda/drcyh_g_637858815.htm
  2016-09-28 13:28:37
  Now scraping page 22
   2016-09-28 13:28:37
   Now scraping post http://www.haodf.com/wenda/drcyh_g_637858813.htm
   2016-09-28 13:28:38
   Now scraping post http://www.haodf.com/wenda/drcyh_g_637858812.htm
   2016-09-28 13:28:39
   Now scraping post http://www.haodf.com/wenda/drcyh_g_637858701.htm
   2016-09-28 13:28:40
   Now scraping post http://www.haodf.com/wenda/drcyh_g_637858803.htm
   2016-09-28 13:28:41
   Now scraping post http://www.haodf.com/wenda/drcyh_g_637858810.htm
   2016-09-28 13:28:42
   Now scraping post http://www.haodf.com/wenda/drcyh_g_637858766.htm
   2016-09-28 13:28:44
   Now scraping post http://www.haodf.com/wenda/drcyh_g_637858802.htm
   2016-09-28 13:28:45
   Now scraping post http://www.haodf.com/wenda/drcyh_g_637858805.htm
   2016-09-28 13:28:46
   Now scraping post http://www.haodf.com/wenda/drcyh_g_637858994.htm
   2016-09-28 13:28:46
   Now scraping post http://www.haodf.com/wenda/drcyh_g_637858920.htm
   2016-09-28 13:28:47
   Now scraping post http://www.haodf.com/wenda/drcyh_g_637858993.htm
   2016-09-28 13:28:48
   Now scraping post http://www.haodf.com/wenda/drcyh_g_637858992.htm
   2016-09-28 13:28:49
   Now scraping post http://www.haodf.com/wenda/drcyh_g_637858991.htm
   2016-09-28 13:28:50
   Now scraping post http://www.haodf.com/wenda/drcyh_g_637858990.htm
   2016-09-28 13:28:50
   Now scraping post http://www.haodf.com/wenda/drcyh_g_637858989.htm
   2016-09-28 13:28:51
   Now scraping post http://www.haodf.com/wenda/drcyh_g_637858988.htm
   2016-09-28 13:28:52
   Now scraping post http://www.haodf.com/wenda/drcyh_g_637858801.htm
   2016-09-28 13:28:53
   Now scraping post http://www.haodf.com/wenda/drcyh_g_637858800.htm
   2016-09-28 13:28:54
   Now scraping post http://www.haodf.com/wenda/drcyh_g_637858919.htm
   2016-09-28 13:28:55
   Now scraping post http://www.haodf.com/wenda/drcyh_g_637858918.htm
   2016-09-28 13:28:57
   Now scraping post http://www.haodf.com/wenda/drcyh_g_637858987.htm
   2016-09-28 13:28:57
   Now scraping post http://www.haodf.com/wenda/drcyh_g_637858917.htm
   2016-09-28 13:28:58
   Now scraping post http://www.haodf.com/wenda/drcyh_g_637858916.htm
   2016-09-28 13:28:59
   Now scraping post http://www.haodf.com/wenda/drcyh_g_637858986.htm
   2016-09-28 13:29:00
   Now scraping post http://www.haodf.com/wenda/drcyh_g_637858985.htm
  2016-09-28 13:29:01
  Now scraping page 23
   2016-09-28 13:29:01
   Now scraping post http://www.haodf.com/wenda/drcyh_g_637858915.htm
   2016-09-28 13:29:02
   Now scraping post http://www.haodf.com/wenda/drcyh_g_637858798.htm
   2016-09-28 13:29:03
   Now scraping post http://www.haodf.com/wenda/drcyh_g_637858799.htm
   2016-09-28 13:29:04
   Now scraping post http://www.haodf.com/wenda/drcyh_g_637858790.htm
   2016-09-28 13:29:05
   Now scraping post http://www.haodf.com/wenda/drcyh_g_637858788.htm
   2016-09-28 13:29:06
   Now scraping post http://www.haodf.com/wenda/drcyh_g_637858789.htm
   2016-09-28 13:29:07
   Now scraping post http://www.haodf.com/wenda/drcyh_g_637858776.htm
   2016-09-28 13:29:08
   Now scraping post http://www.haodf.com/wenda/drcyh_g_637858797.htm
   2016-09-28 13:29:09
   Now scraping post http://www.haodf.com/wenda/drcyh_g_637858779.htm
   2016-09-28 13:29:10
   Now scraping post http://www.haodf.com/wenda/drcyh_g_637858787.htm
   2016-09-28 13:29:11
   Now scraping post http://www.haodf.com/wenda/drcyh_g_637858753.htm
   2016-09-28 13:29:12
   Now scraping post http://www.haodf.com/wenda/drcyh_g_637858785.htm
   2016-09-28 13:29:13
   Now scraping post http://www.haodf.com/wenda/drcyh_g_637858784.htm
   2016-09-28 13:29:14
   Now scraping post http://www.haodf.com/wenda/drcyh_g_637858782.htm
   2016-09-28 13:29:15
   Now scraping post http://www.haodf.com/wenda/drcyh_g_637858783.htm
   2016-09-28 13:29:16
   Now scraping post http://www.haodf.com/wenda/drcyh_g_637858778.htm
   2016-09-28 13:29:18
   Now scraping post http://www.haodf.com/wenda/drcyh_g_637858777.htm
   2016-09-28 13:29:18
   Now scraping post http://www.haodf.com/wenda/drcyh_g_637858775.htm
   2016-09-28 13:29:19
   Now scraping post http://www.haodf.com/wenda/drcyh_g_637858786.htm
   2016-09-28 13:29:20
   Now scraping post http://www.haodf.com/wenda/drcyh_g_637858774.htm
   2016-09-28 13:29:21
   Now scraping post http://www.haodf.com/wenda/drcyh_g_637858764.htm
   2016-09-28 13:29:22
   Now scraping post http://www.haodf.com/wenda/drcyh_g_637858760.htm
   2016-09-28 13:29:23
   Now scraping post http://www.haodf.com/wenda/drcyh_g_637858751.htm
   2016-09-28 13:29:24
   Now scraping post http://www.haodf.com/wenda/drcyh_g_637858667.htm
   2016-09-28 13:29:25
   Now scraping post http://www.haodf.com/wenda/drcyh_g_637858768.htm
  2016-09-28 13:29:26
  Now scraping page 24
   2016-09-28 13:29:27
   Now scraping post http://www.haodf.com/wenda/drcyh_g_637858763.htm
   2016-09-28 13:29:28
   Now scraping post http://www.haodf.com/wenda/drcyh_g_637858756.htm
   2016-09-28 13:29:29
   Now scraping post http://www.haodf.com/wenda/drcyh_g_637858755.htm
   2016-09-28 13:29:30
   Now scraping post http://www.haodf.com/wenda/drcyh_g_637858750.htm
   2016-09-28 13:29:31
   Now scraping post http://www.haodf.com/wenda/drcyh_g_637858773.htm
   2016-09-28 13:29:32
   Now scraping post http://www.haodf.com/wenda/drcyh_g_637858765.htm
   2016-09-28 13:29:33
   Now scraping post http://www.haodf.com/wenda/drcyh_g_637858749.htm
   2016-09-28 13:29:34
   Now scraping post http://www.haodf.com/wenda/drcyh_g_637858762.htm
   2016-09-28 13:29:35
   Now scraping post http://www.haodf.com/wenda/drcyh_g_637858761.htm
   2016-09-28 13:29:36
   Now scraping post http://www.haodf.com/wenda/drcyh_g_637858767.htm
   2016-09-28 13:29:37
   Now scraping post http://www.haodf.com/wenda/drcyh_g_637858752.htm
   2016-09-28 13:29:38
   Now scraping post http://www.haodf.com/wenda/drcyh_g_637858772.htm
   2016-09-28 13:29:39
   Now scraping post http://www.haodf.com/wenda/drcyh_g_637858770.htm
   2016-09-28 13:29:40
   Now scraping post http://www.haodf.com/wenda/drcyh_g_637858769.htm
   2016-09-28 13:29:41
   Now scraping post http://www.haodf.com/wenda/drcyh_g_637858754.htm
   2016-09-28 13:29:42
   Now scraping post http://www.haodf.com/wenda/drcyh_g_637858734.htm
   2016-09-28 13:29:43
   Now scraping post http://www.haodf.com/wenda/drcyh_g_637858708.htm
   2016-09-28 13:29:43
   Now scraping post http://www.haodf.com/wenda/drcyh_g_637858721.htm
   2016-09-28 13:29:44
   Now scraping post http://www.haodf.com/wenda/drcyh_g_637858732.htm
   2016-09-28 13:29:45
   Now scraping post http://www.haodf.com/wenda/drcyh_g_637858731.htm
   2016-09-28 13:29:46
   Now scraping post http://www.haodf.com/wenda/drcyh_g_637858737.htm
   2016-09-28 13:29:47
   Now scraping post http://www.haodf.com/wenda/drcyh_g_637858736.htm
   2016-09-28 13:29:48
   Now scraping post http://www.haodf.com/wenda/drcyh_g_637858733.htm
   2016-09-28 13:29:49
   Now scraping post http://www.haodf.com/wenda/drcyh_g_637858730.htm
   2016-09-28 13:29:50
   Now scraping post http://www.haodf.com/wenda/drcyh_g_637858729.htm
  2016-09-28 13:29:50
  Now scraping page 25
   2016-09-28 13:29:51
   Now scraping post http://www.haodf.com/wenda/drcyh_g_637858735.htm
   2016-09-28 13:29:52
   Now scraping post http://www.haodf.com/wenda/drcyh_g_637858683.htm
   2016-09-28 13:29:53
   Now scraping post http://www.haodf.com/wenda/drcyh_g_637858728.htm
   2016-09-28 13:29:54
   Now scraping post http://www.haodf.com/wenda/drcyh_g_637858707.htm
   2016-09-28 13:29:55
   Now scraping post http://www.haodf.com/wenda/drcyh_g_637858722.htm
   2016-09-28 13:29:56
   Now scraping post http://www.haodf.com/wenda/drcyh_g_637858706.htm
   2016-09-28 13:31:14
   Now scraping post http://www.haodf.com/wenda/drcyh_g_637858703.htm
   2016-09-28 13:31:15
   Now scraping post http://www.haodf.com/wenda/drcyh_g_637858705.htm
   2016-09-28 13:31:16
   Now scraping post http://www.haodf.com/wenda/drcyh_g_637858704.htm
   2016-09-28 13:31:17
   Now scraping post http://www.haodf.com/wenda/drcyh_g_637858720.htm
   2016-09-28 13:31:18
   Now scraping post http://www.haodf.com/wenda/drcyh_g_637858695.htm
   2016-09-28 13:31:18
   Now scraping post http://www.haodf.com/wenda/drcyh_g_637858677.htm
   2016-09-28 13:31:19
   Now scraping post http://www.haodf.com/wenda/drcyh_g_637858702.htm
   2016-09-28 13:31:21
   Now scraping post http://www.haodf.com/wenda/drcyh_g_637858674.htm
   2016-09-28 13:31:22
   Now scraping post http://www.haodf.com/wenda/drcyh_g_637858682.htm
   2016-09-28 13:31:23
   Now scraping post http://www.haodf.com/wenda/drcyh_g_637858676.htm
   2016-09-28 13:31:24
   Now scraping post http://www.haodf.com/wenda/drcyh_g_637858675.htm
   2016-09-28 13:31:25
   Now scraping post http://www.haodf.com/wenda/drcyh_g_637858668.htm
   2016-09-28 13:31:26
   Now scraping post http://www.haodf.com/wenda/drcyh_g_637858698.htm
   2016-09-28 13:31:26
   Now scraping post http://www.haodf.com/wenda/drcyh_g_637858696.htm
   2016-09-28 13:31:27
   Now scraping post http://www.haodf.com/wenda/drcyh_g_637858681.htm
   2016-09-28 13:31:28
   Now scraping post http://www.haodf.com/wenda/drcyh_g_637858680.htm
   2016-09-28 13:31:29
   Now scraping post http://www.haodf.com/wenda/drcyh_g_637858679.htm
   2016-09-28 13:31:31
   Now scraping post http://www.haodf.com/wenda/drcyh_g_637858678.htm
   2016-09-28 13:31:32
   Now scraping post http://www.haodf.com/wenda/drcyh_g_637858697.htm
  2016-09-28 13:31:33
  Now scraping page 26
   2016-09-28 13:31:33
   Now scraping post http://www.haodf.com/wenda/drcyh_g_637858673.htm
   2016-09-28 13:31:34
   Now scraping post http://www.haodf.com/wenda/drcyh_g_637858626.htm
   2016-09-28 13:31:35
   Now scraping post http://www.haodf.com/wenda/drcyh_g_637858648.htm
   2016-09-28 13:31:37
   Now scraping post http://www.haodf.com/wenda/drcyh_g_637858700.htm
   2016-09-28 13:31:38
   Now scraping post http://www.haodf.com/wenda/drcyh_g_637858699.htm
   2016-09-28 13:31:39
   Now scraping post http://www.haodf.com/wenda/drcyh_g_637858605.htm
   2016-09-28 13:31:40
   Now scraping post http://www.haodf.com/wenda/drcyh_g_637858635.htm
   2016-09-28 13:31:41
   Now scraping post http://www.haodf.com/wenda/drcyh_g_637858649.htm
   2016-09-28 13:31:41
   Now scraping post http://www.haodf.com/wenda/drcyh_g_637858650.htm
   2016-09-28 13:31:42
   Now scraping post http://www.haodf.com/wenda/drcyh_g_637858647.htm
   2016-09-28 13:31:44
   Now scraping post http://www.haodf.com/wenda/drcyh_g_637858644.htm
   2016-09-28 13:31:44
   Now scraping post http://www.haodf.com/wenda/drcyh_g_637858581.htm
   2016-09-28 13:31:45
   Now scraping post http://www.haodf.com/wenda/drcyh_g_637858646.htm
   2016-09-28 13:31:46
   Now scraping post http://www.haodf.com/wenda/drcyh_g_637858645.htm
   2016-09-28 13:31:47
   Now scraping post http://www.haodf.com/wenda/drcyh_g_637858643.htm
   2016-09-28 13:31:49
   Now scraping post http://www.haodf.com/wenda/drcyh_g_637858639.htm
   2016-09-28 13:31:50
   Now scraping post http://www.haodf.com/wenda/drcyh_g_637858671.htm
   2016-09-28 13:31:51
   Now scraping post http://www.haodf.com/wenda/drcyh_g_637858669.htm
   2016-09-28 13:31:52
   Now scraping post http://www.haodf.com/wenda/drcyh_g_637858623.htm
   2016-09-28 13:31:52
   Now scraping post http://www.haodf.com/wenda/drcyh_g_637858672.htm
   2016-09-28 13:31:53
   Now scraping post http://www.haodf.com/wenda/drcyh_g_637858902.htm
   2016-09-28 13:31:54
   Now scraping post http://www.haodf.com/wenda/drcyh_g_637858633.htm
   2016-09-28 13:31:55
   Now scraping post http://www.haodf.com/wenda/drcyh_g_637858637.htm
   2016-09-28 13:31:56
   Now scraping post http://www.haodf.com/wenda/drcyh_g_637858642.htm
   2016-09-28 13:31:57
   Now scraping post http://www.haodf.com/wenda/drcyh_g_637858625.htm
  2016-09-28 13:31:58
  Now scraping page 27
   2016-09-28 13:31:58
   Now scraping post http://www.haodf.com/wenda/drcyh_g_637858641.htm
   2016-09-28 13:31:59
   Now scraping post http://www.haodf.com/wenda/drcyh_g_637858640.htm
   2016-09-28 13:32:00
   Now scraping post http://www.haodf.com/wenda/drcyh_g_637858627.htm
   2016-09-28 13:32:01
   Now scraping post http://www.haodf.com/wenda/drcyh_g_637858636.htm
   2016-09-28 13:32:03
   Now scraping post http://www.haodf.com/wenda/drcyh_g_637858622.htm
   2016-09-28 13:32:03
   Now scraping post http://www.haodf.com/wenda/drcyh_g_637858624.htm
   2016-09-28 13:32:04
   Now scraping post http://www.haodf.com/wenda/drcyh_g_637858634.htm
   2016-09-28 13:32:05
   Now scraping post http://www.haodf.com/wenda/drcyh_g_637858638.htm
   2016-09-28 13:32:06
   Now scraping post http://www.haodf.com/wenda/drcyh_g_637858620.htm
   2016-09-28 13:32:07
   Now scraping post http://www.haodf.com/wenda/drcyh_g_637858610.htm
   2016-09-28 13:32:08
   Now scraping post http://www.haodf.com/wenda/drcyh_g_637858567.htm
   2016-09-28 13:32:09
   Now scraping post http://www.haodf.com/wenda/drcyh_g_637858617.htm
   2016-09-28 13:32:10
   Now scraping post http://www.haodf.com/wenda/drcyh_g_637858616.htm
   2016-09-28 13:32:11
   Now scraping post http://www.haodf.com/wenda/drcyh_g_637858621.htm
   2016-09-28 13:32:13
   Now scraping post http://www.haodf.com/wenda/drcyh_g_637858618.htm
   2016-09-28 13:32:14
   Now scraping post http://www.haodf.com/wenda/drcyh_g_637858619.htm
   2016-09-28 13:32:15
   Now scraping post http://www.haodf.com/wenda/drcyh_g_637858580.htm
   2016-09-28 13:32:16
   Now scraping post http://www.haodf.com/wenda/drcyh_g_637858611.htm
   2016-09-28 13:32:17
   Now scraping post http://www.haodf.com/wenda/drcyh_g_637858609.htm
   2016-09-28 13:32:18
   Now scraping post http://www.haodf.com/wenda/drcyh_g_637858604.htm
   2016-09-28 13:32:19
   Now scraping post http://www.haodf.com/wenda/drcyh_g_637858615.htm
   2016-09-28 13:32:20
   Now scraping post http://www.haodf.com/wenda/drcyh_g_637858614.htm
   2016-09-28 13:32:20
   Now scraping post http://www.haodf.com/wenda/drcyh_g_637858599.htm
   2016-09-28 13:32:22
   Now scraping post http://www.haodf.com/wenda/drcyh_g_637858606.htm
   2016-09-28 13:32:22
   Now scraping post http://www.haodf.com/wenda/drcyh_g_637858608.htm
  2016-09-28 13:32:23
  Now scraping page 28
   2016-09-28 13:32:24
   Now scraping post http://www.haodf.com/wenda/drcyh_g_637858607.htm
   2016-09-28 13:32:25
   Now scraping post http://www.haodf.com/wenda/drcyh_g_637858603.htm
   2016-09-28 13:32:26
   Now scraping post http://www.haodf.com/wenda/drcyh_g_637858600.htm
   2016-09-28 13:32:27
   Now scraping post http://www.haodf.com/wenda/drcyh_g_637858612.htm
   2016-09-28 13:32:28
   Now scraping post http://www.haodf.com/wenda/drcyh_g_637858591.htm
   2016-09-28 13:32:29
   Now scraping post http://www.haodf.com/wenda/drcyh_g_637858587.htm
   2016-09-28 13:32:30
   Now scraping post http://www.haodf.com/wenda/drcyh_g_637858562.htm
   2016-09-28 13:32:31
   Now scraping post http://www.haodf.com/wenda/drcyh_g_637858592.htm
   2016-09-28 13:32:32
   Now scraping post http://www.haodf.com/wenda/drcyh_g_637858596.htm
   2016-09-28 13:32:33
   Now scraping post http://www.haodf.com/wenda/drcyh_g_637858602.htm
   2016-09-28 13:32:34
   Now scraping post http://www.haodf.com/wenda/drcyh_g_637858590.htm
   2016-09-28 13:32:35
   Now scraping post http://www.haodf.com/wenda/drcyh_g_637858589.htm
   2016-09-28 13:32:36
   Now scraping post http://www.haodf.com/wenda/drcyh_g_637858588.htm
   2016-09-28 13:32:37
   Now scraping post http://www.haodf.com/wenda/drcyh_g_637858583.htm
   2016-09-28 13:32:38
   Now scraping post http://www.haodf.com/wenda/drcyh_g_637858582.htm
   2016-09-28 13:32:39
   Now scraping post http://www.haodf.com/wenda/drcyh_g_637858598.htm
   2016-09-28 13:32:40
   Now scraping post http://www.haodf.com/wenda/drcyh_g_637858597.htm
   2016-09-28 13:32:41
   Now scraping post http://www.haodf.com/wenda/drcyh_g_637858595.htm
   2016-09-28 13:32:42
   Now scraping post http://www.haodf.com/wenda/drcyh_g_637858601.htm
   2016-09-28 13:32:43
   Now scraping post http://www.haodf.com/wenda/drcyh_g_637858568.htm
   2016-09-28 13:32:44
   Now scraping post http://www.haodf.com/wenda/drcyh_g_637858901.htm
   2016-09-28 13:32:44
   Now scraping post http://www.haodf.com/wenda/drcyh_g_637858566.htm
   2016-09-28 13:32:45
   Now scraping post http://www.haodf.com/wenda/drcyh_g_637858579.htm
   2016-09-28 13:32:46
   Now scraping post http://www.haodf.com/wenda/drcyh_g_637858535.htm
   2016-09-28 13:32:48
   Now scraping post http://www.haodf.com/wenda/drcyh_g_637858534.htm
  2016-09-28 13:32:49
  Now scraping page 29
   2016-09-28 13:32:49
   Now scraping post http://www.haodf.com/wenda/drcyh_g_637858526.htm
   2016-09-28 13:32:50
   Now scraping post http://www.haodf.com/wenda/drcyh_g_637858565.htm
   2016-09-28 13:32:51
   Now scraping post http://www.haodf.com/wenda/drcyh_g_637858531.htm
   2016-09-28 13:32:53
   Now scraping post http://www.haodf.com/wenda/drcyh_g_637858564.htm
   2016-09-28 13:32:54
   Now scraping post http://www.haodf.com/wenda/drcyh_g_637858528.htm
   2016-09-28 13:32:55
   Now scraping post http://www.haodf.com/wenda/drcyh_g_637858518.htm
   2016-09-28 13:32:56
   Now scraping post http://www.haodf.com/wenda/drcyh_g_637858530.htm
   2016-09-28 13:32:57
   Now scraping post http://www.haodf.com/wenda/drcyh_g_637858533.htm
   2016-09-28 13:32:58
   Now scraping post http://www.haodf.com/wenda/drcyh_g_637858532.htm
   2016-09-28 13:32:59
   Now scraping post http://www.haodf.com/wenda/drcyh_g_637858527.htm
   2016-09-28 13:33:00
   Now scraping post http://www.haodf.com/wenda/drcyh_g_637858529.htm
   2016-09-28 13:33:01
   Now scraping post http://www.haodf.com/wenda/drcyh_g_637858512.htm
   2016-09-28 13:33:02
   Now scraping post http://www.haodf.com/wenda/drcyh_g_637858563.htm
   2016-09-28 13:33:03
   Now scraping post http://www.haodf.com/wenda/drcyh_g_637858900.htm
   2016-09-28 13:34:59
   Now scraping post http://www.haodf.com/wenda/drcyh_g_637858516.htm
   2016-09-28 13:35:01
   Now scraping post http://www.haodf.com/wenda/drcyh_g_637858525.htm
   2016-09-28 13:35:02
   Now scraping post http://www.haodf.com/wenda/drcyh_g_637858515.htm
   2016-09-28 13:35:03
   Now scraping post http://www.haodf.com/wenda/drcyh_g_637858514.htm
   2016-09-28 13:35:04
   Now scraping post http://www.haodf.com/wenda/drcyh_g_637858513.htm
   2016-09-28 13:35:05
   Now scraping post http://www.haodf.com/wenda/drcyh_g_637858517.htm
   2016-09-28 13:35:05
   Now scraping post http://www.haodf.com/wenda/drcyh_g_637858899.htm
   2016-09-28 13:35:06
   Now scraping post http://www.haodf.com/wenda/drcyh_g_637858508.htm
   2016-09-28 13:35:08
   Now scraping post http://www.haodf.com/wenda/drcyh_g_637858510.htm
   2016-09-28 13:35:09
   Now scraping post http://www.haodf.com/wenda/drcyh_g_637858509.htm
   2016-09-28 13:35:10
   Now scraping post http://www.haodf.com/wenda/drcyh_g_637858511.htm
  2016-09-28 13:35:10
  Now scraping page 30
   2016-09-28 13:35:11
   Now scraping post http://www.haodf.com/wenda/drcyh_g_637858506.htm
   2016-09-28 13:35:12
   Now scraping post http://www.haodf.com/wenda/drcyh_g_637858984.htm
   2016-09-28 13:35:13
   Now scraping post http://www.haodf.com/wenda/drcyh_g_637858507.htm
   2016-09-28 13:35:14
   Now scraping post http://www.haodf.com/wenda/drcyh_g_637858504.htm
   2016-09-28 13:35:15
   Now scraping post http://www.haodf.com/wenda/drcyh_g_637858505.htm
   2016-09-28 13:35:16
   Now scraping post http://www.haodf.com/wenda/drcyh_g_637858503.htm
   2016-09-28 13:35:17
   Now scraping post http://www.haodf.com/wenda/drcyh_g_637858896.htm
   2016-09-28 13:35:18
   Now scraping post http://www.haodf.com/wenda/drcyh_g_637858500.htm
   2016-09-28 13:35:19
   Now scraping post http://www.haodf.com/wenda/drcyh_g_637858502.htm
   2016-09-28 13:35:20
   Now scraping post http://www.haodf.com/wenda/drcyh_g_637858501.htm
   2016-09-28 13:35:21
   Now scraping post http://www.haodf.com/wenda/drcyh_g_637858499.htm
   2016-09-28 13:35:21
   Now scraping post http://www.haodf.com/wenda/drcyh_g_637858498.htm
   2016-09-28 13:35:23
   Now scraping post http://www.haodf.com/wenda/drcyh_g_637858497.htm
   2016-09-28 13:35:23
   Now scraping post http://www.haodf.com/wenda/drcyh_g_637858493.htm
   2016-09-28 13:35:24
   Now scraping post http://www.haodf.com/wenda/drcyh_g_637858496.htm
   2016-09-28 13:35:26
   Now scraping post http://www.haodf.com/wenda/drcyh_g_637858492.htm
   2016-09-28 13:35:26
   Now scraping post http://www.haodf.com/wenda/drcyh_g_637858494.htm
   2016-09-28 13:35:28
   Now scraping post http://www.haodf.com/wenda/drcyh_g_637858495.htm
   2016-09-28 13:35:29
   Now scraping post http://www.haodf.com/wenda/drcyh_g_637858491.htm
   2016-09-28 13:35:30
   Now scraping post http://www.haodf.com/wenda/drcyh_g_637858488.htm
   2016-09-28 13:35:31
   Now scraping post http://www.haodf.com/wenda/drcyh_g_637858489.htm
   2016-09-28 13:35:32
   Now scraping post http://www.haodf.com/wenda/drcyh_g_637858490.htm
   2016-09-28 13:35:33
   Now scraping post http://www.haodf.com/wenda/drcyh_g_637858483.htm
   2016-09-28 13:35:33
   Now scraping post http://www.haodf.com/wenda/drcyh_g_637858482.htm
   2016-09-28 13:35:34
   Now scraping post http://www.haodf.com/wenda/drcyh_g_637858481.htm
  2016-09-28 13:35:35
  Now scraping page 31
   2016-09-28 13:35:35
   Now scraping post http://www.haodf.com/wenda/drcyh_g_637858478.htm
   2016-09-28 13:35:36
   Now scraping post http://www.haodf.com/wenda/drcyh_g_637858477.htm
   2016-09-28 13:35:37
   Now scraping post http://www.haodf.com/wenda/drcyh_g_637858480.htm
   2016-09-28 13:35:38
   Now scraping post http://www.haodf.com/wenda/drcyh_g_637858479.htm
   2016-09-28 13:35:39
   Now scraping post http://www.haodf.com/wenda/drcyh_g_637858470.htm
   2016-09-28 13:35:40
   Now scraping post http://www.haodf.com/wenda/drcyh_g_637858453.htm
   2016-09-28 13:35:40
   Now scraping post http://www.haodf.com/wenda/drcyh_g_637858476.htm
   2016-09-28 13:35:42
   Now scraping post http://www.haodf.com/wenda/drcyh_g_637858475.htm
   2016-09-28 13:35:43
   Now scraping post http://www.haodf.com/wenda/drcyh_g_637858467.htm
   2016-09-28 13:35:43
   Now scraping post http://www.haodf.com/wenda/drcyh_g_637858469.htm
   2016-09-28 13:35:45
   Now scraping post http://www.haodf.com/wenda/drcyh_g_637858451.htm
   2016-09-28 13:35:46
   Now scraping post http://www.haodf.com/wenda/drcyh_g_637858450.htm
   2016-09-28 13:35:47
   Now scraping post http://www.haodf.com/wenda/drcyh_g_637858452.htm
   2016-09-28 13:35:49
   Now scraping post http://www.haodf.com/wenda/drcyh_g_637858447.htm
   2016-09-28 13:35:50
   Now scraping post http://www.haodf.com/wenda/drcyh_g_637858448.htm
   2016-09-28 13:35:51
   Now scraping post http://www.haodf.com/wenda/drcyh_g_637858449.htm
   2016-09-28 13:35:52
   Now scraping post http://www.haodf.com/wenda/drcyh_g_637858445.htm
   2016-09-28 13:35:53
   Now scraping post http://www.haodf.com/wenda/drcyh_g_637858442.htm
   2016-09-28 13:35:54
   Now scraping post http://www.haodf.com/wenda/drcyh_g_637858440.htm
   2016-09-28 13:35:55
   Now scraping post http://www.haodf.com/wenda/drcyh_g_637858434.htm
   2016-09-28 13:35:56
   Now scraping post http://www.haodf.com/wenda/drcyh_g_637858431.htm
   2016-09-28 13:35:57
   Now scraping post http://www.haodf.com/wenda/drcyh_g_637858429.htm
   2016-09-28 13:35:58
   Now scraping post http://www.haodf.com/wenda/drcyh_g_637858425.htm
   2016-09-28 13:35:59
   Now scraping post http://www.haodf.com/wenda/drcyh_g_637858418.htm
   2016-09-28 13:36:01
   Now scraping post http://www.haodf.com/wenda/drcyh_g_637858408.htm
  2016-09-28 13:36:02
  Now scraping page 32
   2016-09-28 13:36:02
   Now scraping post http://www.haodf.com/wenda/drcyh_g_637858394.htm
   2016-09-28 13:36:03
   Now scraping post http://www.haodf.com/wenda/drcyh_g_637858406.htm
   2016-09-28 13:36:04
   Now scraping post http://www.haodf.com/wenda/drcyh_g_637858400.htm
   2016-09-28 13:36:05
   Now scraping post http://www.haodf.com/wenda/drcyh_g_637858399.htm
   2016-09-28 13:36:06
   Now scraping post http://www.haodf.com/wenda/drcyh_g_637858395.htm
   2016-09-28 13:36:07
   Now scraping post http://www.haodf.com/wenda/drcyh_g_637858391.htm
   2016-09-28 13:36:08
   Now scraping post http://www.haodf.com/wenda/drcyh_g_637858388.htm
   2016-09-28 13:36:09
   Now scraping post http://www.haodf.com/wenda/drcyh_g_637858387.htm
   2016-09-28 13:36:11
   Now scraping post http://www.haodf.com/wenda/drcyh_g_637858386.htm
   2016-09-28 13:36:12
   Now scraping post http://www.haodf.com/wenda/drcyh_g_637858385.htm
   2016-09-28 13:36:13
   Now scraping post http://www.haodf.com/wenda/drcyh_g_637858380.htm
   2016-09-28 13:36:14
   Now scraping post http://www.haodf.com/wenda/drcyh_g_637858379.htm
   2016-09-28 13:36:15
   Now scraping post http://www.haodf.com/wenda/drcyh_g_637858377.htm
   2016-09-28 13:36:16
   Now scraping post http://www.haodf.com/wenda/drcyh_g_637858352.htm
   2016-09-28 13:36:17
   Now scraping post http://www.haodf.com/wenda/drcyh_g_637858347.htm
   2016-09-28 13:36:18
   Now scraping post http://www.haodf.com/wenda/drcyh_g_637858444.htm
   2016-09-28 13:36:19
   Now scraping post http://www.haodf.com/wenda/drcyh_g_637858446.htm
   2016-09-28 13:36:21
   Now scraping post http://www.haodf.com/wenda/drcyh_g_637858443.htm
   2016-09-28 13:36:22
   Now scraping post http://www.haodf.com/wenda/drcyh_g_637858441.htm
   2016-09-28 13:36:23
   Now scraping post http://www.haodf.com/wenda/drcyh_g_637858437.htm
   2016-09-28 13:36:23
   Now scraping post http://www.haodf.com/wenda/drcyh_g_637858432.htm
   2016-09-28 13:36:25
   Now scraping post http://www.haodf.com/wenda/drcyh_g_637858435.htm
   2016-09-28 13:36:26
   Now scraping post http://www.haodf.com/wenda/drcyh_g_637858436.htm
   2016-09-28 13:36:27
   Now scraping post http://www.haodf.com/wenda/drcyh_g_637858438.htm
   2016-09-28 13:36:28
   Now scraping post http://www.haodf.com/wenda/drcyh_g_637858439.htm
  2016-09-28 13:36:29
  Now scraping page 33
   2016-09-28 13:36:29
   Now scraping post http://www.haodf.com/wenda/drcyh_g_637858433.htm
   2016-09-28 13:36:30
   Now scraping post http://www.haodf.com/wenda/drcyh_g_637858428.htm
   2016-09-28 13:36:31
   Now scraping post http://www.haodf.com/wenda/drcyh_g_637858430.htm
   2016-09-28 13:36:33
   Now scraping post http://www.haodf.com/wenda/drcyh_g_637858427.htm
   2016-09-28 13:36:33
   Now scraping post http://www.haodf.com/wenda/drcyh_g_637858426.htm
   2016-09-28 13:36:34
   Now scraping post http://www.haodf.com/wenda/drcyh_g_637858422.htm
   2016-09-28 13:36:35
   Now scraping post http://www.haodf.com/wenda/drcyh_g_637858383.htm
   2016-09-28 13:36:36
   Now scraping post http://www.haodf.com/wenda/drcyh_g_637858423.htm
   2016-09-28 13:36:38
   Now scraping post http://www.haodf.com/wenda/drcyh_g_637858424.htm
   2016-09-28 13:36:38
   Now scraping post http://www.haodf.com/wenda/drcyh_g_637858419.htm
   2016-09-28 13:36:41
   Now scraping post http://www.haodf.com/wenda/drcyh_g_637858420.htm
   2016-09-28 13:36:41
   Now scraping post http://www.haodf.com/wenda/drcyh_g_637858421.htm
   2016-09-28 13:36:42
   Now scraping post http://www.haodf.com/wenda/drcyh_g_637858407.htm
   2016-09-28 13:36:43
   Now scraping post http://www.haodf.com/wenda/drcyh_g_637858405.htm
   2016-09-28 13:36:44
   Now scraping post http://www.haodf.com/wenda/drcyh_g_637858392.htm
   2016-09-28 13:36:46
   Now scraping post http://www.haodf.com/wenda/drcyh_g_637858393.htm
   2016-09-28 13:36:47
   Now scraping post http://www.haodf.com/wenda/drcyh_g_637858396.htm
   2016-09-28 13:36:48
   Now scraping post http://www.haodf.com/wenda/drcyh_g_637858401.htm
   2016-09-28 13:36:49
   Now scraping post http://www.haodf.com/wenda/drcyh_g_637858384.htm
   2016-09-28 13:36:50
   Now scraping post http://www.haodf.com/wenda/drcyh_g_637858389.htm
   2016-09-28 13:36:51
   Now scraping post http://www.haodf.com/wenda/drcyh_g_637858390.htm
   2016-09-28 13:36:52
   Now scraping post http://www.haodf.com/wenda/drcyh_g_637858381.htm
   2016-09-28 13:36:53
   Now scraping post http://www.haodf.com/wenda/drcyh_g_637858382.htm
   2016-09-28 13:36:54
   Now scraping post http://www.haodf.com/wenda/drcyh_g_637858378.htm
   2016-09-28 13:36:55
   Now scraping post http://www.haodf.com/wenda/drcyh_g_637858349.htm
  2016-09-28 13:36:56
  Now scraping page 34
   2016-09-28 13:36:56
   Now scraping post http://www.haodf.com/wenda/drcyh_g_637858375.htm
   2016-09-28 13:36:57
   Now scraping post http://www.haodf.com/wenda/drcyh_g_637858351.htm
   2016-09-28 13:36:58
   Now scraping post http://www.haodf.com/wenda/drcyh_g_637858376.htm
   2016-09-28 13:36:59
   Now scraping post http://www.haodf.com/wenda/drcyh_g_637858353.htm
   2016-09-28 13:36:59
   Now scraping post http://www.haodf.com/wenda/drcyh_g_637858354.htm
   2016-09-28 13:37:00
   Now scraping post http://www.haodf.com/wenda/drcyh_g_637858350.htm
   2016-09-28 13:37:01
   Now scraping post http://www.haodf.com/wenda/drcyh_g_637858348.htm
   2016-09-28 13:37:01
   Now scraping post http://www.haodf.com/wenda/drcyh_g_637858895.htm
2016-09-28 13:37:02
[32m Finish![0m scraped 34 pages, 503 Q&As out of 833 posts.

