 2016-09-28 20:29:22
 Now scraping doctor 李贤英
  2016-09-28 20:29:24
  Now scraping page 1
   2016-09-28 20:29:24
   Now scraping post http://www.haodf.com/wenda/lixianying_g_4742820726.htm
   2016-09-28 20:29:25
   Now scraping post http://www.haodf.com/wenda/lixianying_g_4722285620.htm
   2016-09-28 20:29:26
   Now scraping post http://www.haodf.com/wenda/lixianying_g_4236156233.htm
   2016-09-28 20:29:26
   Now scraping post http://www.haodf.com/wenda/lixianying_g_4696771513.htm
   2016-09-28 20:29:27
   Now scraping post http://www.haodf.com/wenda/lixianying_g_4694351082.htm
   2016-09-28 20:29:29
   Now scraping post http://www.haodf.com/wenda/lixianying_g_4567917590.htm
   2016-09-28 20:29:29
   Now scraping post http://www.haodf.com/wenda/lixianying_g_4402568332.htm
   2016-09-28 20:29:30
   Now scraping post http://www.haodf.com/wenda/lixianying_g_4394318843.htm
   2016-09-28 20:29:31
   Now scraping post http://www.haodf.com/wenda/lixianying_g_4459077832.htm
   2016-09-28 20:29:31
   Now scraping post http://www.haodf.com/wenda/lixianying_g_4680019791.htm
   2016-09-28 20:29:32
   Now scraping post http://www.haodf.com/wenda/lixianying_g_4665377295.htm
   2016-09-28 20:29:33
   Now scraping post http://www.haodf.com/wenda/lixianying_g_4657315283.htm
   2016-09-28 20:29:34
   Now scraping post http://www.haodf.com/wenda/lixianying_g_4657064409.htm
   2016-09-28 20:29:34
   Now scraping post http://www.haodf.com/wenda/lixianying_g_4651264163.htm
   2016-09-28 20:29:35
   Now scraping post http://www.haodf.com/wenda/lixianying_g_4498397963.htm
   2016-09-28 20:29:35
   Now scraping post http://www.haodf.com/wenda/lixianying_g_4650358264.htm
   2016-09-28 20:29:36
   Now scraping post http://www.haodf.com/wenda/lixianying_g_4643659996.htm
   2016-09-28 20:29:37
   Now scraping post http://www.haodf.com/wenda/lixianying_g_4557213384.htm
   2016-09-28 20:29:38
   Now scraping post http://www.haodf.com/wenda/lixianying_g_4513906825.htm
   2016-09-28 20:29:39
   Now scraping post http://www.haodf.com/wenda/lixianying_g_4401423918.htm
   2016-09-28 20:29:40
   Now scraping post http://www.haodf.com/wenda/lixianying_g_4214509781.htm
   2016-09-28 20:29:40
   Now scraping post http://www.haodf.com/wenda/lixianying_g_4623130282.htm
   2016-09-28 20:29:41
   Now scraping post http://www.haodf.com/wenda/lixianying_g_4391863988.htm
   2016-09-28 20:29:42
   Now scraping post http://www.haodf.com/wenda/lixianying_g_4618144857.htm
   2016-09-28 20:29:43
   Now scraping post http://www.haodf.com/wenda/lixianying_g_4438365516.htm
  2016-09-28 20:29:43
  Now scraping page 2
   2016-09-28 20:29:44
   Now scraping post http://www.haodf.com/wenda/lixianying_g_4383253349.htm
   2016-09-28 20:29:45
   Now scraping post http://www.haodf.com/wenda/lixianying_g_4308592388.htm
   2016-09-28 20:29:45
   Now scraping post http://www.haodf.com/wenda/lixianying_g_4518158460.htm
   2016-09-28 20:29:46
   Now scraping post http://www.haodf.com/wenda/lixianying_g_4391826674.htm
   2016-09-28 20:29:47
   Now scraping post http://www.haodf.com/wenda/lixianying_g_4603871196.htm
   2016-09-28 20:29:47
   Now scraping post http://www.haodf.com/wenda/lixianying_g_4590248340.htm
   2016-09-28 20:29:48
   Now scraping post http://www.haodf.com/wenda/lixianying_g_4598500094.htm
   2016-09-28 20:29:49
   Now scraping post http://www.haodf.com/wenda/lixianying_g_4592541695.htm
   2016-09-28 20:29:50
   Now scraping post http://www.haodf.com/wenda/lixianying_g_4591558517.htm
   2016-09-28 20:29:51
   Now scraping post http://www.haodf.com/wenda/lixianying_g_4586661682.htm
   2016-09-28 20:29:52
   Now scraping post http://www.haodf.com/wenda/lixianying_g_4551483320.htm
   2016-09-28 20:29:53
   Now scraping post http://www.haodf.com/wenda/lixianying_g_4501232705.htm
   2016-09-28 20:29:53
   Now scraping post http://www.haodf.com/wenda/lixianying_g_4513826624.htm
   2016-09-28 20:29:54
   Now scraping post http://www.haodf.com/wenda/lixianying_g_4546893666.htm
   2016-09-28 20:29:54
   Now scraping post http://www.haodf.com/wenda/lixianying_g_4564457301.htm
   2016-09-28 20:29:55
   Now scraping post http://www.haodf.com/wenda/lixianying_g_4556938755.htm
   2016-09-28 20:29:55
   Now scraping post http://www.haodf.com/wenda/lixianying_g_4557100293.htm
   2016-09-28 20:29:56
   Now scraping post http://www.haodf.com/wenda/lixianying_g_4487736532.htm
   2016-09-28 20:29:57
   Now scraping post http://www.haodf.com/wenda/lixianying_g_4548802671.htm
   2016-09-28 20:29:57
   Now scraping post http://www.haodf.com/wenda/lixianying_g_4522552097.htm
   2016-09-28 20:29:58
   Now scraping post http://www.haodf.com/wenda/lixianying_g_4522528437.htm
   2016-09-28 20:30:00
   Now scraping post http://www.haodf.com/wenda/lixianying_g_4520113584.htm
   2016-09-28 20:30:01
   Now scraping post http://www.haodf.com/wenda/lixianying_g_4519224861.htm
   2016-09-28 20:30:01
   Now scraping post http://www.haodf.com/wenda/lixianying_g_4395748419.htm
   2016-09-28 20:30:02
   Now scraping post http://www.haodf.com/wenda/lixianying_g_4503510961.htm
  2016-09-28 20:30:03
  Now scraping page 3
   2016-09-28 20:30:03
   Now scraping post http://www.haodf.com/wenda/lixianying_g_4504941816.htm
   2016-09-28 20:30:04
   Now scraping post http://www.haodf.com/wenda/lixianying_g_4309321990.htm
   2016-09-28 20:30:05
   Now scraping post http://www.haodf.com/wenda/lixianying_g_4498434147.htm
   2016-09-28 20:30:06
   Now scraping post http://www.haodf.com/wenda/lixianying_g_4475590303.htm
   2016-09-28 20:30:07
   Now scraping post http://www.haodf.com/wenda/lixianying_g_4488418955.htm
   2016-09-28 20:30:07
   Now scraping post http://www.haodf.com/wenda/lixianying_g_4454035693.htm
   2016-09-28 20:30:08
   Now scraping post http://www.haodf.com/wenda/lixianying_g_4484372395.htm
   2016-09-28 20:30:09
   Now scraping post http://www.haodf.com/wenda/lixianying_g_4483099109.htm
   2016-09-28 20:30:10
   Now scraping post http://www.haodf.com/wenda/lixianying_g_4361209313.htm
   2016-09-28 20:30:11
   Now scraping post http://www.haodf.com/wenda/lixianying_g_4419083382.htm
   2016-09-28 20:30:11
   Now scraping post http://www.haodf.com/wenda/lixianying_g_4472639635.htm
   2016-09-28 20:30:12
   Now scraping post http://www.haodf.com/wenda/lixianying_g_4427986227.htm
   2016-09-28 20:30:13
   Now scraping post http://www.haodf.com/wenda/lixianying_g_4469158765.htm
   2016-09-28 20:30:14
   Now scraping post http://www.haodf.com/wenda/lixianying_g_4460678618.htm
   2016-09-28 20:30:14
   Now scraping post http://www.haodf.com/wenda/lixianying_g_4460557442.htm
   2016-09-28 20:30:15
   Now scraping post http://www.haodf.com/wenda/lixianying_g_4458482785.htm
   2016-09-28 20:30:16
   Now scraping post http://www.haodf.com/wenda/lixianying_g_4421848714.htm
   2016-09-28 20:30:17
   Now scraping post http://www.haodf.com/wenda/lixianying_g_4448197772.htm
   2016-09-28 20:30:18
   Now scraping post http://www.haodf.com/wenda/lixianying_g_4423406727.htm
   2016-09-28 20:30:19
   Now scraping post http://www.haodf.com/wenda/lixianying_g_4421422907.htm
   2016-09-28 20:30:19
   Now scraping post http://www.haodf.com/wenda/lixianying_g_4454430720.htm
   2016-09-28 20:30:20
   Now scraping post http://www.haodf.com/wenda/lixianying_g_4451128018.htm
   2016-09-28 20:30:21
   Now scraping post http://www.haodf.com/wenda/lixianying_g_4451046916.htm
   2016-09-28 20:30:22
   Now scraping post http://www.haodf.com/wenda/lixianying_g_4449136250.htm
   2016-09-28 20:30:22
   Now scraping post http://www.haodf.com/wenda/lixianying_g_4449453894.htm
  2016-09-28 20:30:23
  Now scraping page 4
   2016-09-28 20:30:23
   Now scraping post http://www.haodf.com/wenda/lixianying_g_4525182065.htm
   2016-09-28 20:30:25
   Now scraping post http://www.haodf.com/wenda/lixianying_g_4448327171.htm
   2016-09-28 20:30:26
   Now scraping post http://www.haodf.com/wenda/lixianying_g_4447262488.htm
   2016-09-28 20:30:26
   Now scraping post http://www.haodf.com/wenda/lixianying_g_4446725836.htm
   2016-09-28 20:30:27
   Now scraping post http://www.haodf.com/wenda/lixianying_g_4444513025.htm
   2016-09-28 20:30:28
   Now scraping post http://www.haodf.com/wenda/lixianying_g_4378984041.htm
   2016-09-28 20:30:29
   Now scraping post http://www.haodf.com/wenda/lixianying_g_4442670486.htm
   2016-09-28 20:30:30
   Now scraping post http://www.haodf.com/wenda/lixianying_g_4442393927.htm
   2016-09-28 20:30:30
   Now scraping post http://www.haodf.com/wenda/lixianying_g_4440641426.htm
   2016-09-28 20:30:31
   Now scraping post http://www.haodf.com/wenda/lixianying_g_4439438109.htm
   2016-09-28 20:30:32
   Now scraping post http://www.haodf.com/wenda/lixianying_g_4410648342.htm
   2016-09-28 20:30:33
   Now scraping post http://www.haodf.com/wenda/lixianying_g_4408624732.htm
   2016-09-28 20:30:34
   Now scraping post http://www.haodf.com/wenda/lixianying_g_4295058615.htm
   2016-09-28 20:30:35
   Now scraping post http://www.haodf.com/wenda/lixianying_g_4404457169.htm
   2016-09-28 20:30:35
   Now scraping post http://www.haodf.com/wenda/lixianying_g_4434821702.htm
   2016-09-28 20:30:36
   Now scraping post http://www.haodf.com/wenda/lixianying_g_4432829553.htm
   2016-09-28 20:30:37
   Now scraping post http://www.haodf.com/wenda/lixianying_g_4432591588.htm
   2016-09-28 20:30:38
   Now scraping post http://www.haodf.com/wenda/lixianying_g_4432576199.htm
   2016-09-28 20:30:39
   Now scraping post http://www.haodf.com/wenda/lixianying_g_4432010297.htm
   2016-09-28 20:30:40
   Now scraping post http://www.haodf.com/wenda/lixianying_g_4419970005.htm
   2016-09-28 20:30:41
   Now scraping post http://www.haodf.com/wenda/lixianying_g_4423172954.htm
   2016-09-28 20:30:42
   Now scraping post http://www.haodf.com/wenda/lixianying_g_4423137368.htm
   2016-09-28 20:30:42
   Now scraping post http://www.haodf.com/wenda/lixianying_g_4381133654.htm
   2016-09-28 20:30:43
   Now scraping post http://www.haodf.com/wenda/lixianying_g_4210702427.htm
   2016-09-28 20:30:44
   Now scraping post http://www.haodf.com/wenda/lixianying_g_4210171588.htm
  2016-09-28 20:30:45
  Now scraping page 5
   2016-09-28 20:30:45
   Now scraping post http://www.haodf.com/wenda/lixianying_g_4413398710.htm
   2016-09-28 20:30:46
   Now scraping post http://www.haodf.com/wenda/lixianying_g_4411681477.htm
   2016-09-28 20:30:47
   Now scraping post http://www.haodf.com/wenda/lixianying_g_4411655054.htm
   2016-09-28 20:30:48
   Now scraping post http://www.haodf.com/wenda/lixianying_g_4411664492.htm
   2016-09-28 20:30:49
   Now scraping post http://www.haodf.com/wenda/lixianying_g_4346131251.htm
   2016-09-28 20:30:49
   Now scraping post http://www.haodf.com/wenda/lixianying_g_4411276161.htm
   2016-09-28 20:30:50
   Now scraping post http://www.haodf.com/wenda/lixianying_g_4411191518.htm
   2016-09-28 20:30:51
   Now scraping post http://www.haodf.com/wenda/lixianying_g_4386955007.htm
   2016-09-28 20:30:52
   Now scraping post http://www.haodf.com/wenda/lixianying_g_4321846695.htm
   2016-09-28 20:30:52
   Now scraping post http://www.haodf.com/wenda/lixianying_g_4344622732.htm
   2016-09-28 20:30:53
   Now scraping post http://www.haodf.com/wenda/lixianying_g_4412094838.htm
   2016-09-28 20:30:54
   Now scraping post http://www.haodf.com/wenda/lixianying_g_4409242570.htm
   2016-09-28 20:30:54
   Now scraping post http://www.haodf.com/wenda/lixianying_g_4408933806.htm
   2016-09-28 20:30:55
   Now scraping post http://www.haodf.com/wenda/lixianying_g_4399780078.htm
   2016-09-28 20:30:56
   Now scraping post http://www.haodf.com/wenda/lixianying_g_4404109605.htm
   2016-09-28 20:30:57
   Now scraping post http://www.haodf.com/wenda/lixianying_g_4401744341.htm
   2016-09-28 20:30:57
   Now scraping post http://www.haodf.com/wenda/lixianying_g_4388939658.htm
   2016-09-28 20:30:58
   Now scraping post http://www.haodf.com/wenda/lixianying_g_4390070938.htm
   2016-09-28 20:30:59
   Now scraping post http://www.haodf.com/wenda/lixianying_g_4393584386.htm
   2016-09-28 20:30:59
   Now scraping post http://www.haodf.com/wenda/lixianying_g_4382875799.htm
   2016-09-28 20:31:00
   Now scraping post http://www.haodf.com/wenda/lixianying_g_4377631396.htm
   2016-09-28 20:31:01
   Now scraping post http://www.haodf.com/wenda/lixianying_g_4379759546.htm
   2016-09-28 20:31:01
   Now scraping post http://www.haodf.com/wenda/lixianying_g_4381136014.htm
   2016-09-28 20:31:02
   Now scraping post http://www.haodf.com/wenda/lixianying_g_4380478527.htm
   2016-09-28 20:31:03
   Now scraping post http://www.haodf.com/wenda/lixianying_g_4379754718.htm
  2016-09-28 20:31:03
  Now scraping page 6
   2016-09-28 20:31:04
   Now scraping post http://www.haodf.com/wenda/lixianying_g_4369300114.htm
   2016-09-28 20:31:05
   Now scraping post http://www.haodf.com/wenda/lixianying_g_4324044097.htm
   2016-09-28 20:31:06
   Now scraping post http://www.haodf.com/wenda/lixianying_g_4355658990.htm
   2016-09-28 20:31:07
   Now scraping post http://www.haodf.com/wenda/lixianying_g_4358491945.htm
   2016-09-28 20:31:07
   Now scraping post http://www.haodf.com/wenda/lixianying_g_4344111814.htm
   2016-09-28 20:31:08
   Now scraping post http://www.haodf.com/wenda/lixianying_g_4343145402.htm
   2016-09-28 20:31:09
   Now scraping post http://www.haodf.com/wenda/lixianying_g_4343095299.htm
   2016-09-28 20:31:09
   Now scraping post http://www.haodf.com/wenda/lixianying_g_4343088512.htm
   2016-09-28 20:31:10
   Now scraping post http://www.haodf.com/wenda/lixianying_g_4343051855.htm
   2016-09-28 20:31:11
   Now scraping post http://www.haodf.com/wenda/lixianying_g_4341476692.htm
   2016-09-28 20:31:12
   Now scraping post http://www.haodf.com/wenda/lixianying_g_4339019472.htm
   2016-09-28 20:31:12
   Now scraping post http://www.haodf.com/wenda/lixianying_g_4298718270.htm
   2016-09-28 20:31:13
   Now scraping post http://www.haodf.com/wenda/lixianying_g_4307287253.htm
   2016-09-28 20:31:13
   Now scraping post http://www.haodf.com/wenda/lixianying_g_4242698203.htm
   2016-09-28 20:31:14
   Now scraping post http://www.haodf.com/wenda/lixianying_g_4243247520.htm
   2016-09-28 20:31:15
   Now scraping post http://www.haodf.com/wenda/lixianying_g_4243302420.htm
   2016-09-28 20:31:15
   Now scraping post http://www.haodf.com/wenda/lixianying_g_4299680101.htm
   2016-09-28 20:31:16
   Now scraping post http://www.haodf.com/wenda/lixianying_g_4253610561.htm
   2016-09-28 20:31:17
   Now scraping post http://www.haodf.com/wenda/lixianying_g_4296078456.htm
   2016-09-28 20:31:17
   Now scraping post http://www.haodf.com/wenda/lixianying_g_4250813475.htm
   2016-09-28 20:31:18
   Now scraping post http://www.haodf.com/wenda/lixianying_g_4244913396.htm
   2016-09-28 20:31:18
   Now scraping post http://www.haodf.com/wenda/lixianying_g_4242380862.htm
   2016-09-28 20:31:19
   Now scraping post http://www.haodf.com/wenda/lixianying_g_4243240898.htm
   2016-09-28 20:31:20
   Now scraping post http://www.haodf.com/wenda/lixianying_g_4243079452.htm
   2016-09-28 20:31:20
   Now scraping post http://www.haodf.com/wenda/lixianying_g_4240509779.htm
  2016-09-28 20:31:21
  Now scraping page 7
   2016-09-28 20:31:22
   Now scraping post http://www.haodf.com/wenda/lixianying_g_4240271917.htm
   2016-09-28 20:31:23
   Now scraping post http://www.haodf.com/wenda/lixianying_g_4235143137.htm
   2016-09-28 20:31:23
   Now scraping post http://www.haodf.com/wenda/lixianying_g_4237833899.htm
   2016-09-28 20:31:24
   Now scraping post http://www.haodf.com/wenda/lixianying_g_4237841671.htm
   2016-09-28 20:31:24
   Now scraping post http://www.haodf.com/wenda/lixianying_g_4235420326.htm
   2016-09-28 20:31:25
   Now scraping post http://www.haodf.com/wenda/lixianying_g_4232669221.htm
   2016-09-28 20:31:26
   Now scraping post http://www.haodf.com/wenda/lixianying_g_4227168597.htm
   2016-09-28 20:31:27
   Now scraping post http://www.haodf.com/wenda/lixianying_g_4226340214.htm
   2016-09-28 20:31:27
   Now scraping post http://www.haodf.com/wenda/lixianying_g_4225492483.htm
   2016-09-28 20:31:28
   Now scraping post http://www.haodf.com/wenda/lixianying_g_4224749645.htm
   2016-09-28 20:31:29
   Now scraping post http://www.haodf.com/wenda/lixianying_g_4221853634.htm
   2016-09-28 20:31:29
   Now scraping post http://www.haodf.com/wenda/lixianying_g_4213271804.htm
   2016-09-28 20:31:30
   Now scraping post http://www.haodf.com/wenda/lixianying_g_4213027099.htm
   2016-09-28 20:31:31
   Now scraping post http://www.haodf.com/wenda/lixianying_g_4212878817.htm
   2016-09-28 20:31:31
   Now scraping post http://www.haodf.com/wenda/lixianying_g_4343092721.htm
   2016-09-28 20:31:32
   Now scraping post http://www.haodf.com/wenda/lixianying_g_4210776314.htm
   2016-09-28 20:31:33
   Now scraping post http://www.haodf.com/wenda/lixianying_g_4210808400.htm
   2016-09-28 20:31:33
   Now scraping post http://www.haodf.com/wenda/lixianying_g_3543091848.htm
   2016-09-28 20:31:34
   Now scraping post http://www.haodf.com/wenda/lixianying_g_2101167838.htm
   2016-09-28 20:31:35
   Now scraping post http://www.haodf.com/wenda/lixianying_g_1821136952.htm
   2016-09-28 20:31:36
   Now scraping post http://www.haodf.com/wenda/lixianying_g_1567764041.htm
   2016-09-28 20:31:37
   Now scraping post http://www.haodf.com/wenda/lixianying_g_654756934.htm
   2016-09-28 20:31:37
   Now scraping post http://www.haodf.com/wenda/lixianying_g_1433985899.htm
   2016-09-28 20:31:38
   Now scraping post http://www.haodf.com/wenda/lixianying_g_1409742902.htm
   2016-09-28 20:31:39
   Now scraping post http://www.haodf.com/wenda/lixianying_g_1329398549.htm
  2016-09-28 20:31:40
  Now scraping page 8
   2016-09-28 20:31:41
   Now scraping post http://www.haodf.com/wenda/lixianying_g_1163716244.htm
   2016-09-28 20:31:41
   Now scraping post http://www.haodf.com/wenda/lixianying_g_1120222461.htm
   2016-09-28 20:31:42
   Now scraping post http://www.haodf.com/wenda/lixianying_g_1120225566.htm
   2016-09-28 20:31:43
   Now scraping post http://www.haodf.com/wenda/lixianying_g_1120214816.htm
   2016-09-28 20:31:43
   Now scraping post http://www.haodf.com/wenda/lixianying_g_1106384666.htm
   2016-09-28 20:31:44
   Now scraping post http://www.haodf.com/wenda/lixianying_g_1044493438.htm
   2016-09-28 20:31:45
   Now scraping post http://www.haodf.com/wenda/lixianying_g_1044492566.htm
   2016-09-28 20:31:46
   Now scraping post http://www.haodf.com/wenda/lixianying_g_1015904741.htm
   2016-09-28 20:31:47
   Now scraping post http://www.haodf.com/wenda/lixianying_g_1015903782.htm
   2016-09-28 20:31:48
   Now scraping post http://www.haodf.com/wenda/lixianying_g_1015901656.htm
   2016-09-28 20:31:48
   Now scraping post http://www.haodf.com/wenda/lixianying_g_1015898244.htm
   2016-09-28 20:31:49
   Now scraping post http://www.haodf.com/wenda/lixianying_g_1015893340.htm
   2016-09-28 20:31:50
   Now scraping post http://www.haodf.com/wenda/lixianying_g_994789476.htm
   2016-09-28 20:31:51
   Now scraping post http://www.haodf.com/wenda/lixianying_g_963021795.htm
   2016-09-28 20:31:52
   Now scraping post http://www.haodf.com/wenda/lixianying_g_929460768.htm
   2016-09-28 20:31:53
   Now scraping post http://www.haodf.com/wenda/lixianying_g_924753550.htm
   2016-09-28 20:31:54
   Now scraping post http://www.haodf.com/wenda/lixianying_g_914436349.htm
   2016-09-28 20:31:55
   Now scraping post http://www.haodf.com/wenda/lixianying_g_901806469.htm
   2016-09-28 20:31:55
   Now scraping post http://www.haodf.com/wenda/lixianying_g_899013116.htm
   2016-09-28 20:31:56
   Now scraping post http://www.haodf.com/wenda/lixianying_g_888735507.htm
   2016-09-28 20:31:57
   Now scraping post http://www.haodf.com/wenda/lixianying_g_882934908.htm
   2016-09-28 20:31:58
   Now scraping post http://www.haodf.com/wenda/lixianying_g_874289661.htm
   2016-09-28 20:31:59
   Now scraping post http://www.haodf.com/wenda/lixianying_g_856488220.htm
   2016-09-28 20:32:01
   Now scraping post http://www.haodf.com/wenda/lixianying_g_865288737.htm
   2016-09-28 20:32:02
   Now scraping post http://www.haodf.com/wenda/lixianying_g_856485434.htm
  2016-09-28 20:32:03
  Now scraping page 9
   2016-09-28 20:32:03
   Now scraping post http://www.haodf.com/wenda/lixianying_g_856483974.htm
   2016-09-28 20:32:05
   Now scraping post http://www.haodf.com/wenda/lixianying_g_850901170.htm
   2016-09-28 20:32:06
   Now scraping post http://www.haodf.com/wenda/lixianying_g_850900978.htm
   2016-09-28 20:32:07
   Now scraping post http://www.haodf.com/wenda/lixianying_g_842329361.htm
   2016-09-28 20:32:08
   Now scraping post http://www.haodf.com/wenda/lixianying_g_821263997.htm
   2016-09-28 20:32:09
   Now scraping post http://www.haodf.com/wenda/lixianying_g_821261133.htm
   2016-09-28 20:32:10
   Now scraping post http://www.haodf.com/wenda/lixianying_g_819377680.htm
   2016-09-28 20:32:11
   Now scraping post http://www.haodf.com/wenda/lixianying_g_819375787.htm
   2016-09-28 20:32:12
   Now scraping post http://www.haodf.com/wenda/lixianying_g_790226856.htm
   2016-09-28 20:32:13
   Now scraping post http://www.haodf.com/wenda/lixianying_g_790219834.htm
   2016-09-28 20:32:13
   Now scraping post http://www.haodf.com/wenda/lixianying_g_790218817.htm
   2016-09-28 20:32:14
   Now scraping post http://www.haodf.com/wenda/lixianying_g_766783058.htm
   2016-09-28 20:32:15
   Now scraping post http://www.haodf.com/wenda/lixianying_g_761478213.htm
   2016-09-28 20:32:17
   Now scraping post http://www.haodf.com/wenda/lixianying_g_760325860.htm
   2016-09-28 20:32:18
   Now scraping post http://www.haodf.com/wenda/lixianying_g_760324805.htm
   2016-09-28 20:32:19
   Now scraping post http://www.haodf.com/wenda/lixianying_g_760323747.htm
   2016-09-28 20:32:20
   Now scraping post http://www.haodf.com/wenda/lixianying_g_748123411.htm
   2016-09-28 20:32:20
   Now scraping post http://www.haodf.com/wenda/lixianying_g_756448677.htm
   2016-09-28 20:32:21
   Now scraping post http://www.haodf.com/wenda/lixianying_g_754408712.htm
   2016-09-28 20:32:22
   Now scraping post http://www.haodf.com/wenda/lixianying_g_754184005.htm
   2016-09-28 20:32:23
   Now scraping post http://www.haodf.com/wenda/lixianying_g_747213614.htm
   2016-09-28 20:32:23
   Now scraping post http://www.haodf.com/wenda/lixianying_g_743811303.htm
   2016-09-28 20:32:24
   Now scraping post http://www.haodf.com/wenda/lixianying_g_742888326.htm
   2016-09-28 20:32:25
   Now scraping post http://www.haodf.com/wenda/lixianying_g_742893661.htm
   2016-09-28 20:32:26
   Now scraping post http://www.haodf.com/wenda/lixianying_g_742892704.htm
  2016-09-28 20:32:27
  Now scraping page 10
   2016-09-28 20:32:27
   Now scraping post http://www.haodf.com/wenda/lixianying_g_742891667.htm
   2016-09-28 20:32:28
   Now scraping post http://www.haodf.com/wenda/lixianying_g_742891019.htm
   2016-09-28 20:32:29
   Now scraping post http://www.haodf.com/wenda/lixianying_g_722871423.htm
   2016-09-28 20:32:30
   Now scraping post http://www.haodf.com/wenda/lixianying_g_737860576.htm
   2016-09-28 20:32:32
   Now scraping post http://www.haodf.com/wenda/lixianying_g_737860158.htm
   2016-09-28 20:32:32
   Now scraping post http://www.haodf.com/wenda/lixianying_g_736731803.htm
   2016-09-28 20:32:33
   Now scraping post http://www.haodf.com/wenda/lixianying_g_737478815.htm
   2016-09-28 20:32:34
   Now scraping post http://www.haodf.com/wenda/lixianying_g_735195600.htm
   2016-09-28 20:32:35
   Now scraping post http://www.haodf.com/wenda/lixianying_g_735196477.htm
   2016-09-28 20:32:36
   Now scraping post http://www.haodf.com/wenda/lixianying_g_733273393.htm
   2016-09-28 20:32:37
   Now scraping post http://www.haodf.com/wenda/lixianying_g_732487087.htm
   2016-09-28 20:32:38
   Now scraping post http://www.haodf.com/wenda/lixianying_g_732482975.htm
   2016-09-28 20:32:38
   Now scraping post http://www.haodf.com/wenda/lixianying_g_732950007.htm
   2016-09-28 20:32:39
   Now scraping post http://www.haodf.com/wenda/lixianying_g_727680948.htm
   2016-09-28 20:32:40
   Now scraping post http://www.haodf.com/wenda/lixianying_g_727682323.htm
   2016-09-28 20:32:41
   Now scraping post http://www.haodf.com/wenda/lixianying_g_727682104.htm
   2016-09-28 20:32:41
   Now scraping post http://www.haodf.com/wenda/lixianying_g_727680860.htm
   2016-09-28 20:32:43
   Now scraping post http://www.haodf.com/wenda/lixianying_g_725500275.htm
   2016-09-28 20:32:44
   Now scraping post http://www.haodf.com/wenda/lixianying_g_722885106.htm
   2016-09-28 20:32:45
   Now scraping post http://www.haodf.com/wenda/lixianying_g_722893262.htm
   2016-09-28 20:32:46
   Now scraping post http://www.haodf.com/wenda/lixianying_g_722875935.htm
   2016-09-28 20:32:47
   Now scraping post http://www.haodf.com/wenda/lixianying_g_722868059.htm
   2016-09-28 20:33:22
   Now scraping post http://www.haodf.com/wenda/lixianying_g_722863796.htm
   2016-09-28 20:33:23
   Now scraping post http://www.haodf.com/wenda/lixianying_g_722861632.htm
   2016-09-28 20:33:24
   Now scraping post http://www.haodf.com/wenda/lixianying_g_719936495.htm
  2016-09-28 20:33:25
  Now scraping page 11
   2016-09-28 20:33:25
   Now scraping post http://www.haodf.com/wenda/lixianying_g_719935710.htm
   2016-09-28 20:33:26
   Now scraping post http://www.haodf.com/wenda/lixianying_g_713729208.htm
   2016-09-28 20:33:27
   Now scraping post http://www.haodf.com/wenda/lixianying_g_713725573.htm
   2016-09-28 20:33:28
   Now scraping post http://www.haodf.com/wenda/lixianying_g_713723938.htm
   2016-09-28 20:33:29
   Now scraping post http://www.haodf.com/wenda/lixianying_g_713720293.htm
   2016-09-28 20:33:30
   Now scraping post http://www.haodf.com/wenda/lixianying_g_713435745.htm
   2016-09-28 20:33:30
   Now scraping post http://www.haodf.com/wenda/lixianying_g_713434298.htm
   2016-09-28 20:33:31
   Now scraping post http://www.haodf.com/wenda/lixianying_g_703645016.htm
   2016-09-28 20:33:32
   Now scraping post http://www.haodf.com/wenda/lixianying_g_703641382.htm
   2016-09-28 20:33:34
   Now scraping post http://www.haodf.com/wenda/lixianying_g_701461039.htm
   2016-09-28 20:33:35
   Now scraping post http://www.haodf.com/wenda/lixianying_g_701460590.htm
   2016-09-28 20:33:36
   Now scraping post http://www.haodf.com/wenda/lixianying_g_701457932.htm
   2016-09-28 20:33:37
   Now scraping post http://www.haodf.com/wenda/lixianying_g_696132208.htm
   2016-09-28 20:33:38
   Now scraping post http://www.haodf.com/wenda/lixianying_g_693543649.htm
   2016-09-28 20:33:39
   Now scraping post http://www.haodf.com/wenda/lixianying_g_671836400.htm
   2016-09-28 20:33:40
   Now scraping post http://www.haodf.com/wenda/lixianying_g_669437881.htm
   2016-09-28 20:33:41
   Now scraping post http://www.haodf.com/wenda/lixianying_g_669436702.htm
   2016-09-28 20:33:42
   Now scraping post http://www.haodf.com/wenda/lixianying_g_669437440.htm
   2016-09-28 20:33:43
   Now scraping post http://www.haodf.com/wenda/lixianying_g_669437040.htm
   2016-09-28 20:33:44
   Now scraping post http://www.haodf.com/wenda/lixianying_g_664482274.htm
   2016-09-28 20:33:45
   Now scraping post http://www.haodf.com/wenda/lixianying_g_658927196.htm
   2016-09-28 20:33:46
   Now scraping post http://www.haodf.com/wenda/lixianying_g_654757135.htm
   2016-09-28 20:33:47
   Now scraping post http://www.haodf.com/wenda/lixianying_g_658919583.htm
   2016-09-28 20:33:48
   Now scraping post http://www.haodf.com/wenda/lixianying_g_658918783.htm
   2016-09-28 20:33:49
   Now scraping post http://www.haodf.com/wenda/lixianying_g_654757202.htm
  2016-09-28 20:33:50
  Now scraping page 12
   2016-09-28 20:33:51
   Now scraping post http://www.haodf.com/wenda/lixianying_g_654757203.htm
   2016-09-28 20:33:52
   Now scraping post http://www.haodf.com/wenda/lixianying_g_654757201.htm
   2016-09-28 20:33:53
   Now scraping post http://www.haodf.com/wenda/lixianying_g_654757200.htm
   2016-09-28 20:33:54
   Now scraping post http://www.haodf.com/wenda/lixianying_g_654757105.htm
   2016-09-28 20:33:55
   Now scraping post http://www.haodf.com/wenda/lixianying_g_654757199.htm
   2016-09-28 20:33:56
   Now scraping post http://www.haodf.com/wenda/lixianying_g_654757194.htm
   2016-09-28 20:33:56
   Now scraping post http://www.haodf.com/wenda/lixianying_g_654757198.htm
   2016-09-28 20:33:57
   Now scraping post http://www.haodf.com/wenda/lixianying_g_654757197.htm
   2016-09-28 20:33:59
   Now scraping post http://www.haodf.com/wenda/lixianying_g_654757195.htm
   2016-09-28 20:34:00
   Now scraping post http://www.haodf.com/wenda/lixianying_g_654757193.htm
   2016-09-28 20:34:01
   Now scraping post http://www.haodf.com/wenda/lixianying_g_654757196.htm
   2016-09-28 20:34:02
   Now scraping post http://www.haodf.com/wenda/lixianying_g_654757192.htm
   2016-09-28 20:34:02
   Now scraping post http://www.haodf.com/wenda/lixianying_g_654756947.htm
   2016-09-28 20:34:03
   Now scraping post http://www.haodf.com/wenda/lixianying_g_654757191.htm
   2016-09-28 20:34:04
   Now scraping post http://www.haodf.com/wenda/lixianying_g_654757190.htm
   2016-09-28 20:34:05
   Now scraping post http://www.haodf.com/wenda/lixianying_g_654757188.htm
   2016-09-28 20:34:06
   Now scraping post http://www.haodf.com/wenda/lixianying_g_654757187.htm
   2016-09-28 20:34:07
   Now scraping post http://www.haodf.com/wenda/lixianying_g_654757189.htm
   2016-09-28 20:34:08
   Now scraping post http://www.haodf.com/wenda/lixianying_g_654757181.htm
   2016-09-28 20:34:09
   Now scraping post http://www.haodf.com/wenda/lixianying_g_654757186.htm
   2016-09-28 20:34:09
   Now scraping post http://www.haodf.com/wenda/lixianying_g_654757180.htm
   2016-09-28 20:34:10
   Now scraping post http://www.haodf.com/wenda/lixianying_g_654757183.htm
   2016-09-28 20:34:11
   Now scraping post http://www.haodf.com/wenda/lixianying_g_654757184.htm
   2016-09-28 20:34:11
   Now scraping post http://www.haodf.com/wenda/lixianying_g_654757182.htm
   2016-09-28 20:34:12
   Now scraping post http://www.haodf.com/wenda/lixianying_g_654757185.htm
  2016-09-28 20:34:14
  Now scraping page 13
   2016-09-28 20:34:14
   Now scraping post http://www.haodf.com/wenda/lixianying_g_654757179.htm
   2016-09-28 20:34:15
   Now scraping post http://www.haodf.com/wenda/lixianying_g_654757176.htm
   2016-09-28 20:34:16
   Now scraping post http://www.haodf.com/wenda/lixianying_g_654757178.htm
   2016-09-28 20:34:17
   Now scraping post http://www.haodf.com/wenda/lixianying_g_654757177.htm
   2016-09-28 20:34:18
   Now scraping post http://www.haodf.com/wenda/lixianying_g_654757175.htm
   2016-09-28 20:34:19
   Now scraping post http://www.haodf.com/wenda/lixianying_g_654757147.htm
   2016-09-28 20:34:20
   Now scraping post http://www.haodf.com/wenda/lixianying_g_654757173.htm
   2016-09-28 20:34:21
   Now scraping post http://www.haodf.com/wenda/lixianying_g_654757174.htm
   2016-09-28 20:34:22
   Now scraping post http://www.haodf.com/wenda/lixianying_g_654757169.htm
   2016-09-28 20:34:22
   Now scraping post http://www.haodf.com/wenda/lixianying_g_654757172.htm
   2016-09-28 20:34:23
   Now scraping post http://www.haodf.com/wenda/lixianying_g_654757171.htm
   2016-09-28 20:34:24
   Now scraping post http://www.haodf.com/wenda/lixianying_g_654757170.htm
   2016-09-28 20:34:25
   Now scraping post http://www.haodf.com/wenda/lixianying_g_654757167.htm
   2016-09-28 20:34:26
   Now scraping post http://www.haodf.com/wenda/lixianying_g_654757140.htm
   2016-09-28 20:34:27
   Now scraping post http://www.haodf.com/wenda/lixianying_g_654757166.htm
   2016-09-28 20:34:29
   Now scraping post http://www.haodf.com/wenda/lixianying_g_654757168.htm
   2016-09-28 20:34:30
   Now scraping post http://www.haodf.com/wenda/lixianying_g_654757163.htm
   2016-09-28 20:34:30
   Now scraping post http://www.haodf.com/wenda/lixianying_g_654757165.htm
   2016-09-28 20:34:31
   Now scraping post http://www.haodf.com/wenda/lixianying_g_654757164.htm
   2016-09-28 20:34:32
   Now scraping post http://www.haodf.com/wenda/lixianying_g_654757160.htm
   2016-09-28 20:34:33
   Now scraping post http://www.haodf.com/wenda/lixianying_g_654757161.htm
   2016-09-28 20:34:34
   Now scraping post http://www.haodf.com/wenda/lixianying_g_654757155.htm
   2016-09-28 20:34:35
   Now scraping post http://www.haodf.com/wenda/lixianying_g_654757162.htm
   2016-09-28 20:34:36
   Now scraping post http://www.haodf.com/wenda/lixianying_g_654757158.htm
   2016-09-28 20:34:37
   Now scraping post http://www.haodf.com/wenda/lixianying_g_654757157.htm
  2016-09-28 20:34:38
  Now scraping page 14
   2016-09-28 20:34:38
   Now scraping post http://www.haodf.com/wenda/lixianying_g_654757156.htm
   2016-09-28 20:34:39
   Now scraping post http://www.haodf.com/wenda/lixianying_g_654757159.htm
   2016-09-28 20:34:39
   Now scraping post http://www.haodf.com/wenda/lixianying_g_654757154.htm
   2016-09-28 20:34:40
   Now scraping post http://www.haodf.com/wenda/lixianying_g_654757152.htm
   2016-09-28 20:34:41
   Now scraping post http://www.haodf.com/wenda/lixianying_g_654757153.htm
   2016-09-28 20:34:42
   Now scraping post http://www.haodf.com/wenda/lixianying_g_654757150.htm
   2016-09-28 20:34:43
   Now scraping post http://www.haodf.com/wenda/lixianying_g_654757151.htm
   2016-09-28 20:34:44
   Now scraping post http://www.haodf.com/wenda/lixianying_g_654757148.htm
   2016-09-28 20:34:44
   Now scraping post http://www.haodf.com/wenda/lixianying_g_654757146.htm
   2016-09-28 20:34:46
   Now scraping post http://www.haodf.com/wenda/lixianying_g_654757149.htm
   2016-09-28 20:34:46
   Now scraping post http://www.haodf.com/wenda/lixianying_g_654757145.htm
   2016-09-28 20:34:47
   Now scraping post http://www.haodf.com/wenda/lixianying_g_654757142.htm
   2016-09-28 20:34:48
   Now scraping post http://www.haodf.com/wenda/lixianying_g_654757143.htm
   2016-09-28 20:34:49
   Now scraping post http://www.haodf.com/wenda/lixianying_g_654757144.htm
   2016-09-28 20:34:50
   Now scraping post http://www.haodf.com/wenda/lixianying_g_654757141.htm
   2016-09-28 20:34:50
   Now scraping post http://www.haodf.com/wenda/lixianying_g_654757139.htm
   2016-09-28 20:34:51
   Now scraping post http://www.haodf.com/wenda/lixianying_g_654757130.htm
   2016-09-28 20:34:52
   Now scraping post http://www.haodf.com/wenda/lixianying_g_654757133.htm
   2016-09-28 20:34:53
   Now scraping post http://www.haodf.com/wenda/lixianying_g_654757138.htm
   2016-09-28 20:34:53
   Now scraping post http://www.haodf.com/wenda/lixianying_g_654757137.htm
   2016-09-28 20:34:54
   Now scraping post http://www.haodf.com/wenda/lixianying_g_654757136.htm
   2016-09-28 20:34:55
   Now scraping post http://www.haodf.com/wenda/lixianying_g_654757134.htm
   2016-09-28 20:34:56
   Now scraping post http://www.haodf.com/wenda/lixianying_g_654757123.htm
   2016-09-28 20:34:57
   Now scraping post http://www.haodf.com/wenda/lixianying_g_654757131.htm
   2016-09-28 20:34:58
   Now scraping post http://www.haodf.com/wenda/lixianying_g_654757132.htm
  2016-09-28 20:34:58
  Now scraping page 15
   2016-09-28 20:34:59
   Now scraping post http://www.haodf.com/wenda/lixianying_g_654757128.htm
   2016-09-28 20:35:00
   Now scraping post http://www.haodf.com/wenda/lixianying_g_654757127.htm
   2016-09-28 20:35:01
   Now scraping post http://www.haodf.com/wenda/lixianying_g_654757125.htm
   2016-09-28 20:35:01
   Now scraping post http://www.haodf.com/wenda/lixianying_g_654757126.htm
   2016-09-28 20:35:02
   Now scraping post http://www.haodf.com/wenda/lixianying_g_654757124.htm
   2016-09-28 20:35:03
   Now scraping post http://www.haodf.com/wenda/lixianying_g_654757129.htm
   2016-09-28 20:35:04
   Now scraping post http://www.haodf.com/wenda/lixianying_g_654757120.htm
   2016-09-28 20:35:05
   Now scraping post http://www.haodf.com/wenda/lixianying_g_654757119.htm
   2016-09-28 20:35:06
   Now scraping post http://www.haodf.com/wenda/lixianying_g_654757121.htm
   2016-09-28 20:35:07
   Now scraping post http://www.haodf.com/wenda/lixianying_g_654757122.htm
   2016-09-28 20:35:08
   Now scraping post http://www.haodf.com/wenda/lixianying_g_654757113.htm
   2016-09-28 20:35:09
   Now scraping post http://www.haodf.com/wenda/lixianying_g_654757117.htm
   2016-09-28 20:35:10
   Now scraping post http://www.haodf.com/wenda/lixianying_g_654757118.htm
   2016-09-28 20:35:11
   Now scraping post http://www.haodf.com/wenda/lixianying_g_654757116.htm
   2016-09-28 20:35:12
   Now scraping post http://www.haodf.com/wenda/lixianying_g_654757114.htm
   2016-09-28 20:35:13
   Now scraping post http://www.haodf.com/wenda/lixianying_g_654757115.htm
   2016-09-28 20:35:14
   Now scraping post http://www.haodf.com/wenda/lixianying_g_654757108.htm
   2016-09-28 20:35:15
   Now scraping post http://www.haodf.com/wenda/lixianying_g_654757102.htm
   2016-09-28 20:35:16
   Now scraping post http://www.haodf.com/wenda/lixianying_g_654757104.htm
   2016-09-28 20:35:17
   Now scraping post http://www.haodf.com/wenda/lixianying_g_654757112.htm
   2016-09-28 20:35:18
   Now scraping post http://www.haodf.com/wenda/lixianying_g_654757107.htm
   2016-09-28 20:35:19
   Now scraping post http://www.haodf.com/wenda/lixianying_g_654757103.htm
   2016-09-28 20:35:20
   Now scraping post http://www.haodf.com/wenda/lixianying_g_654757111.htm
   2016-09-28 20:35:21
   Now scraping post http://www.haodf.com/wenda/lixianying_g_654757110.htm
   2016-09-28 20:35:22
   Now scraping post http://www.haodf.com/wenda/lixianying_g_654757109.htm
  2016-09-28 20:35:22
  Now scraping page 16
   2016-09-28 20:35:23
   Now scraping post http://www.haodf.com/wenda/lixianying_g_654757106.htm
   2016-09-28 20:35:24
   Now scraping post http://www.haodf.com/wenda/lixianying_g_654757100.htm
   2016-09-28 20:35:25
   Now scraping post http://www.haodf.com/wenda/lixianying_g_654757101.htm
   2016-09-28 20:35:25
   Now scraping post http://www.haodf.com/wenda/lixianying_g_654757098.htm
   2016-09-28 20:35:27
   Now scraping post http://www.haodf.com/wenda/lixianying_g_654757092.htm
   2016-09-28 20:35:28
   Now scraping post http://www.haodf.com/wenda/lixianying_g_654757096.htm
   2016-09-28 20:35:29
   Now scraping post http://www.haodf.com/wenda/lixianying_g_654757097.htm
   2016-09-28 20:35:30
   Now scraping post http://www.haodf.com/wenda/lixianying_g_654757099.htm
   2016-09-28 20:35:31
   Now scraping post http://www.haodf.com/wenda/lixianying_g_654757095.htm
   2016-09-28 20:35:32
   Now scraping post http://www.haodf.com/wenda/lixianying_g_654757094.htm
   2016-09-28 20:35:33
   Now scraping post http://www.haodf.com/wenda/lixianying_g_654757093.htm
   2016-09-28 20:35:34
   Now scraping post http://www.haodf.com/wenda/lixianying_g_654757086.htm
   2016-09-28 20:35:35
   Now scraping post http://www.haodf.com/wenda/lixianying_g_654757084.htm
   2016-09-28 20:35:36
   Now scraping post http://www.haodf.com/wenda/lixianying_g_654757089.htm
   2016-09-28 20:35:37
   Now scraping post http://www.haodf.com/wenda/lixianying_g_654757087.htm
   2016-09-28 20:35:38
   Now scraping post http://www.haodf.com/wenda/lixianying_g_654757088.htm
   2016-09-28 20:35:38
   Now scraping post http://www.haodf.com/wenda/lixianying_g_654757090.htm
   2016-09-28 20:35:39
   Now scraping post http://www.haodf.com/wenda/lixianying_g_654757091.htm
   2016-09-28 20:35:40
   Now scraping post http://www.haodf.com/wenda/lixianying_g_654757085.htm
   2016-09-28 20:35:41
   Now scraping post http://www.haodf.com/wenda/lixianying_g_654757083.htm
   2016-09-28 20:35:42
   Now scraping post http://www.haodf.com/wenda/lixianying_g_654757080.htm
   2016-09-28 20:35:43
   Now scraping post http://www.haodf.com/wenda/lixianying_g_654756973.htm
   2016-09-28 20:35:43
   Now scraping post http://www.haodf.com/wenda/lixianying_g_654757082.htm
   2016-09-28 20:35:44
   Now scraping post http://www.haodf.com/wenda/lixianying_g_654757078.htm
   2016-09-28 20:35:45
   Now scraping post http://www.haodf.com/wenda/lixianying_g_654757079.htm
  2016-09-28 20:35:46
  Now scraping page 17
   2016-09-28 20:35:46
   Now scraping post http://www.haodf.com/wenda/lixianying_g_654757081.htm
   2016-09-28 20:35:48
   Now scraping post http://www.haodf.com/wenda/lixianying_g_654757076.htm
   2016-09-28 20:35:49
   Now scraping post http://www.haodf.com/wenda/lixianying_g_654757077.htm
   2016-09-28 20:35:49
   Now scraping post http://www.haodf.com/wenda/lixianying_g_654757072.htm
   2016-09-28 20:35:51
   Now scraping post http://www.haodf.com/wenda/lixianying_g_654757071.htm
   2016-09-28 20:35:51
   Now scraping post http://www.haodf.com/wenda/lixianying_g_654757070.htm
   2016-09-28 20:35:52
   Now scraping post http://www.haodf.com/wenda/lixianying_g_654757063.htm
   2016-09-28 20:35:53
   Now scraping post http://www.haodf.com/wenda/lixianying_g_654757075.htm
   2016-09-28 20:35:54
   Now scraping post http://www.haodf.com/wenda/lixianying_g_654757074.htm
   2016-09-28 20:35:55
   Now scraping post http://www.haodf.com/wenda/lixianying_g_654757073.htm
   2016-09-28 20:35:56
   Now scraping post http://www.haodf.com/wenda/lixianying_g_654757068.htm
   2016-09-28 20:35:57
   Now scraping post http://www.haodf.com/wenda/lixianying_g_654757064.htm
   2016-09-28 20:35:58
   Now scraping post http://www.haodf.com/wenda/lixianying_g_654757049.htm
   2016-09-28 20:35:59
   Now scraping post http://www.haodf.com/wenda/lixianying_g_654757069.htm
   2016-09-28 20:36:00
   Now scraping post http://www.haodf.com/wenda/lixianying_g_654757067.htm
   2016-09-28 20:36:00
   Now scraping post http://www.haodf.com/wenda/lixianying_g_654757066.htm
   2016-09-28 20:36:01
   Now scraping post http://www.haodf.com/wenda/lixianying_g_654757065.htm
   2016-09-28 20:36:02
   Now scraping post http://www.haodf.com/wenda/lixianying_g_654757062.htm
   2016-09-28 20:36:03
   Now scraping post http://www.haodf.com/wenda/lixianying_g_654757061.htm
   2016-09-28 20:36:03
   Now scraping post http://www.haodf.com/wenda/lixianying_g_654757059.htm
   2016-09-28 20:36:04
   Now scraping post http://www.haodf.com/wenda/lixianying_g_654757055.htm
   2016-09-28 20:36:05
   Now scraping post http://www.haodf.com/wenda/lixianying_g_654757060.htm
   2016-09-28 20:36:06
   Now scraping post http://www.haodf.com/wenda/lixianying_g_654757054.htm
   2016-09-28 20:36:06
   Now scraping post http://www.haodf.com/wenda/lixianying_g_654757056.htm
   2016-09-28 20:36:07
   Now scraping post http://www.haodf.com/wenda/lixianying_g_654757057.htm
  2016-09-28 20:36:08
  Now scraping page 18
   2016-09-28 20:36:09
   Now scraping post http://www.haodf.com/wenda/lixianying_g_654757058.htm
   2016-09-28 20:36:10
   Now scraping post http://www.haodf.com/wenda/lixianying_g_654757053.htm
   2016-09-28 20:36:11
   Now scraping post http://www.haodf.com/wenda/lixianying_g_654757052.htm
   2016-09-28 20:36:12
   Now scraping post http://www.haodf.com/wenda/lixianying_g_654757051.htm
   2016-09-28 20:36:13
   Now scraping post http://www.haodf.com/wenda/lixianying_g_654757042.htm
   2016-09-28 20:36:14
   Now scraping post http://www.haodf.com/wenda/lixianying_g_654757050.htm
   2016-09-28 20:36:15
   Now scraping post http://www.haodf.com/wenda/lixianying_g_654757041.htm
   2016-09-28 20:36:16
   Now scraping post http://www.haodf.com/wenda/lixianying_g_654757048.htm
   2016-09-28 20:36:17
   Now scraping post http://www.haodf.com/wenda/lixianying_g_654757047.htm
   2016-09-28 20:36:18
   Now scraping post http://www.haodf.com/wenda/lixianying_g_654757032.htm
   2016-09-28 20:36:19
   Now scraping post http://www.haodf.com/wenda/lixianying_g_654757044.htm
   2016-09-28 20:36:19
   Now scraping post http://www.haodf.com/wenda/lixianying_g_654757046.htm
   2016-09-28 20:36:20
   Now scraping post http://www.haodf.com/wenda/lixianying_g_654757045.htm
   2016-09-28 20:36:21
   Now scraping post http://www.haodf.com/wenda/lixianying_g_654757043.htm
   2016-09-28 20:36:22
   Now scraping post http://www.haodf.com/wenda/lixianying_g_654757040.htm
   2016-09-28 20:36:23
   Now scraping post http://www.haodf.com/wenda/lixianying_g_654757034.htm
   2016-09-28 20:36:24
   Now scraping post http://www.haodf.com/wenda/lixianying_g_654757038.htm
   2016-09-28 20:36:25
   Now scraping post http://www.haodf.com/wenda/lixianying_g_654757039.htm
   2016-09-28 20:36:26
   Now scraping post http://www.haodf.com/wenda/lixianying_g_654757037.htm
   2016-09-28 20:36:27
   Now scraping post http://www.haodf.com/wenda/lixianying_g_654757030.htm
   2016-09-28 20:36:28
   Now scraping post http://www.haodf.com/wenda/lixianying_g_654757033.htm
   2016-09-28 20:36:29
   Now scraping post http://www.haodf.com/wenda/lixianying_g_654757031.htm
   2016-09-28 20:36:30
   Now scraping post http://www.haodf.com/wenda/lixianying_g_654757035.htm
   2016-09-28 20:36:31
   Now scraping post http://www.haodf.com/wenda/lixianying_g_654757036.htm
   2016-09-28 20:36:32
   Now scraping post http://www.haodf.com/wenda/lixianying_g_654757028.htm
  2016-09-28 20:36:33
  Now scraping page 19
   2016-09-28 20:36:34
   Now scraping post http://www.haodf.com/wenda/lixianying_g_654757029.htm
   2016-09-28 20:36:34
   Now scraping post http://www.haodf.com/wenda/lixianying_g_654757025.htm
   2016-09-28 20:36:35
   Now scraping post http://www.haodf.com/wenda/lixianying_g_654757027.htm
   2016-09-28 20:36:36
   Now scraping post http://www.haodf.com/wenda/lixianying_g_654757024.htm
   2016-09-28 20:36:37
   Now scraping post http://www.haodf.com/wenda/lixianying_g_654757026.htm
   2016-09-28 20:36:38
   Now scraping post http://www.haodf.com/wenda/lixianying_g_654757017.htm
   2016-09-28 20:36:39
   Now scraping post http://www.haodf.com/wenda/lixianying_g_654757023.htm
   2016-09-28 20:36:40
   Now scraping post http://www.haodf.com/wenda/lixianying_g_654757022.htm
   2016-09-28 20:36:40
   Now scraping post http://www.haodf.com/wenda/lixianying_g_654757018.htm
   2016-09-28 20:36:41
   Now scraping post http://www.haodf.com/wenda/lixianying_g_654757021.htm
   2016-09-28 20:36:42
   Now scraping post http://www.haodf.com/wenda/lixianying_g_654757020.htm
   2016-09-28 20:36:43
   Now scraping post http://www.haodf.com/wenda/lixianying_g_654757019.htm
   2016-09-28 20:36:44
   Now scraping post http://www.haodf.com/wenda/lixianying_g_654757009.htm
   2016-09-28 20:36:44
   Now scraping post http://www.haodf.com/wenda/lixianying_g_654757016.htm
   2016-09-28 20:36:45
   Now scraping post http://www.haodf.com/wenda/lixianying_g_654757015.htm
   2016-09-28 20:36:45
   Now scraping post http://www.haodf.com/wenda/lixianying_g_654757012.htm
   2016-09-28 20:36:46
   Now scraping post http://www.haodf.com/wenda/lixianying_g_654757014.htm
   2016-09-28 20:36:47
   Now scraping post http://www.haodf.com/wenda/lixianying_g_654757013.htm
   2016-09-28 20:36:48
   Now scraping post http://www.haodf.com/wenda/lixianying_g_654757011.htm
   2016-09-28 20:36:49
   Now scraping post http://www.haodf.com/wenda/lixianying_g_654757010.htm
   2016-09-28 20:36:49
   Now scraping post http://www.haodf.com/wenda/lixianying_g_654757008.htm
   2016-09-28 20:36:50
   Now scraping post http://www.haodf.com/wenda/lixianying_g_654757007.htm
   2016-09-28 20:36:51
   Now scraping post http://www.haodf.com/wenda/lixianying_g_654757006.htm
   2016-09-28 20:36:51
   Now scraping post http://www.haodf.com/wenda/lixianying_g_654757005.htm
   2016-09-28 20:36:52
   Now scraping post http://www.haodf.com/wenda/lixianying_g_654757001.htm
  2016-09-28 20:36:52
  Now scraping page 20
   2016-09-28 20:36:53
   Now scraping post http://www.haodf.com/wenda/lixianying_g_654757004.htm
   2016-09-28 20:36:54
   Now scraping post http://www.haodf.com/wenda/lixianying_g_654756997.htm
   2016-09-28 20:36:55
   Now scraping post http://www.haodf.com/wenda/lixianying_g_654757002.htm
   2016-09-28 20:36:55
   Now scraping post http://www.haodf.com/wenda/lixianying_g_654756999.htm
   2016-09-28 20:36:56
   Now scraping post http://www.haodf.com/wenda/lixianying_g_654757003.htm
   2016-09-28 20:36:58
   Now scraping post http://www.haodf.com/wenda/lixianying_g_654757000.htm
   2016-09-28 20:36:58
   Now scraping post http://www.haodf.com/wenda/lixianying_g_654756998.htm
   2016-09-28 20:37:00
   Now scraping post http://www.haodf.com/wenda/lixianying_g_654756996.htm
   2016-09-28 20:37:00
   Now scraping post http://www.haodf.com/wenda/lixianying_g_654756995.htm
   2016-09-28 20:37:01
   Now scraping post http://www.haodf.com/wenda/lixianying_g_654756994.htm
   2016-09-28 20:37:02
   Now scraping post http://www.haodf.com/wenda/lixianying_g_654756990.htm
   2016-09-28 20:37:03
   Now scraping post http://www.haodf.com/wenda/lixianying_g_654756992.htm
   2016-09-28 20:37:03
   Now scraping post http://www.haodf.com/wenda/lixianying_g_654756993.htm
   2016-09-28 20:37:04
   Now scraping post http://www.haodf.com/wenda/lixianying_g_654756991.htm
   2016-09-28 20:37:05
   Now scraping post http://www.haodf.com/wenda/lixianying_g_654756989.htm
   2016-09-28 20:37:06
   Now scraping post http://www.haodf.com/wenda/lixianying_g_654756988.htm
   2016-09-28 20:37:07
   Now scraping post http://www.haodf.com/wenda/lixianying_g_654756983.htm
   2016-09-28 20:37:08
   Now scraping post http://www.haodf.com/wenda/lixianying_g_654756986.htm
   2016-09-28 20:37:09
   Now scraping post http://www.haodf.com/wenda/lixianying_g_654756985.htm
   2016-09-28 20:37:10
   Now scraping post http://www.haodf.com/wenda/lixianying_g_654756987.htm
   2016-09-28 20:37:12
   Now scraping post http://www.haodf.com/wenda/lixianying_g_654756984.htm
   2016-09-28 20:37:13
   Now scraping post http://www.haodf.com/wenda/lixianying_g_654756981.htm
   2016-09-28 20:37:14
   Now scraping post http://www.haodf.com/wenda/lixianying_g_654756982.htm
   2016-09-28 20:37:15
   Now scraping post http://www.haodf.com/wenda/lixianying_g_654756980.htm
   2016-09-28 20:37:16
   Now scraping post http://www.haodf.com/wenda/lixianying_g_654756979.htm
  2016-09-28 20:37:17
  Now scraping page 21
   2016-09-28 20:37:17
   Now scraping post http://www.haodf.com/wenda/lixianying_g_654756978.htm
   2016-09-28 20:37:18
   Now scraping post http://www.haodf.com/wenda/lixianying_g_654756977.htm
   2016-09-28 20:37:19
   Now scraping post http://www.haodf.com/wenda/lixianying_g_654756975.htm
2016-09-28 20:37:19
[33m!Warning:[0m Fail to open: http://www.haodf.com/jibing/17α-qianghuameiquefazheng.htm
    2016-09-28 20:37:19
[33m    Warning:[0m Fail to get tag: http://www.haodf.com/jibing/17α-qianghuameiquefazheng.htm
   2016-09-28 20:37:19
   Now scraping post http://www.haodf.com/wenda/lixianying_g_654756976.htm
   2016-09-28 20:37:21
   Now scraping post http://www.haodf.com/wenda/lixianying_g_654756974.htm
   2016-09-28 20:37:21
   Now scraping post http://www.haodf.com/wenda/lixianying_g_654756972.htm
   2016-09-28 20:37:22
   Now scraping post http://www.haodf.com/wenda/lixianying_g_654756971.htm
   2016-09-28 20:37:23
   Now scraping post http://www.haodf.com/wenda/lixianying_g_654756970.htm
   2016-09-28 20:37:24
   Now scraping post http://www.haodf.com/wenda/lixianying_g_654756969.htm
   2016-09-28 20:37:25
   Now scraping post http://www.haodf.com/wenda/lixianying_g_654756968.htm
   2016-09-28 20:37:25
   Now scraping post http://www.haodf.com/wenda/lixianying_g_654756959.htm
   2016-09-28 20:37:27
   Now scraping post http://www.haodf.com/wenda/lixianying_g_654756941.htm
   2016-09-28 20:37:27
   Now scraping post http://www.haodf.com/wenda/lixianying_g_654756967.htm
   2016-09-28 20:37:29
   Now scraping post http://www.haodf.com/wenda/lixianying_g_654756956.htm
   2016-09-28 20:37:31
   Now scraping post http://www.haodf.com/wenda/lixianying_g_654756966.htm
   2016-09-28 20:37:32
   Now scraping post http://www.haodf.com/wenda/lixianying_g_654756965.htm
   2016-09-28 20:37:32
   Now scraping post http://www.haodf.com/wenda/lixianying_g_654756963.htm
   2016-09-28 20:37:33
   Now scraping post http://www.haodf.com/wenda/lixianying_g_654756964.htm
   2016-09-28 20:37:35
   Now scraping post http://www.haodf.com/wenda/lixianying_g_654756958.htm
   2016-09-28 20:37:36
   Now scraping post http://www.haodf.com/wenda/lixianying_g_654756962.htm
   2016-09-28 20:37:36
   Now scraping post http://www.haodf.com/wenda/lixianying_g_654756960.htm
   2016-09-28 20:37:37
   Now scraping post http://www.haodf.com/wenda/lixianying_g_654756961.htm
   2016-09-28 20:37:38
   Now scraping post http://www.haodf.com/wenda/lixianying_g_654756957.htm
   2016-09-28 20:37:38
   Now scraping post http://www.haodf.com/wenda/lixianying_g_654756954.htm
   2016-09-28 20:37:39
   Now scraping post http://www.haodf.com/wenda/lixianying_g_654756955.htm
  2016-09-28 20:37:40
  Now scraping page 22
   2016-09-28 20:37:40
   Now scraping post http://www.haodf.com/wenda/lixianying_g_654756953.htm
   2016-09-28 20:37:41
   Now scraping post http://www.haodf.com/wenda/lixianying_g_654756952.htm
   2016-09-28 20:37:42
   Now scraping post http://www.haodf.com/wenda/lixianying_g_654756951.htm
   2016-09-28 20:37:43
   Now scraping post http://www.haodf.com/wenda/lixianying_g_654756950.htm
   2016-09-28 20:37:44
   Now scraping post http://www.haodf.com/wenda/lixianying_g_654756949.htm
   2016-09-28 20:37:45
   Now scraping post http://www.haodf.com/wenda/lixianying_g_654756948.htm
   2016-09-28 20:37:46
   Now scraping post http://www.haodf.com/wenda/lixianying_g_654756936.htm
   2016-09-28 20:37:47
   Now scraping post http://www.haodf.com/wenda/lixianying_g_654756946.htm
   2016-09-28 20:37:48
   Now scraping post http://www.haodf.com/wenda/lixianying_g_654756945.htm
   2016-09-28 20:37:49
   Now scraping post http://www.haodf.com/wenda/lixianying_g_654756944.htm
   2016-09-28 20:37:49
   Now scraping post http://www.haodf.com/wenda/lixianying_g_654756931.htm
   2016-09-28 20:37:50
   Now scraping post http://www.haodf.com/wenda/lixianying_g_654756943.htm
   2016-09-28 20:37:51
   Now scraping post http://www.haodf.com/wenda/lixianying_g_654756935.htm
   2016-09-28 20:37:52
   Now scraping post http://www.haodf.com/wenda/lixianying_g_654756942.htm
   2016-09-28 20:37:53
   Now scraping post http://www.haodf.com/wenda/lixianying_g_654756938.htm
   2016-09-28 20:37:54
   Now scraping post http://www.haodf.com/wenda/lixianying_g_654756940.htm
   2016-09-28 20:37:55
   Now scraping post http://www.haodf.com/wenda/lixianying_g_654756939.htm
   2016-09-28 20:37:56
   Now scraping post http://www.haodf.com/wenda/lixianying_g_654756937.htm
   2016-09-28 20:37:57
   Now scraping post http://www.haodf.com/wenda/lixianying_g_654756927.htm
   2016-09-28 20:37:57
   Now scraping post http://www.haodf.com/wenda/lixianying_g_654756933.htm
   2016-09-28 20:37:58
   Now scraping post http://www.haodf.com/wenda/lixianying_g_654756932.htm
   2016-09-28 20:37:59
   Now scraping post http://www.haodf.com/wenda/lixianying_g_654756930.htm
   2016-09-28 20:38:00
   Now scraping post http://www.haodf.com/wenda/lixianying_g_654756922.htm
   2016-09-28 20:38:01
   Now scraping post http://www.haodf.com/wenda/lixianying_g_654756929.htm
   2016-09-28 20:38:02
   Now scraping post http://www.haodf.com/wenda/lixianying_g_654756928.htm
  2016-09-28 20:38:03
  Now scraping page 23
   2016-09-28 20:38:03
   Now scraping post http://www.haodf.com/wenda/lixianying_g_654756926.htm
   2016-09-28 20:38:04
   Now scraping post http://www.haodf.com/wenda/lixianying_g_654756925.htm
   2016-09-28 20:38:05
   Now scraping post http://www.haodf.com/wenda/lixianying_g_654756923.htm
   2016-09-28 20:38:06
   Now scraping post http://www.haodf.com/wenda/lixianying_g_654756924.htm
   2016-09-28 20:38:07
   Now scraping post http://www.haodf.com/wenda/lixianying_g_654756921.htm
   2016-09-28 20:38:08
   Now scraping post http://www.haodf.com/wenda/lixianying_g_654756920.htm
2016-09-28 20:38:09
[32m Finish![0m scraped 23 pages, 416 Q&As out of 556 posts.

