 2016-09-28 21:23:24
 Now scraping doctor 郭海燕
  2016-09-28 21:23:24
  Now scraping page 1
   2016-09-28 21:23:25
   Now scraping post http://www.haodf.com/wenda/drguohaiyan_g_4655039455.htm
   2016-09-28 21:23:25
   Now scraping post http://www.haodf.com/wenda/drguohaiyan_g_4712589055.htm
   2016-09-28 21:23:26
   Now scraping post http://www.haodf.com/wenda/drguohaiyan_g_4712443318.htm
   2016-09-28 21:23:27
   Now scraping post http://www.haodf.com/wenda/drguohaiyan_g_4693600665.htm
   2016-09-28 21:23:27
   Now scraping post http://www.haodf.com/wenda/drguohaiyan_g_4660460348.htm
   2016-09-28 21:23:28
   Now scraping post http://www.haodf.com/wenda/drguohaiyan_g_4619466343.htm
   2016-09-28 21:23:29
   Now scraping post http://www.haodf.com/wenda/drguohaiyan_g_4594781279.htm
   2016-09-28 21:23:30
   Now scraping post http://www.haodf.com/wenda/drguohaiyan_g_4590275483.htm
   2016-09-28 21:23:31
   Now scraping post http://www.haodf.com/wenda/drguohaiyan_g_3995414510.htm
   2016-09-28 21:23:31
   Now scraping post http://www.haodf.com/wenda/drguohaiyan_g_4580443242.htm
   2016-09-28 21:23:32
   Now scraping post http://www.haodf.com/wenda/drguohaiyan_g_4579776784.htm
   2016-09-28 21:23:33
   Now scraping post http://www.haodf.com/wenda/drguohaiyan_g_4573679017.htm
   2016-09-28 21:23:34
   Now scraping post http://www.haodf.com/wenda/drguohaiyan_g_4573093932.htm
   2016-09-28 21:23:34
   Now scraping post http://www.haodf.com/wenda/drguohaiyan_g_4568732477.htm
   2016-09-28 21:23:35
   Now scraping post http://www.haodf.com/wenda/drguohaiyan_g_4564228880.htm
   2016-09-28 21:23:36
   Now scraping post http://www.haodf.com/wenda/drguohaiyan_g_4535763953.htm
   2016-09-28 21:23:37
   Now scraping post http://www.haodf.com/wenda/drguohaiyan_g_4535760225.htm
   2016-09-28 21:23:37
   Now scraping post http://www.haodf.com/wenda/drguohaiyan_g_4045789538.htm
   2016-09-28 21:23:38
   Now scraping post http://www.haodf.com/wenda/drguohaiyan_g_4530075614.htm
   2016-09-28 21:23:39
   Now scraping post http://www.haodf.com/wenda/drguohaiyan_g_4529375017.htm
   2016-09-28 21:23:40
   Now scraping post http://www.haodf.com/wenda/drguohaiyan_g_4512062400.htm
   2016-09-28 21:23:41
   Now scraping post http://www.haodf.com/wenda/drguohaiyan_g_4521807432.htm
   2016-09-28 21:23:42
   Now scraping post http://www.haodf.com/wenda/drguohaiyan_g_4514593777.htm
   2016-09-28 21:23:42
   Now scraping post http://www.haodf.com/wenda/drguohaiyan_g_4504027775.htm
   2016-09-28 21:23:43
   Now scraping post http://www.haodf.com/wenda/drguohaiyan_g_4497837164.htm
  2016-09-28 21:23:44
  Now scraping page 2
   2016-09-28 21:23:44
   Now scraping post http://www.haodf.com/wenda/drguohaiyan_g_4207687121.htm
   2016-09-28 21:23:45
   Now scraping post http://www.haodf.com/wenda/drguohaiyan_g_4478207791.htm
   2016-09-28 21:23:46
   Now scraping post http://www.haodf.com/wenda/drguohaiyan_g_4467483809.htm
   2016-09-28 21:23:47
   Now scraping post http://www.haodf.com/wenda/drguohaiyan_g_4460793679.htm
   2016-09-28 21:23:47
   Now scraping post http://www.haodf.com/wenda/drguohaiyan_g_4438940094.htm
   2016-09-28 21:23:48
   Now scraping post http://www.haodf.com/wenda/drguohaiyan_g_4446648029.htm
   2016-09-28 21:23:50
   Now scraping post http://www.haodf.com/wenda/drguohaiyan_g_4438606212.htm
   2016-09-28 21:23:50
   Now scraping post http://www.haodf.com/wenda/drguohaiyan_g_4300168245.htm
   2016-09-28 21:23:51
   Now scraping post http://www.haodf.com/wenda/drguohaiyan_g_4427067702.htm
   2016-09-28 21:23:52
   Now scraping post http://www.haodf.com/wenda/drguohaiyan_g_4426464771.htm
   2016-09-28 21:23:53
   Now scraping post http://www.haodf.com/wenda/drguohaiyan_g_4425111773.htm
   2016-09-28 21:23:54
   Now scraping post http://www.haodf.com/wenda/drguohaiyan_g_4361877175.htm
   2016-09-28 21:23:54
   Now scraping post http://www.haodf.com/wenda/drguohaiyan_g_4417603226.htm
   2016-09-28 21:23:55
   Now scraping post http://www.haodf.com/wenda/drguohaiyan_g_4411602382.htm
   2016-09-28 21:23:56
   Now scraping post http://www.haodf.com/wenda/drguohaiyan_g_4408618944.htm
   2016-09-28 21:23:57
   Now scraping post http://www.haodf.com/wenda/drguohaiyan_g_4404342955.htm
   2016-09-28 21:23:58
   Now scraping post http://www.haodf.com/wenda/drguohaiyan_g_4403769455.htm
   2016-09-28 21:23:59
   Now scraping post http://www.haodf.com/wenda/drguohaiyan_g_4198079257.htm
   2016-09-28 21:23:59
   Now scraping post http://www.haodf.com/wenda/drguohaiyan_g_4396295244.htm
   2016-09-28 21:24:00
   Now scraping post http://www.haodf.com/wenda/drguohaiyan_g_4389852931.htm
   2016-09-28 21:24:01
   Now scraping post http://www.haodf.com/wenda/drguohaiyan_g_4388218245.htm
   2016-09-28 21:24:01
   Now scraping post http://www.haodf.com/wenda/drguohaiyan_g_4385045378.htm
   2016-09-28 21:24:02
   Now scraping post http://www.haodf.com/wenda/drguohaiyan_g_4385298805.htm
   2016-09-28 21:24:03
   Now scraping post http://www.haodf.com/wenda/drguohaiyan_g_4376024947.htm
   2016-09-28 21:24:04
   Now scraping post http://www.haodf.com/wenda/drguohaiyan_g_4368700249.htm
  2016-09-28 21:24:04
  Now scraping page 3
   2016-09-28 21:24:05
   Now scraping post http://www.haodf.com/wenda/drguohaiyan_g_4368683893.htm
   2016-09-28 21:24:06
   Now scraping post http://www.haodf.com/wenda/drguohaiyan_g_4367402031.htm
   2016-09-28 21:24:07
   Now scraping post http://www.haodf.com/wenda/drguohaiyan_g_4360710329.htm
   2016-09-28 21:24:08
   Now scraping post http://www.haodf.com/wenda/drguohaiyan_g_4350594557.htm
   2016-09-28 21:24:09
   Now scraping post http://www.haodf.com/wenda/drguohaiyan_g_4339708202.htm
   2016-09-28 21:24:10
   Now scraping post http://www.haodf.com/wenda/drguohaiyan_g_4206976076.htm
   2016-09-28 21:24:11
   Now scraping post http://www.haodf.com/wenda/drguohaiyan_g_4322433738.htm
   2016-09-28 21:24:12
   Now scraping post http://www.haodf.com/wenda/drguohaiyan_g_4323001129.htm
   2016-09-28 21:24:13
   Now scraping post http://www.haodf.com/wenda/drguohaiyan_g_4322998904.htm
   2016-09-28 21:24:13
   Now scraping post http://www.haodf.com/wenda/drguohaiyan_g_4317062667.htm
   2016-09-28 21:24:15
   Now scraping post http://www.haodf.com/wenda/drguohaiyan_g_4316702854.htm
   2016-09-28 21:24:15
   Now scraping post http://www.haodf.com/wenda/drguohaiyan_g_4312352363.htm
   2016-09-28 21:24:16
   Now scraping post http://www.haodf.com/wenda/drguohaiyan_g_4310456406.htm
   2016-09-28 21:24:17
   Now scraping post http://www.haodf.com/wenda/drguohaiyan_g_4310034930.htm
   2016-09-28 21:24:18
   Now scraping post http://www.haodf.com/wenda/drguohaiyan_g_4185018939.htm
   2016-09-28 21:24:18
   Now scraping post http://www.haodf.com/wenda/drguohaiyan_g_4248696836.htm
   2016-09-28 21:24:19
   Now scraping post http://www.haodf.com/wenda/drguohaiyan_g_4248655836.htm
   2016-09-28 21:24:20
   Now scraping post http://www.haodf.com/wenda/drguohaiyan_g_4243523811.htm
   2016-09-28 21:24:20
   Now scraping post http://www.haodf.com/wenda/drguohaiyan_g_4230437963.htm
   2016-09-28 21:24:21
   Now scraping post http://www.haodf.com/wenda/drguohaiyan_g_4212658819.htm
   2016-09-28 21:24:22
   Now scraping post http://www.haodf.com/wenda/drguohaiyan_g_4233284200.htm
   2016-09-28 21:24:23
   Now scraping post http://www.haodf.com/wenda/drguohaiyan_g_4233481407.htm
   2016-09-28 21:24:24
   Now scraping post http://www.haodf.com/wenda/drguohaiyan_g_4220033848.htm
   2016-09-28 21:24:24
   Now scraping post http://www.haodf.com/wenda/drguohaiyan_g_4138324648.htm
   2016-09-28 21:24:26
   Now scraping post http://www.haodf.com/wenda/drguohaiyan_g_4220013360.htm
  2016-09-28 21:24:26
  Now scraping page 4
   2016-09-28 21:24:27
   Now scraping post http://www.haodf.com/wenda/drguohaiyan_g_4185102694.htm
   2016-09-28 21:24:28
   Now scraping post http://www.haodf.com/wenda/drguohaiyan_g_4213383356.htm
   2016-09-28 21:24:28
   Now scraping post http://www.haodf.com/wenda/drguohaiyan_g_4198558216.htm
   2016-09-28 21:24:29
   Now scraping post http://www.haodf.com/wenda/drguohaiyan_g_4212608856.htm
   2016-09-28 21:24:29
   Now scraping post http://www.haodf.com/wenda/drguohaiyan_g_4212982571.htm
   2016-09-28 21:24:30
   Now scraping post http://www.haodf.com/wenda/drguohaiyan_g_4210508176.htm
   2016-09-28 21:24:30
   Now scraping post http://www.haodf.com/wenda/drguohaiyan_g_4015788321.htm
   2016-09-28 21:24:31
   Now scraping post http://www.haodf.com/wenda/drguohaiyan_g_4123199617.htm
   2016-09-28 21:24:32
   Now scraping post http://www.haodf.com/wenda/drguohaiyan_g_4202007199.htm
   2016-09-28 21:24:33
   Now scraping post http://www.haodf.com/wenda/drguohaiyan_g_4206763672.htm
   2016-09-28 21:24:33
   Now scraping post http://www.haodf.com/wenda/drguohaiyan_g_4207232016.htm
   2016-09-28 21:24:34
   Now scraping post http://www.haodf.com/wenda/drguohaiyan_g_4207235297.htm
   2016-09-28 21:24:35
   Now scraping post http://www.haodf.com/wenda/drguohaiyan_g_4207556473.htm
   2016-09-28 21:24:36
   Now scraping post http://www.haodf.com/wenda/drguohaiyan_g_4207570571.htm
   2016-09-28 21:24:36
   Now scraping post http://www.haodf.com/wenda/drguohaiyan_g_4207666679.htm
   2016-09-28 21:24:37
   Now scraping post http://www.haodf.com/wenda/drguohaiyan_g_4207727531.htm
   2016-09-28 21:24:37
   Now scraping post http://www.haodf.com/wenda/drguohaiyan_g_4164890894.htm
   2016-09-28 21:24:38
   Now scraping post http://www.haodf.com/wenda/drguohaiyan_g_4156914223.htm
   2016-09-28 21:24:39
   Now scraping post http://www.haodf.com/wenda/drguohaiyan_g_4198229290.htm
   2016-09-28 21:24:39
   Now scraping post http://www.haodf.com/wenda/drguohaiyan_g_4198408477.htm
   2016-09-28 21:24:40
   Now scraping post http://www.haodf.com/wenda/drguohaiyan_g_4201382741.htm
   2016-09-28 21:24:40
   Now scraping post http://www.haodf.com/wenda/drguohaiyan_g_4198032212.htm
   2016-09-28 21:24:41
   Now scraping post http://www.haodf.com/wenda/drguohaiyan_g_4197577478.htm
   2016-09-28 21:24:42
   Now scraping post http://www.haodf.com/wenda/drguohaiyan_g_4197360637.htm
   2016-09-28 21:24:43
   Now scraping post http://www.haodf.com/wenda/drguohaiyan_g_4164837418.htm
  2016-09-28 21:24:44
  Now scraping page 5
   2016-09-28 21:24:44
   Now scraping post http://www.haodf.com/wenda/drguohaiyan_g_4196433140.htm
   2016-09-28 21:24:45
   Now scraping post http://www.haodf.com/wenda/drguohaiyan_g_4193718314.htm
   2016-09-28 21:24:46
   Now scraping post http://www.haodf.com/wenda/drguohaiyan_g_4174846034.htm
   2016-09-28 21:24:47
   Now scraping post http://www.haodf.com/wenda/drguohaiyan_g_4169308624.htm
   2016-09-28 21:24:48
   Now scraping post http://www.haodf.com/wenda/drguohaiyan_g_4178885151.htm
   2016-09-28 21:24:48
   Now scraping post http://www.haodf.com/wenda/drguohaiyan_g_4178919944.htm
   2016-09-28 21:24:49
   Now scraping post http://www.haodf.com/wenda/drguohaiyan_g_4178920454.htm
   2016-09-28 21:24:50
   Now scraping post http://www.haodf.com/wenda/drguohaiyan_g_4187642687.htm
   2016-09-28 21:24:50
   Now scraping post http://www.haodf.com/wenda/drguohaiyan_g_4186237111.htm
   2016-09-28 21:24:51
   Now scraping post http://www.haodf.com/wenda/drguohaiyan_g_4186236115.htm
   2016-09-28 21:24:52
   Now scraping post http://www.haodf.com/wenda/drguohaiyan_g_4160022033.htm
   2016-09-28 21:24:53
   Now scraping post http://www.haodf.com/wenda/drguohaiyan_g_4176164162.htm
   2016-09-28 21:24:54
   Now scraping post http://www.haodf.com/wenda/drguohaiyan_g_4170897966.htm
   2016-09-28 21:24:55
   Now scraping post http://www.haodf.com/wenda/drguohaiyan_g_4164250617.htm
   2016-09-28 21:24:55
   Now scraping post http://www.haodf.com/wenda/drguohaiyan_g_4149297511.htm
   2016-09-28 21:24:56
   Now scraping post http://www.haodf.com/wenda/drguohaiyan_g_4164669811.htm
   2016-09-28 21:24:57
   Now scraping post http://www.haodf.com/wenda/drguohaiyan_g_4164711100.htm
   2016-09-28 21:24:57
   Now scraping post http://www.haodf.com/wenda/drguohaiyan_g_4164905749.htm
   2016-09-28 21:24:58
   Now scraping post http://www.haodf.com/wenda/drguohaiyan_g_4165138270.htm
   2016-09-28 21:24:59
   Now scraping post http://www.haodf.com/wenda/drguohaiyan_g_4165112233.htm
   2016-09-28 21:25:00
   Now scraping post http://www.haodf.com/wenda/drguohaiyan_g_4164780360.htm
   2016-09-28 21:25:00
   Now scraping post http://www.haodf.com/wenda/drguohaiyan_g_4164586840.htm
   2016-09-28 21:25:01
   Now scraping post http://www.haodf.com/wenda/drguohaiyan_g_4161050138.htm
   2016-09-28 21:25:02
   Now scraping post http://www.haodf.com/wenda/drguohaiyan_g_4138480894.htm
   2016-09-28 21:25:03
   Now scraping post http://www.haodf.com/wenda/drguohaiyan_g_4157177217.htm
  2016-09-28 21:25:04
  Now scraping page 6
   2016-09-28 21:25:04
   Now scraping post http://www.haodf.com/wenda/drguohaiyan_g_4150955318.htm
   2016-09-28 21:25:05
   Now scraping post http://www.haodf.com/wenda/drguohaiyan_g_4149377214.htm
   2016-09-28 21:25:06
   Now scraping post http://www.haodf.com/wenda/drguohaiyan_g_4148412941.htm
   2016-09-28 21:25:07
   Now scraping post http://www.haodf.com/wenda/drguohaiyan_g_4148382177.htm
   2016-09-28 21:25:07
   Now scraping post http://www.haodf.com/wenda/drguohaiyan_g_4146178856.htm
   2016-09-28 21:25:08
   Now scraping post http://www.haodf.com/wenda/drguohaiyan_g_4141247844.htm
   2016-09-28 21:25:08
   Now scraping post http://www.haodf.com/wenda/drguohaiyan_g_4141050577.htm
   2016-09-28 21:25:09
   Now scraping post http://www.haodf.com/wenda/drguohaiyan_g_4139000001.htm
   2016-09-28 21:25:10
   Now scraping post http://www.haodf.com/wenda/drguohaiyan_g_4139244619.htm
   2016-09-28 21:25:11
   Now scraping post http://www.haodf.com/wenda/drguohaiyan_g_4138467582.htm
   2016-09-28 21:25:11
   Now scraping post http://www.haodf.com/wenda/drguohaiyan_g_4138383533.htm
   2016-09-28 21:25:11
   Now scraping post http://www.haodf.com/wenda/drguohaiyan_g_4138373332.htm
   2016-09-28 21:25:12
   Now scraping post http://www.haodf.com/wenda/drguohaiyan_g_4138258564.htm
   2016-09-28 21:25:13
   Now scraping post http://www.haodf.com/wenda/drguohaiyan_g_4137963003.htm
   2016-09-28 21:25:13
   Now scraping post http://www.haodf.com/wenda/drguohaiyan_g_4136634863.htm
   2016-09-28 21:25:14
   Now scraping post http://www.haodf.com/wenda/drguohaiyan_g_4135638588.htm
   2016-09-28 21:25:15
   Now scraping post http://www.haodf.com/wenda/drguohaiyan_g_4135074599.htm
   2016-09-28 21:25:16
   Now scraping post http://www.haodf.com/wenda/drguohaiyan_g_4133345712.htm
   2016-09-28 21:25:17
   Now scraping post http://www.haodf.com/wenda/drguohaiyan_g_4133197619.htm
   2016-09-28 21:25:18
   Now scraping post http://www.haodf.com/wenda/drguohaiyan_g_4089878705.htm
   2016-09-28 21:25:18
   Now scraping post http://www.haodf.com/wenda/drguohaiyan_g_4074568625.htm
   2016-09-28 21:25:19
   Now scraping post http://www.haodf.com/wenda/drguohaiyan_g_4047150744.htm
   2016-09-28 21:25:20
   Now scraping post http://www.haodf.com/wenda/drguohaiyan_g_4046812989.htm
   2016-09-28 21:25:20
   Now scraping post http://www.haodf.com/wenda/drguohaiyan_g_4046349366.htm
   2016-09-28 21:25:21
   Now scraping post http://www.haodf.com/wenda/drguohaiyan_g_4045739231.htm
  2016-09-28 21:25:22
  Now scraping page 7
   2016-09-28 21:25:23
   Now scraping post http://www.haodf.com/wenda/drguohaiyan_g_3992464389.htm
   2016-09-28 21:25:23
   Now scraping post http://www.haodf.com/wenda/drguohaiyan_g_4042262032.htm
   2016-09-28 21:25:24
   Now scraping post http://www.haodf.com/wenda/drguohaiyan_g_4030426307.htm
   2016-09-28 21:25:24
   Now scraping post http://www.haodf.com/wenda/drguohaiyan_g_4023976998.htm
   2016-09-28 21:25:25
   Now scraping post http://www.haodf.com/wenda/drguohaiyan_g_4025468466.htm
   2016-09-28 21:25:26
   Now scraping post http://www.haodf.com/wenda/drguohaiyan_g_4025460744.htm
   2016-09-28 21:25:27
   Now scraping post http://www.haodf.com/wenda/drguohaiyan_g_4023554283.htm
   2016-09-28 21:25:27
   Now scraping post http://www.haodf.com/wenda/drguohaiyan_g_4023538506.htm
   2016-09-28 21:25:28
   Now scraping post http://www.haodf.com/wenda/drguohaiyan_g_4023448366.htm
   2016-09-28 21:25:28
   Now scraping post http://www.haodf.com/wenda/drguohaiyan_g_4023472854.htm
   2016-09-28 21:25:29
   Now scraping post http://www.haodf.com/wenda/drguohaiyan_g_4023051780.htm
   2016-09-28 21:25:30
   Now scraping post http://www.haodf.com/wenda/drguohaiyan_g_4022415306.htm
   2016-09-28 21:25:30
   Now scraping post http://www.haodf.com/wenda/drguohaiyan_g_4022310240.htm
   2016-09-28 21:25:31
   Now scraping post http://www.haodf.com/wenda/drguohaiyan_g_4021643419.htm
   2016-09-28 21:25:32
   Now scraping post http://www.haodf.com/wenda/drguohaiyan_g_4021552247.htm
   2016-09-28 21:25:32
   Now scraping post http://www.haodf.com/wenda/drguohaiyan_g_4021110119.htm
   2016-09-28 21:25:33
   Now scraping post http://www.haodf.com/wenda/drguohaiyan_g_4020847777.htm
   2016-09-28 21:25:33
   Now scraping post http://www.haodf.com/wenda/drguohaiyan_g_4020841063.htm
   2016-09-28 21:25:34
   Now scraping post http://www.haodf.com/wenda/drguohaiyan_g_4020777171.htm
   2016-09-28 21:25:35
   Now scraping post http://www.haodf.com/wenda/drguohaiyan_g_4020647847.htm
   2016-09-28 21:25:35
   Now scraping post http://www.haodf.com/wenda/drguohaiyan_g_4020739478.htm
   2016-09-28 21:25:36
   Now scraping post http://www.haodf.com/wenda/drguohaiyan_g_4020444685.htm
   2016-09-28 21:25:36
   Now scraping post http://www.haodf.com/wenda/drguohaiyan_g_4020582871.htm
   2016-09-28 21:25:37
   Now scraping post http://www.haodf.com/wenda/drguohaiyan_g_4020493341.htm
   2016-09-28 21:25:38
   Now scraping post http://www.haodf.com/wenda/drguohaiyan_g_4020467780.htm
  2016-09-28 21:25:38
  Now scraping page 8
   2016-09-28 21:25:40
   Now scraping post http://www.haodf.com/wenda/drguohaiyan_g_4020508505.htm
   2016-09-28 21:25:40
   Now scraping post http://www.haodf.com/wenda/drguohaiyan_g_4020504717.htm
   2016-09-28 21:25:41
   Now scraping post http://www.haodf.com/wenda/drguohaiyan_g_4020382906.htm
   2016-09-28 21:25:42
   Now scraping post http://www.haodf.com/wenda/drguohaiyan_g_4020361330.htm
   2016-09-28 21:25:43
   Now scraping post http://www.haodf.com/wenda/drguohaiyan_g_4020085748.htm
   2016-09-28 21:25:44
   Now scraping post http://www.haodf.com/wenda/drguohaiyan_g_4015890938.htm
   2016-09-28 21:25:45
   Now scraping post http://www.haodf.com/wenda/drguohaiyan_g_4015230633.htm
   2016-09-28 21:25:46
   Now scraping post http://www.haodf.com/wenda/drguohaiyan_g_4003700054.htm
   2016-09-28 21:25:46
   Now scraping post http://www.haodf.com/wenda/drguohaiyan_g_4006577007.htm
   2016-09-28 21:25:47
   Now scraping post http://www.haodf.com/wenda/drguohaiyan_g_4000223404.htm
   2016-09-28 21:25:48
   Now scraping post http://www.haodf.com/wenda/drguohaiyan_g_3995781419.htm
   2016-09-28 21:25:48
   Now scraping post http://www.haodf.com/wenda/drguohaiyan_g_3999971446.htm
   2016-09-28 21:25:49
   Now scraping post http://www.haodf.com/wenda/drguohaiyan_g_3997283871.htm
   2016-09-28 21:25:50
   Now scraping post http://www.haodf.com/wenda/drguohaiyan_g_3996045737.htm
   2016-09-28 21:25:51
   Now scraping post http://www.haodf.com/wenda/drguohaiyan_g_3995945344.htm
   2016-09-28 21:25:51
   Now scraping post http://www.haodf.com/wenda/drguohaiyan_g_3995731372.htm
   2016-09-28 21:25:52
   Now scraping post http://www.haodf.com/wenda/drguohaiyan_g_3995653793.htm
   2016-09-28 21:25:53
   Now scraping post http://www.haodf.com/wenda/drguohaiyan_g_3995635594.htm
   2016-09-28 21:25:53
   Now scraping post http://www.haodf.com/wenda/drguohaiyan_g_3989433828.htm
   2016-09-28 21:25:54
   Now scraping post http://www.haodf.com/wenda/drguohaiyan_g_3995457912.htm
   2016-09-28 21:25:55
   Now scraping post http://www.haodf.com/wenda/drguohaiyan_g_3992470226.htm
   2016-09-28 21:25:55
   Now scraping post http://www.haodf.com/wenda/drguohaiyan_g_3990932461.htm
   2016-09-28 21:25:56
   Now scraping post http://www.haodf.com/wenda/drguohaiyan_g_3989850038.htm
   2016-09-28 21:25:57
   Now scraping post http://www.haodf.com/wenda/drguohaiyan_g_3990971708.htm
   2016-09-28 21:25:58
   Now scraping post http://www.haodf.com/wenda/drguohaiyan_g_3989874689.htm
  2016-09-28 21:25:58
  Now scraping page 9
   2016-09-28 21:25:59
   Now scraping post http://www.haodf.com/wenda/drguohaiyan_g_3989817232.htm
   2016-09-28 21:25:59
   Now scraping post http://www.haodf.com/wenda/drguohaiyan_g_3989243440.htm
   2016-09-28 21:26:00
   Now scraping post http://www.haodf.com/wenda/drguohaiyan_g_3392255481.htm
   2016-09-28 21:26:01
   Now scraping post http://www.haodf.com/wenda/drguohaiyan_g_3382972972.htm
   2016-09-28 21:26:02
   Now scraping post http://www.haodf.com/wenda/drguohaiyan_g_3382970732.htm
   2016-09-28 21:26:03
   Now scraping post http://www.haodf.com/wenda/drguohaiyan_g_3378013366.htm
   2016-09-28 21:26:04
   Now scraping post http://www.haodf.com/wenda/drguohaiyan_g_3378009975.htm
   2016-09-28 21:26:06
   Now scraping post http://www.haodf.com/wenda/drguohaiyan_g_3372727135.htm
   2016-09-28 21:26:07
   Now scraping post http://www.haodf.com/wenda/drguohaiyan_g_3350810653.htm
   2016-09-28 21:26:08
   Now scraping post http://www.haodf.com/wenda/drguohaiyan_g_3350608999.htm
   2016-09-28 21:26:09
   Now scraping post http://www.haodf.com/wenda/drguohaiyan_g_2715527556.htm
   2016-09-28 21:26:09
   Now scraping post http://www.haodf.com/wenda/drguohaiyan_g_1185594536.htm
   2016-09-28 21:26:11
   Now scraping post http://www.haodf.com/wenda/drguohaiyan_g_1240772998.htm
   2016-09-28 21:26:12
   Now scraping post http://www.haodf.com/wenda/drguohaiyan_g_1185601454.htm
   2016-09-28 21:26:13
   Now scraping post http://www.haodf.com/wenda/drguohaiyan_g_1185600144.htm
   2016-09-28 21:26:14
   Now scraping post http://www.haodf.com/wenda/drguohaiyan_g_1185597237.htm
   2016-09-28 21:26:15
   Now scraping post http://www.haodf.com/wenda/drguohaiyan_g_1137369663.htm
   2016-09-28 21:26:16
   Now scraping post http://www.haodf.com/wenda/drguohaiyan_g_1137376012.htm
   2016-09-28 21:26:17
   Now scraping post http://www.haodf.com/wenda/drguohaiyan_g_655541650.htm
   2016-09-28 21:26:17
   Now scraping post http://www.haodf.com/wenda/drguohaiyan_g_655541649.htm
   2016-09-28 21:26:18
   Now scraping post http://www.haodf.com/wenda/drguohaiyan_g_655541647.htm
   2016-09-28 21:26:19
   Now scraping post http://www.haodf.com/wenda/drguohaiyan_g_655541646.htm
   2016-09-28 21:26:20
   Now scraping post http://www.haodf.com/wenda/drguohaiyan_g_655541648.htm
   2016-09-28 21:26:21
   Now scraping post http://www.haodf.com/wenda/drguohaiyan_g_655541645.htm
   2016-09-28 21:26:22
   Now scraping post http://www.haodf.com/wenda/drguohaiyan_g_655541644.htm
  2016-09-28 21:26:23
  Now scraping page 10
   2016-09-28 21:26:23
   Now scraping post http://www.haodf.com/wenda/drguohaiyan_g_655541642.htm
   2016-09-28 21:26:24
   Now scraping post http://www.haodf.com/wenda/drguohaiyan_g_655541640.htm
   2016-09-28 21:26:25
   Now scraping post http://www.haodf.com/wenda/drguohaiyan_g_655541634.htm
   2016-09-28 21:26:26
   Now scraping post http://www.haodf.com/wenda/drguohaiyan_g_655541643.htm
   2016-09-28 21:26:27
   Now scraping post http://www.haodf.com/wenda/drguohaiyan_g_655541641.htm
   2016-09-28 21:26:28
   Now scraping post http://www.haodf.com/wenda/drguohaiyan_g_655541639.htm
   2016-09-28 21:26:29
   Now scraping post http://www.haodf.com/wenda/drguohaiyan_g_655541637.htm
   2016-09-28 21:26:30
   Now scraping post http://www.haodf.com/wenda/drguohaiyan_g_655541638.htm
   2016-09-28 21:26:31
   Now scraping post http://www.haodf.com/wenda/drguohaiyan_g_655541635.htm
   2016-09-28 21:26:32
   Now scraping post http://www.haodf.com/wenda/drguohaiyan_g_655541636.htm
2016-09-28 21:26:34
[32m Finish![0m scraped 10 pages, 100 Q&As out of 235 posts.

