 2016-09-29 08:17:35
 Now scraping doctor 周家秀
  2016-09-29 08:17:36
  Now scraping page 1
   2016-09-29 08:17:37
   Now scraping post http://drzhoujiaxiu.haodf.com/wenda/drzhoujiaxiu_4750185173.htm
   2016-09-29 08:17:38
   Now scraping post http://drzhoujiaxiu.haodf.com/wenda/drzhoujiaxiu_4750182492.htm
   2016-09-29 08:17:41
   Now scraping post http://www.haodf.com/wenda/drzhoujiaxiu_g_4750827708.htm
   2016-09-29 08:17:41
   Now scraping post http://www.haodf.com/wenda/drzhoujiaxiu_g_4750863357.htm
   2016-09-29 08:17:42
   Now scraping post http://www.haodf.com/wenda/drzhoujiaxiu_g_4555982612.htm
   2016-09-29 08:17:43
   Now scraping post http://www.haodf.com/wenda/drzhoujiaxiu_g_4343052712.htm
   2016-09-29 08:17:44
   Now scraping post http://www.haodf.com/wenda/drzhoujiaxiu_g_4735065273.htm
   2016-09-29 08:17:45
   Now scraping post http://www.haodf.com/wenda/drzhoujiaxiu_g_4730389849.htm
   2016-09-29 08:17:46
   Now scraping post http://www.haodf.com/wenda/drzhoujiaxiu_g_4682577643.htm
   2016-09-29 08:17:47
   Now scraping post http://www.haodf.com/wenda/drzhoujiaxiu_g_4213951759.htm
   2016-09-29 08:17:48
   Now scraping post http://www.haodf.com/wenda/drzhoujiaxiu_g_4719297723.htm
   2016-09-29 08:17:49
   Now scraping post http://www.haodf.com/wenda/drzhoujiaxiu_g_4709049056.htm
   2016-09-29 08:17:50
   Now scraping post http://www.haodf.com/wenda/drzhoujiaxiu_g_4743658397.htm
   2016-09-29 08:17:51
   Now scraping post http://www.haodf.com/wenda/drzhoujiaxiu_g_4744532133.htm
   2016-09-29 08:17:52
   Now scraping post http://www.haodf.com/wenda/drzhoujiaxiu_g_4744499787.htm
   2016-09-29 08:17:53
   Now scraping post http://www.haodf.com/wenda/drzhoujiaxiu_g_4537721615.htm
   2016-09-29 08:17:54
   Now scraping post http://www.haodf.com/wenda/drzhoujiaxiu_g_4722304649.htm
   2016-09-29 08:17:55
   Now scraping post http://www.haodf.com/wenda/drzhoujiaxiu_g_4155102193.htm
   2016-09-29 08:17:56
   Now scraping post http://www.haodf.com/wenda/drzhoujiaxiu_g_4741280714.htm
   2016-09-29 08:17:58
   Now scraping post http://www.haodf.com/wenda/drzhoujiaxiu_g_4722536874.htm
   2016-09-29 08:17:58
   Now scraping post http://www.haodf.com/wenda/drzhoujiaxiu_g_4596681540.htm
   2016-09-29 08:17:59
   Now scraping post http://www.haodf.com/wenda/drzhoujiaxiu_g_4719844316.htm
   2016-09-29 08:18:00
   Now scraping post http://www.haodf.com/wenda/drzhoujiaxiu_g_4713652266.htm
   2016-09-29 08:18:02
   Now scraping post http://www.haodf.com/wenda/drzhoujiaxiu_g_4713261479.htm
   2016-09-29 08:18:03
   Now scraping post http://www.haodf.com/wenda/drzhoujiaxiu_g_4695901359.htm
  2016-09-29 08:18:04
  Now scraping page 2
   2016-09-29 08:18:05
   Now scraping post http://www.haodf.com/wenda/drzhoujiaxiu_g_4696709942.htm
   2016-09-29 08:18:06
   Now scraping post http://www.haodf.com/wenda/drzhoujiaxiu_g_4693581856.htm
   2016-09-29 08:18:07
   Now scraping post http://www.haodf.com/wenda/drzhoujiaxiu_g_4712605010.htm
   2016-09-29 08:18:07
   Now scraping post http://www.haodf.com/wenda/drzhoujiaxiu_g_4679504078.htm
   2016-09-29 08:18:08
   Now scraping post http://www.haodf.com/wenda/drzhoujiaxiu_g_4698436339.htm
   2016-09-29 08:18:09
   Now scraping post http://www.haodf.com/wenda/drzhoujiaxiu_g_4666713389.htm
   2016-09-29 08:18:10
   Now scraping post http://www.haodf.com/wenda/drzhoujiaxiu_g_4711344990.htm
   2016-09-29 08:18:12
   Now scraping post http://www.haodf.com/wenda/drzhoujiaxiu_g_4711343636.htm
   2016-09-29 08:18:13
   Now scraping post http://www.haodf.com/wenda/drzhoujiaxiu_g_4711089798.htm
   2016-09-29 08:18:14
   Now scraping post http://www.haodf.com/wenda/drzhoujiaxiu_g_4710633134.htm
   2016-09-29 08:18:15
   Now scraping post http://www.haodf.com/wenda/drzhoujiaxiu_g_4702238840.htm
   2016-09-29 08:18:16
   Now scraping post http://www.haodf.com/wenda/drzhoujiaxiu_g_4656644161.htm
   2016-09-29 08:18:17
   Now scraping post http://www.haodf.com/wenda/drzhoujiaxiu_g_4698518357.htm
   2016-09-29 08:18:19
   Now scraping post http://www.haodf.com/wenda/drzhoujiaxiu_g_4696209741.htm
   2016-09-29 08:18:21
   Now scraping post http://www.haodf.com/wenda/drzhoujiaxiu_g_4695888445.htm
   2016-09-29 08:18:22
   Now scraping post http://www.haodf.com/wenda/drzhoujiaxiu_g_4689986561.htm
   2016-09-29 08:18:23
   Now scraping post http://www.haodf.com/wenda/drzhoujiaxiu_g_4693634309.htm
   2016-09-29 08:18:24
   Now scraping post http://www.haodf.com/wenda/drzhoujiaxiu_g_4648964817.htm
   2016-09-29 08:18:25
   Now scraping post http://www.haodf.com/wenda/drzhoujiaxiu_g_4681822620.htm
   2016-09-29 08:18:25
   Now scraping post http://www.haodf.com/wenda/drzhoujiaxiu_g_4579011072.htm
   2016-09-29 08:18:26
   Now scraping post http://www.haodf.com/wenda/drzhoujiaxiu_g_4693544714.htm
   2016-09-29 08:18:28
   Now scraping post http://www.haodf.com/wenda/drzhoujiaxiu_g_4691901085.htm
   2016-09-29 08:18:29
   Now scraping post http://www.haodf.com/wenda/drzhoujiaxiu_g_4681881104.htm
   2016-09-29 08:18:30
   Now scraping post http://www.haodf.com/wenda/drzhoujiaxiu_g_4668422330.htm
   2016-09-29 08:18:32
   Now scraping post http://www.haodf.com/wenda/drzhoujiaxiu_g_4611272038.htm
  2016-09-29 08:18:33
  Now scraping page 3
   2016-09-29 08:18:34
   Now scraping post http://www.haodf.com/wenda/drzhoujiaxiu_g_4202757084.htm
   2016-09-29 08:18:34
   Now scraping post http://www.haodf.com/wenda/drzhoujiaxiu_g_4468410887.htm
   2016-09-29 08:18:35
   Now scraping post http://www.haodf.com/wenda/drzhoujiaxiu_g_4680459761.htm
   2016-09-29 08:18:36
   Now scraping post http://www.haodf.com/wenda/drzhoujiaxiu_g_4680479871.htm
   2016-09-29 08:18:37
   Now scraping post http://www.haodf.com/wenda/drzhoujiaxiu_g_4681720165.htm
   2016-09-29 08:18:38
   Now scraping post http://www.haodf.com/wenda/drzhoujiaxiu_g_4075275854.htm
   2016-09-29 08:18:39
   Now scraping post http://www.haodf.com/wenda/drzhoujiaxiu_g_4662065387.htm
   2016-09-29 08:18:40
   Now scraping post http://www.haodf.com/wenda/drzhoujiaxiu_g_4682078361.htm
   2016-09-29 08:18:41
   Now scraping post http://www.haodf.com/wenda/drzhoujiaxiu_g_4680249322.htm
   2016-09-29 08:18:43
   Now scraping post http://www.haodf.com/wenda/drzhoujiaxiu_g_4680066962.htm
   2016-09-29 08:18:43
   Now scraping post http://www.haodf.com/wenda/drzhoujiaxiu_g_4679931385.htm
   2016-09-29 08:18:44
   Now scraping post http://www.haodf.com/wenda/drzhoujiaxiu_g_4248911079.htm
   2016-09-29 08:18:45
   Now scraping post http://www.haodf.com/wenda/drzhoujiaxiu_g_4329162020.htm
   2016-09-29 08:18:46
   Now scraping post http://www.haodf.com/wenda/drzhoujiaxiu_g_4676749026.htm
   2016-09-29 08:18:47
   Now scraping post http://www.haodf.com/wenda/drzhoujiaxiu_g_3777730776.htm
   2016-09-29 08:18:48
   Now scraping post http://www.haodf.com/wenda/drzhoujiaxiu_g_4677612779.htm
   2016-09-29 08:18:48
   Now scraping post http://www.haodf.com/wenda/drzhoujiaxiu_g_4301248290.htm
   2016-09-29 08:18:49
   Now scraping post http://www.haodf.com/wenda/drzhoujiaxiu_g_4674985586.htm
   2016-09-29 08:18:49
   Now scraping post http://www.haodf.com/wenda/drzhoujiaxiu_g_4658752694.htm
   2016-09-29 08:18:50
   Now scraping post http://www.haodf.com/wenda/drzhoujiaxiu_g_4587820981.htm
   2016-09-29 08:18:51
   Now scraping post http://www.haodf.com/wenda/drzhoujiaxiu_g_4313688123.htm
   2016-09-29 08:18:52
   Now scraping post http://www.haodf.com/wenda/drzhoujiaxiu_g_4629214921.htm
   2016-09-29 08:18:53
   Now scraping post http://www.haodf.com/wenda/drzhoujiaxiu_g_4197703597.htm
   2016-09-29 08:18:54
   Now scraping post http://www.haodf.com/wenda/drzhoujiaxiu_g_4632269767.htm
   2016-09-29 08:18:55
   Now scraping post http://www.haodf.com/wenda/drzhoujiaxiu_g_4199070018.htm
  2016-09-29 08:18:55
  Now scraping page 4
   2016-09-29 08:18:56
   Now scraping post http://www.haodf.com/wenda/drzhoujiaxiu_g_4300050715.htm
   2016-09-29 08:18:57
   Now scraping post http://www.haodf.com/wenda/drzhoujiaxiu_g_4594138964.htm
   2016-09-29 08:18:58
   Now scraping post http://www.haodf.com/wenda/drzhoujiaxiu_g_4669103908.htm
   2016-09-29 08:18:58
   Now scraping post http://www.haodf.com/wenda/drzhoujiaxiu_g_4653648772.htm
   2016-09-29 08:18:59
   Now scraping post http://www.haodf.com/wenda/drzhoujiaxiu_g_4675711069.htm
   2016-09-29 08:19:00
   Now scraping post http://www.haodf.com/wenda/drzhoujiaxiu_g_4675074777.htm
   2016-09-29 08:19:01
   Now scraping post http://www.haodf.com/wenda/drzhoujiaxiu_g_4622560031.htm
   2016-09-29 08:19:02
   Now scraping post http://www.haodf.com/wenda/drzhoujiaxiu_g_4655832490.htm
   2016-09-29 08:19:03
   Now scraping post http://www.haodf.com/wenda/drzhoujiaxiu_g_4589689682.htm
   2016-09-29 08:19:03
   Now scraping post http://www.haodf.com/wenda/drzhoujiaxiu_g_4656328889.htm
   2016-09-29 08:19:05
   Now scraping post http://www.haodf.com/wenda/drzhoujiaxiu_g_4655555795.htm
   2016-09-29 08:19:06
   Now scraping post http://www.haodf.com/wenda/drzhoujiaxiu_g_4635013796.htm
   2016-09-29 08:19:07
   Now scraping post http://www.haodf.com/wenda/drzhoujiaxiu_g_4648958528.htm
   2016-09-29 08:19:08
   Now scraping post http://www.haodf.com/wenda/drzhoujiaxiu_g_4667468125.htm
   2016-09-29 08:19:10
   Now scraping post http://www.haodf.com/wenda/drzhoujiaxiu_g_4674995175.htm
   2016-09-29 08:19:11
   Now scraping post http://www.haodf.com/wenda/drzhoujiaxiu_g_4622562818.htm
   2016-09-29 08:19:12
   Now scraping post http://www.haodf.com/wenda/drzhoujiaxiu_g_4661227051.htm
   2016-09-29 08:19:12
   Now scraping post http://www.haodf.com/wenda/drzhoujiaxiu_g_4643828117.htm
   2016-09-29 08:19:14
   Now scraping post http://www.haodf.com/wenda/drzhoujiaxiu_g_4642142249.htm
   2016-09-29 08:19:15
   Now scraping post http://www.haodf.com/wenda/drzhoujiaxiu_g_4640560143.htm
   2016-09-29 08:19:16
   Now scraping post http://www.haodf.com/wenda/drzhoujiaxiu_g_4640551870.htm
   2016-09-29 08:19:17
   Now scraping post http://www.haodf.com/wenda/drzhoujiaxiu_g_4622557136.htm
   2016-09-29 08:19:17
   Now scraping post http://www.haodf.com/wenda/drzhoujiaxiu_g_4632511255.htm
   2016-09-29 08:19:19
   Now scraping post http://www.haodf.com/wenda/drzhoujiaxiu_g_4638702819.htm
   2016-09-29 08:19:19
   Now scraping post http://www.haodf.com/wenda/drzhoujiaxiu_g_4629856201.htm
  2016-09-29 08:19:20
  Now scraping page 5
   2016-09-29 08:19:21
   Now scraping post http://www.haodf.com/wenda/drzhoujiaxiu_g_4623426706.htm
   2016-09-29 08:19:22
   Now scraping post http://www.haodf.com/wenda/drzhoujiaxiu_g_4610493267.htm
   2016-09-29 08:19:23
   Now scraping post http://www.haodf.com/wenda/drzhoujiaxiu_g_4588113261.htm
   2016-09-29 08:19:24
   Now scraping post http://www.haodf.com/wenda/drzhoujiaxiu_g_4579344798.htm
   2016-09-29 08:19:25
   Now scraping post http://www.haodf.com/wenda/drzhoujiaxiu_g_4626871875.htm
   2016-09-29 08:19:27
   Now scraping post http://www.haodf.com/wenda/drzhoujiaxiu_g_4606537485.htm
   2016-09-29 08:19:28
   Now scraping post http://www.haodf.com/wenda/drzhoujiaxiu_g_4602525685.htm
   2016-09-29 08:19:29
   Now scraping post http://www.haodf.com/wenda/drzhoujiaxiu_g_4602524211.htm
   2016-09-29 08:19:31
   Now scraping post http://www.haodf.com/wenda/drzhoujiaxiu_g_4602528355.htm
   2016-09-29 08:19:32
   Now scraping post http://www.haodf.com/wenda/drzhoujiaxiu_g_4589770083.htm
   2016-09-29 08:19:33
   Now scraping post http://www.haodf.com/wenda/drzhoujiaxiu_g_4591236742.htm
   2016-09-29 08:19:34
   Now scraping post http://www.haodf.com/wenda/drzhoujiaxiu_g_4552888157.htm
   2016-09-29 08:19:36
   Now scraping post http://www.haodf.com/wenda/drzhoujiaxiu_g_4560779615.htm
   2016-09-29 08:19:36
   Now scraping post http://www.haodf.com/wenda/drzhoujiaxiu_g_4583930480.htm
   2016-09-29 08:19:37
   Now scraping post http://www.haodf.com/wenda/drzhoujiaxiu_g_4588383778.htm
   2016-09-29 08:19:38
   Now scraping post http://www.haodf.com/wenda/drzhoujiaxiu_g_4501719491.htm
   2016-09-29 08:19:40
   Now scraping post http://www.haodf.com/wenda/drzhoujiaxiu_g_4574421153.htm
   2016-09-29 08:19:41
   Now scraping post http://www.haodf.com/wenda/drzhoujiaxiu_g_4533435677.htm
   2016-09-29 08:19:42
   Now scraping post http://www.haodf.com/wenda/drzhoujiaxiu_g_4660964411.htm
   2016-09-29 08:19:44
   Now scraping post http://www.haodf.com/wenda/drzhoujiaxiu_g_4551055528.htm
   2016-09-29 08:19:46
   Now scraping post http://www.haodf.com/wenda/drzhoujiaxiu_g_4542145956.htm
   2016-09-29 08:19:47
   Now scraping post http://www.haodf.com/wenda/drzhoujiaxiu_g_4533279190.htm
   2016-09-29 08:19:47
   Now scraping post http://www.haodf.com/wenda/drzhoujiaxiu_g_4524693452.htm
   2016-09-29 08:19:49
   Now scraping post http://www.haodf.com/wenda/drzhoujiaxiu_g_4524890594.htm
   2016-09-29 08:19:49
   Now scraping post http://www.haodf.com/wenda/drzhoujiaxiu_g_4528290246.htm
  2016-09-29 08:19:50
  Now scraping page 6
   2016-09-29 08:19:51
   Now scraping post http://www.haodf.com/wenda/drzhoujiaxiu_g_4549584055.htm
   2016-09-29 08:19:52
   Now scraping post http://www.haodf.com/wenda/drzhoujiaxiu_g_4524896039.htm
   2016-09-29 08:19:53
   Now scraping post http://www.haodf.com/wenda/drzhoujiaxiu_g_4512224782.htm
   2016-09-29 08:19:54
   Now scraping post http://www.haodf.com/wenda/drzhoujiaxiu_g_4516147421.htm
   2016-09-29 08:19:55
   Now scraping post http://www.haodf.com/wenda/drzhoujiaxiu_g_4557983583.htm
   2016-09-29 08:19:56
   Now scraping post http://www.haodf.com/wenda/drzhoujiaxiu_g_4505036538.htm
   2016-09-29 08:19:57
   Now scraping post http://www.haodf.com/wenda/drzhoujiaxiu_g_4507602154.htm
   2016-09-29 08:19:59
   Now scraping post http://www.haodf.com/wenda/drzhoujiaxiu_g_4504408053.htm
   2016-09-29 08:20:01
   Now scraping post http://www.haodf.com/wenda/drzhoujiaxiu_g_4500234176.htm
   2016-09-29 08:20:01
   Now scraping post http://www.haodf.com/wenda/drzhoujiaxiu_g_4516153128.htm
   2016-09-29 08:20:03
   Now scraping post http://www.haodf.com/wenda/drzhoujiaxiu_g_4496545367.htm
   2016-09-29 08:20:04
   Now scraping post http://www.haodf.com/wenda/drzhoujiaxiu_g_4517875323.htm
   2016-09-29 08:20:06
   Now scraping post http://www.haodf.com/wenda/drzhoujiaxiu_g_4495458113.htm
   2016-09-29 08:20:06
   Now scraping post http://www.haodf.com/wenda/drzhoujiaxiu_g_4495459421.htm
   2016-09-29 08:20:07
   Now scraping post http://www.haodf.com/wenda/drzhoujiaxiu_g_4508594916.htm
   2016-09-29 08:20:09
   Now scraping post http://www.haodf.com/wenda/drzhoujiaxiu_g_4500145798.htm
   2016-09-29 08:20:09
   Now scraping post http://www.haodf.com/wenda/drzhoujiaxiu_g_4468063823.htm
   2016-09-29 08:20:11
   Now scraping post http://www.haodf.com/wenda/drzhoujiaxiu_g_4465578797.htm
   2016-09-29 08:20:12
   Now scraping post http://www.haodf.com/wenda/drzhoujiaxiu_g_4466151442.htm
   2016-09-29 08:20:14
   Now scraping post http://www.haodf.com/wenda/drzhoujiaxiu_g_4485870335.htm
   2016-09-29 08:20:15
   Now scraping post http://www.haodf.com/wenda/drzhoujiaxiu_g_4453601348.htm
   2016-09-29 08:20:16
   Now scraping post http://www.haodf.com/wenda/drzhoujiaxiu_g_4454906510.htm
   2016-09-29 08:20:17
   Now scraping post http://www.haodf.com/wenda/drzhoujiaxiu_g_4451660296.htm
   2016-09-29 08:20:18
   Now scraping post http://www.haodf.com/wenda/drzhoujiaxiu_g_4454913009.htm
   2016-09-29 08:20:19
   Now scraping post http://www.haodf.com/wenda/drzhoujiaxiu_g_4443398555.htm
  2016-09-29 08:20:21
  Now scraping page 7
   2016-09-29 08:20:22
   Now scraping post http://www.haodf.com/wenda/drzhoujiaxiu_g_4447292878.htm
   2016-09-29 08:20:23
   Now scraping post http://www.haodf.com/wenda/drzhoujiaxiu_g_4431832412.htm
   2016-09-29 08:20:24
   Now scraping post http://www.haodf.com/wenda/drzhoujiaxiu_g_4429895914.htm
   2016-09-29 08:20:24
   Now scraping post http://www.haodf.com/wenda/drzhoujiaxiu_g_4426165966.htm
   2016-09-29 08:20:26
   Now scraping post http://www.haodf.com/wenda/drzhoujiaxiu_g_4422629993.htm
   2016-09-29 08:20:26
   Now scraping post http://www.haodf.com/wenda/drzhoujiaxiu_g_4436182865.htm
   2016-09-29 08:20:27
   Now scraping post http://www.haodf.com/wenda/drzhoujiaxiu_g_4412357050.htm
   2016-09-29 08:20:29
   Now scraping post http://www.haodf.com/wenda/drzhoujiaxiu_g_4469462246.htm
   2016-09-29 08:20:30
   Now scraping post http://www.haodf.com/wenda/drzhoujiaxiu_g_4444883167.htm
   2016-09-29 08:20:31
   Now scraping post http://www.haodf.com/wenda/drzhoujiaxiu_g_4443830001.htm
   2016-09-29 08:20:32
   Now scraping post http://www.haodf.com/wenda/drzhoujiaxiu_g_4400467456.htm
   2016-09-29 08:20:32
   Now scraping post http://www.haodf.com/wenda/drzhoujiaxiu_g_4427919019.htm
   2016-09-29 08:20:33
   Now scraping post http://www.haodf.com/wenda/drzhoujiaxiu_g_4344831312.htm
   2016-09-29 08:20:35
   Now scraping post http://www.haodf.com/wenda/drzhoujiaxiu_g_4396829179.htm
   2016-09-29 08:20:36
   Now scraping post http://www.haodf.com/wenda/drzhoujiaxiu_g_4391341415.htm
   2016-09-29 08:20:36
   Now scraping post http://www.haodf.com/wenda/drzhoujiaxiu_g_4397127022.htm
   2016-09-29 08:20:37
   Now scraping post http://www.haodf.com/wenda/drzhoujiaxiu_g_4483389222.htm
   2016-09-29 08:20:38
   Now scraping post http://www.haodf.com/wenda/drzhoujiaxiu_g_4382121441.htm
   2016-09-29 08:20:39
   Now scraping post http://www.haodf.com/wenda/drzhoujiaxiu_g_4375820228.htm
   2016-09-29 08:20:40
   Now scraping post http://www.haodf.com/wenda/drzhoujiaxiu_g_4353165766.htm
   2016-09-29 08:20:42
   Now scraping post http://www.haodf.com/wenda/drzhoujiaxiu_g_4357742654.htm
   2016-09-29 08:20:42
   Now scraping post http://www.haodf.com/wenda/drzhoujiaxiu_g_4366130236.htm
   2016-09-29 08:20:44
   Now scraping post http://www.haodf.com/wenda/drzhoujiaxiu_g_4331520512.htm
   2016-09-29 08:20:44
   Now scraping post http://www.haodf.com/wenda/drzhoujiaxiu_g_4347219538.htm
   2016-09-29 08:20:45
   Now scraping post http://www.haodf.com/wenda/drzhoujiaxiu_g_4458932315.htm
  2016-09-29 08:20:47
  Now scraping page 8
   2016-09-29 08:20:47
   Now scraping post http://www.haodf.com/wenda/drzhoujiaxiu_g_4327015548.htm
   2016-09-29 08:20:48
   Now scraping post http://www.haodf.com/wenda/drzhoujiaxiu_g_4318240850.htm
   2016-09-29 08:20:49
   Now scraping post http://www.haodf.com/wenda/drzhoujiaxiu_g_4314919298.htm
   2016-09-29 08:20:49
   Now scraping post http://www.haodf.com/wenda/drzhoujiaxiu_g_4315059689.htm
   2016-09-29 08:20:50
   Now scraping post http://www.haodf.com/wenda/drzhoujiaxiu_g_4246293478.htm
   2016-09-29 08:20:51
   Now scraping post http://www.haodf.com/wenda/drzhoujiaxiu_g_4253583159.htm
   2016-09-29 08:20:52
   Now scraping post http://www.haodf.com/wenda/drzhoujiaxiu_g_4237747901.htm
   2016-09-29 08:20:53
   Now scraping post http://www.haodf.com/wenda/drzhoujiaxiu_g_4240144562.htm
   2016-09-29 08:20:54
   Now scraping post http://www.haodf.com/wenda/drzhoujiaxiu_g_4236109609.htm
   2016-09-29 08:20:55
   Now scraping post http://www.haodf.com/wenda/drzhoujiaxiu_g_4602108122.htm
   2016-09-29 08:20:56
   Now scraping post http://www.haodf.com/wenda/drzhoujiaxiu_g_4244054436.htm
   2016-09-29 08:20:57
   Now scraping post http://www.haodf.com/wenda/drzhoujiaxiu_g_4234708170.htm
   2016-09-29 08:20:58
   Now scraping post http://www.haodf.com/wenda/drzhoujiaxiu_g_4232679338.htm
   2016-09-29 08:21:00
   Now scraping post http://www.haodf.com/wenda/drzhoujiaxiu_g_4234708346.htm
   2016-09-29 08:21:01
   Now scraping post http://www.haodf.com/wenda/drzhoujiaxiu_g_4251986169.htm
   2016-09-29 08:21:03
   Now scraping post http://www.haodf.com/wenda/drzhoujiaxiu_g_4227416493.htm
   2016-09-29 08:21:04
   Now scraping post http://www.haodf.com/wenda/drzhoujiaxiu_g_4218291432.htm
   2016-09-29 08:21:05
   Now scraping post http://www.haodf.com/wenda/drzhoujiaxiu_g_4218182087.htm
   2016-09-29 08:21:06
   Now scraping post http://www.haodf.com/wenda/drzhoujiaxiu_g_4217446532.htm
   2016-09-29 08:21:07
   Now scraping post http://www.haodf.com/wenda/drzhoujiaxiu_g_4217331568.htm
   2016-09-29 08:21:08
   Now scraping post http://www.haodf.com/wenda/drzhoujiaxiu_g_4205395886.htm
   2016-09-29 08:21:09
   Now scraping post http://www.haodf.com/wenda/drzhoujiaxiu_g_4202274882.htm
   2016-09-29 08:21:10
   Now scraping post http://www.haodf.com/wenda/drzhoujiaxiu_g_4530316830.htm
   2016-09-29 08:21:11
   Now scraping post http://www.haodf.com/wenda/drzhoujiaxiu_g_4199154908.htm
   2016-09-29 08:21:12
   Now scraping post http://www.haodf.com/wenda/drzhoujiaxiu_g_4192100884.htm
  2016-09-29 08:21:14
  Now scraping page 9
   2016-09-29 08:21:14
   Now scraping post http://www.haodf.com/wenda/drzhoujiaxiu_g_4184980379.htm
   2016-09-29 08:21:16
   Now scraping post http://www.haodf.com/wenda/drzhoujiaxiu_g_4165355748.htm
   2016-09-29 08:21:17
   Now scraping post http://www.haodf.com/wenda/drzhoujiaxiu_g_4197699294.htm
   2016-09-29 08:21:18
   Now scraping post http://www.haodf.com/wenda/drzhoujiaxiu_g_4139624915.htm
   2016-09-29 08:21:19
   Now scraping post http://www.haodf.com/wenda/drzhoujiaxiu_g_4141078531.htm
   2016-09-29 08:21:20
   Now scraping post http://www.haodf.com/wenda/drzhoujiaxiu_g_4133256364.htm
   2016-09-29 08:21:21
   Now scraping post http://www.haodf.com/wenda/drzhoujiaxiu_g_4121647135.htm
   2016-09-29 08:21:22
   Now scraping post http://www.haodf.com/wenda/drzhoujiaxiu_g_4121600833.htm
   2016-09-29 08:21:24
   Now scraping post http://www.haodf.com/wenda/drzhoujiaxiu_g_4121608801.htm
   2016-09-29 08:21:25
   Now scraping post http://www.haodf.com/wenda/drzhoujiaxiu_g_4105096674.htm
   2016-09-29 08:21:27
   Now scraping post http://www.haodf.com/wenda/drzhoujiaxiu_g_4105082741.htm
   2016-09-29 08:21:28
   Now scraping post http://www.haodf.com/wenda/drzhoujiaxiu_g_4103346708.htm
   2016-09-29 08:21:29
   Now scraping post http://www.haodf.com/wenda/drzhoujiaxiu_g_4105023902.htm
   2016-09-29 08:21:30
   Now scraping post http://www.haodf.com/wenda/drzhoujiaxiu_g_4151861776.htm
   2016-09-29 08:21:32
   Now scraping post http://www.haodf.com/wenda/drzhoujiaxiu_g_4070337900.htm
   2016-09-29 08:21:33
   Now scraping post http://www.haodf.com/wenda/drzhoujiaxiu_g_4063362539.htm
   2016-09-29 08:21:34
   Now scraping post http://www.haodf.com/wenda/drzhoujiaxiu_g_4049261811.htm
   2016-09-29 08:21:35
   Now scraping post http://www.haodf.com/wenda/drzhoujiaxiu_g_4022756196.htm
   2016-09-29 08:21:36
   Now scraping post http://www.haodf.com/wenda/drzhoujiaxiu_g_4022348984.htm
   2016-09-29 08:21:37
   Now scraping post http://www.haodf.com/wenda/drzhoujiaxiu_g_4037153744.htm
   2016-09-29 08:21:38
   Now scraping post http://www.haodf.com/wenda/drzhoujiaxiu_g_4037156576.htm
   2016-09-29 08:21:40
   Now scraping post http://www.haodf.com/wenda/drzhoujiaxiu_g_4016018184.htm
   2016-09-29 08:21:40
   Now scraping post http://www.haodf.com/wenda/drzhoujiaxiu_g_4016024842.htm
   2016-09-29 08:21:41
   Now scraping post http://www.haodf.com/wenda/drzhoujiaxiu_g_3980130229.htm
   2016-09-29 08:21:42
   Now scraping post http://www.haodf.com/wenda/drzhoujiaxiu_g_3925861383.htm
  2016-09-29 08:21:43
  Now scraping page 10
   2016-09-29 08:21:45
   Now scraping post http://www.haodf.com/wenda/drzhoujiaxiu_g_3980155677.htm
   2016-09-29 08:21:46
   Now scraping post http://www.haodf.com/wenda/drzhoujiaxiu_g_3980154717.htm
   2016-09-29 08:21:47
   Now scraping post http://www.haodf.com/wenda/drzhoujiaxiu_g_3890782091.htm
   2016-09-29 08:21:48
   Now scraping post http://www.haodf.com/wenda/drzhoujiaxiu_g_3792317849.htm
   2016-09-29 08:21:49
   Now scraping post http://www.haodf.com/wenda/drzhoujiaxiu_g_3783436624.htm
   2016-09-29 08:21:50
   Now scraping post http://www.haodf.com/wenda/drzhoujiaxiu_g_4372394736.htm
   2016-09-29 08:21:51
   Now scraping post http://www.haodf.com/wenda/drzhoujiaxiu_g_4213967304.htm
   2016-09-29 08:21:53
   Now scraping post http://www.haodf.com/wenda/drzhoujiaxiu_g_2402553639.htm
   2016-09-29 08:21:54
   Now scraping post http://www.haodf.com/wenda/drzhoujiaxiu_g_4362640337.htm
   2016-09-29 08:21:55
   Now scraping post http://www.haodf.com/wenda/drzhoujiaxiu_g_1721907944.htm
   2016-09-29 08:21:56
   Now scraping post http://www.haodf.com/wenda/drzhoujiaxiu_g_1693939194.htm
   2016-09-29 08:21:57
   Now scraping post http://www.haodf.com/wenda/drzhoujiaxiu_g_4238014941.htm
   2016-09-29 08:21:59
   Now scraping post http://www.haodf.com/wenda/drzhoujiaxiu_g_4469338781.htm
   2016-09-29 08:22:00
   Now scraping post http://www.haodf.com/wenda/drzhoujiaxiu_g_4147278547.htm
   2016-09-29 08:22:01
   Now scraping post http://www.haodf.com/wenda/drzhoujiaxiu_g_4564117248.htm
   2016-09-29 08:22:02
   Now scraping post http://www.haodf.com/wenda/drzhoujiaxiu_g_4492677139.htm
   2016-09-29 08:22:03
   Now scraping post http://www.haodf.com/wenda/drzhoujiaxiu_g_4113312355.htm
   2016-09-29 08:22:04
   Now scraping post http://www.haodf.com/wenda/drzhoujiaxiu_g_4472718820.htm
   2016-09-29 08:22:05
   Now scraping post http://www.haodf.com/wenda/drzhoujiaxiu_g_4445381885.htm
   2016-09-29 08:22:06
   Now scraping post http://www.haodf.com/wenda/drzhoujiaxiu_g_4427107541.htm
   2016-09-29 08:22:07
   Now scraping post http://www.haodf.com/wenda/drzhoujiaxiu_g_4347825040.htm
   2016-09-29 08:22:08
   Now scraping post http://www.haodf.com/wenda/drzhoujiaxiu_g_4375715097.htm
   2016-09-29 08:22:09
   Now scraping post http://www.haodf.com/wenda/drzhoujiaxiu_g_4388514597.htm
   2016-09-29 08:22:11
   Now scraping post http://www.haodf.com/wenda/drzhoujiaxiu_g_4370358313.htm
   2016-09-29 08:22:11
   Now scraping post http://www.haodf.com/wenda/drzhoujiaxiu_g_4358627314.htm
  2016-09-29 08:22:12
  Now scraping page 11
   2016-09-29 08:22:14
   Now scraping post http://www.haodf.com/wenda/drzhoujiaxiu_g_4325232039.htm
   2016-09-29 08:22:15
   Now scraping post http://www.haodf.com/wenda/drzhoujiaxiu_g_4314873691.htm
   2016-09-29 08:22:16
   Now scraping post http://www.haodf.com/wenda/drzhoujiaxiu_g_4344504546.htm
   2016-09-29 08:22:17
   Now scraping post http://www.haodf.com/wenda/drzhoujiaxiu_g_4476829448.htm
   2016-09-29 08:22:19
   Now scraping post http://www.haodf.com/wenda/drzhoujiaxiu_g_4334171337.htm
   2016-09-29 08:22:20
   Now scraping post http://www.haodf.com/wenda/drzhoujiaxiu_g_4328609433.htm
   2016-09-29 08:22:21
   Now scraping post http://www.haodf.com/wenda/drzhoujiaxiu_g_4339348594.htm
   2016-09-29 08:22:22
   Now scraping post http://www.haodf.com/wenda/drzhoujiaxiu_g_4245001360.htm
   2016-09-29 08:22:23
   Now scraping post http://www.haodf.com/wenda/drzhoujiaxiu_g_4301955083.htm
   2016-09-29 08:22:24
   Now scraping post http://www.haodf.com/wenda/drzhoujiaxiu_g_4306393185.htm
   2016-09-29 08:22:25
   Now scraping post http://www.haodf.com/wenda/drzhoujiaxiu_g_4296364706.htm
   2016-09-29 08:22:26
   Now scraping post http://www.haodf.com/wenda/drzhoujiaxiu_g_4248521127.htm
   2016-09-29 08:22:27
   Now scraping post http://www.haodf.com/wenda/drzhoujiaxiu_g_4236067277.htm
   2016-09-29 08:22:28
   Now scraping post http://www.haodf.com/wenda/drzhoujiaxiu_g_4220653576.htm
   2016-09-29 08:22:29
   Now scraping post http://www.haodf.com/wenda/drzhoujiaxiu_g_4224542595.htm
   2016-09-29 08:22:31
   Now scraping post http://www.haodf.com/wenda/drzhoujiaxiu_g_4218301477.htm
   2016-09-29 08:22:32
   Now scraping post http://www.haodf.com/wenda/drzhoujiaxiu_g_4218338092.htm
   2016-09-29 08:22:33
   Now scraping post http://www.haodf.com/wenda/drzhoujiaxiu_g_4218066622.htm
   2016-09-29 08:22:33
   Now scraping post http://www.haodf.com/wenda/drzhoujiaxiu_g_4218122810.htm
   2016-09-29 08:22:34
   Now scraping post http://www.haodf.com/wenda/drzhoujiaxiu_g_4217514129.htm
   2016-09-29 08:22:35
   Now scraping post http://www.haodf.com/wenda/drzhoujiaxiu_g_4191141336.htm
   2016-09-29 08:22:36
   Now scraping post http://www.haodf.com/wenda/drzhoujiaxiu_g_4191056705.htm
   2016-09-29 08:22:38
   Now scraping post http://www.haodf.com/wenda/drzhoujiaxiu_g_4192034058.htm
   2016-09-29 08:22:39
   Now scraping post http://www.haodf.com/wenda/drzhoujiaxiu_g_4183787674.htm
   2016-09-29 08:22:40
   Now scraping post http://www.haodf.com/wenda/drzhoujiaxiu_g_4182539916.htm
  2016-09-29 08:22:42
  Now scraping page 12
   2016-09-29 08:22:43
   Now scraping post http://www.haodf.com/wenda/drzhoujiaxiu_g_4161253987.htm
   2016-09-29 08:22:44
   Now scraping post http://www.haodf.com/wenda/drzhoujiaxiu_g_4161228912.htm
   2016-09-29 08:22:45
   Now scraping post http://www.haodf.com/wenda/drzhoujiaxiu_g_4197694674.htm
   2016-09-29 08:22:47
   Now scraping post http://www.haodf.com/wenda/drzhoujiaxiu_g_4155435102.htm
   2016-09-29 08:22:48
   Now scraping post http://www.haodf.com/wenda/drzhoujiaxiu_g_4138068791.htm
   2016-09-29 08:22:49
   Now scraping post http://www.haodf.com/wenda/drzhoujiaxiu_g_4105102295.htm
   2016-09-29 08:22:50
   Now scraping post http://www.haodf.com/wenda/drzhoujiaxiu_g_4088654243.htm
   2016-09-29 08:22:51
   Now scraping post http://www.haodf.com/wenda/drzhoujiaxiu_g_4037072423.htm
   2016-09-29 08:22:52
   Now scraping post http://www.haodf.com/wenda/drzhoujiaxiu_g_4023334493.htm
   2016-09-29 08:22:53
   Now scraping post http://www.haodf.com/wenda/drzhoujiaxiu_g_4021303887.htm
   2016-09-29 08:22:54
   Now scraping post http://www.haodf.com/wenda/drzhoujiaxiu_g_3998998142.htm
   2016-09-29 08:22:55
   Now scraping post http://www.haodf.com/wenda/drzhoujiaxiu_g_3947709635.htm
   2016-09-29 08:22:56
   Now scraping post http://www.haodf.com/wenda/drzhoujiaxiu_g_3928151127.htm
   2016-09-29 08:22:57
   Now scraping post http://www.haodf.com/wenda/drzhoujiaxiu_g_3902038792.htm
   2016-09-29 08:22:58
   Now scraping post http://www.haodf.com/wenda/drzhoujiaxiu_g_4435364094.htm
   2016-09-29 08:22:59
   Now scraping post http://www.haodf.com/wenda/drzhoujiaxiu_g_3895354586.htm
   2016-09-29 08:23:00
   Now scraping post http://www.haodf.com/wenda/drzhoujiaxiu_g_3891671384.htm
   2016-09-29 08:23:01
   Now scraping post http://www.haodf.com/wenda/drzhoujiaxiu_g_3870711312.htm
   2016-09-29 08:23:02
   Now scraping post http://www.haodf.com/wenda/drzhoujiaxiu_g_3852041995.htm
   2016-09-29 08:23:04
   Now scraping post http://www.haodf.com/wenda/drzhoujiaxiu_g_3829870869.htm
   2016-09-29 08:23:05
   Now scraping post http://www.haodf.com/wenda/drzhoujiaxiu_g_3824707495.htm
   2016-09-29 08:23:06
   Now scraping post http://www.haodf.com/wenda/drzhoujiaxiu_g_3813284064.htm
   2016-09-29 08:23:08
   Now scraping post http://www.haodf.com/wenda/drzhoujiaxiu_g_3792980677.htm
   2016-09-29 08:23:09
   Now scraping post http://www.haodf.com/wenda/drzhoujiaxiu_g_3793512222.htm
   2016-09-29 08:23:10
   Now scraping post http://www.haodf.com/wenda/drzhoujiaxiu_g_3783376349.htm
  2016-09-29 08:23:12
  Now scraping page 13
   2016-09-29 08:23:12
   Now scraping post http://www.haodf.com/wenda/drzhoujiaxiu_g_4234631085.htm
   2016-09-29 08:23:14
   Now scraping post http://www.haodf.com/wenda/drzhoujiaxiu_g_4396826318.htm
   2016-09-29 08:23:14
   Now scraping post http://www.haodf.com/wenda/drzhoujiaxiu_g_4648951788.htm
   2016-09-29 08:23:16
   Now scraping post http://www.haodf.com/wenda/drzhoujiaxiu_g_1935034331.htm
   2016-09-29 08:23:17
   Now scraping post http://www.haodf.com/wenda/drzhoujiaxiu_g_4341259987.htm
   2016-09-29 08:23:18
   Now scraping post http://www.haodf.com/wenda/drzhoujiaxiu_g_1706139151.htm
   2016-09-29 08:23:20
   Now scraping post http://www.haodf.com/wenda/drzhoujiaxiu_g_1704065186.htm
   2016-09-29 08:23:21
   Now scraping post http://www.haodf.com/wenda/drzhoujiaxiu_g_4175741854.htm
   2016-09-29 08:23:22
   Now scraping post http://www.haodf.com/wenda/drzhoujiaxiu_g_2747484899.htm
   2016-09-29 08:23:24
   Now scraping post http://www.haodf.com/wenda/drzhoujiaxiu_g_3870467465.htm
   2016-09-29 08:23:25
   Now scraping post http://www.haodf.com/wenda/drzhoujiaxiu_g_4473864975.htm
   2016-09-29 08:23:26
   Now scraping post http://www.haodf.com/wenda/drzhoujiaxiu_g_4515471007.htm
   2016-09-29 08:23:27
   Now scraping post http://www.haodf.com/wenda/drzhoujiaxiu_g_4584873069.htm
   2016-09-29 08:23:28
   Now scraping post http://www.haodf.com/wenda/drzhoujiaxiu_g_3896444950.htm
   2016-09-29 08:23:29
   Now scraping post http://www.haodf.com/wenda/drzhoujiaxiu_g_4517938679.htm
   2016-09-29 08:23:31
   Now scraping post http://www.haodf.com/wenda/drzhoujiaxiu_g_4296738814.htm
   2016-09-29 08:23:32
   Now scraping post http://www.haodf.com/wenda/drzhoujiaxiu_g_4653651048.htm
   2016-09-29 08:23:33
   Now scraping post http://www.haodf.com/wenda/drzhoujiaxiu_g_4675434657.htm
   2016-09-29 08:23:34
   Now scraping post http://www.haodf.com/wenda/drzhoujiaxiu_g_4675862937.htm
   2016-09-29 08:23:35
   Now scraping post http://www.haodf.com/wenda/drzhoujiaxiu_g_4674557727.htm
   2016-09-29 08:23:36
   Now scraping post http://www.haodf.com/wenda/drzhoujiaxiu_g_4650775391.htm
   2016-09-29 08:23:36
   Now scraping post http://www.haodf.com/wenda/drzhoujiaxiu_g_4650211826.htm
   2016-09-29 08:23:37
   Now scraping post http://www.haodf.com/wenda/drzhoujiaxiu_g_4631750468.htm
   2016-09-29 08:23:38
   Now scraping post http://www.haodf.com/wenda/drzhoujiaxiu_g_4620097773.htm
   2016-09-29 08:23:38
   Now scraping post http://www.haodf.com/wenda/drzhoujiaxiu_g_4590797445.htm
  2016-09-29 08:23:40
  Now scraping page 14
   2016-09-29 08:23:40
   Now scraping post http://www.haodf.com/wenda/drzhoujiaxiu_g_4590672367.htm
   2016-09-29 08:23:41
   Now scraping post http://www.haodf.com/wenda/drzhoujiaxiu_g_4588696475.htm
   2016-09-29 08:23:43
   Now scraping post http://www.haodf.com/wenda/drzhoujiaxiu_g_4311605171.htm
   2016-09-29 08:23:44
   Now scraping post http://www.haodf.com/wenda/drzhoujiaxiu_g_4295317864.htm
   2016-09-29 08:23:45
   Now scraping post http://www.haodf.com/wenda/drzhoujiaxiu_g_4295290313.htm
   2016-09-29 08:23:46
   Now scraping post http://www.haodf.com/wenda/drzhoujiaxiu_g_3890698245.htm
   2016-09-29 08:23:48
   Now scraping post http://www.haodf.com/wenda/drzhoujiaxiu_g_3841060724.htm
   2016-09-29 08:23:50
   Now scraping post http://www.haodf.com/wenda/drzhoujiaxiu_g_3827573393.htm
   2016-09-29 08:23:51
   Now scraping post http://www.haodf.com/wenda/drzhoujiaxiu_g_3797840539.htm
   2016-09-29 08:23:52
   Now scraping post http://www.haodf.com/wenda/drzhoujiaxiu_g_3707390869.htm
   2016-09-29 08:23:53
   Now scraping post http://www.haodf.com/wenda/drzhoujiaxiu_g_3682331528.htm
   2016-09-29 08:23:54
   Now scraping post http://www.haodf.com/wenda/drzhoujiaxiu_g_3552795204.htm
   2016-09-29 08:23:54
   Now scraping post http://www.haodf.com/wenda/drzhoujiaxiu_g_3391838194.htm
   2016-09-29 08:23:56
   Now scraping post http://www.haodf.com/wenda/drzhoujiaxiu_g_3365306174.htm
   2016-09-29 08:23:56
   Now scraping post http://www.haodf.com/wenda/drzhoujiaxiu_g_2333720340.htm
   2016-09-29 08:23:58
   Now scraping post http://www.haodf.com/wenda/drzhoujiaxiu_g_2201088252.htm
   2016-09-29 08:23:59
   Now scraping post http://www.haodf.com/wenda/drzhoujiaxiu_g_1767038548.htm
   2016-09-29 08:24:00
   Now scraping post http://www.haodf.com/wenda/drzhoujiaxiu_g_1731364999.htm
   2016-09-29 08:24:01
   Now scraping post http://www.haodf.com/wenda/drzhoujiaxiu_g_1706135884.htm
   2016-09-29 08:24:03
   Now scraping post http://www.haodf.com/wenda/drzhoujiaxiu_g_4672015364.htm
   2016-09-29 08:24:03
   Now scraping post http://www.haodf.com/wenda/drzhoujiaxiu_g_4670043287.htm
   2016-09-29 08:24:04
   Now scraping post http://www.haodf.com/wenda/drzhoujiaxiu_g_4667261922.htm
   2016-09-29 08:24:07
   Now scraping post http://www.haodf.com/wenda/drzhoujiaxiu_g_4588569940.htm
   2016-09-29 08:24:08
   Now scraping post http://www.haodf.com/wenda/drzhoujiaxiu_g_4575958870.htm
   2016-09-29 08:24:08
   Now scraping post http://www.haodf.com/wenda/drzhoujiaxiu_g_4569687120.htm
  2016-09-29 08:24:09
  Now scraping page 15
   2016-09-29 08:24:10
   Now scraping post http://www.haodf.com/wenda/drzhoujiaxiu_g_4566744190.htm
   2016-09-29 08:24:11
   Now scraping post http://www.haodf.com/wenda/drzhoujiaxiu_g_4559370316.htm
   2016-09-29 08:24:12
   Now scraping post http://www.haodf.com/wenda/drzhoujiaxiu_g_4537103982.htm
   2016-09-29 08:24:13
   Now scraping post http://www.haodf.com/wenda/drzhoujiaxiu_g_4534609622.htm
   2016-09-29 08:24:14
   Now scraping post http://www.haodf.com/wenda/drzhoujiaxiu_g_4530497587.htm
   2016-09-29 08:24:15
   Now scraping post http://www.haodf.com/wenda/drzhoujiaxiu_g_4530389924.htm
   2016-09-29 08:24:16
   Now scraping post http://www.haodf.com/wenda/drzhoujiaxiu_g_4530222971.htm
   2016-09-29 08:24:17
   Now scraping post http://www.haodf.com/wenda/drzhoujiaxiu_g_4529422118.htm
   2016-09-29 08:24:18
   Now scraping post http://www.haodf.com/wenda/drzhoujiaxiu_g_4506006133.htm
   2016-09-29 08:24:20
   Now scraping post http://www.haodf.com/wenda/drzhoujiaxiu_g_4505323428.htm
   2016-09-29 08:24:21
   Now scraping post http://www.haodf.com/wenda/drzhoujiaxiu_g_4505165380.htm
   2016-09-29 08:24:22
   Now scraping post http://www.haodf.com/wenda/drzhoujiaxiu_g_4504870059.htm
   2016-09-29 08:24:24
   Now scraping post http://www.haodf.com/wenda/drzhoujiaxiu_g_4451464294.htm
   2016-09-29 08:24:25
   Now scraping post http://www.haodf.com/wenda/drzhoujiaxiu_g_4449226550.htm
   2016-09-29 08:24:26
   Now scraping post http://www.haodf.com/wenda/drzhoujiaxiu_g_4435186761.htm
   2016-09-29 08:24:27
   Now scraping post http://www.haodf.com/wenda/drzhoujiaxiu_g_4430792657.htm
   2016-09-29 08:24:29
   Now scraping post http://www.haodf.com/wenda/drzhoujiaxiu_g_4385650547.htm
   2016-09-29 08:24:30
   Now scraping post http://www.haodf.com/wenda/drzhoujiaxiu_g_4376303988.htm
   2016-09-29 08:24:31
   Now scraping post http://www.haodf.com/wenda/drzhoujiaxiu_g_4369008894.htm
   2016-09-29 08:24:32
   Now scraping post http://www.haodf.com/wenda/drzhoujiaxiu_g_4364229603.htm
   2016-09-29 08:24:33
   Now scraping post http://www.haodf.com/wenda/drzhoujiaxiu_g_4363642062.htm
   2016-09-29 08:24:35
   Now scraping post http://www.haodf.com/wenda/drzhoujiaxiu_g_4356171268.htm
   2016-09-29 08:24:35
   Now scraping post http://www.haodf.com/wenda/drzhoujiaxiu_g_4350715617.htm
   2016-09-29 08:24:37
   Now scraping post http://www.haodf.com/wenda/drzhoujiaxiu_g_4345958149.htm
   2016-09-29 08:24:38
   Now scraping post http://www.haodf.com/wenda/drzhoujiaxiu_g_4327230157.htm
  2016-09-29 08:24:39
  Now scraping page 16
   2016-09-29 08:24:40
   Now scraping post http://www.haodf.com/wenda/drzhoujiaxiu_g_4317406202.htm
   2016-09-29 08:24:41
   Now scraping post http://www.haodf.com/wenda/drzhoujiaxiu_g_4316952404.htm
   2016-09-29 08:24:42
   Now scraping post http://www.haodf.com/wenda/drzhoujiaxiu_g_4315723258.htm
   2016-09-29 08:24:43
   Now scraping post http://www.haodf.com/wenda/drzhoujiaxiu_g_4314995195.htm
   2016-09-29 08:24:44
   Now scraping post http://www.haodf.com/wenda/drzhoujiaxiu_g_4314011608.htm
   2016-09-29 08:24:45
   Now scraping post http://www.haodf.com/wenda/drzhoujiaxiu_g_4311344828.htm
   2016-09-29 08:24:46
   Now scraping post http://www.haodf.com/wenda/drzhoujiaxiu_g_4296528601.htm
   2016-09-29 08:24:47
   Now scraping post http://www.haodf.com/wenda/drzhoujiaxiu_g_4296035900.htm
   2016-09-29 08:24:48
   Now scraping post http://www.haodf.com/wenda/drzhoujiaxiu_g_4253535448.htm
   2016-09-29 08:24:50
   Now scraping post http://www.haodf.com/wenda/drzhoujiaxiu_g_4252777967.htm
   2016-09-29 08:24:50
   Now scraping post http://www.haodf.com/wenda/drzhoujiaxiu_g_4249451738.htm
   2016-09-29 08:24:50
   Now scraping post http://www.haodf.com/wenda/drzhoujiaxiu_g_4249032870.htm
   2016-09-29 08:24:51
   Now scraping post http://www.haodf.com/wenda/drzhoujiaxiu_g_4248870650.htm
   2016-09-29 08:24:52
   Now scraping post http://www.haodf.com/wenda/drzhoujiaxiu_g_4248642052.htm
   2016-09-29 08:24:53
   Now scraping post http://www.haodf.com/wenda/drzhoujiaxiu_g_4247246302.htm
   2016-09-29 08:24:54
   Now scraping post http://www.haodf.com/wenda/drzhoujiaxiu_g_4242733014.htm
   2016-09-29 08:24:55
   Now scraping post http://www.haodf.com/wenda/drzhoujiaxiu_g_4242632458.htm
   2016-09-29 08:24:56
   Now scraping post http://www.haodf.com/wenda/drzhoujiaxiu_g_4242409060.htm
   2016-09-29 08:24:57
   Now scraping post http://www.haodf.com/wenda/drzhoujiaxiu_g_4242290295.htm
   2016-09-29 08:24:58
   Now scraping post http://www.haodf.com/wenda/drzhoujiaxiu_g_4238806473.htm
   2016-09-29 08:24:59
   Now scraping post http://www.haodf.com/wenda/drzhoujiaxiu_g_4237731117.htm
   2016-09-29 08:25:00
   Now scraping post http://www.haodf.com/wenda/drzhoujiaxiu_g_4237526608.htm
   2016-09-29 08:25:00
   Now scraping post http://www.haodf.com/wenda/drzhoujiaxiu_g_4232673976.htm
   2016-09-29 08:25:02
   Now scraping post http://www.haodf.com/wenda/drzhoujiaxiu_g_4231481762.htm
   2016-09-29 08:25:02
   Now scraping post http://www.haodf.com/wenda/drzhoujiaxiu_g_3885264748.htm
  2016-09-29 08:25:03
  Now scraping page 17
   2016-09-29 08:25:04
   Now scraping post http://www.haodf.com/wenda/drzhoujiaxiu_g_4674756375.htm
   2016-09-29 08:25:06
   Now scraping post http://www.haodf.com/wenda/drzhoujiaxiu_g_4669726258.htm
   2016-09-29 08:25:07
   Now scraping post http://www.haodf.com/wenda/drzhoujiaxiu_g_4665739006.htm
   2016-09-29 08:25:08
   Now scraping post http://www.haodf.com/wenda/drzhoujiaxiu_g_4664240902.htm
   2016-09-29 08:25:09
   Now scraping post http://www.haodf.com/wenda/drzhoujiaxiu_g_4663045525.htm
   2016-09-29 08:25:09
   Now scraping post http://www.haodf.com/wenda/drzhoujiaxiu_g_4663000786.htm
   2016-09-29 08:25:10
   Now scraping post http://www.haodf.com/wenda/drzhoujiaxiu_g_4655770160.htm
   2016-09-29 08:25:11
   Now scraping post http://www.haodf.com/wenda/drzhoujiaxiu_g_4653650050.htm
   2016-09-29 08:25:14
   Now scraping post http://www.haodf.com/wenda/drzhoujiaxiu_g_4650768499.htm
   2016-09-29 08:25:15
   Now scraping post http://www.haodf.com/wenda/drzhoujiaxiu_g_4648721349.htm
   2016-09-29 08:25:16
   Now scraping post http://www.haodf.com/wenda/drzhoujiaxiu_g_4643406542.htm
   2016-09-29 08:25:17
   Now scraping post http://www.haodf.com/wenda/drzhoujiaxiu_g_4641121339.htm
   2016-09-29 08:25:18
   Now scraping post http://www.haodf.com/wenda/drzhoujiaxiu_g_4635266747.htm
   2016-09-29 08:25:19
   Now scraping post http://www.haodf.com/wenda/drzhoujiaxiu_g_4633593269.htm
   2016-09-29 08:25:20
   Now scraping post http://www.haodf.com/wenda/drzhoujiaxiu_g_4629823688.htm
   2016-09-29 08:25:21
   Now scraping post http://www.haodf.com/wenda/drzhoujiaxiu_g_4629731949.htm
   2016-09-29 08:25:22
   Now scraping post http://www.haodf.com/wenda/drzhoujiaxiu_g_4623606498.htm
   2016-09-29 08:25:22
   Now scraping post http://www.haodf.com/wenda/drzhoujiaxiu_g_4619719050.htm
   2016-09-29 08:25:23
   Now scraping post http://www.haodf.com/wenda/drzhoujiaxiu_g_4249218759.htm
   2016-09-29 08:25:24
   Now scraping post http://www.haodf.com/wenda/drzhoujiaxiu_g_4230904482.htm
   2016-09-29 08:25:26
   Now scraping post http://www.haodf.com/wenda/drzhoujiaxiu_g_4228558413.htm
   2016-09-29 08:25:26
   Now scraping post http://www.haodf.com/wenda/drzhoujiaxiu_g_4228555253.htm
   2016-09-29 08:25:28
   Now scraping post http://www.haodf.com/wenda/drzhoujiaxiu_g_4227973069.htm
   2016-09-29 08:25:29
   Now scraping post http://www.haodf.com/wenda/drzhoujiaxiu_g_4227636745.htm
   2016-09-29 08:25:30
   Now scraping post http://www.haodf.com/wenda/drzhoujiaxiu_g_4227558958.htm
  2016-09-29 08:25:30
  Now scraping page 18
   2016-09-29 08:25:31
   Now scraping post http://www.haodf.com/wenda/drzhoujiaxiu_g_4227152375.htm
   2016-09-29 08:25:32
   Now scraping post http://www.haodf.com/wenda/drzhoujiaxiu_g_4224612948.htm
   2016-09-29 08:25:34
   Now scraping post http://www.haodf.com/wenda/drzhoujiaxiu_g_4218276134.htm
   2016-09-29 08:25:35
   Now scraping post http://www.haodf.com/wenda/drzhoujiaxiu_g_4218231005.htm
   2016-09-29 08:25:36
   Now scraping post http://www.haodf.com/wenda/drzhoujiaxiu_g_4218146352.htm
   2016-09-29 08:25:37
   Now scraping post http://www.haodf.com/wenda/drzhoujiaxiu_g_4218019575.htm
   2016-09-29 08:25:37
   Now scraping post http://www.haodf.com/wenda/drzhoujiaxiu_g_4217549803.htm
   2016-09-29 08:25:39
   Now scraping post http://www.haodf.com/wenda/drzhoujiaxiu_g_4217473272.htm
   2016-09-29 08:25:41
   Now scraping post http://www.haodf.com/wenda/drzhoujiaxiu_g_4217421523.htm
   2016-09-29 08:25:42
   Now scraping post http://www.haodf.com/wenda/drzhoujiaxiu_g_4217298386.htm
   2016-09-29 08:25:43
   Now scraping post http://www.haodf.com/wenda/drzhoujiaxiu_g_4217265102.htm
   2016-09-29 08:25:44
   Now scraping post http://www.haodf.com/wenda/drzhoujiaxiu_g_4217235505.htm
   2016-09-29 08:25:45
   Now scraping post http://www.haodf.com/wenda/drzhoujiaxiu_g_4217214805.htm
   2016-09-29 08:25:46
   Now scraping post http://www.haodf.com/wenda/drzhoujiaxiu_g_4217184087.htm
   2016-09-29 08:25:47
   Now scraping post http://www.haodf.com/wenda/drzhoujiaxiu_g_4217116601.htm
   2016-09-29 08:25:47
   Now scraping post http://www.haodf.com/wenda/drzhoujiaxiu_g_4217098997.htm
   2016-09-29 08:25:49
   Now scraping post http://www.haodf.com/wenda/drzhoujiaxiu_g_4217087295.htm
   2016-09-29 08:25:50
   Now scraping post http://www.haodf.com/wenda/drzhoujiaxiu_g_4217053258.htm
   2016-09-29 08:25:51
   Now scraping post http://www.haodf.com/wenda/drzhoujiaxiu_g_4213973771.htm
   2016-09-29 08:25:52
   Now scraping post http://www.haodf.com/wenda/drzhoujiaxiu_g_4212391112.htm
   2016-09-29 08:25:53
   Now scraping post http://www.haodf.com/wenda/drzhoujiaxiu_g_4208298510.htm
   2016-09-29 08:25:54
   Now scraping post http://www.haodf.com/wenda/drzhoujiaxiu_g_4204930872.htm
   2016-09-29 08:25:55
   Now scraping post http://www.haodf.com/wenda/drzhoujiaxiu_g_4203922386.htm
   2016-09-29 08:25:56
   Now scraping post http://www.haodf.com/wenda/drzhoujiaxiu_g_4201969191.htm
   2016-09-29 08:25:58
   Now scraping post http://www.haodf.com/wenda/drzhoujiaxiu_g_4191168543.htm
  2016-09-29 08:25:59
  Now scraping page 19
   2016-09-29 08:26:00
   Now scraping post http://www.haodf.com/wenda/drzhoujiaxiu_g_4167828402.htm
   2016-09-29 08:26:01
   Now scraping post http://www.haodf.com/wenda/drzhoujiaxiu_g_4162945792.htm
   2016-09-29 08:26:02
   Now scraping post http://www.haodf.com/wenda/drzhoujiaxiu_g_4159904664.htm
   2016-09-29 08:26:03
   Now scraping post http://www.haodf.com/wenda/drzhoujiaxiu_g_4157135828.htm
   2016-09-29 08:26:04
   Now scraping post http://www.haodf.com/wenda/drzhoujiaxiu_g_4155397153.htm
   2016-09-29 08:26:05
   Now scraping post http://www.haodf.com/wenda/drzhoujiaxiu_g_4140995679.htm
   2016-09-29 08:26:06
   Now scraping post http://www.haodf.com/wenda/drzhoujiaxiu_g_4138569118.htm
   2016-09-29 08:26:07
   Now scraping post http://www.haodf.com/wenda/drzhoujiaxiu_g_4138505206.htm
   2016-09-29 08:26:09
   Now scraping post http://www.haodf.com/wenda/drzhoujiaxiu_g_4132479053.htm
   2016-09-29 08:26:10
   Now scraping post http://www.haodf.com/wenda/drzhoujiaxiu_g_4130273942.htm
   2016-09-29 08:26:11
   Now scraping post http://www.haodf.com/wenda/drzhoujiaxiu_g_4121676077.htm
   2016-09-29 08:26:12
   Now scraping post http://www.haodf.com/wenda/drzhoujiaxiu_g_4115513145.htm
   2016-09-29 08:26:13
   Now scraping post http://www.haodf.com/wenda/drzhoujiaxiu_g_4108994470.htm
   2016-09-29 08:26:14
   Now scraping post http://www.haodf.com/wenda/drzhoujiaxiu_g_4064320740.htm
   2016-09-29 08:26:15
   Now scraping post http://www.haodf.com/wenda/drzhoujiaxiu_g_4063877163.htm
   2016-09-29 08:26:16
   Now scraping post http://www.haodf.com/wenda/drzhoujiaxiu_g_4063576478.htm
   2016-09-29 08:26:17
   Now scraping post http://www.haodf.com/wenda/drzhoujiaxiu_g_4062054833.htm
   2016-09-29 08:26:19
   Now scraping post http://www.haodf.com/wenda/drzhoujiaxiu_g_4062021799.htm
   2016-09-29 08:26:20
   Now scraping post http://www.haodf.com/wenda/drzhoujiaxiu_g_4023446379.htm
   2016-09-29 08:26:21
   Now scraping post http://www.haodf.com/wenda/drzhoujiaxiu_g_4022462380.htm
   2016-09-29 08:26:23
   Now scraping post http://www.haodf.com/wenda/drzhoujiaxiu_g_4022018250.htm
   2016-09-29 08:26:24
   Now scraping post http://www.haodf.com/wenda/drzhoujiaxiu_g_3894441348.htm
   2016-09-29 08:26:25
   Now scraping post http://www.haodf.com/wenda/drzhoujiaxiu_g_4604652865.htm
   2016-09-29 08:26:27
   Now scraping post http://www.haodf.com/wenda/drzhoujiaxiu_g_4597083545.htm
   2016-09-29 08:26:27
   Now scraping post http://www.haodf.com/wenda/drzhoujiaxiu_g_4596649069.htm
  2016-09-29 08:26:28
  Now scraping page 20
   2016-09-29 08:26:29
   Now scraping post http://www.haodf.com/wenda/drzhoujiaxiu_g_4590697033.htm
   2016-09-29 08:26:29
   Now scraping post http://www.haodf.com/wenda/drzhoujiaxiu_g_4587708444.htm
   2016-09-29 08:26:30
   Now scraping post http://www.haodf.com/wenda/drzhoujiaxiu_g_4582622782.htm
   2016-09-29 08:26:31
   Now scraping post http://www.haodf.com/wenda/drzhoujiaxiu_g_4579418215.htm
   2016-09-29 08:26:32
   Now scraping post http://www.haodf.com/wenda/drzhoujiaxiu_g_4579315080.htm
   2016-09-29 08:26:33
   Now scraping post http://www.haodf.com/wenda/drzhoujiaxiu_g_4578323401.htm
   2016-09-29 08:26:35
   Now scraping post http://www.haodf.com/wenda/drzhoujiaxiu_g_4563066504.htm
   2016-09-29 08:26:36
   Now scraping post http://www.haodf.com/wenda/drzhoujiaxiu_g_4562664342.htm
   2016-09-29 08:26:36
   Now scraping post http://www.haodf.com/wenda/drzhoujiaxiu_g_4557328849.htm
   2016-09-29 08:26:37
   Now scraping post http://www.haodf.com/wenda/drzhoujiaxiu_g_4542490575.htm
   2016-09-29 08:26:38
   Now scraping post http://www.haodf.com/wenda/drzhoujiaxiu_g_4542020401.htm
   2016-09-29 08:26:39
   Now scraping post http://www.haodf.com/wenda/drzhoujiaxiu_g_4533281499.htm
   2016-09-29 08:26:42
   Now scraping post http://www.haodf.com/wenda/drzhoujiaxiu_g_4505476049.htm
   2016-09-29 08:26:43
   Now scraping post http://www.haodf.com/wenda/drzhoujiaxiu_g_4471446502.htm
   2016-09-29 08:26:43
   Now scraping post http://www.haodf.com/wenda/drzhoujiaxiu_g_4427833079.htm
   2016-09-29 08:26:45
   Now scraping post http://www.haodf.com/wenda/drzhoujiaxiu_g_4369392075.htm
   2016-09-29 08:26:46
   Now scraping post http://www.haodf.com/wenda/drzhoujiaxiu_g_4300660666.htm
   2016-09-29 08:26:47
   Now scraping post http://www.haodf.com/wenda/drzhoujiaxiu_g_4243128265.htm
   2016-09-29 08:26:48
   Now scraping post http://www.haodf.com/wenda/drzhoujiaxiu_g_4239542385.htm
   2016-09-29 08:26:49
   Now scraping post http://www.haodf.com/wenda/drzhoujiaxiu_g_4237575832.htm
   2016-09-29 08:26:50
   Now scraping post http://www.haodf.com/wenda/drzhoujiaxiu_g_4234195582.htm
   2016-09-29 08:26:51
   Now scraping post http://www.haodf.com/wenda/drzhoujiaxiu_g_4199055927.htm
   2016-09-29 08:26:53
   Now scraping post http://www.haodf.com/wenda/drzhoujiaxiu_g_4199034553.htm
   2016-09-29 08:26:54
   Now scraping post http://www.haodf.com/wenda/drzhoujiaxiu_g_4197691543.htm
   2016-09-29 08:26:56
   Now scraping post http://www.haodf.com/wenda/drzhoujiaxiu_g_4195608187.htm
  2016-09-29 08:26:57
  Now scraping page 21
   2016-09-29 08:26:59
   Now scraping post http://www.haodf.com/wenda/drzhoujiaxiu_g_4193924830.htm
   2016-09-29 08:26:59
   Now scraping post http://www.haodf.com/wenda/drzhoujiaxiu_g_4192106433.htm
   2016-09-29 08:27:00
   Now scraping post http://www.haodf.com/wenda/drzhoujiaxiu_g_4191657439.htm
   2016-09-29 08:27:02
   Now scraping post http://www.haodf.com/wenda/drzhoujiaxiu_g_4190936936.htm
   2016-09-29 08:27:03
   Now scraping post http://www.haodf.com/wenda/drzhoujiaxiu_g_4190800969.htm
   2016-09-29 08:27:04
   Now scraping post http://www.haodf.com/wenda/drzhoujiaxiu_g_4186702806.htm
   2016-09-29 08:27:05
   Now scraping post http://www.haodf.com/wenda/drzhoujiaxiu_g_4164835075.htm
   2016-09-29 08:27:07
   Now scraping post http://www.haodf.com/wenda/drzhoujiaxiu_g_4161217405.htm
   2016-09-29 08:27:08
   Now scraping post http://www.haodf.com/wenda/drzhoujiaxiu_g_4160709977.htm
   2016-09-29 08:27:09
   Now scraping post http://www.haodf.com/wenda/drzhoujiaxiu_g_4155104933.htm
   2016-09-29 08:27:10
   Now scraping post http://www.haodf.com/wenda/drzhoujiaxiu_g_4153360280.htm
   2016-09-29 08:27:11
   Now scraping post http://www.haodf.com/wenda/drzhoujiaxiu_g_4149701676.htm
   2016-09-29 08:27:12
   Now scraping post http://www.haodf.com/wenda/drzhoujiaxiu_g_4115356164.htm
   2016-09-29 08:27:13
   Now scraping post http://www.haodf.com/wenda/drzhoujiaxiu_g_4104280686.htm
   2016-09-29 08:27:13
   Now scraping post http://www.haodf.com/wenda/drzhoujiaxiu_g_4077279853.htm
   2016-09-29 08:27:15
   Now scraping post http://www.haodf.com/wenda/drzhoujiaxiu_g_4063943517.htm
   2016-09-29 08:27:16
   Now scraping post http://www.haodf.com/wenda/drzhoujiaxiu_g_4048283507.htm
   2016-09-29 08:27:17
   Now scraping post http://www.haodf.com/wenda/drzhoujiaxiu_g_4020776002.htm
   2016-09-29 08:27:18
   Now scraping post http://www.haodf.com/wenda/drzhoujiaxiu_g_4020690969.htm
   2016-09-29 08:27:19
   Now scraping post http://www.haodf.com/wenda/drzhoujiaxiu_g_3999123067.htm
   2016-09-29 08:27:20
   Now scraping post http://www.haodf.com/wenda/drzhoujiaxiu_g_3995060837.htm
   2016-09-29 08:27:22
   Now scraping post http://www.haodf.com/wenda/drzhoujiaxiu_g_3990499444.htm
   2016-09-29 08:27:22
   Now scraping post http://www.haodf.com/wenda/drzhoujiaxiu_g_3989499982.htm
   2016-09-29 08:27:23
   Now scraping post http://www.haodf.com/wenda/drzhoujiaxiu_g_3989426580.htm
   2016-09-29 08:27:24
   Now scraping post http://www.haodf.com/wenda/drzhoujiaxiu_g_3988792838.htm
  2016-09-29 08:27:26
  Now scraping page 22
   2016-09-29 08:27:27
   Now scraping post http://www.haodf.com/wenda/drzhoujiaxiu_g_3978241561.htm
   2016-09-29 08:27:28
   Now scraping post http://www.haodf.com/wenda/drzhoujiaxiu_g_3978092906.htm
   2016-09-29 08:27:29
   Now scraping post http://www.haodf.com/wenda/drzhoujiaxiu_g_3977613645.htm
   2016-09-29 08:27:30
   Now scraping post http://www.haodf.com/wenda/drzhoujiaxiu_g_3959102853.htm
   2016-09-29 08:27:31
   Now scraping post http://www.haodf.com/wenda/drzhoujiaxiu_g_3907855267.htm
   2016-09-29 08:27:32
   Now scraping post http://www.haodf.com/wenda/drzhoujiaxiu_g_3902686531.htm
   2016-09-29 08:27:33
   Now scraping post http://www.haodf.com/wenda/drzhoujiaxiu_g_3902132103.htm
   2016-09-29 08:27:34
   Now scraping post http://www.haodf.com/wenda/drzhoujiaxiu_g_3898838719.htm
   2016-09-29 08:27:35
   Now scraping post http://www.haodf.com/wenda/drzhoujiaxiu_g_3898708107.htm
   2016-09-29 08:27:36
   Now scraping post http://www.haodf.com/wenda/drzhoujiaxiu_g_3897820017.htm
   2016-09-29 08:27:37
   Now scraping post http://www.haodf.com/wenda/drzhoujiaxiu_g_3892908607.htm
   2016-09-29 08:27:38
   Now scraping post http://www.haodf.com/wenda/drzhoujiaxiu_g_3892881814.htm
   2016-09-29 08:27:39
   Now scraping post http://www.haodf.com/wenda/drzhoujiaxiu_g_3892288906.htm
   2016-09-29 08:27:40
   Now scraping post http://www.haodf.com/wenda/drzhoujiaxiu_g_3892262885.htm
   2016-09-29 08:27:42
   Now scraping post http://www.haodf.com/wenda/drzhoujiaxiu_g_3891030097.htm
   2016-09-29 08:27:43
   Now scraping post http://www.haodf.com/wenda/drzhoujiaxiu_g_3885370966.htm
   2016-09-29 08:27:44
   Now scraping post http://www.haodf.com/wenda/drzhoujiaxiu_g_3885314591.htm
   2016-09-29 08:27:45
   Now scraping post http://www.haodf.com/wenda/drzhoujiaxiu_g_3882431353.htm
   2016-09-29 08:27:46
   Now scraping post http://www.haodf.com/wenda/drzhoujiaxiu_g_3880784910.htm
   2016-09-29 08:27:48
   Now scraping post http://www.haodf.com/wenda/drzhoujiaxiu_g_3874098378.htm
   2016-09-29 08:27:49
   Now scraping post http://www.haodf.com/wenda/drzhoujiaxiu_g_3854457027.htm
   2016-09-29 08:27:50
   Now scraping post http://www.haodf.com/wenda/drzhoujiaxiu_g_3853885957.htm
   2016-09-29 08:27:51
   Now scraping post http://www.haodf.com/wenda/drzhoujiaxiu_g_3853337929.htm
   2016-09-29 08:27:53
   Now scraping post http://www.haodf.com/wenda/drzhoujiaxiu_g_3853304848.htm
   2016-09-29 08:27:53
   Now scraping post http://www.haodf.com/wenda/drzhoujiaxiu_g_3851690617.htm
  2016-09-29 08:27:55
  Now scraping page 23
   2016-09-29 08:27:56
   Now scraping post http://www.haodf.com/wenda/drzhoujiaxiu_g_3842977826.htm
   2016-09-29 08:27:57
   Now scraping post http://www.haodf.com/wenda/drzhoujiaxiu_g_3833181388.htm
   2016-09-29 08:27:58
   Now scraping post http://www.haodf.com/wenda/drzhoujiaxiu_g_3829864275.htm
   2016-09-29 08:27:59
   Now scraping post http://www.haodf.com/wenda/drzhoujiaxiu_g_3829763237.htm
   2016-09-29 08:28:00
   Now scraping post http://www.haodf.com/wenda/drzhoujiaxiu_g_3829517491.htm
   2016-09-29 08:28:02
   Now scraping post http://www.haodf.com/wenda/drzhoujiaxiu_g_3825860131.htm
   2016-09-29 08:28:03
   Now scraping post http://www.haodf.com/wenda/drzhoujiaxiu_g_3825651044.htm
   2016-09-29 08:28:04
   Now scraping post http://www.haodf.com/wenda/drzhoujiaxiu_g_3825083126.htm
   2016-09-29 08:28:06
   Now scraping post http://www.haodf.com/wenda/drzhoujiaxiu_g_3821845034.htm
   2016-09-29 08:28:07
   Now scraping post http://www.haodf.com/wenda/drzhoujiaxiu_g_3821785014.htm
   2016-09-29 08:28:09
   Now scraping post http://www.haodf.com/wenda/drzhoujiaxiu_g_3814701297.htm
   2016-09-29 08:28:10
   Now scraping post http://www.haodf.com/wenda/drzhoujiaxiu_g_3787150301.htm
   2016-09-29 08:28:11
   Now scraping post http://www.haodf.com/wenda/drzhoujiaxiu_g_3304206361.htm
   2016-09-29 08:28:12
   Now scraping post http://www.haodf.com/wenda/drzhoujiaxiu_g_2333719418.htm
   2016-09-29 08:28:13
   Now scraping post http://www.haodf.com/wenda/drzhoujiaxiu_g_2122406298.htm
   2016-09-29 08:28:14
   Now scraping post http://www.haodf.com/wenda/drzhoujiaxiu_g_1801540178.htm
   2016-09-29 08:28:15
   Now scraping post http://www.haodf.com/wenda/drzhoujiaxiu_g_4604044698.htm
   2016-09-29 08:28:16
   Now scraping post http://www.haodf.com/wenda/drzhoujiaxiu_g_4580498975.htm
   2016-09-29 08:28:17
   Now scraping post http://www.haodf.com/wenda/drzhoujiaxiu_g_4563889060.htm
   2016-09-29 08:28:18
   Now scraping post http://www.haodf.com/wenda/drzhoujiaxiu_g_4559154163.htm
   2016-09-29 08:28:18
   Now scraping post http://www.haodf.com/wenda/drzhoujiaxiu_g_4530336637.htm
   2016-09-29 08:28:20
   Now scraping post http://www.haodf.com/wenda/drzhoujiaxiu_g_4514623380.htm
   2016-09-29 08:28:20
   Now scraping post http://www.haodf.com/wenda/drzhoujiaxiu_g_4499543414.htm
   2016-09-29 08:28:21
   Now scraping post http://www.haodf.com/wenda/drzhoujiaxiu_g_4496775766.htm
   2016-09-29 08:28:22
   Now scraping post http://www.haodf.com/wenda/drzhoujiaxiu_g_4495460155.htm
  2016-09-29 08:28:23
  Now scraping page 24
   2016-09-29 08:28:24
   Now scraping post http://www.haodf.com/wenda/drzhoujiaxiu_g_4495457167.htm
   2016-09-29 08:28:25
   Now scraping post http://www.haodf.com/wenda/drzhoujiaxiu_g_4492595142.htm
   2016-09-29 08:28:25
   Now scraping post http://www.haodf.com/wenda/drzhoujiaxiu_g_4492421986.htm
   2016-09-29 08:28:26
   Now scraping post http://www.haodf.com/wenda/drzhoujiaxiu_g_4483388644.htm
   2016-09-29 08:28:27
   Now scraping post http://www.haodf.com/wenda/drzhoujiaxiu_g_4482151662.htm
   2016-09-29 08:28:28
   Now scraping post http://www.haodf.com/wenda/drzhoujiaxiu_g_4474911615.htm
   2016-09-29 08:28:30
   Now scraping post http://www.haodf.com/wenda/drzhoujiaxiu_g_4468699422.htm
   2016-09-29 08:28:32
   Now scraping post http://www.haodf.com/wenda/drzhoujiaxiu_g_4460082397.htm
   2016-09-29 08:28:33
   Now scraping post http://www.haodf.com/wenda/drzhoujiaxiu_g_4458859492.htm
   2016-09-29 08:28:33
   Now scraping post http://www.haodf.com/wenda/drzhoujiaxiu_g_4458632623.htm
   2016-09-29 08:28:35
   Now scraping post http://www.haodf.com/wenda/drzhoujiaxiu_g_4437463386.htm
   2016-09-29 08:28:36
   Now scraping post http://www.haodf.com/wenda/drzhoujiaxiu_g_4436192825.htm
   2016-09-29 08:28:36
   Now scraping post http://www.haodf.com/wenda/drzhoujiaxiu_g_4430001241.htm
   2016-09-29 08:28:37
   Now scraping post http://www.haodf.com/wenda/drzhoujiaxiu_g_4402627944.htm
   2016-09-29 08:28:39
   Now scraping post http://www.haodf.com/wenda/drzhoujiaxiu_g_4395427507.htm
   2016-09-29 08:28:39
   Now scraping post http://www.haodf.com/wenda/drzhoujiaxiu_g_4394241366.htm
   2016-09-29 08:28:40
   Now scraping post http://www.haodf.com/wenda/drzhoujiaxiu_g_4385608482.htm
   2016-09-29 08:28:41
   Now scraping post http://www.haodf.com/wenda/drzhoujiaxiu_g_4366390855.htm
   2016-09-29 08:28:42
   Now scraping post http://www.haodf.com/wenda/drzhoujiaxiu_g_4365351948.htm
   2016-09-29 08:28:43
   Now scraping post http://www.haodf.com/wenda/drzhoujiaxiu_g_4363462756.htm
   2016-09-29 08:28:44
   Now scraping post http://www.haodf.com/wenda/drzhoujiaxiu_g_4356122479.htm
   2016-09-29 08:28:45
   Now scraping post http://www.haodf.com/wenda/drzhoujiaxiu_g_4352520876.htm
   2016-09-29 08:28:46
   Now scraping post http://www.haodf.com/wenda/drzhoujiaxiu_g_4313673240.htm
   2016-09-29 08:28:47
   Now scraping post http://www.haodf.com/wenda/drzhoujiaxiu_g_4217497208.htm
   2016-09-29 08:28:49
   Now scraping post http://www.haodf.com/wenda/drzhoujiaxiu_g_4201899345.htm
  2016-09-29 08:28:49
  Now scraping page 25
   2016-09-29 08:28:50
   Now scraping post http://www.haodf.com/wenda/drzhoujiaxiu_g_4174338972.htm
   2016-09-29 08:28:51
   Now scraping post http://www.haodf.com/wenda/drzhoujiaxiu_g_4141772813.htm
   2016-09-29 08:28:53
   Now scraping post http://www.haodf.com/wenda/drzhoujiaxiu_g_4138447549.htm
   2016-09-29 08:28:53
   Now scraping post http://www.haodf.com/wenda/drzhoujiaxiu_g_4132824230.htm
   2016-09-29 08:28:54
   Now scraping post http://www.haodf.com/wenda/drzhoujiaxiu_g_4116137160.htm
   2016-09-29 08:28:55
   Now scraping post http://www.haodf.com/wenda/drzhoujiaxiu_g_4112799666.htm
   2016-09-29 08:28:56
   Now scraping post http://www.haodf.com/wenda/drzhoujiaxiu_g_4105186375.htm
   2016-09-29 08:28:57
   Now scraping post http://www.haodf.com/wenda/drzhoujiaxiu_g_4105041810.htm
   2016-09-29 08:28:58
   Now scraping post http://www.haodf.com/wenda/drzhoujiaxiu_g_4103517903.htm
   2016-09-29 08:28:59
   Now scraping post http://www.haodf.com/wenda/drzhoujiaxiu_g_4103251054.htm
   2016-09-29 08:29:00
   Now scraping post http://www.haodf.com/wenda/drzhoujiaxiu_g_4090521112.htm
   2016-09-29 08:29:01
   Now scraping post http://www.haodf.com/wenda/drzhoujiaxiu_g_4081608965.htm
   2016-09-29 08:29:02
   Now scraping post http://www.haodf.com/wenda/drzhoujiaxiu_g_4061790150.htm
   2016-09-29 08:29:03
   Now scraping post http://www.haodf.com/wenda/drzhoujiaxiu_g_4040497259.htm
   2016-09-29 08:29:04
   Now scraping post http://www.haodf.com/wenda/drzhoujiaxiu_g_4028329954.htm
   2016-09-29 08:29:05
   Now scraping post http://www.haodf.com/wenda/drzhoujiaxiu_g_4023036300.htm
   2016-09-29 08:29:06
   Now scraping post http://www.haodf.com/wenda/drzhoujiaxiu_g_3928040049.htm
   2016-09-29 08:29:07
   Now scraping post http://www.haodf.com/wenda/drzhoujiaxiu_g_3875135352.htm
   2016-09-29 08:29:08
   Now scraping post http://www.haodf.com/wenda/drzhoujiaxiu_g_3778117419.htm
   2016-09-29 08:29:09
   Now scraping post http://www.haodf.com/wenda/drzhoujiaxiu_g_3777958010.htm
   2016-09-29 08:29:12
   Now scraping post http://www.haodf.com/wenda/drzhoujiaxiu_g_3777442341.htm
   2016-09-29 08:29:13
   Now scraping post http://www.haodf.com/wenda/drzhoujiaxiu_g_3776769425.htm
   2016-09-29 08:29:14
   Now scraping post http://www.haodf.com/wenda/drzhoujiaxiu_g_3776626781.htm
   2016-09-29 08:29:15
   Now scraping post http://www.haodf.com/wenda/drzhoujiaxiu_g_3776537775.htm
   2016-09-29 08:29:17
   Now scraping post http://www.haodf.com/wenda/drzhoujiaxiu_g_3775817392.htm
  2016-09-29 08:29:18
  Now scraping page 26
   2016-09-29 08:29:19
   Now scraping post http://www.haodf.com/wenda/drzhoujiaxiu_g_3682328814.htm
   2016-09-29 08:29:20
   Now scraping post http://www.haodf.com/wenda/drzhoujiaxiu_g_3343317877.htm
   2016-09-29 08:29:21
   Now scraping post http://www.haodf.com/wenda/drzhoujiaxiu_g_3014565863.htm
   2016-09-29 08:29:22
   Now scraping post http://www.haodf.com/wenda/drzhoujiaxiu_g_2362101284.htm
   2016-09-29 08:29:23
   Now scraping post http://www.haodf.com/wenda/drzhoujiaxiu_g_2059097693.htm
   2016-09-29 08:29:24
   Now scraping post http://www.haodf.com/wenda/drzhoujiaxiu_g_1940527779.htm
   2016-09-29 08:29:26
   Now scraping post http://www.haodf.com/wenda/drzhoujiaxiu_g_1801544725.htm
   2016-09-29 08:29:27
   Now scraping post http://www.haodf.com/wenda/drzhoujiaxiu_g_1758519559.htm
   2016-09-29 08:29:28
   Now scraping post http://www.haodf.com/wenda/drzhoujiaxiu_g_1726169575.htm
   2016-09-29 08:29:29
   Now scraping post http://www.haodf.com/wenda/drzhoujiaxiu_g_1723461254.htm
   2016-09-29 08:29:30
   Now scraping post http://www.haodf.com/wenda/drzhoujiaxiu_g_1721907149.htm
   2016-09-29 08:29:31
   Now scraping post http://www.haodf.com/wenda/drzhoujiaxiu_g_1689911284.htm
   2016-09-29 08:29:33
   Now scraping post http://www.haodf.com/wenda/drzhoujiaxiu_g_1683425476.htm
   2016-09-29 08:29:34
   Now scraping post http://www.haodf.com/wenda/drzhoujiaxiu_g_1203163138.htm
   2016-09-29 08:29:35
   Now scraping post http://www.haodf.com/wenda/drzhoujiaxiu_g_4434602186.htm
   2016-09-29 08:29:37
   Now scraping post http://www.haodf.com/wenda/drzhoujiaxiu_g_4430018208.htm
   2016-09-29 08:29:38
   Now scraping post http://www.haodf.com/wenda/drzhoujiaxiu_g_4427685971.htm
   2016-09-29 08:29:39
   Now scraping post http://www.haodf.com/wenda/drzhoujiaxiu_g_4427035665.htm
   2016-09-29 08:29:40
   Now scraping post http://www.haodf.com/wenda/drzhoujiaxiu_g_4427030156.htm
   2016-09-29 08:29:41
   Now scraping post http://www.haodf.com/wenda/drzhoujiaxiu_g_4414437473.htm
   2016-09-29 08:29:43
   Now scraping post http://www.haodf.com/wenda/drzhoujiaxiu_g_4409823233.htm
   2016-09-29 08:29:44
   Now scraping post http://www.haodf.com/wenda/drzhoujiaxiu_g_4402946365.htm
   2016-09-29 08:29:45
   Now scraping post http://www.haodf.com/wenda/drzhoujiaxiu_g_4396853885.htm
   2016-09-29 08:29:46
   Now scraping post http://www.haodf.com/wenda/drzhoujiaxiu_g_4390679829.htm
   2016-09-29 08:29:47
   Now scraping post http://www.haodf.com/wenda/drzhoujiaxiu_g_4376341240.htm
  2016-09-29 08:29:48
  Now scraping page 27
   2016-09-29 08:29:49
   Now scraping post http://www.haodf.com/wenda/drzhoujiaxiu_g_4376245336.htm
   2016-09-29 08:29:50
   Now scraping post http://www.haodf.com/wenda/drzhoujiaxiu_g_4365060092.htm
   2016-09-29 08:29:51
   Now scraping post http://www.haodf.com/wenda/drzhoujiaxiu_g_4352788598.htm
   2016-09-29 08:29:52
   Now scraping post http://www.haodf.com/wenda/drzhoujiaxiu_g_4351764289.htm
   2016-09-29 08:29:53
   Now scraping post http://www.haodf.com/wenda/drzhoujiaxiu_g_4344864760.htm
   2016-09-29 08:29:54
   Now scraping post http://www.haodf.com/wenda/drzhoujiaxiu_g_4317289016.htm
   2016-09-29 08:29:55
   Now scraping post http://www.haodf.com/wenda/drzhoujiaxiu_g_4315034081.htm
   2016-09-29 08:29:56
   Now scraping post http://www.haodf.com/wenda/drzhoujiaxiu_g_4314271635.htm
   2016-09-29 08:29:57
   Now scraping post http://www.haodf.com/wenda/drzhoujiaxiu_g_4029264388.htm
   2016-09-29 08:29:59
   Now scraping post http://www.haodf.com/wenda/drzhoujiaxiu_g_4028196062.htm
   2016-09-29 08:30:00
   Now scraping post http://www.haodf.com/wenda/drzhoujiaxiu_g_4023106556.htm
   2016-09-29 08:30:01
   Now scraping post http://www.haodf.com/wenda/drzhoujiaxiu_g_4022315122.htm
   2016-09-29 08:30:02
   Now scraping post http://www.haodf.com/wenda/drzhoujiaxiu_g_4020772852.htm
   2016-09-29 08:30:03
   Now scraping post http://www.haodf.com/wenda/drzhoujiaxiu_g_4020403603.htm
   2016-09-29 08:30:04
   Now scraping post http://www.haodf.com/wenda/drzhoujiaxiu_g_4003709586.htm
   2016-09-29 08:30:05
   Now scraping post http://www.haodf.com/wenda/drzhoujiaxiu_g_3995344015.htm
   2016-09-29 08:30:06
   Now scraping post http://www.haodf.com/wenda/drzhoujiaxiu_g_3978556333.htm
   2016-09-29 08:30:07
   Now scraping post http://www.haodf.com/wenda/drzhoujiaxiu_g_3978462177.htm
   2016-09-29 08:30:08
   Now scraping post http://www.haodf.com/wenda/drzhoujiaxiu_g_3976470426.htm
   2016-09-29 08:30:09
   Now scraping post http://www.haodf.com/wenda/drzhoujiaxiu_g_3947702731.htm
   2016-09-29 08:30:10
   Now scraping post http://www.haodf.com/wenda/drzhoujiaxiu_g_3928355963.htm
   2016-09-29 08:30:11
   Now scraping post http://www.haodf.com/wenda/drzhoujiaxiu_g_3924900773.htm
   2016-09-29 08:30:13
   Now scraping post http://www.haodf.com/wenda/drzhoujiaxiu_g_3905814719.htm
   2016-09-29 08:30:14
   Now scraping post http://www.haodf.com/wenda/drzhoujiaxiu_g_3905058388.htm
   2016-09-29 08:30:15
   Now scraping post http://www.haodf.com/wenda/drzhoujiaxiu_g_3885496129.htm
  2016-09-29 08:30:17
  Now scraping page 28
   2016-09-29 08:30:17
   Now scraping post http://www.haodf.com/wenda/drzhoujiaxiu_g_3865983732.htm
   2016-09-29 08:30:19
   Now scraping post http://www.haodf.com/wenda/drzhoujiaxiu_g_3864895016.htm
   2016-09-29 08:30:21
   Now scraping post http://www.haodf.com/wenda/drzhoujiaxiu_g_3858385735.htm
   2016-09-29 08:30:23
   Now scraping post http://www.haodf.com/wenda/drzhoujiaxiu_g_3853183901.htm
   2016-09-29 08:30:26
   Now scraping post http://www.haodf.com/wenda/drzhoujiaxiu_g_3852098427.htm
   2016-09-29 08:30:27
   Now scraping post http://www.haodf.com/wenda/drzhoujiaxiu_g_3847265392.htm
   2016-09-29 08:30:28
   Now scraping post http://www.haodf.com/wenda/drzhoujiaxiu_g_3829809252.htm
   2016-09-29 08:30:29
   Now scraping post http://www.haodf.com/wenda/drzhoujiaxiu_g_3813929614.htm
   2016-09-29 08:30:31
   Now scraping post http://www.haodf.com/wenda/drzhoujiaxiu_g_3800159516.htm
   2016-09-29 08:30:33
   Now scraping post http://www.haodf.com/wenda/drzhoujiaxiu_g_3799248180.htm
   2016-09-29 08:30:34
   Now scraping post http://www.haodf.com/wenda/drzhoujiaxiu_g_3792633517.htm
   2016-09-29 08:30:36
   Now scraping post http://www.haodf.com/wenda/drzhoujiaxiu_g_2566802558.htm
   2016-09-29 08:30:37
   Now scraping post http://www.haodf.com/wenda/drzhoujiaxiu_g_2362134834.htm
   2016-09-29 08:30:39
   Now scraping post http://www.haodf.com/wenda/drzhoujiaxiu_g_1910576706.htm
   2016-09-29 08:30:40
   Now scraping post http://www.haodf.com/wenda/drzhoujiaxiu_g_1825296427.htm
   2016-09-29 08:30:42
   Now scraping post http://www.haodf.com/wenda/drzhoujiaxiu_g_1731369512.htm
   2016-09-29 08:30:43
   Now scraping post http://www.haodf.com/wenda/drzhoujiaxiu_g_1679276195.htm
   2016-09-29 08:30:44
   Now scraping post http://www.haodf.com/wenda/drzhoujiaxiu_g_4197584549.htm
   2016-09-29 08:30:45
   Now scraping post http://www.haodf.com/wenda/drzhoujiaxiu_g_4401292049.htm
   2016-09-29 08:30:46
   Now scraping post http://www.haodf.com/wenda/drzhoujiaxiu_g_4040443028.htm
   2016-09-29 08:30:47
   Now scraping post http://www.haodf.com/wenda/drzhoujiaxiu_g_3997997703.htm
   2016-09-29 08:30:48
   Now scraping post http://www.haodf.com/wenda/drzhoujiaxiu_g_4301262786.htm
   2016-09-29 08:30:49
   Now scraping post http://www.haodf.com/wenda/drzhoujiaxiu_g_4385568106.htm
   2016-09-29 08:30:51
   Now scraping post http://www.haodf.com/wenda/drzhoujiaxiu_g_4351761970.htm
   2016-09-29 08:30:54
   Now scraping post http://www.haodf.com/wenda/drzhoujiaxiu_g_4553002667.htm
  2016-09-29 08:30:55
  Now scraping page 29
   2016-09-29 08:30:56
   Now scraping post http://www.haodf.com/wenda/drzhoujiaxiu_g_4461141764.htm
   2016-09-29 08:30:57
   Now scraping post http://www.haodf.com/wenda/drzhoujiaxiu_g_4234707601.htm
   2016-09-29 08:30:58
   Now scraping post http://www.haodf.com/wenda/drzhoujiaxiu_g_4359166461.htm
   2016-09-29 08:31:00
   Now scraping post http://www.haodf.com/wenda/drzhoujiaxiu_g_4539964133.htm
   2016-09-29 08:31:00
   Now scraping post http://www.haodf.com/wenda/drzhoujiaxiu_g_4477017779.htm
   2016-09-29 08:31:01
   Now scraping post http://www.haodf.com/wenda/drzhoujiaxiu_g_4192133892.htm
   2016-09-29 08:31:02
   Now scraping post http://www.haodf.com/wenda/drzhoujiaxiu_g_4450895573.htm
   2016-09-29 08:31:03
   Now scraping post http://www.haodf.com/wenda/drzhoujiaxiu_g_4299543556.htm
   2016-09-29 08:31:04
   Now scraping post http://www.haodf.com/wenda/drzhoujiaxiu_g_4472465800.htm
   2016-09-29 08:31:05
   Now scraping post http://www.haodf.com/wenda/drzhoujiaxiu_g_4516116728.htm
   2016-09-29 08:31:06
   Now scraping post http://www.haodf.com/wenda/drzhoujiaxiu_g_4463427748.htm
   2016-09-29 08:31:08
   Now scraping post http://www.haodf.com/wenda/drzhoujiaxiu_g_4238252213.htm
   2016-09-29 08:31:09
   Now scraping post http://www.haodf.com/wenda/drzhoujiaxiu_g_4445379185.htm
   2016-09-29 08:31:09
   Now scraping post http://www.haodf.com/wenda/drzhoujiaxiu_g_3890871229.htm
   2016-09-29 08:31:11
   Now scraping post http://www.haodf.com/wenda/drzhoujiaxiu_g_4408532797.htm
   2016-09-29 08:31:12
   Now scraping post http://www.haodf.com/wenda/drzhoujiaxiu_g_4474918178.htm
   2016-09-29 08:31:13
   Now scraping post http://www.haodf.com/wenda/drzhoujiaxiu_g_4061946297.htm
   2016-09-29 08:31:14
   Now scraping post http://www.haodf.com/wenda/drzhoujiaxiu_g_4218169176.htm
   2016-09-29 08:31:15
   Now scraping post http://www.haodf.com/wenda/drzhoujiaxiu_g_4199675160.htm
   2016-09-29 08:31:16
   Now scraping post http://www.haodf.com/wenda/drzhoujiaxiu_g_4062405071.htm
   2016-09-29 08:31:17
   Now scraping post http://www.haodf.com/wenda/drzhoujiaxiu_g_4183609857.htm
   2016-09-29 08:31:18
   Now scraping post http://www.haodf.com/wenda/drzhoujiaxiu_g_4202233035.htm
   2016-09-29 08:31:19
   Now scraping post http://www.haodf.com/wenda/drzhoujiaxiu_g_4247978635.htm
   2016-09-29 08:31:19
   Now scraping post http://www.haodf.com/wenda/drzhoujiaxiu_g_4240109275.htm
   2016-09-29 08:31:20
   Now scraping post http://www.haodf.com/wenda/drzhoujiaxiu_g_4032401965.htm
  2016-09-29 08:31:21
  Now scraping page 30
   2016-09-29 08:31:23
   Now scraping post http://www.haodf.com/wenda/drzhoujiaxiu_g_4351616361.htm
   2016-09-29 08:31:24
   Now scraping post http://www.haodf.com/wenda/drzhoujiaxiu_g_4249491762.htm
   2016-09-29 08:31:24
   Now scraping post http://www.haodf.com/wenda/drzhoujiaxiu_g_4237711730.htm
   2016-09-29 08:31:25
   Now scraping post http://www.haodf.com/wenda/drzhoujiaxiu_g_4160787978.htm
   2016-09-29 08:31:26
   Now scraping post http://www.haodf.com/wenda/drzhoujiaxiu_g_4217585093.htm
   2016-09-29 08:31:27
   Now scraping post http://www.haodf.com/wenda/drzhoujiaxiu_g_3890542451.htm
   2016-09-29 08:31:28
   Now scraping post http://www.haodf.com/wenda/drzhoujiaxiu_g_4032094549.htm
   2016-09-29 08:31:29
   Now scraping post http://www.haodf.com/wenda/drzhoujiaxiu_g_4022334636.htm
   2016-09-29 08:31:30
   Now scraping post http://www.haodf.com/wenda/drzhoujiaxiu_g_4217961726.htm
   2016-09-29 08:31:31
   Now scraping post http://www.haodf.com/wenda/drzhoujiaxiu_g_4184303715.htm
   2016-09-29 08:31:32
   Now scraping post http://www.haodf.com/wenda/drzhoujiaxiu_g_4138466234.htm
   2016-09-29 08:31:33
   Now scraping post http://www.haodf.com/wenda/drzhoujiaxiu_g_3777574363.htm
   2016-09-29 08:31:35
   Now scraping post http://www.haodf.com/wenda/drzhoujiaxiu_g_4465437221.htm
   2016-09-29 08:31:36
   Now scraping post http://www.haodf.com/wenda/drzhoujiaxiu_g_4346822729.htm
   2016-09-29 08:31:36
   Now scraping post http://www.haodf.com/wenda/drzhoujiaxiu_g_3892439419.htm
   2016-09-29 08:31:37
   Now scraping post http://www.haodf.com/wenda/drzhoujiaxiu_g_4406855926.htm
   2016-09-29 08:31:38
   Now scraping post http://www.haodf.com/wenda/drzhoujiaxiu_g_4241142231.htm
   2016-09-29 08:31:39
   Now scraping post http://www.haodf.com/wenda/drzhoujiaxiu_g_4354002506.htm
   2016-09-29 08:31:40
   Now scraping post http://www.haodf.com/wenda/drzhoujiaxiu_g_4172425470.htm
   2016-09-29 08:31:41
   Now scraping post http://www.haodf.com/wenda/drzhoujiaxiu_g_3696826778.htm
   2016-09-29 08:31:43
   Now scraping post http://www.haodf.com/wenda/drzhoujiaxiu_g_3685535343.htm
   2016-09-29 08:31:44
   Now scraping post http://www.haodf.com/wenda/drzhoujiaxiu_g_3502526222.htm
   2016-09-29 08:31:46
   Now scraping post http://www.haodf.com/wenda/drzhoujiaxiu_g_3502523050.htm
   2016-09-29 08:31:47
   Now scraping post http://www.haodf.com/wenda/drzhoujiaxiu_g_3502541639.htm
   2016-09-29 08:31:48
   Now scraping post http://www.haodf.com/wenda/drzhoujiaxiu_g_3502540957.htm
  2016-09-29 08:31:50
  Now scraping page 31
   2016-09-29 08:31:51
   Now scraping post http://www.haodf.com/wenda/drzhoujiaxiu_g_3502306265.htm
   2016-09-29 08:31:52
   Now scraping post http://www.haodf.com/wenda/drzhoujiaxiu_g_3502288358.htm
   2016-09-29 08:31:54
   Now scraping post http://www.haodf.com/wenda/drzhoujiaxiu_g_3502280481.htm
   2016-09-29 08:31:55
   Now scraping post http://www.haodf.com/wenda/drzhoujiaxiu_g_3392538203.htm
   2016-09-29 08:31:56
   Now scraping post http://www.haodf.com/wenda/drzhoujiaxiu_g_3392539964.htm
   2016-09-29 08:31:57
   Now scraping post http://www.haodf.com/wenda/drzhoujiaxiu_g_3336139742.htm
   2016-09-29 08:31:59
   Now scraping post http://www.haodf.com/wenda/drzhoujiaxiu_g_2959839179.htm
   2016-09-29 08:32:00
   Now scraping post http://www.haodf.com/wenda/drzhoujiaxiu_g_2510597065.htm
   2016-09-29 08:32:02
   Now scraping post http://www.haodf.com/wenda/drzhoujiaxiu_g_2506768259.htm
   2016-09-29 08:32:04
   Now scraping post http://www.haodf.com/wenda/drzhoujiaxiu_g_2506151178.htm
   2016-09-29 08:32:05
   Now scraping post http://www.haodf.com/wenda/drzhoujiaxiu_g_2403786887.htm
   2016-09-29 08:32:06
   Now scraping post http://www.haodf.com/wenda/drzhoujiaxiu_g_2403378397.htm
   2016-09-29 08:32:07
   Now scraping post http://www.haodf.com/wenda/drzhoujiaxiu_g_2403141677.htm
   2016-09-29 08:32:09
   Now scraping post http://www.haodf.com/wenda/drzhoujiaxiu_g_2402883305.htm
   2016-09-29 08:32:10
   Now scraping post http://www.haodf.com/wenda/drzhoujiaxiu_g_2402867554.htm
   2016-09-29 08:32:11
   Now scraping post http://www.haodf.com/wenda/drzhoujiaxiu_g_2080112273.htm
   2016-09-29 08:32:12
   Now scraping post http://www.haodf.com/wenda/drzhoujiaxiu_g_2044387043.htm
   2016-09-29 08:32:13
   Now scraping post http://www.haodf.com/wenda/drzhoujiaxiu_g_1993639118.htm
   2016-09-29 08:32:14
   Now scraping post http://www.haodf.com/wenda/drzhoujiaxiu_g_1966861086.htm
   2016-09-29 08:32:16
   Now scraping post http://www.haodf.com/wenda/drzhoujiaxiu_g_1958330866.htm
   2016-09-29 08:32:18
   Now scraping post http://www.haodf.com/wenda/drzhoujiaxiu_g_1958324696.htm
   2016-09-29 08:32:19
   Now scraping post http://www.haodf.com/wenda/drzhoujiaxiu_g_1958320293.htm
   2016-09-29 08:32:21
   Now scraping post http://www.haodf.com/wenda/drzhoujiaxiu_g_1934746619.htm
   2016-09-29 08:32:22
   Now scraping post http://www.haodf.com/wenda/drzhoujiaxiu_g_1909181943.htm
   2016-09-29 08:32:24
   Now scraping post http://www.haodf.com/wenda/drzhoujiaxiu_g_1847986193.htm
  2016-09-29 08:32:24
  Now scraping page 32
   2016-09-29 08:32:25
   Now scraping post http://www.haodf.com/wenda/drzhoujiaxiu_g_1825298957.htm
   2016-09-29 08:32:26
   Now scraping post http://www.haodf.com/wenda/drzhoujiaxiu_g_1825288334.htm
   2016-09-29 08:32:27
   Now scraping post http://www.haodf.com/wenda/drzhoujiaxiu_g_1809029063.htm
   2016-09-29 08:32:29
   Now scraping post http://www.haodf.com/wenda/drzhoujiaxiu_g_1792860630.htm
   2016-09-29 08:32:30
   Now scraping post http://www.haodf.com/wenda/drzhoujiaxiu_g_1792860213.htm
   2016-09-29 08:32:31
   Now scraping post http://www.haodf.com/wenda/drzhoujiaxiu_g_1792859917.htm
   2016-09-29 08:32:33
   Now scraping post http://www.haodf.com/wenda/drzhoujiaxiu_g_1782663812.htm
   2016-09-29 08:32:34
   Now scraping post http://www.haodf.com/wenda/drzhoujiaxiu_g_1778721402.htm
   2016-09-29 08:32:35
   Now scraping post http://www.haodf.com/wenda/drzhoujiaxiu_g_1774496780.htm
   2016-09-29 08:32:37
   Now scraping post http://www.haodf.com/wenda/drzhoujiaxiu_g_1774490469.htm
   2016-09-29 08:32:38
   Now scraping post http://www.haodf.com/wenda/drzhoujiaxiu_g_1770778715.htm
   2016-09-29 08:32:39
   Now scraping post http://www.haodf.com/wenda/drzhoujiaxiu_g_1767030168.htm
   2016-09-29 08:32:40
   Now scraping post http://www.haodf.com/wenda/drzhoujiaxiu_g_1765386839.htm
   2016-09-29 08:32:41
   Now scraping post http://www.haodf.com/wenda/drzhoujiaxiu_g_1758518406.htm
   2016-09-29 08:32:42
   Now scraping post http://www.haodf.com/wenda/drzhoujiaxiu_g_1758517699.htm
   2016-09-29 08:32:43
   Now scraping post http://www.haodf.com/wenda/drzhoujiaxiu_g_1753212812.htm
   2016-09-29 08:32:44
   Now scraping post http://www.haodf.com/wenda/drzhoujiaxiu_g_1744149524.htm
   2016-09-29 08:32:46
   Now scraping post http://www.haodf.com/wenda/drzhoujiaxiu_g_1744145489.htm
2016-09-29 08:32:47
[32m Finish![0m scraped 32 pages, 178 Q&As out of 793 posts.

