 2016-09-29 08:18:13
 Now scraping doctor 邹冰
  2016-09-29 08:18:13
  Now scraping page 1
   2016-09-29 08:18:14
   Now scraping post http://www.haodf.com/wenda/zoubing_g_4741855041.htm
   2016-09-29 08:18:15
   Now scraping post http://www.haodf.com/wenda/zoubing_g_4679087413.htm
   2016-09-29 08:18:16
   Now scraping post http://www.haodf.com/wenda/zoubing_g_4688065425.htm
   2016-09-29 08:18:17
   Now scraping post http://www.haodf.com/wenda/zoubing_g_4662256501.htm
   2016-09-29 08:18:17
   Now scraping post http://www.haodf.com/wenda/zoubing_g_4660929013.htm
   2016-09-29 08:18:18
   Now scraping post http://www.haodf.com/wenda/zoubing_g_4419424362.htm
   2016-09-29 08:18:20
   Now scraping post http://www.haodf.com/wenda/zoubing_g_4387378831.htm
   2016-09-29 08:18:21
   Now scraping post http://www.haodf.com/wenda/zoubing_g_4387052102.htm
   2016-09-29 08:18:22
   Now scraping post http://www.haodf.com/wenda/zoubing_g_4381657064.htm
   2016-09-29 08:18:22
   Now scraping post http://www.haodf.com/wenda/zoubing_g_4381600305.htm
   2016-09-29 08:18:23
   Now scraping post http://www.haodf.com/wenda/zoubing_g_4381450051.htm
   2016-09-29 08:18:25
   Now scraping post http://www.haodf.com/wenda/zoubing_g_4379982180.htm
   2016-09-29 08:18:26
   Now scraping post http://www.haodf.com/wenda/zoubing_g_4346836230.htm
   2016-09-29 08:18:27
   Now scraping post http://www.haodf.com/wenda/zoubing_g_4248251790.htm
   2016-09-29 08:18:27
   Now scraping post http://www.haodf.com/wenda/zoubing_g_4196187172.htm
   2016-09-29 08:18:29
   Now scraping post http://www.haodf.com/wenda/zoubing_g_4188156723.htm
   2016-09-29 08:18:30
   Now scraping post http://www.haodf.com/wenda/zoubing_g_4173937898.htm
   2016-09-29 08:18:31
   Now scraping post http://www.haodf.com/wenda/zoubing_g_4164564462.htm
   2016-09-29 08:18:32
   Now scraping post http://www.haodf.com/wenda/zoubing_g_4039306625.htm
   2016-09-29 08:18:34
   Now scraping post http://www.haodf.com/wenda/zoubing_g_4033944293.htm
   2016-09-29 08:18:35
   Now scraping post http://www.haodf.com/wenda/zoubing_g_3682900715.htm
   2016-09-29 08:18:36
   Now scraping post http://www.haodf.com/wenda/zoubing_g_3683026611.htm
   2016-09-29 08:18:36
   Now scraping post http://www.haodf.com/wenda/zoubing_g_3703182535.htm
   2016-09-29 08:18:38
   Now scraping post http://www.haodf.com/wenda/zoubing_g_3691778501.htm
   2016-09-29 08:18:38
   Now scraping post http://www.haodf.com/wenda/zoubing_g_3701261573.htm
  2016-09-29 08:18:39
  Now scraping page 2
   2016-09-29 08:18:40
   Now scraping post http://www.haodf.com/wenda/zoubing_g_3661950308.htm
   2016-09-29 08:18:41
   Now scraping post http://www.haodf.com/wenda/zoubing_g_3661910011.htm
   2016-09-29 08:18:41
   Now scraping post http://www.haodf.com/wenda/zoubing_g_3661925507.htm
   2016-09-29 08:18:42
   Now scraping post http://www.haodf.com/wenda/zoubing_g_3647540484.htm
   2016-09-29 08:18:43
   Now scraping post http://www.haodf.com/wenda/zoubing_g_3647514204.htm
   2016-09-29 08:18:43
   Now scraping post http://www.haodf.com/wenda/zoubing_g_3601473692.htm
   2016-09-29 08:18:44
   Now scraping post http://www.haodf.com/wenda/zoubing_g_3590118661.htm
   2016-09-29 08:18:45
   Now scraping post http://www.haodf.com/wenda/zoubing_g_3579094634.htm
   2016-09-29 08:18:47
   Now scraping post http://www.haodf.com/wenda/zoubing_g_3566421074.htm
   2016-09-29 08:18:48
   Now scraping post http://www.haodf.com/wenda/zoubing_g_3553357074.htm
   2016-09-29 08:18:50
   Now scraping post http://www.haodf.com/wenda/zoubing_g_3553274281.htm
   2016-09-29 08:18:51
   Now scraping post http://www.haodf.com/wenda/zoubing_g_3377670653.htm
   2016-09-29 08:18:51
   Now scraping post http://www.haodf.com/wenda/zoubing_g_3366785113.htm
   2016-09-29 08:18:52
   Now scraping post http://www.haodf.com/wenda/zoubing_g_3282905138.htm
   2016-09-29 08:18:54
   Now scraping post http://www.haodf.com/wenda/zoubing_g_3268715669.htm
   2016-09-29 08:18:56
   Now scraping post http://www.haodf.com/wenda/zoubing_g_3172922018.htm
   2016-09-29 08:18:57
   Now scraping post http://www.haodf.com/wenda/zoubing_g_736803765.htm
   2016-09-29 08:18:58
   Now scraping post http://www.haodf.com/wenda/zoubing_g_2267628074.htm
   2016-09-29 08:18:59
   Now scraping post http://www.haodf.com/wenda/zoubing_g_2810138584.htm
   2016-09-29 08:19:01
   Now scraping post http://www.haodf.com/wenda/zoubing_g_2705692941.htm
   2016-09-29 08:19:02
   Now scraping post http://www.haodf.com/wenda/zoubing_g_2669421450.htm
   2016-09-29 08:19:03
   Now scraping post http://www.haodf.com/wenda/zoubing_g_2667885660.htm
   2016-09-29 08:19:04
   Now scraping post http://www.haodf.com/wenda/zoubing_g_2532161779.htm
   2016-09-29 08:19:05
   Now scraping post http://www.haodf.com/wenda/zoubing_g_2472157610.htm
   2016-09-29 08:19:07
   Now scraping post http://www.haodf.com/wenda/zoubing_g_2415412753.htm
  2016-09-29 08:19:08
  Now scraping page 3
   2016-09-29 08:19:09
   Now scraping post http://www.haodf.com/wenda/zoubing_g_2404186177.htm
   2016-09-29 08:19:10
   Now scraping post http://www.haodf.com/wenda/zoubing_g_2403267748.htm
   2016-09-29 08:19:12
   Now scraping post http://www.haodf.com/wenda/zoubing_g_2267645012.htm
   2016-09-29 08:19:13
   Now scraping post http://www.haodf.com/wenda/zoubing_g_2372695210.htm
   2016-09-29 08:19:13
   Now scraping post http://www.haodf.com/wenda/zoubing_g_2356255345.htm
   2016-09-29 08:19:14
   Now scraping post http://www.haodf.com/wenda/zoubing_g_2332852424.htm
   2016-09-29 08:19:15
   Now scraping post http://www.haodf.com/wenda/zoubing_g_2318859455.htm
   2016-09-29 08:19:17
   Now scraping post http://www.haodf.com/wenda/zoubing_g_2296939483.htm
   2016-09-29 08:19:18
   Now scraping post http://www.haodf.com/wenda/zoubing_g_2278224440.htm
   2016-09-29 08:19:19
   Now scraping post http://www.haodf.com/wenda/zoubing_g_2279442930.htm
   2016-09-29 08:19:21
   Now scraping post http://www.haodf.com/wenda/zoubing_g_2278105427.htm
   2016-09-29 08:19:22
   Now scraping post http://www.haodf.com/wenda/zoubing_g_2276635869.htm
   2016-09-29 08:19:23
   Now scraping post http://www.haodf.com/wenda/zoubing_g_2267508418.htm
   2016-09-29 08:19:24
   Now scraping post http://www.haodf.com/wenda/zoubing_g_2245047720.htm
   2016-09-29 08:19:26
   Now scraping post http://www.haodf.com/wenda/zoubing_g_2218399530.htm
   2016-09-29 08:19:26
   Now scraping post http://www.haodf.com/wenda/zoubing_g_2234578552.htm
   2016-09-29 08:19:28
   Now scraping post http://www.haodf.com/wenda/zoubing_g_2218417566.htm
   2016-09-29 08:19:29
   Now scraping post http://www.haodf.com/wenda/zoubing_g_2218406291.htm
   2016-09-29 08:19:30
   Now scraping post http://www.haodf.com/wenda/zoubing_g_2212519824.htm
   2016-09-29 08:19:31
   Now scraping post http://www.haodf.com/wenda/zoubing_g_2115278869.htm
   2016-09-29 08:19:32
   Now scraping post http://www.haodf.com/wenda/zoubing_g_2188287399.htm
   2016-09-29 08:19:32
   Now scraping post http://www.haodf.com/wenda/zoubing_g_2142617181.htm
   2016-09-29 08:19:34
   Now scraping post http://www.haodf.com/wenda/zoubing_g_2137898821.htm
   2016-09-29 08:19:35
   Now scraping post http://www.haodf.com/wenda/zoubing_g_2115268771.htm
   2016-09-29 08:19:37
   Now scraping post http://www.haodf.com/wenda/zoubing_g_2115262102.htm
  2016-09-29 08:19:39
  Now scraping page 4
   2016-09-29 08:19:40
   Now scraping post http://www.haodf.com/wenda/zoubing_g_2033566261.htm
   2016-09-29 08:19:40
   Now scraping post http://www.haodf.com/wenda/zoubing_g_2033552284.htm
   2016-09-29 08:19:41
   Now scraping post http://www.haodf.com/wenda/zoubing_g_2033522438.htm
   2016-09-29 08:19:42
   Now scraping post http://www.haodf.com/wenda/zoubing_g_1976060875.htm
   2016-09-29 08:19:43
   Now scraping post http://www.haodf.com/wenda/zoubing_g_1964783957.htm
   2016-09-29 08:19:44
   Now scraping post http://www.haodf.com/wenda/zoubing_g_1902169884.htm
   2016-09-29 08:19:46
   Now scraping post http://www.haodf.com/wenda/zoubing_g_1947621023.htm
   2016-09-29 08:19:47
   Now scraping post http://www.haodf.com/wenda/zoubing_g_1903186898.htm
   2016-09-29 08:19:48
   Now scraping post http://www.haodf.com/wenda/zoubing_g_1902148849.htm
   2016-09-29 08:19:49
   Now scraping post http://www.haodf.com/wenda/zoubing_g_1902123552.htm
   2016-09-29 08:19:51
   Now scraping post http://www.haodf.com/wenda/zoubing_g_1886610259.htm
   2016-09-29 08:19:52
   Now scraping post http://www.haodf.com/wenda/zoubing_g_1875780247.htm
   2016-09-29 08:19:54
   Now scraping post http://www.haodf.com/wenda/zoubing_g_1865937664.htm
   2016-09-29 08:19:55
   Now scraping post http://www.haodf.com/wenda/zoubing_g_1865934110.htm
   2016-09-29 08:19:55
   Now scraping post http://www.haodf.com/wenda/zoubing_g_1865915521.htm
   2016-09-29 08:19:57
   Now scraping post http://www.haodf.com/wenda/zoubing_g_1865898621.htm
   2016-09-29 08:19:58
   Now scraping post http://www.haodf.com/wenda/zoubing_g_1857253698.htm
   2016-09-29 08:19:59
   Now scraping post http://www.haodf.com/wenda/zoubing_g_1854483293.htm
   2016-09-29 08:20:00
   Now scraping post http://www.haodf.com/wenda/zoubing_g_1837017550.htm
   2016-09-29 08:20:02
   Now scraping post http://www.haodf.com/wenda/zoubing_g_1828268004.htm
   2016-09-29 08:20:03
   Now scraping post http://www.haodf.com/wenda/zoubing_g_1828228016.htm
   2016-09-29 08:20:04
   Now scraping post http://www.haodf.com/wenda/zoubing_g_1786528903.htm
   2016-09-29 08:20:05
   Now scraping post http://www.haodf.com/wenda/zoubing_g_1820273722.htm
   2016-09-29 08:20:06
   Now scraping post http://www.haodf.com/wenda/zoubing_g_1820176002.htm
   2016-09-29 08:20:08
   Now scraping post http://www.haodf.com/wenda/zoubing_g_1820149726.htm
  2016-09-29 08:20:09
  Now scraping page 5
   2016-09-29 08:20:10
   Now scraping post http://www.haodf.com/wenda/zoubing_g_1786526174.htm
   2016-09-29 08:20:10
   Now scraping post http://www.haodf.com/wenda/zoubing_g_1806325094.htm
   2016-09-29 08:20:11
   Now scraping post http://www.haodf.com/wenda/zoubing_g_1806307258.htm
   2016-09-29 08:20:12
   Now scraping post http://www.haodf.com/wenda/zoubing_g_1802373742.htm
   2016-09-29 08:20:14
   Now scraping post http://www.haodf.com/wenda/zoubing_g_1786531897.htm
   2016-09-29 08:20:15
   Now scraping post http://www.haodf.com/wenda/zoubing_g_1786519730.htm
   2016-09-29 08:20:16
   Now scraping post http://www.haodf.com/wenda/zoubing_g_1773438192.htm
   2016-09-29 08:20:18
   Now scraping post http://www.haodf.com/wenda/zoubing_g_1773515166.htm
   2016-09-29 08:20:19
   Now scraping post http://www.haodf.com/wenda/zoubing_g_1773501089.htm
   2016-09-29 08:20:20
   Now scraping post http://www.haodf.com/wenda/zoubing_g_1773450737.htm
   2016-09-29 08:20:22
   Now scraping post http://www.haodf.com/wenda/zoubing_g_1773389736.htm
   2016-09-29 08:20:23
   Now scraping post http://www.haodf.com/wenda/zoubing_g_1773417604.htm
   2016-09-29 08:20:24
   Now scraping post http://www.haodf.com/wenda/zoubing_g_1761750992.htm
   2016-09-29 08:20:26
   Now scraping post http://www.haodf.com/wenda/zoubing_g_1759283949.htm
   2016-09-29 08:20:27
   Now scraping post http://www.haodf.com/wenda/zoubing_g_1755481954.htm
   2016-09-29 08:20:30
   Now scraping post http://www.haodf.com/wenda/zoubing_g_1722406147.htm
   2016-09-29 08:20:31
   Now scraping post http://www.haodf.com/wenda/zoubing_g_1722403369.htm
   2016-09-29 08:20:32
   Now scraping post http://www.haodf.com/wenda/zoubing_g_1748102968.htm
   2016-09-29 08:20:33
   Now scraping post http://www.haodf.com/wenda/zoubing_g_1748089354.htm
   2016-09-29 08:20:35
   Now scraping post http://www.haodf.com/wenda/zoubing_g_1748083735.htm
   2016-09-29 08:20:37
   Now scraping post http://www.haodf.com/wenda/zoubing_g_1735964874.htm
   2016-09-29 08:20:38
   Now scraping post http://www.haodf.com/wenda/zoubing_g_1735958439.htm
   2016-09-29 08:20:39
   Now scraping post http://www.haodf.com/wenda/zoubing_g_1621890838.htm
   2016-09-29 08:20:41
   Now scraping post http://www.haodf.com/wenda/zoubing_g_1724344896.htm
   2016-09-29 08:20:41
   Now scraping post http://www.haodf.com/wenda/zoubing_g_1724344342.htm
  2016-09-29 08:20:42
  Now scraping page 6
   2016-09-29 08:20:44
   Now scraping post http://www.haodf.com/wenda/zoubing_g_1722421337.htm
   2016-09-29 08:20:45
   Now scraping post http://www.haodf.com/wenda/zoubing_g_1716344970.htm
   2016-09-29 08:20:46
   Now scraping post http://www.haodf.com/wenda/zoubing_g_1711547260.htm
   2016-09-29 08:20:48
   Now scraping post http://www.haodf.com/wenda/zoubing_g_1705262567.htm
   2016-09-29 08:20:49
   Now scraping post http://www.haodf.com/wenda/zoubing_g_1700228556.htm
   2016-09-29 08:20:50
   Now scraping post http://www.haodf.com/wenda/zoubing_g_1664486697.htm
   2016-09-29 08:20:51
   Now scraping post http://www.haodf.com/wenda/zoubing_g_1655498313.htm
   2016-09-29 08:20:53
   Now scraping post http://www.haodf.com/wenda/zoubing_g_1650226779.htm
   2016-09-29 08:20:53
   Now scraping post http://www.haodf.com/wenda/zoubing_g_1650240692.htm
   2016-09-29 08:20:54
   Now scraping post http://www.haodf.com/wenda/zoubing_g_1318740414.htm
   2016-09-29 08:20:56
   Now scraping post http://www.haodf.com/wenda/zoubing_g_1650140615.htm
   2016-09-29 08:20:57
   Now scraping post http://www.haodf.com/wenda/zoubing_g_1590622692.htm
   2016-09-29 08:20:58
   Now scraping post http://www.haodf.com/wenda/zoubing_g_1531670508.htm
   2016-09-29 08:20:59
   Now scraping post http://www.haodf.com/wenda/zoubing_g_1516218515.htm
   2016-09-29 08:21:01
   Now scraping post http://www.haodf.com/wenda/zoubing_g_1493078248.htm
   2016-09-29 08:21:02
   Now scraping post http://www.haodf.com/wenda/zoubing_g_1477334277.htm
   2016-09-29 08:21:03
   Now scraping post http://www.haodf.com/wenda/zoubing_g_1457084105.htm
   2016-09-29 08:21:04
   Now scraping post http://www.haodf.com/wenda/zoubing_g_1466461163.htm
   2016-09-29 08:21:05
   Now scraping post http://www.haodf.com/wenda/zoubing_g_1466454450.htm
   2016-09-29 08:21:07
   Now scraping post http://www.haodf.com/wenda/zoubing_g_1457887327.htm
   2016-09-29 08:21:09
   Now scraping post http://www.haodf.com/wenda/zoubing_g_1457077963.htm
   2016-09-29 08:21:10
   Now scraping post http://www.haodf.com/wenda/zoubing_g_1457071796.htm
   2016-09-29 08:21:12
   Now scraping post http://www.haodf.com/wenda/zoubing_g_1457068214.htm
   2016-09-29 08:21:13
   Now scraping post http://www.haodf.com/wenda/zoubing_g_1446934127.htm
   2016-09-29 08:21:14
   Now scraping post http://www.haodf.com/wenda/zoubing_g_1446931569.htm
  2016-09-29 08:21:16
  Now scraping page 7
   2016-09-29 08:21:17
   Now scraping post http://www.haodf.com/wenda/zoubing_g_1446918745.htm
   2016-09-29 08:21:17
   Now scraping post http://www.haodf.com/wenda/zoubing_g_1416426826.htm
   2016-09-29 08:21:18
   Now scraping post http://www.haodf.com/wenda/zoubing_g_1412526965.htm
   2016-09-29 08:21:20
   Now scraping post http://www.haodf.com/wenda/zoubing_g_1411944086.htm
   2016-09-29 08:21:21
   Now scraping post http://www.haodf.com/wenda/zoubing_g_1399291366.htm
   2016-09-29 08:21:22
   Now scraping post http://www.haodf.com/wenda/zoubing_g_1344884872.htm
   2016-09-29 08:21:23
   Now scraping post http://www.haodf.com/wenda/zoubing_g_1337262425.htm
   2016-09-29 08:21:24
   Now scraping post http://www.haodf.com/wenda/zoubing_g_1318739807.htm
   2016-09-29 08:21:26
   Now scraping post http://www.haodf.com/wenda/zoubing_g_1318738762.htm
   2016-09-29 08:21:27
   Now scraping post http://www.haodf.com/wenda/zoubing_g_1249325590.htm
   2016-09-29 08:21:28
   Now scraping post http://www.haodf.com/wenda/zoubing_g_1159231990.htm
   2016-09-29 08:21:28
   Now scraping post http://www.haodf.com/wenda/zoubing_g_1249333267.htm
   2016-09-29 08:21:30
   Now scraping post http://www.haodf.com/wenda/zoubing_g_1249329469.htm
   2016-09-29 08:21:31
   Now scraping post http://www.haodf.com/wenda/zoubing_g_1240836515.htm
   2016-09-29 08:21:32
   Now scraping post http://www.haodf.com/wenda/zoubing_g_1240717348.htm
   2016-09-29 08:21:34
   Now scraping post http://www.haodf.com/wenda/zoubing_g_1218395283.htm
   2016-09-29 08:21:35
   Now scraping post http://www.haodf.com/wenda/zoubing_g_1190559324.htm
   2016-09-29 08:21:37
   Now scraping post http://www.haodf.com/wenda/zoubing_g_1191603015.htm
   2016-09-29 08:21:38
   Now scraping post http://www.haodf.com/wenda/zoubing_g_1184240307.htm
   2016-09-29 08:21:39
   Now scraping post http://www.haodf.com/wenda/zoubing_g_1184238348.htm
   2016-09-29 08:21:40
   Now scraping post http://www.haodf.com/wenda/zoubing_g_1184235458.htm
   2016-09-29 08:21:41
   Now scraping post http://www.haodf.com/wenda/zoubing_g_1159239501.htm
   2016-09-29 08:21:42
   Now scraping post http://www.haodf.com/wenda/zoubing_g_1159233909.htm
   2016-09-29 08:21:43
   Now scraping post http://www.haodf.com/wenda/zoubing_g_1159222317.htm
   2016-09-29 08:21:44
   Now scraping post http://www.haodf.com/wenda/zoubing_g_1159218718.htm
  2016-09-29 08:21:44
  Now scraping page 8
   2016-09-29 08:21:45
   Now scraping post http://www.haodf.com/wenda/zoubing_g_1016160530.htm
   2016-09-29 08:21:46
   Now scraping post http://www.haodf.com/wenda/zoubing_g_1147407530.htm
   2016-09-29 08:21:48
   Now scraping post http://www.haodf.com/wenda/zoubing_g_1147400999.htm
   2016-09-29 08:21:48
   Now scraping post http://www.haodf.com/wenda/zoubing_g_1147397479.htm
   2016-09-29 08:21:49
   Now scraping post http://www.haodf.com/wenda/zoubing_g_1127935534.htm
   2016-09-29 08:21:51
   Now scraping post http://www.haodf.com/wenda/zoubing_g_1102249283.htm
   2016-09-29 08:21:52
   Now scraping post http://www.haodf.com/wenda/zoubing_g_1090688339.htm
   2016-09-29 08:21:52
   Now scraping post http://www.haodf.com/wenda/zoubing_g_1089963673.htm
   2016-09-29 08:21:53
   Now scraping post http://www.haodf.com/wenda/zoubing_g_1081815230.htm
   2016-09-29 08:21:54
   Now scraping post http://www.haodf.com/wenda/zoubing_g_637448434.htm
   2016-09-29 08:21:55
   Now scraping post http://www.haodf.com/wenda/zoubing_g_633501411.htm
   2016-09-29 08:21:56
   Now scraping post http://www.haodf.com/wenda/zoubing_g_1073225993.htm
   2016-09-29 08:21:57
   Now scraping post http://www.haodf.com/wenda/zoubing_g_1066780230.htm
   2016-09-29 08:21:58
   Now scraping post http://www.haodf.com/wenda/zoubing_g_1065181172.htm
   2016-09-29 08:22:00
   Now scraping post http://www.haodf.com/wenda/zoubing_g_1057196985.htm
   2016-09-29 08:22:01
   Now scraping post http://www.haodf.com/wenda/zoubing_g_1054552693.htm
   2016-09-29 08:22:02
   Now scraping post http://www.haodf.com/wenda/zoubing_g_1054540216.htm
   2016-09-29 08:22:02
   Now scraping post http://www.haodf.com/wenda/zoubing_g_1054534212.htm
   2016-09-29 08:22:03
   Now scraping post http://www.haodf.com/wenda/zoubing_g_1054527951.htm
   2016-09-29 08:22:04
   Now scraping post http://www.haodf.com/wenda/zoubing_g_1050801111.htm
   2016-09-29 08:22:06
   Now scraping post http://www.haodf.com/wenda/zoubing_g_1043367792.htm
   2016-09-29 08:22:06
   Now scraping post http://www.haodf.com/wenda/zoubing_g_1028146047.htm
   2016-09-29 08:22:07
   Now scraping post http://www.haodf.com/wenda/zoubing_g_1022163644.htm
   2016-09-29 08:22:09
   Now scraping post http://www.haodf.com/wenda/zoubing_g_983860424.htm
   2016-09-29 08:22:10
   Now scraping post http://www.haodf.com/wenda/zoubing_g_966203496.htm
  2016-09-29 08:22:11
  Now scraping page 9
   2016-09-29 08:22:12
   Now scraping post http://www.haodf.com/wenda/zoubing_g_966201317.htm
   2016-09-29 08:22:12
   Now scraping post http://www.haodf.com/wenda/zoubing_g_1028143657.htm
   2016-09-29 08:22:13
   Now scraping post http://www.haodf.com/wenda/zoubing_g_1026914591.htm
   2016-09-29 08:22:15
   Now scraping post http://www.haodf.com/wenda/zoubing_g_1013029934.htm
   2016-09-29 08:22:16
   Now scraping post http://www.haodf.com/wenda/zoubing_g_1026208605.htm
   2016-09-29 08:22:18
   Now scraping post http://www.haodf.com/wenda/zoubing_g_1013028054.htm
   2016-09-29 08:22:18
   Now scraping post http://www.haodf.com/wenda/zoubing_g_1022166024.htm
   2016-09-29 08:22:19
   Now scraping post http://www.haodf.com/wenda/zoubing_g_983863914.htm
   2016-09-29 08:22:20
   Now scraping post http://www.haodf.com/wenda/zoubing_g_1013026445.htm
   2016-09-29 08:22:21
   Now scraping post http://www.haodf.com/wenda/zoubing_g_1009907616.htm
   2016-09-29 08:22:22
   Now scraping post http://www.haodf.com/wenda/zoubing_g_1008074269.htm
   2016-09-29 08:22:23
   Now scraping post http://www.haodf.com/wenda/zoubing_g_1002256903.htm
   2016-09-29 08:22:25
   Now scraping post http://www.haodf.com/wenda/zoubing_g_993059844.htm
   2016-09-29 08:22:26
   Now scraping post http://www.haodf.com/wenda/zoubing_g_983871952.htm
   2016-09-29 08:22:27
   Now scraping post http://www.haodf.com/wenda/zoubing_g_983867536.htm
   2016-09-29 08:22:27
   Now scraping post http://www.haodf.com/wenda/zoubing_g_966202162.htm
   2016-09-29 08:22:29
   Now scraping post http://www.haodf.com/wenda/zoubing_g_980267044.htm
   2016-09-29 08:22:30
   Now scraping post http://www.haodf.com/wenda/zoubing_g_974643520.htm
   2016-09-29 08:22:31
   Now scraping post http://www.haodf.com/wenda/zoubing_g_966204142.htm
   2016-09-29 08:22:33
   Now scraping post http://www.haodf.com/wenda/zoubing_g_954534594.htm
   2016-09-29 08:22:34
   Now scraping post http://www.haodf.com/wenda/zoubing_g_954275109.htm
   2016-09-29 08:22:34
   Now scraping post http://www.haodf.com/wenda/zoubing_g_950897190.htm
   2016-09-29 08:22:36
   Now scraping post http://www.haodf.com/wenda/zoubing_g_941923350.htm
   2016-09-29 08:22:37
   Now scraping post http://www.haodf.com/wenda/zoubing_g_935708744.htm
   2016-09-29 08:22:38
   Now scraping post http://www.haodf.com/wenda/zoubing_g_918063317.htm
  2016-09-29 08:22:39
  Now scraping page 10
   2016-09-29 08:22:40
   Now scraping post http://www.haodf.com/wenda/zoubing_g_918051939.htm
   2016-09-29 08:22:41
   Now scraping post http://www.haodf.com/wenda/zoubing_g_918055810.htm
   2016-09-29 08:22:42
   Now scraping post http://www.haodf.com/wenda/zoubing_g_932553337.htm
   2016-09-29 08:22:44
   Now scraping post http://www.haodf.com/wenda/zoubing_g_932547664.htm
   2016-09-29 08:22:45
   Now scraping post http://www.haodf.com/wenda/zoubing_g_932541189.htm
   2016-09-29 08:22:47
   Now scraping post http://www.haodf.com/wenda/zoubing_g_932538784.htm
   2016-09-29 08:22:48
   Now scraping post http://www.haodf.com/wenda/zoubing_g_932533499.htm
   2016-09-29 08:22:48
   Now scraping post http://www.haodf.com/wenda/zoubing_g_932005209.htm
   2016-09-29 08:22:49
   Now scraping post http://www.haodf.com/wenda/zoubing_g_918067981.htm
   2016-09-29 08:22:51
   Now scraping post http://www.haodf.com/wenda/zoubing_g_918060673.htm
   2016-09-29 08:22:52
   Now scraping post http://www.haodf.com/wenda/zoubing_g_910165514.htm
   2016-09-29 08:22:53
   Now scraping post http://www.haodf.com/wenda/zoubing_g_910165726.htm
   2016-09-29 08:22:54
   Now scraping post http://www.haodf.com/wenda/zoubing_g_907930539.htm
   2016-09-29 08:22:56
   Now scraping post http://www.haodf.com/wenda/zoubing_g_907926635.htm
   2016-09-29 08:22:57
   Now scraping post http://www.haodf.com/wenda/zoubing_g_906205972.htm
   2016-09-29 08:22:59
   Now scraping post http://www.haodf.com/wenda/zoubing_g_906104560.htm
   2016-09-29 08:23:00
   Now scraping post http://www.haodf.com/wenda/zoubing_g_896197143.htm
   2016-09-29 08:23:01
   Now scraping post http://www.haodf.com/wenda/zoubing_g_906099809.htm
   2016-09-29 08:23:03
   Now scraping post http://www.haodf.com/wenda/zoubing_g_898993720.htm
   2016-09-29 08:23:04
   Now scraping post http://www.haodf.com/wenda/zoubing_g_896208258.htm
   2016-09-29 08:23:05
   Now scraping post http://www.haodf.com/wenda/zoubing_g_896199988.htm
   2016-09-29 08:23:06
   Now scraping post http://www.haodf.com/wenda/zoubing_g_896198168.htm
   2016-09-29 08:23:07
   Now scraping post http://www.haodf.com/wenda/zoubing_g_856858995.htm
   2016-09-29 08:23:08
   Now scraping post http://www.haodf.com/wenda/zoubing_g_895114726.htm
   2016-09-29 08:23:10
   Now scraping post http://www.haodf.com/wenda/zoubing_g_885189669.htm
  2016-09-29 08:23:11
  Now scraping page 11
   2016-09-29 08:23:12
   Now scraping post http://www.haodf.com/wenda/zoubing_g_879102012.htm
   2016-09-29 08:23:13
   Now scraping post http://www.haodf.com/wenda/zoubing_g_879088059.htm
   2016-09-29 08:23:15
   Now scraping post http://www.haodf.com/wenda/zoubing_g_878247705.htm
   2016-09-29 08:23:16
   Now scraping post http://www.haodf.com/wenda/zoubing_g_817201747.htm
   2016-09-29 08:23:17
   Now scraping post http://www.haodf.com/wenda/zoubing_g_866297493.htm
   2016-09-29 08:23:18
   Now scraping post http://www.haodf.com/wenda/zoubing_g_844935006.htm
   2016-09-29 08:23:20
   Now scraping post http://www.haodf.com/wenda/zoubing_g_871817606.htm
   2016-09-29 08:23:21
   Now scraping post http://www.haodf.com/wenda/zoubing_g_871816405.htm
   2016-09-29 08:23:22
   Now scraping post http://www.haodf.com/wenda/zoubing_g_866299166.htm
   2016-09-29 08:23:23
   Now scraping post http://www.haodf.com/wenda/zoubing_g_866293902.htm
   2016-09-29 08:23:25
   Now scraping post http://www.haodf.com/wenda/zoubing_g_862160359.htm
   2016-09-29 08:23:26
   Now scraping post http://www.haodf.com/wenda/zoubing_g_862030112.htm
   2016-09-29 08:23:27
   Now scraping post http://www.haodf.com/wenda/zoubing_g_640398975.htm
   2016-09-29 08:23:28
   Now scraping post http://www.haodf.com/wenda/zoubing_g_853259452.htm
   2016-09-29 08:23:29
   Now scraping post http://www.haodf.com/wenda/zoubing_g_846020332.htm
   2016-09-29 08:23:30
   Now scraping post http://www.haodf.com/wenda/zoubing_g_845755983.htm
   2016-09-29 08:23:32
   Now scraping post http://www.haodf.com/wenda/zoubing_g_844907779.htm
   2016-09-29 08:23:32
   Now scraping post http://www.haodf.com/wenda/zoubing_g_831543724.htm
   2016-09-29 08:23:33
   Now scraping post http://www.haodf.com/wenda/zoubing_g_831539889.htm
   2016-09-29 08:23:35
   Now scraping post http://www.haodf.com/wenda/zoubing_g_844576453.htm
   2016-09-29 08:23:36
   Now scraping post http://www.haodf.com/wenda/zoubing_g_844573336.htm
   2016-09-29 08:23:37
   Now scraping post http://www.haodf.com/wenda/zoubing_g_841147027.htm
   2016-09-29 08:23:38
   Now scraping post http://www.haodf.com/wenda/zoubing_g_832948985.htm
   2016-09-29 08:23:39
   Now scraping post http://www.haodf.com/wenda/zoubing_g_832938816.htm
   2016-09-29 08:23:41
   Now scraping post http://www.haodf.com/wenda/zoubing_g_832943997.htm
  2016-09-29 08:23:42
  Now scraping page 12
   2016-09-29 08:23:43
   Now scraping post http://www.haodf.com/wenda/zoubing_g_832942487.htm
   2016-09-29 08:23:44
   Now scraping post http://www.haodf.com/wenda/zoubing_g_832939823.htm
   2016-09-29 08:23:45
   Now scraping post http://www.haodf.com/wenda/zoubing_g_831536979.htm
   2016-09-29 08:23:46
   Now scraping post http://www.haodf.com/wenda/zoubing_g_831548007.htm
   2016-09-29 08:23:47
   Now scraping post http://www.haodf.com/wenda/zoubing_g_658035604.htm
   2016-09-29 08:23:48
   Now scraping post http://www.haodf.com/wenda/zoubing_g_831541000.htm
   2016-09-29 08:23:49
   Now scraping post http://www.haodf.com/wenda/zoubing_g_831402014.htm
   2016-09-29 08:23:49
   Now scraping post http://www.haodf.com/wenda/zoubing_g_817247843.htm
   2016-09-29 08:23:50
   Now scraping post http://www.haodf.com/wenda/zoubing_g_817668639.htm
   2016-09-29 08:23:52
   Now scraping post http://www.haodf.com/wenda/zoubing_g_817282901.htm
   2016-09-29 08:23:53
   Now scraping post http://www.haodf.com/wenda/zoubing_g_786153427.htm
   2016-09-29 08:23:54
   Now scraping post http://www.haodf.com/wenda/zoubing_g_786158196.htm
   2016-09-29 08:23:55
   Now scraping post http://www.haodf.com/wenda/zoubing_g_786177512.htm
   2016-09-29 08:23:57
   Now scraping post http://www.haodf.com/wenda/zoubing_g_768421150.htm
   2016-09-29 08:23:58
   Now scraping post http://www.haodf.com/wenda/zoubing_g_786169762.htm
   2016-09-29 08:23:59
   Now scraping post http://www.haodf.com/wenda/zoubing_g_766619731.htm
   2016-09-29 08:24:00
   Now scraping post http://www.haodf.com/wenda/zoubing_g_817245830.htm
   2016-09-29 08:24:01
   Now scraping post http://www.haodf.com/wenda/zoubing_g_817243267.htm
   2016-09-29 08:24:02
   Now scraping post http://www.haodf.com/wenda/zoubing_g_817179976.htm
   2016-09-29 08:24:04
   Now scraping post http://www.haodf.com/wenda/zoubing_g_817537104.htm
   2016-09-29 08:24:05
   Now scraping post http://www.haodf.com/wenda/zoubing_g_801095362.htm
   2016-09-29 08:24:06
   Now scraping post http://www.haodf.com/wenda/zoubing_g_800013676.htm
   2016-09-29 08:24:08
   Now scraping post http://www.haodf.com/wenda/zoubing_g_793928628.htm
   2016-09-29 08:24:09
   Now scraping post http://www.haodf.com/wenda/zoubing_g_793720587.htm
   2016-09-29 08:24:11
   Now scraping post http://www.haodf.com/wenda/zoubing_g_793735993.htm
  2016-09-29 08:24:11
  Now scraping page 13
   2016-09-29 08:24:12
   Now scraping post http://www.haodf.com/wenda/zoubing_g_786188496.htm
   2016-09-29 08:24:13
   Now scraping post http://www.haodf.com/wenda/zoubing_g_786183615.htm
   2016-09-29 08:24:15
   Now scraping post http://www.haodf.com/wenda/zoubing_g_786161216.htm
   2016-09-29 08:24:16
   Now scraping post http://www.haodf.com/wenda/zoubing_g_786149014.htm
   2016-09-29 08:24:16
   Now scraping post http://www.haodf.com/wenda/zoubing_g_786146257.htm
   2016-09-29 08:24:18
   Now scraping post http://www.haodf.com/wenda/zoubing_g_780885642.htm
   2016-09-29 08:24:19
   Now scraping post http://www.haodf.com/wenda/zoubing_g_778858204.htm
   2016-09-29 08:24:20
   Now scraping post http://www.haodf.com/wenda/zoubing_g_774932018.htm
   2016-09-29 08:24:21
   Now scraping post http://www.haodf.com/wenda/zoubing_g_743877677.htm
   2016-09-29 08:24:23
   Now scraping post http://www.haodf.com/wenda/zoubing_g_770732399.htm
   2016-09-29 08:24:24
   Now scraping post http://www.haodf.com/wenda/zoubing_g_766621895.htm
   2016-09-29 08:24:25
   Now scraping post http://www.haodf.com/wenda/zoubing_g_768185032.htm
   2016-09-29 08:24:26
   Now scraping post http://www.haodf.com/wenda/zoubing_g_766650610.htm
   2016-09-29 08:24:27
   Now scraping post http://www.haodf.com/wenda/zoubing_g_633501406.htm
   2016-09-29 08:24:29
   Now scraping post http://www.haodf.com/wenda/zoubing_g_760151489.htm
   2016-09-29 08:24:30
   Now scraping post http://www.haodf.com/wenda/zoubing_g_766611856.htm
   2016-09-29 08:24:32
   Now scraping post http://www.haodf.com/wenda/zoubing_g_766657466.htm
   2016-09-29 08:24:33
   Now scraping post http://www.haodf.com/wenda/zoubing_g_766639106.htm
   2016-09-29 08:24:34
   Now scraping post http://www.haodf.com/wenda/zoubing_g_766636924.htm
   2016-09-29 08:24:36
   Now scraping post http://www.haodf.com/wenda/zoubing_g_766634107.htm
   2016-09-29 08:24:37
   Now scraping post http://www.haodf.com/wenda/zoubing_g_766601306.htm
   2016-09-29 08:24:39
   Now scraping post http://www.haodf.com/wenda/zoubing_g_766609637.htm
   2016-09-29 08:24:40
   Now scraping post http://www.haodf.com/wenda/zoubing_g_766599553.htm
   2016-09-29 08:24:41
   Now scraping post http://www.haodf.com/wenda/zoubing_g_760161416.htm
   2016-09-29 08:24:43
   Now scraping post http://www.haodf.com/wenda/zoubing_g_760159253.htm
  2016-09-29 08:24:44
  Now scraping page 14
   2016-09-29 08:24:45
   Now scraping post http://www.haodf.com/wenda/zoubing_g_760155316.htm
   2016-09-29 08:24:46
   Now scraping post http://www.haodf.com/wenda/zoubing_g_738088478.htm
   2016-09-29 08:24:47
   Now scraping post http://www.haodf.com/wenda/zoubing_g_756401245.htm
   2016-09-29 08:24:48
   Now scraping post http://www.haodf.com/wenda/zoubing_g_760148840.htm
   2016-09-29 08:24:51
   Now scraping post http://www.haodf.com/wenda/zoubing_g_760143642.htm
   2016-09-29 08:24:52
   Now scraping post http://www.haodf.com/wenda/zoubing_g_760141741.htm
   2016-09-29 08:24:53
   Now scraping post http://www.haodf.com/wenda/zoubing_g_759929020.htm
   2016-09-29 08:24:55
   Now scraping post http://www.haodf.com/wenda/zoubing_g_755596966.htm
   2016-09-29 08:24:55
   Now scraping post http://www.haodf.com/wenda/zoubing_g_743878450.htm
   2016-09-29 08:24:56
   Now scraping post http://www.haodf.com/wenda/zoubing_g_755590807.htm
   2016-09-29 08:24:57
   Now scraping post http://www.haodf.com/wenda/zoubing_g_755585398.htm
   2016-09-29 08:24:58
   Now scraping post http://www.haodf.com/wenda/zoubing_g_749618008.htm
   2016-09-29 08:24:59
   Now scraping post http://www.haodf.com/wenda/zoubing_g_743870399.htm
   2016-09-29 08:25:00
   Now scraping post http://www.haodf.com/wenda/zoubing_g_743869625.htm
   2016-09-29 08:25:02
   Now scraping post http://www.haodf.com/wenda/zoubing_g_743867845.htm
   2016-09-29 08:25:03
   Now scraping post http://www.haodf.com/wenda/zoubing_g_738086888.htm
   2016-09-29 08:25:04
   Now scraping post http://www.haodf.com/wenda/zoubing_g_743846942.htm
   2016-09-29 08:25:06
   Now scraping post http://www.haodf.com/wenda/zoubing_g_743273245.htm
   2016-09-29 08:25:08
   Now scraping post http://www.haodf.com/wenda/zoubing_g_740313024.htm
   2016-09-29 08:25:10
   Now scraping post http://www.haodf.com/wenda/zoubing_g_738107029.htm
   2016-09-29 08:25:11
   Now scraping post http://www.haodf.com/wenda/zoubing_g_738104486.htm
   2016-09-29 08:25:12
   Now scraping post http://www.haodf.com/wenda/zoubing_g_738101866.htm
   2016-09-29 08:25:13
   Now scraping post http://www.haodf.com/wenda/zoubing_g_738099423.htm
   2016-09-29 08:25:14
   Now scraping post http://www.haodf.com/wenda/zoubing_g_738097328.htm
   2016-09-29 08:25:15
   Now scraping post http://www.haodf.com/wenda/zoubing_g_729232630.htm
  2016-09-29 08:25:17
  Now scraping page 15
   2016-09-29 08:25:18
   Now scraping post http://www.haodf.com/wenda/zoubing_g_737714414.htm
   2016-09-29 08:25:18
   Now scraping post http://www.haodf.com/wenda/zoubing_g_732039580.htm
   2016-09-29 08:25:20
   Now scraping post http://www.haodf.com/wenda/zoubing_g_735407532.htm
   2016-09-29 08:25:21
   Now scraping post http://www.haodf.com/wenda/zoubing_g_734652649.htm
   2016-09-29 08:25:22
   Now scraping post http://www.haodf.com/wenda/zoubing_g_732899189.htm
   2016-09-29 08:25:24
   Now scraping post http://www.haodf.com/wenda/zoubing_g_729237958.htm
   2016-09-29 08:25:25
   Now scraping post http://www.haodf.com/wenda/zoubing_g_729248929.htm
   2016-09-29 08:25:26
   Now scraping post http://www.haodf.com/wenda/zoubing_g_729214840.htm
   2016-09-29 08:25:27
   Now scraping post http://www.haodf.com/wenda/zoubing_g_729252881.htm
   2016-09-29 08:25:28
   Now scraping post http://www.haodf.com/wenda/zoubing_g_729236328.htm
   2016-09-29 08:25:30
   Now scraping post http://www.haodf.com/wenda/zoubing_g_729234928.htm
   2016-09-29 08:25:31
   Now scraping post http://www.haodf.com/wenda/zoubing_g_729229506.htm
   2016-09-29 08:25:32
   Now scraping post http://www.haodf.com/wenda/zoubing_g_729217234.htm
   2016-09-29 08:25:33
   Now scraping post http://www.haodf.com/wenda/zoubing_g_725738347.htm
   2016-09-29 08:25:35
   Now scraping post http://www.haodf.com/wenda/zoubing_g_715230897.htm
   2016-09-29 08:25:36
   Now scraping post http://www.haodf.com/wenda/zoubing_g_715226429.htm
   2016-09-29 08:25:37
   Now scraping post http://www.haodf.com/wenda/zoubing_g_715221338.htm
   2016-09-29 08:25:38
   Now scraping post http://www.haodf.com/wenda/zoubing_g_715202899.htm
   2016-09-29 08:25:39
   Now scraping post http://www.haodf.com/wenda/zoubing_g_698826860.htm
   2016-09-29 08:25:39
   Now scraping post http://www.haodf.com/wenda/zoubing_g_698840292.htm
   2016-09-29 08:25:41
   Now scraping post http://www.haodf.com/wenda/zoubing_g_714961526.htm
   2016-09-29 08:25:42
   Now scraping post http://www.haodf.com/wenda/zoubing_g_708404585.htm
   2016-09-29 08:25:43
   Now scraping post http://www.haodf.com/wenda/zoubing_g_691890250.htm
   2016-09-29 08:25:44
   Now scraping post http://www.haodf.com/wenda/zoubing_g_698839150.htm
   2016-09-29 08:25:45
   Now scraping post http://www.haodf.com/wenda/zoubing_g_698836161.htm
  2016-09-29 08:25:46
  Now scraping page 16
   2016-09-29 08:25:47
   Now scraping post http://www.haodf.com/wenda/zoubing_g_698833276.htm
   2016-09-29 08:25:49
   Now scraping post http://www.haodf.com/wenda/zoubing_g_698828998.htm
   2016-09-29 08:25:50
   Now scraping post http://www.haodf.com/wenda/zoubing_g_698820589.htm
   2016-09-29 08:25:51
   Now scraping post http://www.haodf.com/wenda/zoubing_g_696799350.htm
   2016-09-29 08:25:52
   Now scraping post http://www.haodf.com/wenda/zoubing_g_695075552.htm
   2016-09-29 08:25:53
   Now scraping post http://www.haodf.com/wenda/zoubing_g_691887924.htm
   2016-09-29 08:25:54
   Now scraping post http://www.haodf.com/wenda/zoubing_g_691919355.htm
   2016-09-29 08:25:55
   Now scraping post http://www.haodf.com/wenda/zoubing_g_691913287.htm
   2016-09-29 08:25:56
   Now scraping post http://www.haodf.com/wenda/zoubing_g_691908586.htm
   2016-09-29 08:25:58
   Now scraping post http://www.haodf.com/wenda/zoubing_g_691900716.htm
   2016-09-29 08:25:59
   Now scraping post http://www.haodf.com/wenda/zoubing_g_691881754.htm
   2016-09-29 08:26:00
   Now scraping post http://www.haodf.com/wenda/zoubing_g_691879885.htm
   2016-09-29 08:26:02
   Now scraping post http://www.haodf.com/wenda/zoubing_g_683761116.htm
   2016-09-29 08:26:04
   Now scraping post http://www.haodf.com/wenda/zoubing_g_683706784.htm
   2016-09-29 08:26:05
   Now scraping post http://www.haodf.com/wenda/zoubing_g_682294631.htm
   2016-09-29 08:26:06
   Now scraping post http://www.haodf.com/wenda/zoubing_g_682292262.htm
   2016-09-29 08:26:08
   Now scraping post http://www.haodf.com/wenda/zoubing_g_666308298.htm
   2016-09-29 08:26:09
   Now scraping post http://www.haodf.com/wenda/zoubing_g_666305832.htm
   2016-09-29 08:26:11
   Now scraping post http://www.haodf.com/wenda/zoubing_g_666302060.htm
   2016-09-29 08:26:12
   Now scraping post http://www.haodf.com/wenda/zoubing_g_666298467.htm
   2016-09-29 08:26:12
   Now scraping post http://www.haodf.com/wenda/zoubing_g_666291210.htm
   2016-09-29 08:26:14
   Now scraping post http://www.haodf.com/wenda/zoubing_g_666285847.htm
   2016-09-29 08:26:15
   Now scraping post http://www.haodf.com/wenda/zoubing_g_664795920.htm
   2016-09-29 08:26:17
   Now scraping post http://www.haodf.com/wenda/zoubing_g_664724106.htm
   2016-09-29 08:26:18
   Now scraping post http://www.haodf.com/wenda/zoubing_g_664388001.htm
  2016-09-29 08:26:19
  Now scraping page 17
   2016-09-29 08:26:20
   Now scraping post http://www.haodf.com/wenda/zoubing_g_663464110.htm
   2016-09-29 08:26:21
   Now scraping post http://www.haodf.com/wenda/zoubing_g_658062956.htm
   2016-09-29 08:26:23
   Now scraping post http://www.haodf.com/wenda/zoubing_g_658048883.htm
   2016-09-29 08:26:24
   Now scraping post http://www.haodf.com/wenda/zoubing_g_658073377.htm
   2016-09-29 08:26:25
   Now scraping post http://www.haodf.com/wenda/zoubing_g_658069793.htm
   2016-09-29 08:26:26
   Now scraping post http://www.haodf.com/wenda/zoubing_g_658065184.htm
   2016-09-29 08:26:28
   Now scraping post http://www.haodf.com/wenda/zoubing_g_658058570.htm
   2016-09-29 08:26:29
   Now scraping post http://www.haodf.com/wenda/zoubing_g_658056793.htm
   2016-09-29 08:26:30
   Now scraping post http://www.haodf.com/wenda/zoubing_g_658055381.htm
   2016-09-29 08:26:30
   Now scraping post http://www.haodf.com/wenda/zoubing_g_658045922.htm
   2016-09-29 08:26:32
   Now scraping post http://www.haodf.com/wenda/zoubing_g_658042470.htm
   2016-09-29 08:26:33
   Now scraping post http://www.haodf.com/wenda/zoubing_g_658037188.htm
   2016-09-29 08:26:34
   Now scraping post http://www.haodf.com/wenda/zoubing_g_652490408.htm
   2016-09-29 08:26:35
   Now scraping post http://www.haodf.com/wenda/zoubing_g_652918676.htm
   2016-09-29 08:26:36
   Now scraping post http://www.haodf.com/wenda/zoubing_g_633501478.htm
   2016-09-29 08:26:37
   Now scraping post http://www.haodf.com/wenda/zoubing_g_640406109.htm
   2016-09-29 08:26:38
   Now scraping post http://www.haodf.com/wenda/zoubing_g_640402710.htm
   2016-09-29 08:26:39
   Now scraping post http://www.haodf.com/wenda/zoubing_g_640393433.htm
   2016-09-29 08:26:40
   Now scraping post http://www.haodf.com/wenda/zoubing_g_633501486.htm
   2016-09-29 08:26:41
   Now scraping post http://www.haodf.com/wenda/zoubing_g_633501523.htm
   2016-09-29 08:26:42
   Now scraping post http://www.haodf.com/wenda/zoubing_g_636349871.htm
   2016-09-29 08:26:43
   Now scraping post http://www.haodf.com/wenda/zoubing_g_633501490.htm
   2016-09-29 08:26:44
   Now scraping post http://www.haodf.com/wenda/zoubing_g_633501491.htm
   2016-09-29 08:26:45
   Now scraping post http://www.haodf.com/wenda/zoubing_g_633501522.htm
   2016-09-29 08:26:48
   Now scraping post http://www.haodf.com/wenda/zoubing_g_633501481.htm
  2016-09-29 08:26:50
  Now scraping page 18
   2016-09-29 08:26:50
   Now scraping post http://www.haodf.com/wenda/zoubing_g_633501488.htm
   2016-09-29 08:26:51
   Now scraping post http://www.haodf.com/wenda/zoubing_g_633501487.htm
   2016-09-29 08:26:53
   Now scraping post http://www.haodf.com/wenda/zoubing_g_633501485.htm
   2016-09-29 08:26:54
   Now scraping post http://www.haodf.com/wenda/zoubing_g_633501484.htm
   2016-09-29 08:26:55
   Now scraping post http://www.haodf.com/wenda/zoubing_g_633501489.htm
   2016-09-29 08:26:56
   Now scraping post http://www.haodf.com/wenda/zoubing_g_633501482.htm
   2016-09-29 08:26:57
   Now scraping post http://www.haodf.com/wenda/zoubing_g_633501480.htm
   2016-09-29 08:26:59
   Now scraping post http://www.haodf.com/wenda/zoubing_g_633501474.htm
   2016-09-29 08:27:00
   Now scraping post http://www.haodf.com/wenda/zoubing_g_633501479.htm
   2016-09-29 08:27:01
   Now scraping post http://www.haodf.com/wenda/zoubing_g_633501477.htm
   2016-09-29 08:27:03
   Now scraping post http://www.haodf.com/wenda/zoubing_g_633501377.htm
   2016-09-29 08:27:05
   Now scraping post http://www.haodf.com/wenda/zoubing_g_633501483.htm
   2016-09-29 08:27:06
   Now scraping post http://www.haodf.com/wenda/zoubing_g_633501476.htm
   2016-09-29 08:27:07
   Now scraping post http://www.haodf.com/wenda/zoubing_g_633501475.htm
   2016-09-29 08:27:08
   Now scraping post http://www.haodf.com/wenda/zoubing_g_633501473.htm
   2016-09-29 08:27:09
   Now scraping post http://www.haodf.com/wenda/zoubing_g_633501472.htm
   2016-09-29 08:27:10
   Now scraping post http://www.haodf.com/wenda/zoubing_g_633501385.htm
   2016-09-29 08:27:11
   Now scraping post http://www.haodf.com/wenda/zoubing_g_633501471.htm
   2016-09-29 08:27:13
   Now scraping post http://www.haodf.com/wenda/zoubing_g_633501468.htm
   2016-09-29 08:27:14
   Now scraping post http://www.haodf.com/wenda/zoubing_g_633501469.htm
   2016-09-29 08:27:16
   Now scraping post http://www.haodf.com/wenda/zoubing_g_633501467.htm
   2016-09-29 08:27:17
   Now scraping post http://www.haodf.com/wenda/zoubing_g_633501470.htm
   2016-09-29 08:27:18
   Now scraping post http://www.haodf.com/wenda/zoubing_g_633501461.htm
   2016-09-29 08:27:19
   Now scraping post http://www.haodf.com/wenda/zoubing_g_633501466.htm
   2016-09-29 08:27:21
   Now scraping post http://www.haodf.com/wenda/zoubing_g_633501464.htm
  2016-09-29 08:27:22
  Now scraping page 19
   2016-09-29 08:27:23
   Now scraping post http://www.haodf.com/wenda/zoubing_g_633501459.htm
   2016-09-29 08:27:24
   Now scraping post http://www.haodf.com/wenda/zoubing_g_633501465.htm
   2016-09-29 08:27:24
   Now scraping post http://www.haodf.com/wenda/zoubing_g_633501463.htm
   2016-09-29 08:27:25
   Now scraping post http://www.haodf.com/wenda/zoubing_g_633501462.htm
   2016-09-29 08:27:26
   Now scraping post http://www.haodf.com/wenda/zoubing_g_633501460.htm
   2016-09-29 08:27:27
   Now scraping post http://www.haodf.com/wenda/zoubing_g_633501451.htm
   2016-09-29 08:27:28
   Now scraping post http://www.haodf.com/wenda/zoubing_g_633501458.htm
   2016-09-29 08:27:30
   Now scraping post http://www.haodf.com/wenda/zoubing_g_633501455.htm
   2016-09-29 08:27:31
   Now scraping post http://www.haodf.com/wenda/zoubing_g_633501454.htm
   2016-09-29 08:27:31
   Now scraping post http://www.haodf.com/wenda/zoubing_g_633501453.htm
   2016-09-29 08:27:32
   Now scraping post http://www.haodf.com/wenda/zoubing_g_633501452.htm
   2016-09-29 08:27:33
   Now scraping post http://www.haodf.com/wenda/zoubing_g_633501457.htm
   2016-09-29 08:27:35
   Now scraping post http://www.haodf.com/wenda/zoubing_g_633501456.htm
   2016-09-29 08:27:36
   Now scraping post http://www.haodf.com/wenda/zoubing_g_633501450.htm
   2016-09-29 08:27:38
   Now scraping post http://www.haodf.com/wenda/zoubing_g_633501445.htm
   2016-09-29 08:27:40
   Now scraping post http://www.haodf.com/wenda/zoubing_g_633501448.htm
   2016-09-29 08:27:41
   Now scraping post http://www.haodf.com/wenda/zoubing_g_633501447.htm
   2016-09-29 08:27:42
   Now scraping post http://www.haodf.com/wenda/zoubing_g_633501446.htm
   2016-09-29 08:27:43
   Now scraping post http://www.haodf.com/wenda/zoubing_g_633501449.htm
   2016-09-29 08:27:44
   Now scraping post http://www.haodf.com/wenda/zoubing_g_633501494.htm
   2016-09-29 08:27:45
   Now scraping post http://www.haodf.com/wenda/zoubing_g_633501441.htm
   2016-09-29 08:27:47
   Now scraping post http://www.haodf.com/wenda/zoubing_g_633501443.htm
   2016-09-29 08:27:47
   Now scraping post http://www.haodf.com/wenda/zoubing_g_633501438.htm
   2016-09-29 08:27:49
   Now scraping post http://www.haodf.com/wenda/zoubing_g_633501442.htm
   2016-09-29 08:27:49
   Now scraping post http://www.haodf.com/wenda/zoubing_g_633501444.htm
  2016-09-29 08:27:50
  Now scraping page 20
   2016-09-29 08:27:51
   Now scraping post http://www.haodf.com/wenda/zoubing_g_633501433.htm
   2016-09-29 08:27:53
   Now scraping post http://www.haodf.com/wenda/zoubing_g_633501436.htm
   2016-09-29 08:27:54
   Now scraping post http://www.haodf.com/wenda/zoubing_g_633501437.htm
   2016-09-29 08:27:55
   Now scraping post http://www.haodf.com/wenda/zoubing_g_633501434.htm
   2016-09-29 08:27:56
   Now scraping post http://www.haodf.com/wenda/zoubing_g_633501440.htm
   2016-09-29 08:27:58
   Now scraping post http://www.haodf.com/wenda/zoubing_g_633501439.htm
   2016-09-29 08:27:59
   Now scraping post http://www.haodf.com/wenda/zoubing_g_633501435.htm
   2016-09-29 08:28:00
   Now scraping post http://www.haodf.com/wenda/zoubing_g_633501428.htm
   2016-09-29 08:28:01
   Now scraping post http://www.haodf.com/wenda/zoubing_g_633501432.htm
   2016-09-29 08:28:03
   Now scraping post http://www.haodf.com/wenda/zoubing_g_633501410.htm
   2016-09-29 08:28:04
   Now scraping post http://www.haodf.com/wenda/zoubing_g_633501421.htm
   2016-09-29 08:28:06
   Now scraping post http://www.haodf.com/wenda/zoubing_g_633501429.htm
   2016-09-29 08:28:07
   Now scraping post http://www.haodf.com/wenda/zoubing_g_633501427.htm
   2016-09-29 08:28:07
   Now scraping post http://www.haodf.com/wenda/zoubing_g_633501430.htm
   2016-09-29 08:28:08
   Now scraping post http://www.haodf.com/wenda/zoubing_g_633501431.htm
   2016-09-29 08:28:09
   Now scraping post http://www.haodf.com/wenda/zoubing_g_633501425.htm
   2016-09-29 08:28:10
   Now scraping post http://www.haodf.com/wenda/zoubing_g_633501423.htm
   2016-09-29 08:28:11
   Now scraping post http://www.haodf.com/wenda/zoubing_g_633501422.htm
   2016-09-29 08:28:12
   Now scraping post http://www.haodf.com/wenda/zoubing_g_633501420.htm
   2016-09-29 08:28:14
   Now scraping post http://www.haodf.com/wenda/zoubing_g_633501417.htm
   2016-09-29 08:28:15
   Now scraping post http://www.haodf.com/wenda/zoubing_g_633501415.htm
   2016-09-29 08:28:16
   Now scraping post http://www.haodf.com/wenda/zoubing_g_633501426.htm
   2016-09-29 08:28:18
   Now scraping post http://www.haodf.com/wenda/zoubing_g_633501424.htm
   2016-09-29 08:28:20
   Now scraping post http://www.haodf.com/wenda/zoubing_g_633501414.htm
   2016-09-29 08:28:20
   Now scraping post http://www.haodf.com/wenda/zoubing_g_633501419.htm
  2016-09-29 08:28:21
  Now scraping page 21
   2016-09-29 08:28:21
   Now scraping post http://www.haodf.com/wenda/zoubing_g_633501416.htm
   2016-09-29 08:28:23
   Now scraping post http://www.haodf.com/wenda/zoubing_g_633501418.htm
   2016-09-29 08:28:24
   Now scraping post http://www.haodf.com/wenda/zoubing_g_633501413.htm
   2016-09-29 08:28:25
   Now scraping post http://www.haodf.com/wenda/zoubing_g_633501405.htm
   2016-09-29 08:28:26
   Now scraping post http://www.haodf.com/wenda/zoubing_g_633501412.htm
   2016-09-29 08:28:28
   Now scraping post http://www.haodf.com/wenda/zoubing_g_633501403.htm
   2016-09-29 08:28:29
   Now scraping post http://www.haodf.com/wenda/zoubing_g_633501408.htm
   2016-09-29 08:28:30
   Now scraping post http://www.haodf.com/wenda/zoubing_g_633501397.htm
   2016-09-29 08:28:31
   Now scraping post http://www.haodf.com/wenda/zoubing_g_633501409.htm
   2016-09-29 08:28:33
   Now scraping post http://www.haodf.com/wenda/zoubing_g_633501404.htm
   2016-09-29 08:28:34
   Now scraping post http://www.haodf.com/wenda/zoubing_g_633501402.htm
   2016-09-29 08:28:36
   Now scraping post http://www.haodf.com/wenda/zoubing_g_633501407.htm
   2016-09-29 08:28:37
   Now scraping post http://www.haodf.com/wenda/zoubing_g_633501401.htm
   2016-09-29 08:28:38
   Now scraping post http://www.haodf.com/wenda/zoubing_g_633501400.htm
   2016-09-29 08:28:39
   Now scraping post http://www.haodf.com/wenda/zoubing_g_633501398.htm
   2016-09-29 08:28:40
   Now scraping post http://www.haodf.com/wenda/zoubing_g_633501396.htm
   2016-09-29 08:28:41
   Now scraping post http://www.haodf.com/wenda/zoubing_g_633501395.htm
   2016-09-29 08:28:42
   Now scraping post http://www.haodf.com/wenda/zoubing_g_633501399.htm
   2016-09-29 08:28:43
   Now scraping post http://www.haodf.com/wenda/zoubing_g_633501375.htm
   2016-09-29 08:28:44
   Now scraping post http://www.haodf.com/wenda/zoubing_g_633501384.htm
   2016-09-29 08:28:45
   Now scraping post http://www.haodf.com/wenda/zoubing_g_633501388.htm
   2016-09-29 08:28:46
   Now scraping post http://www.haodf.com/wenda/zoubing_g_633501387.htm
   2016-09-29 08:28:48
   Now scraping post http://www.haodf.com/wenda/zoubing_g_633501386.htm
   2016-09-29 08:28:49
   Now scraping post http://www.haodf.com/wenda/zoubing_g_633501389.htm
   2016-09-29 08:28:50
   Now scraping post http://www.haodf.com/wenda/zoubing_g_633501376.htm
  2016-09-29 08:28:51
  Now scraping page 22
   2016-09-29 08:28:51
   Now scraping post http://www.haodf.com/wenda/zoubing_g_633501393.htm
   2016-09-29 08:28:53
   Now scraping post http://www.haodf.com/wenda/zoubing_g_633501391.htm
   2016-09-29 08:28:54
   Now scraping post http://www.haodf.com/wenda/zoubing_g_633501390.htm
   2016-09-29 08:28:55
   Now scraping post http://www.haodf.com/wenda/zoubing_g_633501394.htm
   2016-09-29 08:28:56
   Now scraping post http://www.haodf.com/wenda/zoubing_g_633501382.htm
   2016-09-29 08:28:57
   Now scraping post http://www.haodf.com/wenda/zoubing_g_633501380.htm
   2016-09-29 08:28:59
   Now scraping post http://www.haodf.com/wenda/zoubing_g_633501381.htm
   2016-09-29 08:29:00
   Now scraping post http://www.haodf.com/wenda/zoubing_g_633501383.htm
   2016-09-29 08:29:01
   Now scraping post http://www.haodf.com/wenda/zoubing_g_633501373.htm
   2016-09-29 08:29:03
   Now scraping post http://www.haodf.com/wenda/zoubing_g_633501378.htm
   2016-09-29 08:29:04
   Now scraping post http://www.haodf.com/wenda/zoubing_g_633501374.htm
   2016-09-29 08:29:05
   Now scraping post http://www.haodf.com/wenda/zoubing_g_633501372.htm
   2016-09-29 08:29:07
   Now scraping post http://www.haodf.com/wenda/zoubing_g_633501379.htm
   2016-09-29 08:29:08
   Now scraping post http://www.haodf.com/wenda/zoubing_g_633501521.htm
   2016-09-29 08:29:10
   Now scraping post http://www.haodf.com/wenda/zoubing_g_633501371.htm
   2016-09-29 08:29:11
   Now scraping post http://www.haodf.com/wenda/zoubing_g_633501364.htm
   2016-09-29 08:29:12
   Now scraping post http://www.haodf.com/wenda/zoubing_g_633501369.htm
   2016-09-29 08:29:12
   Now scraping post http://www.haodf.com/wenda/zoubing_g_633501366.htm
   2016-09-29 08:29:13
   Now scraping post http://www.haodf.com/wenda/zoubing_g_633501370.htm
   2016-09-29 08:29:14
   Now scraping post http://www.haodf.com/wenda/zoubing_g_633501368.htm
   2016-09-29 08:29:15
   Now scraping post http://www.haodf.com/wenda/zoubing_g_633501367.htm
   2016-09-29 08:29:16
   Now scraping post http://www.haodf.com/wenda/zoubing_g_633501365.htm
   2016-09-29 08:29:17
   Now scraping post http://www.haodf.com/wenda/zoubing_g_633501363.htm
   2016-09-29 08:29:18
   Now scraping post http://www.haodf.com/wenda/zoubing_g_633501520.htm
   2016-09-29 08:29:20
   Now scraping post http://www.haodf.com/wenda/zoubing_g_633501362.htm
  2016-09-29 08:29:21
  Now scraping page 23
   2016-09-29 08:29:22
   Now scraping post http://www.haodf.com/wenda/zoubing_g_633501360.htm
   2016-09-29 08:29:22
   Now scraping post http://www.haodf.com/wenda/zoubing_g_633501361.htm
   2016-09-29 08:29:24
   Now scraping post http://www.haodf.com/wenda/zoubing_g_633501356.htm
   2016-09-29 08:29:26
   Now scraping post http://www.haodf.com/wenda/zoubing_g_633501358.htm
   2016-09-29 08:29:28
   Now scraping post http://www.haodf.com/wenda/zoubing_g_633501357.htm
   2016-09-29 08:29:29
   Now scraping post http://www.haodf.com/wenda/zoubing_g_633501359.htm
   2016-09-29 08:29:30
   Now scraping post http://www.haodf.com/wenda/zoubing_g_633501355.htm
   2016-09-29 08:29:32
   Now scraping post http://www.haodf.com/wenda/zoubing_g_633501353.htm
   2016-09-29 08:29:32
   Now scraping post http://www.haodf.com/wenda/zoubing_g_633501354.htm
   2016-09-29 08:29:34
   Now scraping post http://www.haodf.com/wenda/zoubing_g_633501352.htm
   2016-09-29 08:29:36
   Now scraping post http://www.haodf.com/wenda/zoubing_g_633501351.htm
   2016-09-29 08:29:37
   Now scraping post http://www.haodf.com/wenda/zoubing_g_633501519.htm
   2016-09-29 08:29:38
   Now scraping post http://www.haodf.com/wenda/zoubing_g_633501518.htm
   2016-09-29 08:29:39
   Now scraping post http://www.haodf.com/wenda/zoubing_g_633501349.htm
   2016-09-29 08:29:40
   Now scraping post http://www.haodf.com/wenda/zoubing_g_633501350.htm
   2016-09-29 08:29:41
   Now scraping post http://www.haodf.com/wenda/zoubing_g_633501347.htm
   2016-09-29 08:29:43
   Now scraping post http://www.haodf.com/wenda/zoubing_g_633501346.htm
   2016-09-29 08:29:44
   Now scraping post http://www.haodf.com/wenda/zoubing_g_633501348.htm
   2016-09-29 08:29:45
   Now scraping post http://www.haodf.com/wenda/zoubing_g_633501517.htm
   2016-09-29 08:29:46
   Now scraping post http://www.haodf.com/wenda/zoubing_g_633501345.htm
   2016-09-29 08:29:47
   Now scraping post http://www.haodf.com/wenda/zoubing_g_633501343.htm
   2016-09-29 08:29:48
   Now scraping post http://www.haodf.com/wenda/zoubing_g_633501342.htm
   2016-09-29 08:29:50
   Now scraping post http://www.haodf.com/wenda/zoubing_g_633501344.htm
   2016-09-29 08:29:51
   Now scraping post http://www.haodf.com/wenda/zoubing_g_633501516.htm
   2016-09-29 08:29:52
   Now scraping post http://www.haodf.com/wenda/zoubing_g_633501515.htm
  2016-09-29 08:29:53
  Now scraping page 24
   2016-09-29 08:29:54
   Now scraping post http://www.haodf.com/wenda/zoubing_g_633501514.htm
   2016-09-29 08:29:55
   Now scraping post http://www.haodf.com/wenda/zoubing_g_633501339.htm
   2016-09-29 08:29:56
   Now scraping post http://www.haodf.com/wenda/zoubing_g_633501340.htm
   2016-09-29 08:29:57
   Now scraping post http://www.haodf.com/wenda/zoubing_g_633501341.htm
   2016-09-29 08:29:58
   Now scraping post http://www.haodf.com/wenda/zoubing_g_633501336.htm
   2016-09-29 08:30:00
   Now scraping post http://www.haodf.com/wenda/zoubing_g_633501334.htm
   2016-09-29 08:30:02
   Now scraping post http://www.haodf.com/wenda/zoubing_g_633501337.htm
   2016-09-29 08:30:03
   Now scraping post http://www.haodf.com/wenda/zoubing_g_633501335.htm
   2016-09-29 08:30:04
   Now scraping post http://www.haodf.com/wenda/zoubing_g_633501320.htm
   2016-09-29 08:30:06
   Now scraping post http://www.haodf.com/wenda/zoubing_g_633501338.htm
   2016-09-29 08:30:07
   Now scraping post http://www.haodf.com/wenda/zoubing_g_633501317.htm
   2016-09-29 08:30:08
   Now scraping post http://www.haodf.com/wenda/zoubing_g_633501330.htm
   2016-09-29 08:30:09
   Now scraping post http://www.haodf.com/wenda/zoubing_g_633501329.htm
   2016-09-29 08:30:10
   Now scraping post http://www.haodf.com/wenda/zoubing_g_633501328.htm
   2016-09-29 08:30:11
   Now scraping post http://www.haodf.com/wenda/zoubing_g_633501332.htm
   2016-09-29 08:30:12
   Now scraping post http://www.haodf.com/wenda/zoubing_g_633501331.htm
   2016-09-29 08:30:13
   Now scraping post http://www.haodf.com/wenda/zoubing_g_633501333.htm
   2016-09-29 08:30:14
   Now scraping post http://www.haodf.com/wenda/zoubing_g_633501324.htm
   2016-09-29 08:30:15
   Now scraping post http://www.haodf.com/wenda/zoubing_g_633501325.htm
   2016-09-29 08:30:17
   Now scraping post http://www.haodf.com/wenda/zoubing_g_633501323.htm
   2016-09-29 08:30:19
   Now scraping post http://www.haodf.com/wenda/zoubing_g_633501326.htm
   2016-09-29 08:30:21
   Now scraping post http://www.haodf.com/wenda/zoubing_g_633501321.htm
   2016-09-29 08:30:23
   Now scraping post http://www.haodf.com/wenda/zoubing_g_633501327.htm
   2016-09-29 08:30:26
   Now scraping post http://www.haodf.com/wenda/zoubing_g_633501513.htm
   2016-09-29 08:30:28
   Now scraping post http://www.haodf.com/wenda/zoubing_g_633501322.htm
  2016-09-29 08:30:29
  Now scraping page 25
   2016-09-29 08:30:30
   Now scraping post http://www.haodf.com/wenda/zoubing_g_633501319.htm
   2016-09-29 08:30:32
   Now scraping post http://www.haodf.com/wenda/zoubing_g_633501318.htm
   2016-09-29 08:30:33
   Now scraping post http://www.haodf.com/wenda/zoubing_g_633501512.htm
   2016-09-29 08:30:34
   Now scraping post http://www.haodf.com/wenda/zoubing_g_633501316.htm
   2016-09-29 08:30:35
   Now scraping post http://www.haodf.com/wenda/zoubing_g_633501314.htm
   2016-09-29 08:30:37
   Now scraping post http://www.haodf.com/wenda/zoubing_g_633501313.htm
   2016-09-29 08:30:39
   Now scraping post http://www.haodf.com/wenda/zoubing_g_633501312.htm
   2016-09-29 08:30:40
   Now scraping post http://www.haodf.com/wenda/zoubing_g_633501311.htm
   2016-09-29 08:30:42
   Now scraping post http://www.haodf.com/wenda/zoubing_g_633501315.htm
   2016-09-29 08:30:43
   Now scraping post http://www.haodf.com/wenda/zoubing_g_633501309.htm
   2016-09-29 08:30:45
   Now scraping post http://www.haodf.com/wenda/zoubing_g_633501511.htm
   2016-09-29 08:30:46
   Now scraping post http://www.haodf.com/wenda/zoubing_g_633501310.htm
   2016-09-29 08:30:47
   Now scraping post http://www.haodf.com/wenda/zoubing_g_633501307.htm
   2016-09-29 08:30:49
   Now scraping post http://www.haodf.com/wenda/zoubing_g_633501308.htm
   2016-09-29 08:30:51
   Now scraping post http://www.haodf.com/wenda/zoubing_g_633501306.htm
   2016-09-29 08:30:53
   Now scraping post http://www.haodf.com/wenda/zoubing_g_633501294.htm
   2016-09-29 08:30:54
   Now scraping post http://www.haodf.com/wenda/zoubing_g_633501305.htm
   2016-09-29 08:30:56
   Now scraping post http://www.haodf.com/wenda/zoubing_g_633501296.htm
   2016-09-29 08:30:57
   Now scraping post http://www.haodf.com/wenda/zoubing_g_633501304.htm
   2016-09-29 08:30:59
   Now scraping post http://www.haodf.com/wenda/zoubing_g_633501303.htm
   2016-09-29 08:31:00
   Now scraping post http://www.haodf.com/wenda/zoubing_g_633501301.htm
   2016-09-29 08:31:01
   Now scraping post http://www.haodf.com/wenda/zoubing_g_633501300.htm
   2016-09-29 08:31:02
   Now scraping post http://www.haodf.com/wenda/zoubing_g_633501302.htm
   2016-09-29 08:31:04
   Now scraping post http://www.haodf.com/wenda/zoubing_g_633501293.htm
   2016-09-29 08:31:05
   Now scraping post http://www.haodf.com/wenda/zoubing_g_633501299.htm
  2016-09-29 08:31:06
  Now scraping page 26
   2016-09-29 08:31:07
   Now scraping post http://www.haodf.com/wenda/zoubing_g_633501298.htm
   2016-09-29 08:31:08
   Now scraping post http://www.haodf.com/wenda/zoubing_g_633501297.htm
   2016-09-29 08:31:10
   Now scraping post http://www.haodf.com/wenda/zoubing_g_633501295.htm
   2016-09-29 08:31:11
   Now scraping post http://www.haodf.com/wenda/zoubing_g_633501286.htm
   2016-09-29 08:31:12
   Now scraping post http://www.haodf.com/wenda/zoubing_g_633501290.htm
   2016-09-29 08:31:13
   Now scraping post http://www.haodf.com/wenda/zoubing_g_633501283.htm
   2016-09-29 08:31:15
   Now scraping post http://www.haodf.com/wenda/zoubing_g_633501291.htm
   2016-09-29 08:31:16
   Now scraping post http://www.haodf.com/wenda/zoubing_g_633501292.htm
   2016-09-29 08:31:17
   Now scraping post http://www.haodf.com/wenda/zoubing_g_633501288.htm
   2016-09-29 08:31:19
   Now scraping post http://www.haodf.com/wenda/zoubing_g_633501289.htm
   2016-09-29 08:31:21
   Now scraping post http://www.haodf.com/wenda/zoubing_g_633501284.htm
   2016-09-29 08:31:22
   Now scraping post http://www.haodf.com/wenda/zoubing_g_633501285.htm
   2016-09-29 08:31:23
   Now scraping post http://www.haodf.com/wenda/zoubing_g_633501287.htm
   2016-09-29 08:31:24
   Now scraping post http://www.haodf.com/wenda/zoubing_g_633501282.htm
   2016-09-29 08:31:25
   Now scraping post http://www.haodf.com/wenda/zoubing_g_633501279.htm
   2016-09-29 08:31:27
   Now scraping post http://www.haodf.com/wenda/zoubing_g_633501281.htm
   2016-09-29 08:31:28
   Now scraping post http://www.haodf.com/wenda/zoubing_g_633501280.htm
   2016-09-29 08:31:29
   Now scraping post http://www.haodf.com/wenda/zoubing_g_633501276.htm
   2016-09-29 08:31:30
   Now scraping post http://www.haodf.com/wenda/zoubing_g_633501277.htm
   2016-09-29 08:31:30
   Now scraping post http://www.haodf.com/wenda/zoubing_g_633501278.htm
   2016-09-29 08:31:32
   Now scraping post http://www.haodf.com/wenda/zoubing_g_633501510.htm
   2016-09-29 08:31:33
   Now scraping post http://www.haodf.com/wenda/zoubing_g_633501275.htm
   2016-09-29 08:31:34
   Now scraping post http://www.haodf.com/wenda/zoubing_g_633501274.htm
   2016-09-29 08:31:34
   Now scraping post http://www.haodf.com/wenda/zoubing_g_633501273.htm
   2016-09-29 08:31:35
   Now scraping post http://www.haodf.com/wenda/zoubing_g_633501509.htm
  2016-09-29 08:31:36
  Now scraping page 27
   2016-09-29 08:31:37
   Now scraping post http://www.haodf.com/wenda/zoubing_g_633501272.htm
   2016-09-29 08:31:38
   Now scraping post http://www.haodf.com/wenda/zoubing_g_633501269.htm
   2016-09-29 08:31:39
   Now scraping post http://www.haodf.com/wenda/zoubing_g_633501270.htm
   2016-09-29 08:31:40
   Now scraping post http://www.haodf.com/wenda/zoubing_g_633501271.htm
   2016-09-29 08:31:41
   Now scraping post http://www.haodf.com/wenda/zoubing_g_633501268.htm
   2016-09-29 08:31:42
   Now scraping post http://www.haodf.com/wenda/zoubing_g_633501267.htm
   2016-09-29 08:31:43
   Now scraping post http://www.haodf.com/wenda/zoubing_g_633501266.htm
   2016-09-29 08:31:45
   Now scraping post http://www.haodf.com/wenda/zoubing_g_633501264.htm
   2016-09-29 08:31:45
   Now scraping post http://www.haodf.com/wenda/zoubing_g_633501263.htm
   2016-09-29 08:31:46
   Now scraping post http://www.haodf.com/wenda/zoubing_g_633501265.htm
   2016-09-29 08:31:48
   Now scraping post http://www.haodf.com/wenda/zoubing_g_633501508.htm
   2016-09-29 08:31:49
   Now scraping post http://www.haodf.com/wenda/zoubing_g_633501258.htm
   2016-09-29 08:31:49
   Now scraping post http://www.haodf.com/wenda/zoubing_g_633501262.htm
   2016-09-29 08:31:51
   Now scraping post http://www.haodf.com/wenda/zoubing_g_633501260.htm
   2016-09-29 08:31:52
   Now scraping post http://www.haodf.com/wenda/zoubing_g_633501507.htm
   2016-09-29 08:31:55
   Now scraping post http://www.haodf.com/wenda/zoubing_g_633501257.htm
   2016-09-29 08:31:56
   Now scraping post http://www.haodf.com/wenda/zoubing_g_633501261.htm
   2016-09-29 08:31:57
   Now scraping post http://www.haodf.com/wenda/zoubing_g_633501259.htm
   2016-09-29 08:31:58
   Now scraping post http://www.haodf.com/wenda/zoubing_g_633501254.htm
   2016-09-29 08:31:59
   Now scraping post http://www.haodf.com/wenda/zoubing_g_633501251.htm
   2016-09-29 08:32:00
   Now scraping post http://www.haodf.com/wenda/zoubing_g_633501255.htm
   2016-09-29 08:32:01
   Now scraping post http://www.haodf.com/wenda/zoubing_g_633501256.htm
   2016-09-29 08:32:02
   Now scraping post http://www.haodf.com/wenda/zoubing_g_633501506.htm
   2016-09-29 08:32:03
   Now scraping post http://www.haodf.com/wenda/zoubing_g_633501253.htm
   2016-09-29 08:32:05
   Now scraping post http://www.haodf.com/wenda/zoubing_g_633501252.htm
  2016-09-29 08:32:06
  Now scraping page 28
   2016-09-29 08:32:06
   Now scraping post http://www.haodf.com/wenda/zoubing_g_633501250.htm
   2016-09-29 08:32:07
   Now scraping post http://www.haodf.com/wenda/zoubing_g_633501249.htm
   2016-09-29 08:32:08
   Now scraping post http://www.haodf.com/wenda/zoubing_g_633501248.htm
   2016-09-29 08:32:10
   Now scraping post http://www.haodf.com/wenda/zoubing_g_633501247.htm
   2016-09-29 08:32:11
   Now scraping post http://www.haodf.com/wenda/zoubing_g_633501243.htm
   2016-09-29 08:32:12
   Now scraping post http://www.haodf.com/wenda/zoubing_g_633501246.htm
   2016-09-29 08:32:14
   Now scraping post http://www.haodf.com/wenda/zoubing_g_633501245.htm
   2016-09-29 08:32:15
   Now scraping post http://www.haodf.com/wenda/zoubing_g_633501244.htm
   2016-09-29 08:32:16
   Now scraping post http://www.haodf.com/wenda/zoubing_g_633501242.htm
   2016-09-29 08:32:18
   Now scraping post http://www.haodf.com/wenda/zoubing_g_633501241.htm
   2016-09-29 08:32:19
   Now scraping post http://www.haodf.com/wenda/zoubing_g_633501240.htm
   2016-09-29 08:32:20
   Now scraping post http://www.haodf.com/wenda/zoubing_g_633501238.htm
   2016-09-29 08:32:23
   Now scraping post http://www.haodf.com/wenda/zoubing_g_633501239.htm
   2016-09-29 08:32:24
   Now scraping post http://www.haodf.com/wenda/zoubing_g_633501237.htm
   2016-09-29 08:32:25
   Now scraping post http://www.haodf.com/wenda/zoubing_g_633501236.htm
   2016-09-29 08:32:27
   Now scraping post http://www.haodf.com/wenda/zoubing_g_633501235.htm
   2016-09-29 08:32:28
   Now scraping post http://www.haodf.com/wenda/zoubing_g_633501233.htm
   2016-09-29 08:32:30
   Now scraping post http://www.haodf.com/wenda/zoubing_g_633501234.htm
   2016-09-29 08:32:31
   Now scraping post http://www.haodf.com/wenda/zoubing_g_633501232.htm
   2016-09-29 08:32:32
   Now scraping post http://www.haodf.com/wenda/zoubing_g_633501231.htm
   2016-09-29 08:32:33
   Now scraping post http://www.haodf.com/wenda/zoubing_g_633501230.htm
   2016-09-29 08:32:34
   Now scraping post http://www.haodf.com/wenda/zoubing_g_633501229.htm
   2016-09-29 08:32:34
   Now scraping post http://www.haodf.com/wenda/zoubing_g_633501228.htm
   2016-09-29 08:32:36
   Now scraping post http://www.haodf.com/wenda/zoubing_g_633501226.htm
   2016-09-29 08:32:37
   Now scraping post http://www.haodf.com/wenda/zoubing_g_633501225.htm
  2016-09-29 08:32:38
  Now scraping page 29
   2016-09-29 08:32:39
   Now scraping post http://www.haodf.com/wenda/zoubing_g_633501227.htm
   2016-09-29 08:32:40
   Now scraping post http://www.haodf.com/wenda/zoubing_g_633501224.htm
   2016-09-29 08:32:41
   Now scraping post http://www.haodf.com/wenda/zoubing_g_633501223.htm
   2016-09-29 08:32:42
   Now scraping post http://www.haodf.com/wenda/zoubing_g_633501221.htm
   2016-09-29 08:32:43
   Now scraping post http://www.haodf.com/wenda/zoubing_g_633501222.htm
   2016-09-29 08:32:44
   Now scraping post http://www.haodf.com/wenda/zoubing_g_633501220.htm
   2016-09-29 08:32:46
   Now scraping post http://www.haodf.com/wenda/zoubing_g_633501219.htm
   2016-09-29 08:32:46
   Now scraping post http://www.haodf.com/wenda/zoubing_g_633501217.htm
   2016-09-29 08:32:47
   Now scraping post http://www.haodf.com/wenda/zoubing_g_633501218.htm
   2016-09-29 08:32:48
   Now scraping post http://www.haodf.com/wenda/zoubing_g_633501216.htm
   2016-09-29 08:32:49
   Now scraping post http://www.haodf.com/wenda/zoubing_g_633501215.htm
   2016-09-29 08:32:50
   Now scraping post http://www.haodf.com/wenda/zoubing_g_633501213.htm
   2016-09-29 08:32:51
   Now scraping post http://www.haodf.com/wenda/zoubing_g_633501214.htm
   2016-09-29 08:32:52
   Now scraping post http://www.haodf.com/wenda/zoubing_g_633501209.htm
   2016-09-29 08:32:53
   Now scraping post http://www.haodf.com/wenda/zoubing_g_633501208.htm
   2016-09-29 08:32:54
   Now scraping post http://www.haodf.com/wenda/zoubing_g_633501204.htm
   2016-09-29 08:32:56
   Now scraping post http://www.haodf.com/wenda/zoubing_g_633501199.htm
   2016-09-29 08:32:57
   Now scraping post http://www.haodf.com/wenda/zoubing_g_633501196.htm
   2016-09-29 08:32:58
   Now scraping post http://www.haodf.com/wenda/zoubing_g_633501192.htm
   2016-09-29 08:32:59
   Now scraping post http://www.haodf.com/wenda/zoubing_g_633501190.htm
   2016-09-29 08:32:59
   Now scraping post http://www.haodf.com/wenda/zoubing_g_633501182.htm
   2016-09-29 08:33:00
   Now scraping post http://www.haodf.com/wenda/zoubing_g_633501181.htm
   2016-09-29 08:33:01
   Now scraping post http://www.haodf.com/wenda/zoubing_g_633501212.htm
   2016-09-29 08:33:01
   Now scraping post http://www.haodf.com/wenda/zoubing_g_633501211.htm
   2016-09-29 08:33:02
   Now scraping post http://www.haodf.com/wenda/zoubing_g_633501210.htm
  2016-09-29 08:33:02
  Now scraping page 30
   2016-09-29 08:33:03
   Now scraping post http://www.haodf.com/wenda/zoubing_g_633501200.htm
   2016-09-29 08:33:04
   Now scraping post http://www.haodf.com/wenda/zoubing_g_633501207.htm
   2016-09-29 08:33:05
   Now scraping post http://www.haodf.com/wenda/zoubing_g_633501206.htm
   2016-09-29 08:33:06
   Now scraping post http://www.haodf.com/wenda/zoubing_g_633501205.htm
   2016-09-29 08:33:07
   Now scraping post http://www.haodf.com/wenda/zoubing_g_633501203.htm
   2016-09-29 08:33:08
   Now scraping post http://www.haodf.com/wenda/zoubing_g_633501202.htm
   2016-09-29 08:33:10
   Now scraping post http://www.haodf.com/wenda/zoubing_g_633501201.htm
   2016-09-29 08:33:10
   Now scraping post http://www.haodf.com/wenda/zoubing_g_633501198.htm
   2016-09-29 08:33:11
   Now scraping post http://www.haodf.com/wenda/zoubing_g_633501197.htm
   2016-09-29 08:33:13
   Now scraping post http://www.haodf.com/wenda/zoubing_g_633501195.htm
   2016-09-29 08:33:14
   Now scraping post http://www.haodf.com/wenda/zoubing_g_633501193.htm
   2016-09-29 08:33:16
   Now scraping post http://www.haodf.com/wenda/zoubing_g_633501194.htm
   2016-09-29 08:33:17
   Now scraping post http://www.haodf.com/wenda/zoubing_g_633501191.htm
   2016-09-29 08:33:18
   Now scraping post http://www.haodf.com/wenda/zoubing_g_633501189.htm
   2016-09-29 08:33:19
   Now scraping post http://www.haodf.com/wenda/zoubing_g_633501188.htm
   2016-09-29 08:33:21
   Now scraping post http://www.haodf.com/wenda/zoubing_g_633501187.htm
   2016-09-29 08:33:22
   Now scraping post http://www.haodf.com/wenda/zoubing_g_633501184.htm
   2016-09-29 08:33:22
   Now scraping post http://www.haodf.com/wenda/zoubing_g_633501186.htm
   2016-09-29 08:33:23
   Now scraping post http://www.haodf.com/wenda/zoubing_g_633501185.htm
   2016-09-29 08:33:24
   Now scraping post http://www.haodf.com/wenda/zoubing_g_633501179.htm
   2016-09-29 08:33:25
   Now scraping post http://www.haodf.com/wenda/zoubing_g_633501180.htm
   2016-09-29 08:33:25
   Now scraping post http://www.haodf.com/wenda/zoubing_g_633501183.htm
2016-09-29 08:33:26
[32m Finish![0m scraped 30 pages, 569 Q&As out of 747 posts.

