 2016-09-29 18:07:39
 Now scraping doctor 徐海青
  2016-09-29 18:07:40
  Now scraping page 1
   2016-09-29 18:07:41
   Now scraping post http://www.haodf.com/wenda/doctorxu_g_4702106426.htm
   2016-09-29 18:07:43
   Now scraping post http://www.haodf.com/wenda/doctorxu_g_4702102986.htm
   2016-09-29 18:07:44
   Now scraping post http://www.haodf.com/wenda/doctorxu_g_4691797683.htm
   2016-09-29 18:07:45
   Now scraping post http://www.haodf.com/wenda/doctorxu_g_4688175548.htm
   2016-09-29 18:07:46
   Now scraping post http://www.haodf.com/wenda/doctorxu_g_4619655097.htm
   2016-09-29 18:07:48
   Now scraping post http://www.haodf.com/wenda/doctorxu_g_4596923619.htm
   2016-09-29 18:07:48
   Now scraping post http://www.haodf.com/wenda/doctorxu_g_4579309169.htm
   2016-09-29 18:07:49
   Now scraping post http://www.haodf.com/wenda/doctorxu_g_4586470412.htm
   2016-09-29 18:07:50
   Now scraping post http://www.haodf.com/wenda/doctorxu_g_4598371325.htm
   2016-09-29 18:07:51
   Now scraping post http://www.haodf.com/wenda/doctorxu_g_4592758297.htm
   2016-09-29 18:07:51
   Now scraping post http://www.haodf.com/wenda/doctorxu_g_4592754500.htm
   2016-09-29 18:07:52
   Now scraping post http://www.haodf.com/wenda/doctorxu_g_4587666416.htm
   2016-09-29 18:07:53
   Now scraping post http://www.haodf.com/wenda/doctorxu_g_4578131198.htm
   2016-09-29 18:07:54
   Now scraping post http://www.haodf.com/wenda/doctorxu_g_4572212763.htm
   2016-09-29 18:07:55
   Now scraping post http://www.haodf.com/wenda/doctorxu_g_4585382525.htm
   2016-09-29 18:07:56
   Now scraping post http://www.haodf.com/wenda/doctorxu_g_4582723956.htm
   2016-09-29 18:07:56
   Now scraping post http://www.haodf.com/wenda/doctorxu_g_4571947419.htm
   2016-09-29 18:07:57
   Now scraping post http://www.haodf.com/wenda/doctorxu_g_4582623796.htm
   2016-09-29 18:07:59
   Now scraping post http://www.haodf.com/wenda/doctorxu_g_4590460246.htm
   2016-09-29 18:08:00
   Now scraping post http://www.haodf.com/wenda/doctorxu_g_4570265722.htm
   2016-09-29 18:08:01
   Now scraping post http://www.haodf.com/wenda/doctorxu_g_4569788046.htm
   2016-09-29 18:08:01
   Now scraping post http://www.haodf.com/wenda/doctorxu_g_1000739443.htm
   2016-09-29 18:08:03
   Now scraping post http://www.haodf.com/wenda/doctorxu_g_4557666642.htm
   2016-09-29 18:08:03
   Now scraping post http://www.haodf.com/wenda/doctorxu_g_4553554440.htm
   2016-09-29 18:08:04
   Now scraping post http://www.haodf.com/wenda/doctorxu_g_4553545452.htm
  2016-09-29 18:08:05
  Now scraping page 2
   2016-09-29 18:08:06
   Now scraping post http://www.haodf.com/wenda/doctorxu_g_4553541535.htm
   2016-09-29 18:08:07
   Now scraping post http://www.haodf.com/wenda/doctorxu_g_4548983471.htm
   2016-09-29 18:08:08
   Now scraping post http://www.haodf.com/wenda/doctorxu_g_4549320084.htm
   2016-09-29 18:08:09
   Now scraping post http://www.haodf.com/wenda/doctorxu_g_4539035693.htm
   2016-09-29 18:08:10
   Now scraping post http://www.haodf.com/wenda/doctorxu_g_4518964713.htm
   2016-09-29 18:08:11
   Now scraping post http://www.haodf.com/wenda/doctorxu_g_4537508139.htm
   2016-09-29 18:08:12
   Now scraping post http://www.haodf.com/wenda/doctorxu_g_4519059034.htm
   2016-09-29 18:08:13
   Now scraping post http://www.haodf.com/wenda/doctorxu_g_4525801927.htm
   2016-09-29 18:08:15
   Now scraping post http://www.haodf.com/wenda/doctorxu_g_4523824350.htm
   2016-09-29 18:08:16
   Now scraping post http://www.haodf.com/wenda/doctorxu_g_4525065312.htm
   2016-09-29 18:08:17
   Now scraping post http://www.haodf.com/wenda/doctorxu_g_4520733831.htm
   2016-09-29 18:08:18
   Now scraping post http://www.haodf.com/wenda/doctorxu_g_4511821739.htm
   2016-09-29 18:08:19
   Now scraping post http://www.haodf.com/wenda/doctorxu_g_3404378201.htm
   2016-09-29 18:08:20
   Now scraping post http://www.haodf.com/wenda/doctorxu_g_4351319806.htm
   2016-09-29 18:08:22
   Now scraping post http://www.haodf.com/wenda/doctorxu_g_3810292696.htm
   2016-09-29 18:08:23
   Now scraping post http://www.haodf.com/wenda/doctorxu_g_3693523762.htm
   2016-09-29 18:08:24
   Now scraping post http://www.haodf.com/wenda/doctorxu_g_3735464123.htm
   2016-09-29 18:08:26
   Now scraping post http://www.haodf.com/wenda/doctorxu_g_3697087694.htm
   2016-09-29 18:08:27
   Now scraping post http://www.haodf.com/wenda/doctorxu_g_3623468070.htm
   2016-09-29 18:08:28
   Now scraping post http://www.haodf.com/wenda/doctorxu_g_3623478462.htm
   2016-09-29 18:08:29
   Now scraping post http://www.haodf.com/wenda/doctorxu_g_3562560108.htm
   2016-09-29 18:08:30
   Now scraping post http://www.haodf.com/wenda/doctorxu_g_3562527908.htm
   2016-09-29 18:08:31
   Now scraping post http://www.haodf.com/wenda/doctorxu_g_3426885070.htm
   2016-09-29 18:08:32
   Now scraping post http://www.haodf.com/wenda/doctorxu_g_3367831112.htm
   2016-09-29 18:08:33
   Now scraping post http://www.haodf.com/wenda/doctorxu_g_3378025931.htm
  2016-09-29 18:08:35
  Now scraping page 3
   2016-09-29 18:08:35
   Now scraping post http://www.haodf.com/wenda/doctorxu_g_3367782706.htm
   2016-09-29 18:08:37
   Now scraping post http://www.haodf.com/wenda/doctorxu_g_3367788164.htm
   2016-09-29 18:08:40
   Now scraping post http://www.haodf.com/wenda/doctorxu_g_651312442.htm
   2016-09-29 18:08:42
   Now scraping post http://www.haodf.com/wenda/doctorxu_g_2373541734.htm
   2016-09-29 18:08:43
   Now scraping post http://www.haodf.com/wenda/doctorxu_g_3341360258.htm
   2016-09-29 18:08:45
   Now scraping post http://www.haodf.com/wenda/doctorxu_g_3341343786.htm
   2016-09-29 18:08:46
   Now scraping post http://www.haodf.com/wenda/doctorxu_g_3326803356.htm
   2016-09-29 18:08:48
   Now scraping post http://www.haodf.com/wenda/doctorxu_g_3330727380.htm
   2016-09-29 18:08:50
   Now scraping post http://www.haodf.com/wenda/doctorxu_g_3320998992.htm
   2016-09-29 18:08:51
   Now scraping post http://www.haodf.com/wenda/doctorxu_g_3326811715.htm
   2016-09-29 18:08:52
   Now scraping post http://www.haodf.com/wenda/doctorxu_g_3310960265.htm
   2016-09-29 18:08:54
   Now scraping post http://www.haodf.com/wenda/doctorxu_g_3298648109.htm
   2016-09-29 18:08:55
   Now scraping post http://www.haodf.com/wenda/doctorxu_g_3167817044.htm
   2016-09-29 18:08:57
   Now scraping post http://www.haodf.com/wenda/doctorxu_g_3168334232.htm
   2016-09-29 18:08:58
   Now scraping post http://www.haodf.com/wenda/doctorxu_g_3168324209.htm
   2016-09-29 18:09:00
   Now scraping post http://www.haodf.com/wenda/doctorxu_g_3149360286.htm
   2016-09-29 18:09:01
   Now scraping post http://www.haodf.com/wenda/doctorxu_g_3110458398.htm
   2016-09-29 18:09:03
   Now scraping post http://www.haodf.com/wenda/doctorxu_g_3086577887.htm
   2016-09-29 18:09:04
   Now scraping post http://www.haodf.com/wenda/doctorxu_g_3078021633.htm
   2016-09-29 18:09:05
   Now scraping post http://www.haodf.com/wenda/doctorxu_g_2079264731.htm
   2016-09-29 18:09:07
   Now scraping post http://www.haodf.com/wenda/doctorxu_g_2825237605.htm
   2016-09-29 18:09:08
   Now scraping post http://www.haodf.com/wenda/doctorxu_g_2653276353.htm
   2016-09-29 18:09:10
   Now scraping post http://www.haodf.com/wenda/doctorxu_g_2615967445.htm
   2016-09-29 18:09:13
   Now scraping post http://www.haodf.com/wenda/doctorxu_g_2574953510.htm
   2016-09-29 18:09:14
   Now scraping post http://www.haodf.com/wenda/doctorxu_g_2455330450.htm
  2016-09-29 18:09:16
  Now scraping page 4
   2016-09-29 18:09:17
   Now scraping post http://www.haodf.com/wenda/doctorxu_g_2243783604.htm
   2016-09-29 18:09:18
   Now scraping post http://www.haodf.com/wenda/doctorxu_g_2079255324.htm
   2016-09-29 18:09:20
   Now scraping post http://www.haodf.com/wenda/doctorxu_g_1351031963.htm
   2016-09-29 18:09:21
   Now scraping post http://www.haodf.com/wenda/doctorxu_g_1274581163.htm
   2016-09-29 18:09:22
   Now scraping post http://www.haodf.com/wenda/doctorxu_g_1246639256.htm
   2016-09-29 18:09:23
   Now scraping post http://www.haodf.com/wenda/doctorxu_g_1145004532.htm
   2016-09-29 18:09:25
   Now scraping post http://www.haodf.com/wenda/doctorxu_g_1190722538.htm
   2016-09-29 18:09:27
   Now scraping post http://www.haodf.com/wenda/doctorxu_g_1203594020.htm
   2016-09-29 18:09:28
   Now scraping post http://www.haodf.com/wenda/doctorxu_g_1190733746.htm
   2016-09-29 18:09:29
   Now scraping post http://www.haodf.com/wenda/doctorxu_g_1179650072.htm
   2016-09-29 18:09:31
   Now scraping post http://www.haodf.com/wenda/doctorxu_g_783880992.htm
   2016-09-29 18:09:32
   Now scraping post http://www.haodf.com/wenda/doctorxu_g_1144258747.htm
   2016-09-29 18:09:34
   Now scraping post http://www.haodf.com/wenda/doctorxu_g_1144255375.htm
   2016-09-29 18:09:36
   Now scraping post http://www.haodf.com/wenda/doctorxu_g_1140795014.htm
   2016-09-29 18:09:37
   Now scraping post http://www.haodf.com/wenda/doctorxu_g_1122755363.htm
   2016-09-29 18:09:38
   Now scraping post http://www.haodf.com/wenda/doctorxu_g_952618634.htm
   2016-09-29 18:09:39
   Now scraping post http://www.haodf.com/wenda/doctorxu_g_1022848300.htm
   2016-09-29 18:09:40
   Now scraping post http://www.haodf.com/wenda/doctorxu_g_1109848941.htm
   2016-09-29 18:09:41
   Now scraping post http://www.haodf.com/wenda/doctorxu_g_1105469810.htm
   2016-09-29 18:09:43
   Now scraping post http://www.haodf.com/wenda/doctorxu_g_1091022142.htm
   2016-09-29 18:09:45
   Now scraping post http://www.haodf.com/wenda/doctorxu_g_1093667155.htm
   2016-09-29 18:09:48
   Now scraping post http://www.haodf.com/wenda/doctorxu_g_1093644832.htm
   2016-09-29 18:09:50
   Now scraping post http://www.haodf.com/wenda/doctorxu_g_1086617560.htm
   2016-09-29 18:09:52
   Now scraping post http://www.haodf.com/wenda/doctorxu_g_1069691797.htm
   2016-09-29 18:09:54
   Now scraping post http://www.haodf.com/wenda/doctorxu_g_1071896189.htm
  2016-09-29 18:09:55
  Now scraping page 5
   2016-09-29 18:09:57
   Now scraping post http://www.haodf.com/wenda/doctorxu_g_1060419115.htm
   2016-09-29 18:09:58
   Now scraping post http://www.haodf.com/wenda/doctorxu_g_1060408812.htm
   2016-09-29 18:10:00
   Now scraping post http://www.haodf.com/wenda/doctorxu_g_909682188.htm
   2016-09-29 18:10:02
   Now scraping post http://www.haodf.com/wenda/doctorxu_g_1060356778.htm
   2016-09-29 18:10:03
   Now scraping post http://www.haodf.com/wenda/doctorxu_g_1060331823.htm
   2016-09-29 18:10:04
   Now scraping post http://www.haodf.com/wenda/doctorxu_g_1056474587.htm
   2016-09-29 18:10:05
   Now scraping post http://www.haodf.com/wenda/doctorxu_g_1056472783.htm
   2016-09-29 18:10:06
   Now scraping post http://www.haodf.com/wenda/doctorxu_g_1058682461.htm
   2016-09-29 18:10:07
   Now scraping post http://www.haodf.com/wenda/doctorxu_g_1053419079.htm
   2016-09-29 18:10:08
   Now scraping post http://www.haodf.com/wenda/doctorxu_g_1053417958.htm
   2016-09-29 18:10:09
   Now scraping post http://www.haodf.com/wenda/doctorxu_g_1053412661.htm
   2016-09-29 18:10:11
   Now scraping post http://www.haodf.com/wenda/doctorxu_g_1046623423.htm
   2016-09-29 18:10:11
   Now scraping post http://www.haodf.com/wenda/doctorxu_g_1046609525.htm
   2016-09-29 18:10:13
   Now scraping post http://www.haodf.com/wenda/doctorxu_g_1043309312.htm
   2016-09-29 18:10:14
   Now scraping post http://www.haodf.com/wenda/doctorxu_g_1038863537.htm
   2016-09-29 18:10:16
   Now scraping post http://www.haodf.com/wenda/doctorxu_g_1042289450.htm
   2016-09-29 18:10:17
   Now scraping post http://www.haodf.com/wenda/doctorxu_g_1042272427.htm
   2016-09-29 18:10:19
   Now scraping post http://www.haodf.com/wenda/doctorxu_g_1038888321.htm
   2016-09-29 18:10:21
   Now scraping post http://www.haodf.com/wenda/doctorxu_g_1038883922.htm
   2016-09-29 18:10:22
   Now scraping post http://www.haodf.com/wenda/doctorxu_g_1030880788.htm
   2016-09-29 18:10:23
   Now scraping post http://www.haodf.com/wenda/doctorxu_g_1038875560.htm
   2016-09-29 18:10:24
   Now scraping post http://www.haodf.com/wenda/doctorxu_g_1038866198.htm
   2016-09-29 18:10:25
   Now scraping post http://www.haodf.com/wenda/doctorxu_g_1016386832.htm
   2016-09-29 18:10:27
   Now scraping post http://www.haodf.com/wenda/doctorxu_g_1016380491.htm
   2016-09-29 18:10:28
   Now scraping post http://www.haodf.com/wenda/doctorxu_g_1004137490.htm
  2016-09-29 18:10:30
  Now scraping page 6
   2016-09-29 18:10:30
   Now scraping post http://www.haodf.com/wenda/doctorxu_g_993186643.htm
   2016-09-29 18:10:32
   Now scraping post http://www.haodf.com/wenda/doctorxu_g_993180702.htm
   2016-09-29 18:10:33
   Now scraping post http://www.haodf.com/wenda/doctorxu_g_988075276.htm
   2016-09-29 18:10:34
   Now scraping post http://www.haodf.com/wenda/doctorxu_g_986360542.htm
   2016-09-29 18:10:35
   Now scraping post http://www.haodf.com/wenda/doctorxu_g_982198490.htm
   2016-09-29 18:10:36
   Now scraping post http://www.haodf.com/wenda/doctorxu_g_982192351.htm
   2016-09-29 18:10:38
   Now scraping post http://www.haodf.com/wenda/doctorxu_g_973305486.htm
   2016-09-29 18:10:39
   Now scraping post http://www.haodf.com/wenda/doctorxu_g_969882678.htm
   2016-09-29 18:10:40
   Now scraping post http://www.haodf.com/wenda/doctorxu_g_967998868.htm
   2016-09-29 18:10:41
   Now scraping post http://www.haodf.com/wenda/doctorxu_g_961108118.htm
   2016-09-29 18:10:42
   Now scraping post http://www.haodf.com/wenda/doctorxu_g_961096153.htm
   2016-09-29 18:10:43
   Now scraping post http://www.haodf.com/wenda/doctorxu_g_960401092.htm
   2016-09-29 18:10:44
   Now scraping post http://www.haodf.com/wenda/doctorxu_g_958973287.htm
   2016-09-29 18:10:46
   Now scraping post http://www.haodf.com/wenda/doctorxu_g_958968742.htm
   2016-09-29 18:10:47
   Now scraping post http://www.haodf.com/wenda/doctorxu_g_1028222884.htm
   2016-09-29 18:10:49
   Now scraping post http://www.haodf.com/wenda/doctorxu_g_1022851761.htm
   2016-09-29 18:10:50
   Now scraping post http://www.haodf.com/wenda/doctorxu_g_1017577048.htm
   2016-09-29 18:10:51
   Now scraping post http://www.haodf.com/wenda/doctorxu_g_1016370925.htm
   2016-09-29 18:10:52
   Now scraping post http://www.haodf.com/wenda/doctorxu_g_1016375024.htm
   2016-09-29 18:10:53
   Now scraping post http://www.haodf.com/wenda/doctorxu_g_1016378006.htm
   2016-09-29 18:10:54
   Now scraping post http://www.haodf.com/wenda/doctorxu_g_1016369838.htm
   2016-09-29 18:10:55
   Now scraping post http://www.haodf.com/wenda/doctorxu_g_1000739795.htm
   2016-09-29 18:10:56
   Now scraping post http://www.haodf.com/wenda/doctorxu_g_994811581.htm
   2016-09-29 18:10:58
   Now scraping post http://www.haodf.com/wenda/doctorxu_g_992303206.htm
   2016-09-29 18:10:59
   Now scraping post http://www.haodf.com/wenda/doctorxu_g_986371946.htm
  2016-09-29 18:11:00
  Now scraping page 7
   2016-09-29 18:11:01
   Now scraping post http://www.haodf.com/wenda/doctorxu_g_986371153.htm
   2016-09-29 18:11:02
   Now scraping post http://www.haodf.com/wenda/doctorxu_g_968037352.htm
   2016-09-29 18:11:04
   Now scraping post http://www.haodf.com/wenda/doctorxu_g_967993507.htm
   2016-09-29 18:11:05
   Now scraping post http://www.haodf.com/wenda/doctorxu_g_959000598.htm
   2016-09-29 18:11:07
   Now scraping post http://www.haodf.com/wenda/doctorxu_g_651312670.htm
   2016-09-29 18:11:08
   Now scraping post http://www.haodf.com/wenda/doctorxu_g_967730166.htm
   2016-09-29 18:11:10
   Now scraping post http://www.haodf.com/wenda/doctorxu_g_960400010.htm
   2016-09-29 18:11:11
   Now scraping post http://www.haodf.com/wenda/doctorxu_g_943177202.htm
   2016-09-29 18:11:12
   Now scraping post http://www.haodf.com/wenda/doctorxu_g_942952924.htm
   2016-09-29 18:11:12
   Now scraping post http://www.haodf.com/wenda/doctorxu_g_944209396.htm
   2016-09-29 18:11:14
   Now scraping post http://www.haodf.com/wenda/doctorxu_g_932502596.htm
   2016-09-29 18:11:14
   Now scraping post http://www.haodf.com/wenda/doctorxu_g_932468484.htm
   2016-09-29 18:11:15
   Now scraping post http://www.haodf.com/wenda/doctorxu_g_926448831.htm
   2016-09-29 18:11:17
   Now scraping post http://www.haodf.com/wenda/doctorxu_g_922428305.htm
   2016-09-29 18:11:19
   Now scraping post http://www.haodf.com/wenda/doctorxu_g_920703520.htm
   2016-09-29 18:11:20
   Now scraping post http://www.haodf.com/wenda/doctorxu_g_913203469.htm
   2016-09-29 18:11:20
   Now scraping post http://www.haodf.com/wenda/doctorxu_g_912426643.htm
   2016-09-29 18:11:21
   Now scraping post http://www.haodf.com/wenda/doctorxu_g_905647569.htm
   2016-09-29 18:11:23
   Now scraping post http://www.haodf.com/wenda/doctorxu_g_651312674.htm
   2016-09-29 18:11:24
   Now scraping post http://www.haodf.com/wenda/doctorxu_g_651312667.htm
   2016-09-29 18:11:26
   Now scraping post http://www.haodf.com/wenda/doctorxu_g_651312675.htm
   2016-09-29 18:11:28
   Now scraping post http://www.haodf.com/wenda/doctorxu_g_651312692.htm
   2016-09-29 18:11:28
   Now scraping post http://www.haodf.com/wenda/doctorxu_g_651312698.htm
   2016-09-29 18:11:30
   Now scraping post http://www.haodf.com/wenda/doctorxu_g_741527002.htm
   2016-09-29 18:11:31
   Now scraping post http://www.haodf.com/wenda/doctorxu_g_876530050.htm
  2016-09-29 18:11:32
  Now scraping page 8
   2016-09-29 18:11:32
   Now scraping post http://www.haodf.com/wenda/doctorxu_g_651312196.htm
   2016-09-29 18:11:33
   Now scraping post http://www.haodf.com/wenda/doctorxu_g_651312685.htm
   2016-09-29 18:11:35
   Now scraping post http://www.haodf.com/wenda/doctorxu_g_876548777.htm
   2016-09-29 18:11:36
   Now scraping post http://www.haodf.com/wenda/doctorxu_g_843502069.htm
   2016-09-29 18:11:37
   Now scraping post http://www.haodf.com/wenda/doctorxu_g_807878056.htm
   2016-09-29 18:11:39
   Now scraping post http://www.haodf.com/wenda/doctorxu_g_807889840.htm
   2016-09-29 18:11:39
   Now scraping post http://www.haodf.com/wenda/doctorxu_g_783883106.htm
   2016-09-29 18:11:41
   Now scraping post http://www.haodf.com/wenda/doctorxu_g_783875103.htm
   2016-09-29 18:11:42
   Now scraping post http://www.haodf.com/wenda/doctorxu_g_807893472.htm
   2016-09-29 18:11:43
   Now scraping post http://www.haodf.com/wenda/doctorxu_g_807887757.htm
   2016-09-29 18:11:45
   Now scraping post http://www.haodf.com/wenda/doctorxu_g_807886058.htm
   2016-09-29 18:11:46
   Now scraping post http://www.haodf.com/wenda/doctorxu_g_807883131.htm
   2016-09-29 18:11:48
   Now scraping post http://www.haodf.com/wenda/doctorxu_g_807881171.htm
   2016-09-29 18:11:49
   Now scraping post http://www.haodf.com/wenda/doctorxu_g_803302715.htm
   2016-09-29 18:11:50
   Now scraping post http://www.haodf.com/wenda/doctorxu_g_800984446.htm
   2016-09-29 18:11:51
   Now scraping post http://www.haodf.com/wenda/doctorxu_g_783887522.htm
   2016-09-29 18:11:53
   Now scraping post http://www.haodf.com/wenda/doctorxu_g_783876726.htm
   2016-09-29 18:11:54
   Now scraping post http://www.haodf.com/wenda/doctorxu_g_773271307.htm
   2016-09-29 18:11:54
   Now scraping post http://www.haodf.com/wenda/doctorxu_g_773260403.htm
   2016-09-29 18:11:58
   Now scraping post http://www.haodf.com/wenda/doctorxu_g_783907996.htm
   2016-09-29 18:12:02
   Now scraping post http://www.haodf.com/wenda/doctorxu_g_783889964.htm
   2016-09-29 18:12:04
   Now scraping post http://www.haodf.com/wenda/doctorxu_g_760478506.htm
   2016-09-29 18:12:05
   Now scraping post http://www.haodf.com/wenda/doctorxu_g_783904091.htm
   2016-09-29 18:12:06
   Now scraping post http://www.haodf.com/wenda/doctorxu_g_783903088.htm
   2016-09-29 18:12:07
   Now scraping post http://www.haodf.com/wenda/doctorxu_g_783902303.htm
  2016-09-29 18:12:08
  Now scraping page 9
   2016-09-29 18:12:09
   Now scraping post http://www.haodf.com/wenda/doctorxu_g_783884499.htm
   2016-09-29 18:12:10
   Now scraping post http://www.haodf.com/wenda/doctorxu_g_783899932.htm
   2016-09-29 18:12:12
   Now scraping post http://www.haodf.com/wenda/doctorxu_g_783897539.htm
   2016-09-29 18:12:13
   Now scraping post http://www.haodf.com/wenda/doctorxu_g_783896560.htm
   2016-09-29 18:12:13
   Now scraping post http://www.haodf.com/wenda/doctorxu_g_783893497.htm
   2016-09-29 18:12:15
   Now scraping post http://www.haodf.com/wenda/doctorxu_g_783885966.htm
   2016-09-29 18:12:16
   Now scraping post http://www.haodf.com/wenda/doctorxu_g_773270002.htm
   2016-09-29 18:12:17
   Now scraping post http://www.haodf.com/wenda/doctorxu_g_773265867.htm
   2016-09-29 18:12:19
   Now scraping post http://www.haodf.com/wenda/doctorxu_g_773264422.htm
   2016-09-29 18:12:20
   Now scraping post http://www.haodf.com/wenda/doctorxu_g_773259793.htm
   2016-09-29 18:12:22
   Now scraping post http://www.haodf.com/wenda/doctorxu_g_773258051.htm
   2016-09-29 18:12:23
   Now scraping post http://www.haodf.com/wenda/doctorxu_g_773255603.htm
   2016-09-29 18:12:24
   Now scraping post http://www.haodf.com/wenda/doctorxu_g_765817234.htm
   2016-09-29 18:12:25
   Now scraping post http://www.haodf.com/wenda/doctorxu_g_765810936.htm
   2016-09-29 18:12:26
   Now scraping post http://www.haodf.com/wenda/doctorxu_g_765808115.htm
   2016-09-29 18:12:26
   Now scraping post http://www.haodf.com/wenda/doctorxu_g_760480827.htm
   2016-09-29 18:12:28
   Now scraping post http://www.haodf.com/wenda/doctorxu_g_761805869.htm
   2016-09-29 18:12:29
   Now scraping post http://www.haodf.com/wenda/doctorxu_g_759458684.htm
   2016-09-29 18:12:30
   Now scraping post http://www.haodf.com/wenda/doctorxu_g_760475923.htm
   2016-09-29 18:12:32
   Now scraping post http://www.haodf.com/wenda/doctorxu_g_760473848.htm
   2016-09-29 18:12:33
   Now scraping post http://www.haodf.com/wenda/doctorxu_g_760470225.htm
   2016-09-29 18:12:35
   Now scraping post http://www.haodf.com/wenda/doctorxu_g_759456737.htm
   2016-09-29 18:12:35
   Now scraping post http://www.haodf.com/wenda/doctorxu_g_759452737.htm
   2016-09-29 18:12:38
   Now scraping post http://www.haodf.com/wenda/doctorxu_g_759457290.htm
   2016-09-29 18:12:39
   Now scraping post http://www.haodf.com/wenda/doctorxu_g_759445636.htm
  2016-09-29 18:12:41
  Now scraping page 10
   2016-09-29 18:12:42
   Now scraping post http://www.haodf.com/wenda/doctorxu_g_754707253.htm
   2016-09-29 18:12:43
   Now scraping post http://www.haodf.com/wenda/doctorxu_g_754705963.htm
   2016-09-29 18:12:44
   Now scraping post http://www.haodf.com/wenda/doctorxu_g_754520179.htm
   2016-09-29 18:12:45
   Now scraping post http://www.haodf.com/wenda/doctorxu_g_754517652.htm
   2016-09-29 18:12:47
   Now scraping post http://www.haodf.com/wenda/doctorxu_g_757530681.htm
   2016-09-29 18:12:48
   Now scraping post http://www.haodf.com/wenda/doctorxu_g_751671556.htm
   2016-09-29 18:12:49
   Now scraping post http://www.haodf.com/wenda/doctorxu_g_751666843.htm
   2016-09-29 18:12:50
   Now scraping post http://www.haodf.com/wenda/doctorxu_g_751662660.htm
   2016-09-29 18:12:51
   Now scraping post http://www.haodf.com/wenda/doctorxu_g_751628499.htm
   2016-09-29 18:12:52
   Now scraping post http://www.haodf.com/wenda/doctorxu_g_741531857.htm
   2016-09-29 18:12:54
   Now scraping post http://www.haodf.com/wenda/doctorxu_g_741530422.htm
   2016-09-29 18:12:55
   Now scraping post http://www.haodf.com/wenda/doctorxu_g_741522378.htm
   2016-09-29 18:12:56
   Now scraping post http://www.haodf.com/wenda/doctorxu_g_741520147.htm
   2016-09-29 18:12:57
   Now scraping post http://www.haodf.com/wenda/doctorxu_g_741517794.htm
   2016-09-29 18:12:58
   Now scraping post http://www.haodf.com/wenda/doctorxu_g_738785658.htm
   2016-09-29 18:13:00
   Now scraping post http://www.haodf.com/wenda/doctorxu_g_738782945.htm
   2016-09-29 18:13:00
   Now scraping post http://www.haodf.com/wenda/doctorxu_g_738781702.htm
   2016-09-29 18:13:01
   Now scraping post http://www.haodf.com/wenda/doctorxu_g_738775830.htm
   2016-09-29 18:13:02
   Now scraping post http://www.haodf.com/wenda/doctorxu_g_738771504.htm
   2016-09-29 18:13:04
   Now scraping post http://www.haodf.com/wenda/doctorxu_g_738764687.htm
   2016-09-29 18:13:05
   Now scraping post http://www.haodf.com/wenda/doctorxu_g_738656523.htm
   2016-09-29 18:13:07
   Now scraping post http://www.haodf.com/wenda/doctorxu_g_738647784.htm
   2016-09-29 18:13:08
   Now scraping post http://www.haodf.com/wenda/doctorxu_g_733735959.htm
   2016-09-29 18:13:09
   Now scraping post http://www.haodf.com/wenda/doctorxu_g_733730197.htm
   2016-09-29 18:13:10
   Now scraping post http://www.haodf.com/wenda/doctorxu_g_733715641.htm
  2016-09-29 18:13:11
  Now scraping page 11
   2016-09-29 18:13:12
   Now scraping post http://www.haodf.com/wenda/doctorxu_g_733689323.htm
   2016-09-29 18:13:13
   Now scraping post http://www.haodf.com/wenda/doctorxu_g_651312695.htm
   2016-09-29 18:13:15
   Now scraping post http://www.haodf.com/wenda/doctorxu_g_651312697.htm
   2016-09-29 18:13:16
   Now scraping post http://www.haodf.com/wenda/doctorxu_g_651312694.htm
   2016-09-29 18:13:19
   Now scraping post http://www.haodf.com/wenda/doctorxu_g_651312693.htm
   2016-09-29 18:13:20
   Now scraping post http://www.haodf.com/wenda/doctorxu_g_651312696.htm
   2016-09-29 18:13:21
   Now scraping post http://www.haodf.com/wenda/doctorxu_g_651312691.htm
   2016-09-29 18:13:23
   Now scraping post http://www.haodf.com/wenda/doctorxu_g_651312690.htm
   2016-09-29 18:13:24
   Now scraping post http://www.haodf.com/wenda/doctorxu_g_651312689.htm
   2016-09-29 18:13:25
   Now scraping post http://www.haodf.com/wenda/doctorxu_g_651312688.htm
   2016-09-29 18:13:27
   Now scraping post http://www.haodf.com/wenda/doctorxu_g_651312714.htm
   2016-09-29 18:13:28
   Now scraping post http://www.haodf.com/wenda/doctorxu_g_651312687.htm
   2016-09-29 18:13:29
   Now scraping post http://www.haodf.com/wenda/doctorxu_g_651312684.htm
   2016-09-29 18:13:30
   Now scraping post http://www.haodf.com/wenda/doctorxu_g_651312686.htm
   2016-09-29 18:13:31
   Now scraping post http://www.haodf.com/wenda/doctorxu_g_651312682.htm
   2016-09-29 18:13:33
   Now scraping post http://www.haodf.com/wenda/doctorxu_g_651312683.htm
   2016-09-29 18:13:33
   Now scraping post http://www.haodf.com/wenda/doctorxu_g_651312713.htm
   2016-09-29 18:13:35
   Now scraping post http://www.haodf.com/wenda/doctorxu_g_651312679.htm
   2016-09-29 18:13:36
   Now scraping post http://www.haodf.com/wenda/doctorxu_g_651312680.htm
   2016-09-29 18:13:37
   Now scraping post http://www.haodf.com/wenda/doctorxu_g_651312678.htm
   2016-09-29 18:13:39
   Now scraping post http://www.haodf.com/wenda/doctorxu_g_651312681.htm
   2016-09-29 18:13:39
   Now scraping post http://www.haodf.com/wenda/doctorxu_g_651312676.htm
   2016-09-29 18:13:40
   Now scraping post http://www.haodf.com/wenda/doctorxu_g_651312677.htm
   2016-09-29 18:13:41
   Now scraping post http://www.haodf.com/wenda/doctorxu_g_651312671.htm
   2016-09-29 18:13:42
   Now scraping post http://www.haodf.com/wenda/doctorxu_g_651312665.htm
  2016-09-29 18:13:43
  Now scraping page 12
   2016-09-29 18:13:44
   Now scraping post http://www.haodf.com/wenda/doctorxu_g_651312672.htm
   2016-09-29 18:13:46
   Now scraping post http://www.haodf.com/wenda/doctorxu_g_651312673.htm
   2016-09-29 18:13:47
   Now scraping post http://www.haodf.com/wenda/doctorxu_g_651312663.htm
   2016-09-29 18:13:49
   Now scraping post http://www.haodf.com/wenda/doctorxu_g_651312666.htm
   2016-09-29 18:13:50
   Now scraping post http://www.haodf.com/wenda/doctorxu_g_651312668.htm
   2016-09-29 18:13:51
   Now scraping post http://www.haodf.com/wenda/doctorxu_g_651312669.htm
   2016-09-29 18:13:53
   Now scraping post http://www.haodf.com/wenda/doctorxu_g_651312664.htm
   2016-09-29 18:13:54
   Now scraping post http://www.haodf.com/wenda/doctorxu_g_651312645.htm
   2016-09-29 18:13:56
   Now scraping post http://www.haodf.com/wenda/doctorxu_g_651312659.htm
   2016-09-29 18:13:58
   Now scraping post http://www.haodf.com/wenda/doctorxu_g_651312580.htm
   2016-09-29 18:13:59
   Now scraping post http://www.haodf.com/wenda/doctorxu_g_651312660.htm
   2016-09-29 18:14:00
   Now scraping post http://www.haodf.com/wenda/doctorxu_g_651312656.htm
   2016-09-29 18:14:01
   Now scraping post http://www.haodf.com/wenda/doctorxu_g_651312655.htm
   2016-09-29 18:14:03
   Now scraping post http://www.haodf.com/wenda/doctorxu_g_651312662.htm
   2016-09-29 18:14:05
   Now scraping post http://www.haodf.com/wenda/doctorxu_g_651312658.htm
   2016-09-29 18:14:07
   Now scraping post http://www.haodf.com/wenda/doctorxu_g_651312657.htm
   2016-09-29 18:14:08
   Now scraping post http://www.haodf.com/wenda/doctorxu_g_651312661.htm
   2016-09-29 18:14:09
   Now scraping post http://www.haodf.com/wenda/doctorxu_g_651312654.htm
   2016-09-29 18:14:11
   Now scraping post http://www.haodf.com/wenda/doctorxu_g_651312647.htm
   2016-09-29 18:14:12
   Now scraping post http://www.haodf.com/wenda/doctorxu_g_651312648.htm
   2016-09-29 18:14:13
   Now scraping post http://www.haodf.com/wenda/doctorxu_g_651312653.htm
   2016-09-29 18:14:14
   Now scraping post http://www.haodf.com/wenda/doctorxu_g_651312651.htm
   2016-09-29 18:14:16
   Now scraping post http://www.haodf.com/wenda/doctorxu_g_651312652.htm
   2016-09-29 18:14:17
   Now scraping post http://www.haodf.com/wenda/doctorxu_g_651312649.htm
   2016-09-29 18:14:18
   Now scraping post http://www.haodf.com/wenda/doctorxu_g_651312650.htm
  2016-09-29 18:14:19
  Now scraping page 13
   2016-09-29 18:14:20
   Now scraping post http://www.haodf.com/wenda/doctorxu_g_651312646.htm
   2016-09-29 18:14:21
   Now scraping post http://www.haodf.com/wenda/doctorxu_g_651312637.htm
   2016-09-29 18:14:23
   Now scraping post http://www.haodf.com/wenda/doctorxu_g_651312643.htm
   2016-09-29 18:14:25
   Now scraping post http://www.haodf.com/wenda/doctorxu_g_651312644.htm
   2016-09-29 18:14:26
   Now scraping post http://www.haodf.com/wenda/doctorxu_g_651312625.htm
   2016-09-29 18:14:28
   Now scraping post http://www.haodf.com/wenda/doctorxu_g_651312642.htm
   2016-09-29 18:14:29
   Now scraping post http://www.haodf.com/wenda/doctorxu_g_651312641.htm
   2016-09-29 18:14:30
   Now scraping post http://www.haodf.com/wenda/doctorxu_g_651312638.htm
   2016-09-29 18:14:32
   Now scraping post http://www.haodf.com/wenda/doctorxu_g_651312639.htm
   2016-09-29 18:14:33
   Now scraping post http://www.haodf.com/wenda/doctorxu_g_651312640.htm
   2016-09-29 18:14:34
   Now scraping post http://www.haodf.com/wenda/doctorxu_g_651312635.htm
   2016-09-29 18:14:35
   Now scraping post http://www.haodf.com/wenda/doctorxu_g_651312636.htm
   2016-09-29 18:14:37
   Now scraping post http://www.haodf.com/wenda/doctorxu_g_651312347.htm
   2016-09-29 18:14:38
   Now scraping post http://www.haodf.com/wenda/doctorxu_g_651312634.htm
   2016-09-29 18:14:39
   Now scraping post http://www.haodf.com/wenda/doctorxu_g_651312633.htm
   2016-09-29 18:14:40
   Now scraping post http://www.haodf.com/wenda/doctorxu_g_651312630.htm
   2016-09-29 18:14:41
   Now scraping post http://www.haodf.com/wenda/doctorxu_g_651312632.htm
   2016-09-29 18:14:43
   Now scraping post http://www.haodf.com/wenda/doctorxu_g_651312631.htm
   2016-09-29 18:14:44
   Now scraping post http://www.haodf.com/wenda/doctorxu_g_651312629.htm
   2016-09-29 18:14:45
   Now scraping post http://www.haodf.com/wenda/doctorxu_g_651312628.htm
   2016-09-29 18:14:46
   Now scraping post http://www.haodf.com/wenda/doctorxu_g_651312627.htm
   2016-09-29 18:14:48
   Now scraping post http://www.haodf.com/wenda/doctorxu_g_651312626.htm
   2016-09-29 18:14:50
   Now scraping post http://www.haodf.com/wenda/doctorxu_g_651312624.htm
   2016-09-29 18:14:50
   Now scraping post http://www.haodf.com/wenda/doctorxu_g_651312623.htm
   2016-09-29 18:14:51
   Now scraping post http://www.haodf.com/wenda/doctorxu_g_651312621.htm
  2016-09-29 18:14:52
  Now scraping page 14
   2016-09-29 18:14:53
   Now scraping post http://www.haodf.com/wenda/doctorxu_g_651312622.htm
   2016-09-29 18:14:54
   Now scraping post http://www.haodf.com/wenda/doctorxu_g_651312620.htm
   2016-09-29 18:14:55
   Now scraping post http://www.haodf.com/wenda/doctorxu_g_651312599.htm
   2016-09-29 18:14:56
   Now scraping post http://www.haodf.com/wenda/doctorxu_g_651312712.htm
   2016-09-29 18:14:57
   Now scraping post http://www.haodf.com/wenda/doctorxu_g_651312618.htm
   2016-09-29 18:14:58
   Now scraping post http://www.haodf.com/wenda/doctorxu_g_651312616.htm
   2016-09-29 18:14:59
   Now scraping post http://www.haodf.com/wenda/doctorxu_g_651312619.htm
   2016-09-29 18:15:00
   Now scraping post http://www.haodf.com/wenda/doctorxu_g_651312617.htm
   2016-09-29 18:15:01
   Now scraping post http://www.haodf.com/wenda/doctorxu_g_651312613.htm
   2016-09-29 18:15:03
   Now scraping post http://www.haodf.com/wenda/doctorxu_g_651312615.htm
   2016-09-29 18:15:05
   Now scraping post http://www.haodf.com/wenda/doctorxu_g_651312614.htm
   2016-09-29 18:15:06
   Now scraping post http://www.haodf.com/wenda/doctorxu_g_651312612.htm
   2016-09-29 18:15:07
   Now scraping post http://www.haodf.com/wenda/doctorxu_g_651312610.htm
   2016-09-29 18:15:10
   Now scraping post http://www.haodf.com/wenda/doctorxu_g_651312611.htm
   2016-09-29 18:15:11
   Now scraping post http://www.haodf.com/wenda/doctorxu_g_651312609.htm
   2016-09-29 18:15:12
   Now scraping post http://www.haodf.com/wenda/doctorxu_g_651312608.htm
   2016-09-29 18:15:14
   Now scraping post http://www.haodf.com/wenda/doctorxu_g_651312607.htm
   2016-09-29 18:15:16
   Now scraping post http://www.haodf.com/wenda/doctorxu_g_651312606.htm
   2016-09-29 18:15:17
   Now scraping post http://www.haodf.com/wenda/doctorxu_g_651312605.htm
   2016-09-29 18:15:18
   Now scraping post http://www.haodf.com/wenda/doctorxu_g_651312602.htm
   2016-09-29 18:15:19
   Now scraping post http://www.haodf.com/wenda/doctorxu_g_651312600.htm
   2016-09-29 18:15:21
   Now scraping post http://www.haodf.com/wenda/doctorxu_g_651312601.htm
   2016-09-29 18:15:22
   Now scraping post http://www.haodf.com/wenda/doctorxu_g_651312603.htm
   2016-09-29 18:15:24
   Now scraping post http://www.haodf.com/wenda/doctorxu_g_651312604.htm
   2016-09-29 18:15:25
   Now scraping post http://www.haodf.com/wenda/doctorxu_g_651312711.htm
  2016-09-29 18:15:26
  Now scraping page 15
   2016-09-29 18:15:26
   Now scraping post http://www.haodf.com/wenda/doctorxu_g_651312402.htm
   2016-09-29 18:15:27
   Now scraping post http://www.haodf.com/wenda/doctorxu_g_651312710.htm
   2016-09-29 18:15:28
   Now scraping post http://www.haodf.com/wenda/doctorxu_g_651312598.htm
   2016-09-29 18:15:30
   Now scraping post http://www.haodf.com/wenda/doctorxu_g_651312596.htm
   2016-09-29 18:15:31
   Now scraping post http://www.haodf.com/wenda/doctorxu_g_651312593.htm
   2016-09-29 18:15:32
   Now scraping post http://www.haodf.com/wenda/doctorxu_g_651312594.htm
   2016-09-29 18:15:34
   Now scraping post http://www.haodf.com/wenda/doctorxu_g_651312595.htm
   2016-09-29 18:15:35
   Now scraping post http://www.haodf.com/wenda/doctorxu_g_651312597.htm
   2016-09-29 18:15:36
   Now scraping post http://www.haodf.com/wenda/doctorxu_g_651312592.htm
   2016-09-29 18:15:38
   Now scraping post http://www.haodf.com/wenda/doctorxu_g_651312588.htm
   2016-09-29 18:15:39
   Now scraping post http://www.haodf.com/wenda/doctorxu_g_651312590.htm
   2016-09-29 18:15:40
   Now scraping post http://www.haodf.com/wenda/doctorxu_g_651312591.htm
   2016-09-29 18:15:42
   Now scraping post http://www.haodf.com/wenda/doctorxu_g_651312586.htm
   2016-09-29 18:15:44
   Now scraping post http://www.haodf.com/wenda/doctorxu_g_651312589.htm
   2016-09-29 18:15:45
   Now scraping post http://www.haodf.com/wenda/doctorxu_g_651312553.htm
   2016-09-29 18:15:47
   Now scraping post http://www.haodf.com/wenda/doctorxu_g_651312587.htm
   2016-09-29 18:15:49
   Now scraping post http://www.haodf.com/wenda/doctorxu_g_651312585.htm
   2016-09-29 18:15:51
   Now scraping post http://www.haodf.com/wenda/doctorxu_g_651312584.htm
   2016-09-29 18:15:52
   Now scraping post http://www.haodf.com/wenda/doctorxu_g_651312583.htm
   2016-09-29 18:15:53
   Now scraping post http://www.haodf.com/wenda/doctorxu_g_651312577.htm
   2016-09-29 18:15:54
   Now scraping post http://www.haodf.com/wenda/doctorxu_g_651312582.htm
   2016-09-29 18:15:55
   Now scraping post http://www.haodf.com/wenda/doctorxu_g_651312579.htm
   2016-09-29 18:15:56
   Now scraping post http://www.haodf.com/wenda/doctorxu_g_651312578.htm
   2016-09-29 18:15:57
   Now scraping post http://www.haodf.com/wenda/doctorxu_g_651312581.htm
   2016-09-29 18:15:58
   Now scraping post http://www.haodf.com/wenda/doctorxu_g_651312574.htm
  2016-09-29 18:16:00
  Now scraping page 16
   2016-09-29 18:16:00
   Now scraping post http://www.haodf.com/wenda/doctorxu_g_651312573.htm
   2016-09-29 18:16:01
   Now scraping post http://www.haodf.com/wenda/doctorxu_g_651312571.htm
   2016-09-29 18:16:02
   Now scraping post http://www.haodf.com/wenda/doctorxu_g_651312572.htm
   2016-09-29 18:16:04
   Now scraping post http://www.haodf.com/wenda/doctorxu_g_651312563.htm
   2016-09-29 18:16:05
   Now scraping post http://www.haodf.com/wenda/doctorxu_g_651312575.htm
   2016-09-29 18:16:06
   Now scraping post http://www.haodf.com/wenda/doctorxu_g_651312576.htm
   2016-09-29 18:16:08
   Now scraping post http://www.haodf.com/wenda/doctorxu_g_651312567.htm
   2016-09-29 18:16:09
   Now scraping post http://www.haodf.com/wenda/doctorxu_g_651312570.htm
   2016-09-29 18:16:10
   Now scraping post http://www.haodf.com/wenda/doctorxu_g_651312568.htm
   2016-09-29 18:16:12
   Now scraping post http://www.haodf.com/wenda/doctorxu_g_651312569.htm
   2016-09-29 18:16:13
   Now scraping post http://www.haodf.com/wenda/doctorxu_g_651312565.htm
   2016-09-29 18:16:14
   Now scraping post http://www.haodf.com/wenda/doctorxu_g_651312566.htm
   2016-09-29 18:16:16
   Now scraping post http://www.haodf.com/wenda/doctorxu_g_651312564.htm
   2016-09-29 18:16:17
   Now scraping post http://www.haodf.com/wenda/doctorxu_g_651312562.htm
   2016-09-29 18:16:17
   Now scraping post http://www.haodf.com/wenda/doctorxu_g_651312560.htm
   2016-09-29 18:16:18
   Now scraping post http://www.haodf.com/wenda/doctorxu_g_651312561.htm
   2016-09-29 18:16:20
   Now scraping post http://www.haodf.com/wenda/doctorxu_g_651312557.htm
   2016-09-29 18:16:21
   Now scraping post http://www.haodf.com/wenda/doctorxu_g_651312558.htm
   2016-09-29 18:16:22
   Now scraping post http://www.haodf.com/wenda/doctorxu_g_651312559.htm
   2016-09-29 18:16:23
   Now scraping post http://www.haodf.com/wenda/doctorxu_g_651312709.htm
   2016-09-29 18:16:24
   Now scraping post http://www.haodf.com/wenda/doctorxu_g_651312556.htm
   2016-09-29 18:16:26
   Now scraping post http://www.haodf.com/wenda/doctorxu_g_651312555.htm
   2016-09-29 18:16:28
   Now scraping post http://www.haodf.com/wenda/doctorxu_g_651312554.htm
   2016-09-29 18:16:29
   Now scraping post http://www.haodf.com/wenda/doctorxu_g_651312512.htm
   2016-09-29 18:16:31
   Now scraping post http://www.haodf.com/wenda/doctorxu_g_651312526.htm
  2016-09-29 18:16:32
  Now scraping page 17
   2016-09-29 18:16:33
   Now scraping post http://www.haodf.com/wenda/doctorxu_g_651312527.htm
   2016-09-29 18:16:34
   Now scraping post http://www.haodf.com/wenda/doctorxu_g_651312542.htm
   2016-09-29 18:16:36
   Now scraping post http://www.haodf.com/wenda/doctorxu_g_651312544.htm
   2016-09-29 18:16:36
   Now scraping post http://www.haodf.com/wenda/doctorxu_g_651312545.htm
   2016-09-29 18:16:38
   Now scraping post http://www.haodf.com/wenda/doctorxu_g_651312543.htm
   2016-09-29 18:16:39
   Now scraping post http://www.haodf.com/wenda/doctorxu_g_651312539.htm
   2016-09-29 18:16:40
   Now scraping post http://www.haodf.com/wenda/doctorxu_g_651312535.htm
   2016-09-29 18:16:41
   Now scraping post http://www.haodf.com/wenda/doctorxu_g_651312533.htm
   2016-09-29 18:16:42
   Now scraping post http://www.haodf.com/wenda/doctorxu_g_651312538.htm
   2016-09-29 18:16:43
   Now scraping post http://www.haodf.com/wenda/doctorxu_g_651312536.htm
   2016-09-29 18:16:46
   Now scraping post http://www.haodf.com/wenda/doctorxu_g_651312532.htm
   2016-09-29 18:16:48
   Now scraping post http://www.haodf.com/wenda/doctorxu_g_651312529.htm
   2016-09-29 18:16:49
   Now scraping post http://www.haodf.com/wenda/doctorxu_g_651312524.htm
   2016-09-29 18:16:50
   Now scraping post http://www.haodf.com/wenda/doctorxu_g_651312549.htm
   2016-09-29 18:16:51
   Now scraping post http://www.haodf.com/wenda/doctorxu_g_651312546.htm
   2016-09-29 18:16:53
   Now scraping post http://www.haodf.com/wenda/doctorxu_g_651312528.htm
   2016-09-29 18:16:54
   Now scraping post http://www.haodf.com/wenda/doctorxu_g_651312552.htm
   2016-09-29 18:16:55
   Now scraping post http://www.haodf.com/wenda/doctorxu_g_651312547.htm
   2016-09-29 18:16:56
   Now scraping post http://www.haodf.com/wenda/doctorxu_g_651312548.htm
   2016-09-29 18:16:58
   Now scraping post http://www.haodf.com/wenda/doctorxu_g_651312519.htm
   2016-09-29 18:16:59
   Now scraping post http://www.haodf.com/wenda/doctorxu_g_651312525.htm
   2016-09-29 18:17:01
   Now scraping post http://www.haodf.com/wenda/doctorxu_g_651312551.htm
   2016-09-29 18:17:02
   Now scraping post http://www.haodf.com/wenda/doctorxu_g_651312537.htm
   2016-09-29 18:17:04
   Now scraping post http://www.haodf.com/wenda/doctorxu_g_651312540.htm
   2016-09-29 18:17:05
   Now scraping post http://www.haodf.com/wenda/doctorxu_g_651312550.htm
  2016-09-29 18:17:06
  Now scraping page 18
   2016-09-29 18:17:06
   Now scraping post http://www.haodf.com/wenda/doctorxu_g_651312530.htm
   2016-09-29 18:17:08
   Now scraping post http://www.haodf.com/wenda/doctorxu_g_651312541.htm
   2016-09-29 18:17:10
   Now scraping post http://www.haodf.com/wenda/doctorxu_g_651312534.htm
   2016-09-29 18:17:11
   Now scraping post http://www.haodf.com/wenda/doctorxu_g_651312522.htm
   2016-09-29 18:17:12
   Now scraping post http://www.haodf.com/wenda/doctorxu_g_651312531.htm
   2016-09-29 18:17:14
   Now scraping post http://www.haodf.com/wenda/doctorxu_g_651312523.htm
   2016-09-29 18:17:15
   Now scraping post http://www.haodf.com/wenda/doctorxu_g_651312513.htm
   2016-09-29 18:17:16
   Now scraping post http://www.haodf.com/wenda/doctorxu_g_651312520.htm
   2016-09-29 18:17:18
   Now scraping post http://www.haodf.com/wenda/doctorxu_g_651312509.htm
   2016-09-29 18:17:19
   Now scraping post http://www.haodf.com/wenda/doctorxu_g_651312518.htm
   2016-09-29 18:17:21
   Now scraping post http://www.haodf.com/wenda/doctorxu_g_651312511.htm
   2016-09-29 18:17:23
   Now scraping post http://www.haodf.com/wenda/doctorxu_g_651312510.htm
   2016-09-29 18:17:25
   Now scraping post http://www.haodf.com/wenda/doctorxu_g_651312517.htm
   2016-09-29 18:17:26
   Now scraping post http://www.haodf.com/wenda/doctorxu_g_651312521.htm
   2016-09-29 18:17:28
   Now scraping post http://www.haodf.com/wenda/doctorxu_g_651312516.htm
   2016-09-29 18:17:30
   Now scraping post http://www.haodf.com/wenda/doctorxu_g_651312514.htm
   2016-09-29 18:17:31
   Now scraping post http://www.haodf.com/wenda/doctorxu_g_651312515.htm
   2016-09-29 18:17:32
   Now scraping post http://www.haodf.com/wenda/doctorxu_g_651312482.htm
   2016-09-29 18:17:34
   Now scraping post http://www.haodf.com/wenda/doctorxu_g_651312502.htm
   2016-09-29 18:17:35
   Now scraping post http://www.haodf.com/wenda/doctorxu_g_651312508.htm
   2016-09-29 18:17:37
   Now scraping post http://www.haodf.com/wenda/doctorxu_g_651312484.htm
   2016-09-29 18:17:38
   Now scraping post http://www.haodf.com/wenda/doctorxu_g_651312504.htm
   2016-09-29 18:17:39
   Now scraping post http://www.haodf.com/wenda/doctorxu_g_651312503.htm
   2016-09-29 18:17:41
   Now scraping post http://www.haodf.com/wenda/doctorxu_g_651312500.htm
   2016-09-29 18:17:42
   Now scraping post http://www.haodf.com/wenda/doctorxu_g_651312498.htm
  2016-09-29 18:17:43
  Now scraping page 19
   2016-09-29 18:17:43
   Now scraping post http://www.haodf.com/wenda/doctorxu_g_651312495.htm
   2016-09-29 18:17:45
   Now scraping post http://www.haodf.com/wenda/doctorxu_g_651312491.htm
   2016-09-29 18:17:46
   Now scraping post http://www.haodf.com/wenda/doctorxu_g_651312489.htm
   2016-09-29 18:17:47
   Now scraping post http://www.haodf.com/wenda/doctorxu_g_651312487.htm
   2016-09-29 18:17:48
   Now scraping post http://www.haodf.com/wenda/doctorxu_g_651312486.htm
   2016-09-29 18:17:51
   Now scraping post http://www.haodf.com/wenda/doctorxu_g_651312494.htm
   2016-09-29 18:17:52
   Now scraping post http://www.haodf.com/wenda/doctorxu_g_651312492.htm
   2016-09-29 18:17:53
   Now scraping post http://www.haodf.com/wenda/doctorxu_g_651312506.htm
   2016-09-29 18:17:54
   Now scraping post http://www.haodf.com/wenda/doctorxu_g_651312496.htm
   2016-09-29 18:17:55
   Now scraping post http://www.haodf.com/wenda/doctorxu_g_651312499.htm
   2016-09-29 18:17:56
   Now scraping post http://www.haodf.com/wenda/doctorxu_g_651312493.htm
   2016-09-29 18:17:58
   Now scraping post http://www.haodf.com/wenda/doctorxu_g_651312490.htm
   2016-09-29 18:17:59
   Now scraping post http://www.haodf.com/wenda/doctorxu_g_651312481.htm
   2016-09-29 18:17:59
   Now scraping post http://www.haodf.com/wenda/doctorxu_g_651312478.htm
   2016-09-29 18:18:01
   Now scraping post http://www.haodf.com/wenda/doctorxu_g_651312483.htm
   2016-09-29 18:18:03
   Now scraping post http://www.haodf.com/wenda/doctorxu_g_651312505.htm
   2016-09-29 18:18:04
   Now scraping post http://www.haodf.com/wenda/doctorxu_g_651312501.htm
   2016-09-29 18:18:05
   Now scraping post http://www.haodf.com/wenda/doctorxu_g_651312497.htm
   2016-09-29 18:18:07
   Now scraping post http://www.haodf.com/wenda/doctorxu_g_651312485.htm
   2016-09-29 18:18:09
   Now scraping post http://www.haodf.com/wenda/doctorxu_g_651312507.htm
   2016-09-29 18:18:10
   Now scraping post http://www.haodf.com/wenda/doctorxu_g_651312261.htm
   2016-09-29 18:18:11
   Now scraping post http://www.haodf.com/wenda/doctorxu_g_651312480.htm
   2016-09-29 18:18:13
   Now scraping post http://www.haodf.com/wenda/doctorxu_g_651312488.htm
   2016-09-29 18:18:14
   Now scraping post http://www.haodf.com/wenda/doctorxu_g_651312456.htm
   2016-09-29 18:18:15
   Now scraping post http://www.haodf.com/wenda/doctorxu_g_651312476.htm
  2016-09-29 18:18:17
  Now scraping page 20
   2016-09-29 18:18:17
   Now scraping post http://www.haodf.com/wenda/doctorxu_g_651312479.htm
   2016-09-29 18:18:20
   Now scraping post http://www.haodf.com/wenda/doctorxu_g_651312477.htm
   2016-09-29 18:18:21
   Now scraping post http://www.haodf.com/wenda/doctorxu_g_651312322.htm
   2016-09-29 18:18:23
   Now scraping post http://www.haodf.com/wenda/doctorxu_g_651312462.htm
   2016-09-29 18:18:24
   Now scraping post http://www.haodf.com/wenda/doctorxu_g_651312468.htm
   2016-09-29 18:18:25
   Now scraping post http://www.haodf.com/wenda/doctorxu_g_651312467.htm
   2016-09-29 18:18:26
   Now scraping post http://www.haodf.com/wenda/doctorxu_g_651312460.htm
   2016-09-29 18:18:27
   Now scraping post http://www.haodf.com/wenda/doctorxu_g_651312472.htm
   2016-09-29 18:18:29
   Now scraping post http://www.haodf.com/wenda/doctorxu_g_651312475.htm
   2016-09-29 18:18:30
   Now scraping post http://www.haodf.com/wenda/doctorxu_g_651312471.htm
   2016-09-29 18:18:32
   Now scraping post http://www.haodf.com/wenda/doctorxu_g_651312470.htm
   2016-09-29 18:18:33
   Now scraping post http://www.haodf.com/wenda/doctorxu_g_651312469.htm
   2016-09-29 18:18:34
   Now scraping post http://www.haodf.com/wenda/doctorxu_g_651312461.htm
   2016-09-29 18:18:35
   Now scraping post http://www.haodf.com/wenda/doctorxu_g_651312459.htm
   2016-09-29 18:18:36
   Now scraping post http://www.haodf.com/wenda/doctorxu_g_651312466.htm
   2016-09-29 18:18:37
   Now scraping post http://www.haodf.com/wenda/doctorxu_g_651312465.htm
   2016-09-29 18:18:39
   Now scraping post http://www.haodf.com/wenda/doctorxu_g_651312464.htm
   2016-09-29 18:18:41
   Now scraping post http://www.haodf.com/wenda/doctorxu_g_651312474.htm
   2016-09-29 18:18:42
   Now scraping post http://www.haodf.com/wenda/doctorxu_g_651312463.htm
   2016-09-29 18:18:43
   Now scraping post http://www.haodf.com/wenda/doctorxu_g_651312473.htm
   2016-09-29 18:18:44
   Now scraping post http://www.haodf.com/wenda/doctorxu_g_651312454.htm
   2016-09-29 18:18:47
   Now scraping post http://www.haodf.com/wenda/doctorxu_g_651312458.htm
   2016-09-29 18:18:49
   Now scraping post http://www.haodf.com/wenda/doctorxu_g_651312457.htm
   2016-09-29 18:18:50
   Now scraping post http://www.haodf.com/wenda/doctorxu_g_651312455.htm
   2016-09-29 18:18:51
   Now scraping post http://www.haodf.com/wenda/doctorxu_g_651312449.htm
  2016-09-29 18:18:52
  Now scraping page 21
   2016-09-29 18:18:53
   Now scraping post http://www.haodf.com/wenda/doctorxu_g_651312453.htm
   2016-09-29 18:18:55
   Now scraping post http://www.haodf.com/wenda/doctorxu_g_651312452.htm
   2016-09-29 18:18:56
   Now scraping post http://www.haodf.com/wenda/doctorxu_g_651312451.htm
   2016-09-29 18:18:58
   Now scraping post http://www.haodf.com/wenda/doctorxu_g_651312450.htm
   2016-09-29 18:18:59
   Now scraping post http://www.haodf.com/wenda/doctorxu_g_651312448.htm
   2016-09-29 18:19:00
   Now scraping post http://www.haodf.com/wenda/doctorxu_g_651312446.htm
   2016-09-29 18:19:01
   Now scraping post http://www.haodf.com/wenda/doctorxu_g_651312445.htm
   2016-09-29 18:19:03
   Now scraping post http://www.haodf.com/wenda/doctorxu_g_651312447.htm
   2016-09-29 18:19:04
   Now scraping post http://www.haodf.com/wenda/doctorxu_g_651312444.htm
   2016-09-29 18:19:05
   Now scraping post http://www.haodf.com/wenda/doctorxu_g_651312440.htm
   2016-09-29 18:19:06
   Now scraping post http://www.haodf.com/wenda/doctorxu_g_651312397.htm
   2016-09-29 18:19:08
   Now scraping post http://www.haodf.com/wenda/doctorxu_g_651312277.htm
   2016-09-29 18:19:10
   Now scraping post http://www.haodf.com/wenda/doctorxu_g_651312443.htm
   2016-09-29 18:19:12
   Now scraping post http://www.haodf.com/wenda/doctorxu_g_651312441.htm
   2016-09-29 18:19:13
   Now scraping post http://www.haodf.com/wenda/doctorxu_g_651312708.htm
   2016-09-29 18:19:15
   Now scraping post http://www.haodf.com/wenda/doctorxu_g_651312437.htm
   2016-09-29 18:19:16
   Now scraping post http://www.haodf.com/wenda/doctorxu_g_651312439.htm
   2016-09-29 18:19:18
   Now scraping post http://www.haodf.com/wenda/doctorxu_g_651312436.htm
   2016-09-29 18:19:19
   Now scraping post http://www.haodf.com/wenda/doctorxu_g_651312438.htm
   2016-09-29 18:19:21
   Now scraping post http://www.haodf.com/wenda/doctorxu_g_651312435.htm
   2016-09-29 18:19:23
   Now scraping post http://www.haodf.com/wenda/doctorxu_g_651312433.htm
   2016-09-29 18:19:24
   Now scraping post http://www.haodf.com/wenda/doctorxu_g_651312428.htm
   2016-09-29 18:19:25
   Now scraping post http://www.haodf.com/wenda/doctorxu_g_651312430.htm
   2016-09-29 18:19:26
   Now scraping post http://www.haodf.com/wenda/doctorxu_g_651312386.htm
   2016-09-29 18:19:27
   Now scraping post http://www.haodf.com/wenda/doctorxu_g_651312434.htm
  2016-09-29 18:19:29
  Now scraping page 22
   2016-09-29 18:19:29
   Now scraping post http://www.haodf.com/wenda/doctorxu_g_651312424.htm
   2016-09-29 18:19:30
   Now scraping post http://www.haodf.com/wenda/doctorxu_g_651312422.htm
   2016-09-29 18:19:32
   Now scraping post http://www.haodf.com/wenda/doctorxu_g_651312427.htm
   2016-09-29 18:19:33
   Now scraping post http://www.haodf.com/wenda/doctorxu_g_651312426.htm
   2016-09-29 18:19:34
   Now scraping post http://www.haodf.com/wenda/doctorxu_g_651312425.htm
   2016-09-29 18:19:35
   Now scraping post http://www.haodf.com/wenda/doctorxu_g_651312432.htm
   2016-09-29 18:19:36
   Now scraping post http://www.haodf.com/wenda/doctorxu_g_651312431.htm
   2016-09-29 18:19:37
   Now scraping post http://www.haodf.com/wenda/doctorxu_g_651312429.htm
   2016-09-29 18:19:39
   Now scraping post http://www.haodf.com/wenda/doctorxu_g_651312419.htm
   2016-09-29 18:19:40
   Now scraping post http://www.haodf.com/wenda/doctorxu_g_651312421.htm
   2016-09-29 18:19:42
   Now scraping post http://www.haodf.com/wenda/doctorxu_g_651312420.htm
   2016-09-29 18:19:43
   Now scraping post http://www.haodf.com/wenda/doctorxu_g_651312418.htm
   2016-09-29 18:19:44
   Now scraping post http://www.haodf.com/wenda/doctorxu_g_651312423.htm
   2016-09-29 18:19:46
   Now scraping post http://www.haodf.com/wenda/doctorxu_g_651312417.htm
   2016-09-29 18:19:47
   Now scraping post http://www.haodf.com/wenda/doctorxu_g_651312416.htm
   2016-09-29 18:19:48
   Now scraping post http://www.haodf.com/wenda/doctorxu_g_651312414.htm
   2016-09-29 18:19:49
   Now scraping post http://www.haodf.com/wenda/doctorxu_g_651312415.htm
   2016-09-29 18:19:50
   Now scraping post http://www.haodf.com/wenda/doctorxu_g_651312412.htm
   2016-09-29 18:19:51
   Now scraping post http://www.haodf.com/wenda/doctorxu_g_651312409.htm
   2016-09-29 18:19:53
   Now scraping post http://www.haodf.com/wenda/doctorxu_g_651312413.htm
   2016-09-29 18:19:54
   Now scraping post http://www.haodf.com/wenda/doctorxu_g_651312411.htm
   2016-09-29 18:19:55
   Now scraping post http://www.haodf.com/wenda/doctorxu_g_651312410.htm
   2016-09-29 18:19:57
   Now scraping post http://www.haodf.com/wenda/doctorxu_g_651312408.htm
   2016-09-29 18:19:57
   Now scraping post http://www.haodf.com/wenda/doctorxu_g_651312407.htm
   2016-09-29 18:19:59
   Now scraping post http://www.haodf.com/wenda/doctorxu_g_651312406.htm
  2016-09-29 18:20:00
  Now scraping page 23
   2016-09-29 18:20:01
   Now scraping post http://www.haodf.com/wenda/doctorxu_g_651312404.htm
   2016-09-29 18:20:02
   Now scraping post http://www.haodf.com/wenda/doctorxu_g_651312405.htm
   2016-09-29 18:20:03
   Now scraping post http://www.haodf.com/wenda/doctorxu_g_651312401.htm
   2016-09-29 18:20:05
   Now scraping post http://www.haodf.com/wenda/doctorxu_g_651312400.htm
   2016-09-29 18:20:07
   Now scraping post http://www.haodf.com/wenda/doctorxu_g_651312403.htm
   2016-09-29 18:20:09
   Now scraping post http://www.haodf.com/wenda/doctorxu_g_651312383.htm
   2016-09-29 18:20:10
   Now scraping post http://www.haodf.com/wenda/doctorxu_g_651312398.htm
   2016-09-29 18:20:10
   Now scraping post http://www.haodf.com/wenda/doctorxu_g_651312390.htm
   2016-09-29 18:20:11
   Now scraping post http://www.haodf.com/wenda/doctorxu_g_651312399.htm
   2016-09-29 18:20:13
   Now scraping post http://www.haodf.com/wenda/doctorxu_g_651312396.htm
   2016-09-29 18:20:14
   Now scraping post http://www.haodf.com/wenda/doctorxu_g_651312395.htm
   2016-09-29 18:20:15
   Now scraping post http://www.haodf.com/wenda/doctorxu_g_651312391.htm
   2016-09-29 18:20:16
   Now scraping post http://www.haodf.com/wenda/doctorxu_g_651312389.htm
   2016-09-29 18:20:18
   Now scraping post http://www.haodf.com/wenda/doctorxu_g_651312392.htm
   2016-09-29 18:20:18
   Now scraping post http://www.haodf.com/wenda/doctorxu_g_651312387.htm
   2016-09-29 18:20:20
   Now scraping post http://www.haodf.com/wenda/doctorxu_g_651312384.htm
   2016-09-29 18:20:21
   Now scraping post http://www.haodf.com/wenda/doctorxu_g_651312388.htm
   2016-09-29 18:20:22
   Now scraping post http://www.haodf.com/wenda/doctorxu_g_651312382.htm
   2016-09-29 18:20:23
   Now scraping post http://www.haodf.com/wenda/doctorxu_g_651312385.htm
   2016-09-29 18:20:25
   Now scraping post http://www.haodf.com/wenda/doctorxu_g_651312381.htm
   2016-09-29 18:20:26
   Now scraping post http://www.haodf.com/wenda/doctorxu_g_651312380.htm
   2016-09-29 18:20:28
   Now scraping post http://www.haodf.com/wenda/doctorxu_g_651312379.htm
   2016-09-29 18:20:29
   Now scraping post http://www.haodf.com/wenda/doctorxu_g_651312372.htm
   2016-09-29 18:20:31
   Now scraping post http://www.haodf.com/wenda/doctorxu_g_651312377.htm
   2016-09-29 18:20:33
   Now scraping post http://www.haodf.com/wenda/doctorxu_g_651312371.htm
  2016-09-29 18:20:34
  Now scraping page 24
   2016-09-29 18:20:34
   Now scraping post http://www.haodf.com/wenda/doctorxu_g_651312378.htm
   2016-09-29 18:20:36
   Now scraping post http://www.haodf.com/wenda/doctorxu_g_651312370.htm
   2016-09-29 18:20:37
   Now scraping post http://www.haodf.com/wenda/doctorxu_g_651312375.htm
   2016-09-29 18:20:38
   Now scraping post http://www.haodf.com/wenda/doctorxu_g_651312376.htm
   2016-09-29 18:20:39
   Now scraping post http://www.haodf.com/wenda/doctorxu_g_651312374.htm
   2016-09-29 18:20:40
   Now scraping post http://www.haodf.com/wenda/doctorxu_g_651312373.htm
   2016-09-29 18:20:41
   Now scraping post http://www.haodf.com/wenda/doctorxu_g_651312369.htm
   2016-09-29 18:20:42
   Now scraping post http://www.haodf.com/wenda/doctorxu_g_651312707.htm
   2016-09-29 18:20:44
   Now scraping post http://www.haodf.com/wenda/doctorxu_g_651312365.htm
   2016-09-29 18:20:45
   Now scraping post http://www.haodf.com/wenda/doctorxu_g_651312368.htm
   2016-09-29 18:20:46
   Now scraping post http://www.haodf.com/wenda/doctorxu_g_651312364.htm
   2016-09-29 18:20:47
   Now scraping post http://www.haodf.com/wenda/doctorxu_g_651312367.htm
   2016-09-29 18:20:48
   Now scraping post http://www.haodf.com/wenda/doctorxu_g_651312706.htm
   2016-09-29 18:20:49
   Now scraping post http://www.haodf.com/wenda/doctorxu_g_651312366.htm
   2016-09-29 18:20:52
   Now scraping post http://www.haodf.com/wenda/doctorxu_g_651312357.htm
   2016-09-29 18:20:53
   Now scraping post http://www.haodf.com/wenda/doctorxu_g_651312360.htm
   2016-09-29 18:20:54
   Now scraping post http://www.haodf.com/wenda/doctorxu_g_651312358.htm
   2016-09-29 18:20:55
   Now scraping post http://www.haodf.com/wenda/doctorxu_g_651312363.htm
   2016-09-29 18:20:56
   Now scraping post http://www.haodf.com/wenda/doctorxu_g_651312359.htm
   2016-09-29 18:20:57
   Now scraping post http://www.haodf.com/wenda/doctorxu_g_651312361.htm
   2016-09-29 18:20:59
   Now scraping post http://www.haodf.com/wenda/doctorxu_g_651312362.htm
   2016-09-29 18:20:59
   Now scraping post http://www.haodf.com/wenda/doctorxu_g_651312355.htm
   2016-09-29 18:21:00
   Now scraping post http://www.haodf.com/wenda/doctorxu_g_651312356.htm
   2016-09-29 18:21:01
   Now scraping post http://www.haodf.com/wenda/doctorxu_g_651312348.htm
   2016-09-29 18:21:03
   Now scraping post http://www.haodf.com/wenda/doctorxu_g_651312353.htm
  2016-09-29 18:21:04
  Now scraping page 25
   2016-09-29 18:21:05
   Now scraping post http://www.haodf.com/wenda/doctorxu_g_651312354.htm
   2016-09-29 18:21:06
   Now scraping post http://www.haodf.com/wenda/doctorxu_g_651312352.htm
   2016-09-29 18:21:07
   Now scraping post http://www.haodf.com/wenda/doctorxu_g_651312349.htm
   2016-09-29 18:21:09
   Now scraping post http://www.haodf.com/wenda/doctorxu_g_651312351.htm
   2016-09-29 18:21:10
   Now scraping post http://www.haodf.com/wenda/doctorxu_g_651312350.htm
   2016-09-29 18:21:11
   Now scraping post http://www.haodf.com/wenda/doctorxu_g_651312343.htm
   2016-09-29 18:21:12
   Now scraping post http://www.haodf.com/wenda/doctorxu_g_651312342.htm
   2016-09-29 18:21:13
   Now scraping post http://www.haodf.com/wenda/doctorxu_g_651312346.htm
   2016-09-29 18:21:14
   Now scraping post http://www.haodf.com/wenda/doctorxu_g_651312344.htm
   2016-09-29 18:21:17
   Now scraping post http://www.haodf.com/wenda/doctorxu_g_651312345.htm
   2016-09-29 18:21:18
   Now scraping post http://www.haodf.com/wenda/doctorxu_g_651312340.htm
   2016-09-29 18:21:19
   Now scraping post http://www.haodf.com/wenda/doctorxu_g_651312337.htm
   2016-09-29 18:21:21
   Now scraping post http://www.haodf.com/wenda/doctorxu_g_651312341.htm
   2016-09-29 18:21:24
   Now scraping post http://www.haodf.com/wenda/doctorxu_g_651312335.htm
   2016-09-29 18:21:25
   Now scraping post http://www.haodf.com/wenda/doctorxu_g_651312323.htm
   2016-09-29 18:21:26
   Now scraping post http://www.haodf.com/wenda/doctorxu_g_651312338.htm
   2016-09-29 18:21:28
   Now scraping post http://www.haodf.com/wenda/doctorxu_g_651312327.htm
   2016-09-29 18:21:29
   Now scraping post http://www.haodf.com/wenda/doctorxu_g_651312334.htm
   2016-09-29 18:21:30
   Now scraping post http://www.haodf.com/wenda/doctorxu_g_651312336.htm
   2016-09-29 18:21:30
   Now scraping post http://www.haodf.com/wenda/doctorxu_g_651312339.htm
   2016-09-29 18:21:32
   Now scraping post http://www.haodf.com/wenda/doctorxu_g_651312325.htm
   2016-09-29 18:21:33
   Now scraping post http://www.haodf.com/wenda/doctorxu_g_651312328.htm
   2016-09-29 18:21:34
   Now scraping post http://www.haodf.com/wenda/doctorxu_g_651312329.htm
   2016-09-29 18:21:35
   Now scraping post http://www.haodf.com/wenda/doctorxu_g_651312332.htm
   2016-09-29 18:21:37
   Now scraping post http://www.haodf.com/wenda/doctorxu_g_651312333.htm
  2016-09-29 18:21:38
  Now scraping page 26
   2016-09-29 18:21:39
   Now scraping post http://www.haodf.com/wenda/doctorxu_g_651312305.htm
   2016-09-29 18:21:40
   Now scraping post http://www.haodf.com/wenda/doctorxu_g_651312293.htm
   2016-09-29 18:21:41
   Now scraping post http://www.haodf.com/wenda/doctorxu_g_651312318.htm
   2016-09-29 18:21:43
   Now scraping post http://www.haodf.com/wenda/doctorxu_g_651312324.htm
   2016-09-29 18:21:44
   Now scraping post http://www.haodf.com/wenda/doctorxu_g_651312315.htm
   2016-09-29 18:21:45
   Now scraping post http://www.haodf.com/wenda/doctorxu_g_651312330.htm
   2016-09-29 18:21:46
   Now scraping post http://www.haodf.com/wenda/doctorxu_g_651312326.htm
   2016-09-29 18:21:47
   Now scraping post http://www.haodf.com/wenda/doctorxu_g_651312331.htm
   2016-09-29 18:21:49
   Now scraping post http://www.haodf.com/wenda/doctorxu_g_651312189.htm
   2016-09-29 18:21:50
   Now scraping post http://www.haodf.com/wenda/doctorxu_g_651312319.htm
   2016-09-29 18:21:51
   Now scraping post http://www.haodf.com/wenda/doctorxu_g_651312320.htm
   2016-09-29 18:21:53
   Now scraping post http://www.haodf.com/wenda/doctorxu_g_651312309.htm
   2016-09-29 18:21:54
   Now scraping post http://www.haodf.com/wenda/doctorxu_g_651312321.htm
   2016-09-29 18:21:55
   Now scraping post http://www.haodf.com/wenda/doctorxu_g_651312317.htm
   2016-09-29 18:21:56
   Now scraping post http://www.haodf.com/wenda/doctorxu_g_651312316.htm
   2016-09-29 18:21:57
   Now scraping post http://www.haodf.com/wenda/doctorxu_g_651312296.htm
   2016-09-29 18:21:59
   Now scraping post http://www.haodf.com/wenda/doctorxu_g_651312306.htm
   2016-09-29 18:22:00
   Now scraping post http://www.haodf.com/wenda/doctorxu_g_651312307.htm
   2016-09-29 18:22:01
   Now scraping post http://www.haodf.com/wenda/doctorxu_g_651312283.htm
   2016-09-29 18:22:03
   Now scraping post http://www.haodf.com/wenda/doctorxu_g_651312304.htm
   2016-09-29 18:22:04
   Now scraping post http://www.haodf.com/wenda/doctorxu_g_651312311.htm
   2016-09-29 18:22:05
   Now scraping post http://www.haodf.com/wenda/doctorxu_g_651312308.htm
   2016-09-29 18:22:06
   Now scraping post http://www.haodf.com/wenda/doctorxu_g_651312312.htm
   2016-09-29 18:22:07
   Now scraping post http://www.haodf.com/wenda/doctorxu_g_651312313.htm
   2016-09-29 18:22:09
   Now scraping post http://www.haodf.com/wenda/doctorxu_g_651312314.htm
  2016-09-29 18:22:10
  Now scraping page 27
   2016-09-29 18:22:10
   Now scraping post http://www.haodf.com/wenda/doctorxu_g_651312310.htm
   2016-09-29 18:22:12
   Now scraping post http://www.haodf.com/wenda/doctorxu_g_651312298.htm
   2016-09-29 18:22:13
   Now scraping post http://www.haodf.com/wenda/doctorxu_g_651312300.htm
   2016-09-29 18:22:14
   Now scraping post http://www.haodf.com/wenda/doctorxu_g_651312303.htm
   2016-09-29 18:22:15
   Now scraping post http://www.haodf.com/wenda/doctorxu_g_651312302.htm
   2016-09-29 18:22:17
   Now scraping post http://www.haodf.com/wenda/doctorxu_g_651312297.htm
   2016-09-29 18:22:18
   Now scraping post http://www.haodf.com/wenda/doctorxu_g_651312294.htm
   2016-09-29 18:22:20
   Now scraping post http://www.haodf.com/wenda/doctorxu_g_651312299.htm
   2016-09-29 18:22:21
   Now scraping post http://www.haodf.com/wenda/doctorxu_g_651312292.htm
   2016-09-29 18:22:22
   Now scraping post http://www.haodf.com/wenda/doctorxu_g_651312284.htm
   2016-09-29 18:22:23
   Now scraping post http://www.haodf.com/wenda/doctorxu_g_651312287.htm
   2016-09-29 18:22:24
   Now scraping post http://www.haodf.com/wenda/doctorxu_g_651312290.htm
   2016-09-29 18:22:26
   Now scraping post http://www.haodf.com/wenda/doctorxu_g_651312295.htm
   2016-09-29 18:22:27
   Now scraping post http://www.haodf.com/wenda/doctorxu_g_651312286.htm
   2016-09-29 18:22:29
   Now scraping post http://www.haodf.com/wenda/doctorxu_g_651312289.htm
   2016-09-29 18:22:30
   Now scraping post http://www.haodf.com/wenda/doctorxu_g_651312285.htm
   2016-09-29 18:22:31
   Now scraping post http://www.haodf.com/wenda/doctorxu_g_651312288.htm
   2016-09-29 18:22:33
   Now scraping post http://www.haodf.com/wenda/doctorxu_g_651312291.htm
   2016-09-29 18:22:34
   Now scraping post http://www.haodf.com/wenda/doctorxu_g_651312250.htm
   2016-09-29 18:22:36
   Now scraping post http://www.haodf.com/wenda/doctorxu_g_651312280.htm
   2016-09-29 18:22:37
   Now scraping post http://www.haodf.com/wenda/doctorxu_g_651312268.htm
   2016-09-29 18:22:38
   Now scraping post http://www.haodf.com/wenda/doctorxu_g_651312281.htm
   2016-09-29 18:22:39
   Now scraping post http://www.haodf.com/wenda/doctorxu_g_651312276.htm
   2016-09-29 18:22:40
   Now scraping post http://www.haodf.com/wenda/doctorxu_g_651312282.htm
   2016-09-29 18:22:42
   Now scraping post http://www.haodf.com/wenda/doctorxu_g_651312279.htm
2016-09-29 19:55:35
[33m!Warning:[0m Fail to open: http://www.haodf.com/wenda/doctorxu_g_651312279.htm
  2016-09-29 19:55:35
  Now scraping page 28
   2016-09-29 19:55:35
   Now scraping post http://www.haodf.com/wenda/doctorxu_g_651312275.htm
   2016-09-29 19:55:39
   Now scraping post http://www.haodf.com/wenda/doctorxu_g_651312271.htm
   2016-09-29 19:55:40
   Now scraping post http://www.haodf.com/wenda/doctorxu_g_651312272.htm
   2016-09-29 19:55:41
   Now scraping post http://www.haodf.com/wenda/doctorxu_g_651312273.htm
   2016-09-29 19:55:42
   Now scraping post http://www.haodf.com/wenda/doctorxu_g_651312274.htm
   2016-09-29 19:55:44
   Now scraping post http://www.haodf.com/wenda/doctorxu_g_651312278.htm
   2016-09-29 19:55:45
   Now scraping post http://www.haodf.com/wenda/doctorxu_g_651312270.htm
   2016-09-29 19:55:46
   Now scraping post http://www.haodf.com/wenda/doctorxu_g_651312267.htm
   2016-09-29 19:55:48
   Now scraping post http://www.haodf.com/wenda/doctorxu_g_651312257.htm
   2016-09-29 19:55:49
   Now scraping post http://www.haodf.com/wenda/doctorxu_g_651312269.htm
   2016-09-29 19:55:50
   Now scraping post http://www.haodf.com/wenda/doctorxu_g_651312265.htm
   2016-09-29 19:55:52
   Now scraping post http://www.haodf.com/wenda/doctorxu_g_651312263.htm
   2016-09-29 19:55:53
   Now scraping post http://www.haodf.com/wenda/doctorxu_g_651312266.htm
   2016-09-29 19:55:55
   Now scraping post http://www.haodf.com/wenda/doctorxu_g_651312262.htm
   2016-09-29 19:55:56
   Now scraping post http://www.haodf.com/wenda/doctorxu_g_651312260.htm
   2016-09-29 19:55:58
   Now scraping post http://www.haodf.com/wenda/doctorxu_g_651312255.htm
   2016-09-29 19:55:58
   Now scraping post http://www.haodf.com/wenda/doctorxu_g_651312259.htm
   2016-09-29 19:56:00
   Now scraping post http://www.haodf.com/wenda/doctorxu_g_651312258.htm
   2016-09-29 19:56:01
   Now scraping post http://www.haodf.com/wenda/doctorxu_g_651312188.htm
   2016-09-29 19:56:02
   Now scraping post http://www.haodf.com/wenda/doctorxu_g_651312256.htm
   2016-09-29 19:56:03
   Now scraping post http://www.haodf.com/wenda/doctorxu_g_651312253.htm
   2016-09-29 19:56:05
   Now scraping post http://www.haodf.com/wenda/doctorxu_g_651312252.htm
   2016-09-29 19:56:06
   Now scraping post http://www.haodf.com/wenda/doctorxu_g_651312251.htm
   2016-09-29 19:56:08
   Now scraping post http://www.haodf.com/wenda/doctorxu_g_651312254.htm
   2016-09-29 19:56:10
   Now scraping post http://www.haodf.com/wenda/doctorxu_g_651312243.htm
  2016-09-29 19:56:11
  Now scraping page 29
   2016-09-29 19:56:12
   Now scraping post http://www.haodf.com/wenda/doctorxu_g_651312249.htm
   2016-09-29 19:56:13
   Now scraping post http://www.haodf.com/wenda/doctorxu_g_651312239.htm
   2016-09-29 19:56:16
   Now scraping post http://www.haodf.com/wenda/doctorxu_g_651312247.htm
   2016-09-29 19:56:17
   Now scraping post http://www.haodf.com/wenda/doctorxu_g_651312248.htm
   2016-09-29 19:56:18
   Now scraping post http://www.haodf.com/wenda/doctorxu_g_651312224.htm
   2016-09-29 19:56:19
   Now scraping post http://www.haodf.com/wenda/doctorxu_g_651312246.htm
   2016-09-29 19:56:21
   Now scraping post http://www.haodf.com/wenda/doctorxu_g_651312232.htm
   2016-09-29 19:56:22
   Now scraping post http://www.haodf.com/wenda/doctorxu_g_651312235.htm
   2016-09-29 19:56:23
   Now scraping post http://www.haodf.com/wenda/doctorxu_g_651312238.htm
   2016-09-29 19:56:25
   Now scraping post http://www.haodf.com/wenda/doctorxu_g_651312245.htm
   2016-09-29 19:56:27
   Now scraping post http://www.haodf.com/wenda/doctorxu_g_651312237.htm
   2016-09-29 19:56:28
   Now scraping post http://www.haodf.com/wenda/doctorxu_g_651312240.htm
   2016-09-29 19:56:30
   Now scraping post http://www.haodf.com/wenda/doctorxu_g_651312242.htm
   2016-09-29 19:56:31
   Now scraping post http://www.haodf.com/wenda/doctorxu_g_651312244.htm
   2016-09-29 19:56:32
   Now scraping post http://www.haodf.com/wenda/doctorxu_g_651312234.htm
   2016-09-29 19:56:34
   Now scraping post http://www.haodf.com/wenda/doctorxu_g_651312192.htm
   2016-09-29 19:56:35
   Now scraping post http://www.haodf.com/wenda/doctorxu_g_651312236.htm
   2016-09-29 19:56:36
   Now scraping post http://www.haodf.com/wenda/doctorxu_g_651312233.htm
   2016-09-29 19:56:39
   Now scraping post http://www.haodf.com/wenda/doctorxu_g_651312225.htm
   2016-09-29 19:56:39
   Now scraping post http://www.haodf.com/wenda/doctorxu_g_651312231.htm
   2016-09-29 19:56:40
   Now scraping post http://www.haodf.com/wenda/doctorxu_g_651312222.htm
   2016-09-29 19:56:42
   Now scraping post http://www.haodf.com/wenda/doctorxu_g_651312229.htm
   2016-09-29 19:56:44
   Now scraping post http://www.haodf.com/wenda/doctorxu_g_651312230.htm
   2016-09-29 19:56:45
   Now scraping post http://www.haodf.com/wenda/doctorxu_g_651312228.htm
   2016-09-29 19:56:47
   Now scraping post http://www.haodf.com/wenda/doctorxu_g_651312226.htm
  2016-09-29 19:56:50
  Now scraping page 30
   2016-09-29 19:56:50
   Now scraping post http://www.haodf.com/wenda/doctorxu_g_651312227.htm
   2016-09-29 19:56:52
   Now scraping post http://www.haodf.com/wenda/doctorxu_g_651312223.htm
   2016-09-29 19:56:53
   Now scraping post http://www.haodf.com/wenda/doctorxu_g_651312220.htm
   2016-09-29 19:56:55
   Now scraping post http://www.haodf.com/wenda/doctorxu_g_651312221.htm
   2016-09-29 19:56:56
   Now scraping post http://www.haodf.com/wenda/doctorxu_g_651312213.htm
   2016-09-29 19:56:58
   Now scraping post http://www.haodf.com/wenda/doctorxu_g_651312214.htm
   2016-09-29 19:57:00
   Now scraping post http://www.haodf.com/wenda/doctorxu_g_651312211.htm
   2016-09-29 19:57:01
   Now scraping post http://www.haodf.com/wenda/doctorxu_g_651312218.htm
   2016-09-29 19:57:02
   Now scraping post http://www.haodf.com/wenda/doctorxu_g_651312219.htm
   2016-09-29 19:57:04
   Now scraping post http://www.haodf.com/wenda/doctorxu_g_651312210.htm
   2016-09-29 19:57:06
   Now scraping post http://www.haodf.com/wenda/doctorxu_g_651312212.htm
   2016-09-29 19:57:07
   Now scraping post http://www.haodf.com/wenda/doctorxu_g_651312193.htm
   2016-09-29 19:57:09
   Now scraping post http://www.haodf.com/wenda/doctorxu_g_651312190.htm
   2016-09-29 19:57:10
   Now scraping post http://www.haodf.com/wenda/doctorxu_g_651312194.htm
   2016-09-29 19:57:11
   Now scraping post http://www.haodf.com/wenda/doctorxu_g_651312195.htm
   2016-09-29 19:57:12
   Now scraping post http://www.haodf.com/wenda/doctorxu_g_651312191.htm
   2016-09-29 19:57:13
   Now scraping post http://www.haodf.com/wenda/doctorxu_g_651312183.htm
   2016-09-29 19:57:14
   Now scraping post http://www.haodf.com/wenda/doctorxu_g_651312184.htm
   2016-09-29 19:57:15
   Now scraping post http://www.haodf.com/wenda/doctorxu_g_651312186.htm
   2016-09-29 19:57:17
   Now scraping post http://www.haodf.com/wenda/doctorxu_g_651312185.htm
   2016-09-29 19:57:18
   Now scraping post http://www.haodf.com/wenda/doctorxu_g_651312187.htm
   2016-09-29 19:57:20
   Now scraping post http://www.haodf.com/wenda/doctorxu_g_651312177.htm
   2016-09-29 19:57:21
   Now scraping post http://www.haodf.com/wenda/doctorxu_g_651312179.htm
   2016-09-29 19:57:22
   Now scraping post http://www.haodf.com/wenda/doctorxu_g_651312158.htm
   2016-09-29 19:57:23
   Now scraping post http://www.haodf.com/wenda/doctorxu_g_651312157.htm
  2016-09-29 19:57:24
  Now scraping page 31
   2016-09-29 19:57:25
   Now scraping post http://www.haodf.com/wenda/doctorxu_g_651312156.htm
   2016-09-29 19:57:26
   Now scraping post http://www.haodf.com/wenda/doctorxu_g_651312155.htm
   2016-09-29 19:57:27
   Now scraping post http://www.haodf.com/wenda/doctorxu_g_651312182.htm
   2016-09-29 19:57:29
   Now scraping post http://www.haodf.com/wenda/doctorxu_g_651312178.htm
   2016-09-29 19:57:31
   Now scraping post http://www.haodf.com/wenda/doctorxu_g_651312705.htm
   2016-09-29 19:57:32
   Now scraping post http://www.haodf.com/wenda/doctorxu_g_651312181.htm
   2016-09-29 19:57:33
   Now scraping post http://www.haodf.com/wenda/doctorxu_g_651312180.htm
   2016-09-29 19:57:35
   Now scraping post http://www.haodf.com/wenda/doctorxu_g_651312154.htm
   2016-09-29 19:57:36
   Now scraping post http://www.haodf.com/wenda/doctorxu_g_651312704.htm
   2016-09-29 19:57:37
   Now scraping post http://www.haodf.com/wenda/doctorxu_g_651312703.htm
   2016-09-29 19:57:38
   Now scraping post http://www.haodf.com/wenda/doctorxu_g_651312702.htm
   2016-09-29 19:57:39
   Now scraping post http://www.haodf.com/wenda/doctorxu_g_651312701.htm
   2016-09-29 19:57:40
   Now scraping post http://www.haodf.com/wenda/doctorxu_g_651312700.htm
   2016-09-29 19:57:43
   Now scraping post http://www.haodf.com/wenda/doctorxu_g_651312699.htm
2016-09-29 19:57:44
[32m Finish![0m scraped 31 pages, 703 Q&As out of 764 posts.

