 2016-09-29 18:07:42
 Now scraping doctor 杨小凡
  2016-09-29 18:07:43
  Now scraping page 1
   2016-09-29 18:07:44
   Now scraping post http://www.haodf.com/wenda/yangxiaofandr_g_4719501806.htm
   2016-09-29 18:07:45
   Now scraping post http://www.haodf.com/wenda/yangxiaofandr_g_4639719679.htm
   2016-09-29 18:07:45
   Now scraping post http://www.haodf.com/wenda/yangxiaofandr_g_4646820619.htm
   2016-09-29 18:07:48
   Now scraping post http://www.haodf.com/wenda/yangxiaofandr_g_4421097943.htm
   2016-09-29 18:07:48
   Now scraping post http://www.haodf.com/wenda/yangxiaofandr_g_4598801652.htm
   2016-09-29 18:07:49
   Now scraping post http://www.haodf.com/wenda/yangxiaofandr_g_4674011668.htm
   2016-09-29 18:07:51
   Now scraping post http://www.haodf.com/wenda/yangxiaofandr_g_4641132001.htm
   2016-09-29 18:07:54
   Now scraping post http://www.haodf.com/wenda/yangxiaofandr_g_4391549027.htm
   2016-09-29 18:07:56
   Now scraping post http://www.haodf.com/wenda/yangxiaofandr_g_4542535794.htm
   2016-09-29 18:07:58
   Now scraping post http://www.haodf.com/wenda/yangxiaofandr_g_4632897961.htm
   2016-09-29 18:08:00
   Now scraping post http://www.haodf.com/wenda/yangxiaofandr_g_4615845050.htm
   2016-09-29 18:08:01
   Now scraping post http://www.haodf.com/wenda/yangxiaofandr_g_4408122804.htm
   2016-09-29 18:08:03
   Now scraping post http://www.haodf.com/wenda/yangxiaofandr_g_4627517505.htm
   2016-09-29 18:08:04
   Now scraping post http://www.haodf.com/wenda/yangxiaofandr_g_4623786693.htm
   2016-09-29 18:08:06
   Now scraping post http://www.haodf.com/wenda/yangxiaofandr_g_4620042549.htm
   2016-09-29 18:08:07
   Now scraping post http://www.haodf.com/wenda/yangxiaofandr_g_4615847592.htm
   2016-09-29 18:08:08
   Now scraping post http://www.haodf.com/wenda/yangxiaofandr_g_4610988720.htm
   2016-09-29 18:08:09
   Now scraping post http://www.haodf.com/wenda/yangxiaofandr_g_4406222759.htm
   2016-09-29 18:08:11
   Now scraping post http://www.haodf.com/wenda/yangxiaofandr_g_4572969274.htm
   2016-09-29 18:08:13
   Now scraping post http://www.haodf.com/wenda/yangxiaofandr_g_4588266297.htm
   2016-09-29 18:08:15
   Now scraping post http://www.haodf.com/wenda/yangxiaofandr_g_4582570840.htm
   2016-09-29 18:08:16
   Now scraping post http://www.haodf.com/wenda/yangxiaofandr_g_4574312879.htm
   2016-09-29 18:08:17
   Now scraping post http://www.haodf.com/wenda/yangxiaofandr_g_4489746475.htm
   2016-09-29 18:08:19
   Now scraping post http://www.haodf.com/wenda/yangxiaofandr_g_4544151921.htm
   2016-09-29 18:08:20
   Now scraping post http://www.haodf.com/wenda/yangxiaofandr_g_4395107800.htm
  2016-09-29 18:08:23
  Now scraping page 2
   2016-09-29 18:08:23
   Now scraping post http://www.haodf.com/wenda/yangxiaofandr_g_4430260603.htm
   2016-09-29 18:08:27
   Now scraping post http://www.haodf.com/wenda/yangxiaofandr_g_4543441394.htm
   2016-09-29 18:08:28
   Now scraping post http://www.haodf.com/wenda/yangxiaofandr_g_4471823439.htm
   2016-09-29 18:08:29
   Now scraping post http://www.haodf.com/wenda/yangxiaofandr_g_4537769433.htm
   2016-09-29 18:08:31
   Now scraping post http://www.haodf.com/wenda/yangxiaofandr_g_4452399358.htm
   2016-09-29 18:08:32
   Now scraping post http://www.haodf.com/wenda/yangxiaofandr_g_4541029872.htm
   2016-09-29 18:08:33
   Now scraping post http://www.haodf.com/wenda/yangxiaofandr_g_4539186313.htm
   2016-09-29 18:08:35
   Now scraping post http://www.haodf.com/wenda/yangxiaofandr_g_4538669265.htm
   2016-09-29 18:08:38
   Now scraping post http://www.haodf.com/wenda/yangxiaofandr_g_4528468891.htm
   2016-09-29 18:08:40
   Now scraping post http://www.haodf.com/wenda/yangxiaofandr_g_4529166771.htm
   2016-09-29 18:08:41
   Now scraping post http://www.haodf.com/wenda/yangxiaofandr_g_4528470806.htm
   2016-09-29 18:08:43
   Now scraping post http://www.haodf.com/wenda/yangxiaofandr_g_4452462416.htm
   2016-09-29 18:08:45
   Now scraping post http://www.haodf.com/wenda/yangxiaofandr_g_4485557416.htm
   2016-09-29 18:08:46
   Now scraping post http://www.haodf.com/wenda/yangxiaofandr_g_4406712238.htm
   2016-09-29 18:08:48
   Now scraping post http://www.haodf.com/wenda/yangxiaofandr_g_4485593808.htm
   2016-09-29 18:08:49
   Now scraping post http://www.haodf.com/wenda/yangxiaofandr_g_4509395148.htm
   2016-09-29 18:08:51
   Now scraping post http://www.haodf.com/wenda/yangxiaofandr_g_4496729659.htm
   2016-09-29 18:08:52
   Now scraping post http://www.haodf.com/wenda/yangxiaofandr_g_4506873565.htm
   2016-09-29 18:08:55
   Now scraping post http://www.haodf.com/wenda/yangxiaofandr_g_4506900953.htm
   2016-09-29 18:08:56
   Now scraping post http://www.haodf.com/wenda/yangxiaofandr_g_4497048779.htm
   2016-09-29 18:08:57
   Now scraping post http://www.haodf.com/wenda/yangxiaofandr_g_4490967480.htm
   2016-09-29 18:09:00
   Now scraping post http://www.haodf.com/wenda/yangxiaofandr_g_4490989540.htm
   2016-09-29 18:09:01
   Now scraping post http://www.haodf.com/wenda/yangxiaofandr_g_4490563151.htm
   2016-09-29 18:09:02
   Now scraping post http://www.haodf.com/wenda/yangxiaofandr_g_4482868381.htm
   2016-09-29 18:09:04
   Now scraping post http://www.haodf.com/wenda/yangxiaofandr_g_4489516568.htm
  2016-09-29 18:09:06
  Now scraping page 3
   2016-09-29 18:09:06
   Now scraping post http://www.haodf.com/wenda/yangxiaofandr_g_4485574124.htm
   2016-09-29 18:09:08
   Now scraping post http://www.haodf.com/wenda/yangxiaofandr_g_4485365804.htm
   2016-09-29 18:09:10
   Now scraping post http://www.haodf.com/wenda/yangxiaofandr_g_4483293590.htm
   2016-09-29 18:09:11
   Now scraping post http://www.haodf.com/wenda/yangxiaofandr_g_4483213921.htm
   2016-09-29 18:09:14
   Now scraping post http://www.haodf.com/wenda/yangxiaofandr_g_4480147426.htm
   2016-09-29 18:09:16
   Now scraping post http://www.haodf.com/wenda/yangxiaofandr_g_4480142107.htm
   2016-09-29 18:09:18
   Now scraping post http://www.haodf.com/wenda/yangxiaofandr_g_4408004078.htm
   2016-09-29 18:09:20
   Now scraping post http://www.haodf.com/wenda/yangxiaofandr_g_4465564246.htm
   2016-09-29 18:09:21
   Now scraping post http://www.haodf.com/wenda/yangxiaofandr_g_4472417664.htm
   2016-09-29 18:09:23
   Now scraping post http://www.haodf.com/wenda/yangxiaofandr_g_4472682524.htm
   2016-09-29 18:09:25
   Now scraping post http://www.haodf.com/wenda/yangxiaofandr_g_4470431702.htm
   2016-09-29 18:09:28
   Now scraping post http://www.haodf.com/wenda/yangxiaofandr_g_4470422697.htm
   2016-09-29 18:09:29
   Now scraping post http://www.haodf.com/wenda/yangxiaofandr_g_4462724848.htm
   2016-09-29 18:09:31
   Now scraping post http://www.haodf.com/wenda/yangxiaofandr_g_4437141827.htm
   2016-09-29 18:09:33
   Now scraping post http://www.haodf.com/wenda/yangxiaofandr_g_4462740443.htm
   2016-09-29 18:09:36
   Now scraping post http://www.haodf.com/wenda/yangxiaofandr_g_4462678969.htm
   2016-09-29 18:09:38
   Now scraping post http://www.haodf.com/wenda/yangxiaofandr_g_4459394816.htm
   2016-09-29 18:09:39
   Now scraping post http://www.haodf.com/wenda/yangxiaofandr_g_4456651829.htm
   2016-09-29 18:09:40
   Now scraping post http://www.haodf.com/wenda/yangxiaofandr_g_4456120502.htm
   2016-09-29 18:09:42
   Now scraping post http://www.haodf.com/wenda/yangxiaofandr_g_4456111927.htm
   2016-09-29 18:09:46
   Now scraping post http://www.haodf.com/wenda/yangxiaofandr_g_4410694293.htm
   2016-09-29 18:09:50
   Now scraping post http://www.haodf.com/wenda/yangxiaofandr_g_4455280776.htm
   2016-09-29 18:09:51
   Now scraping post http://www.haodf.com/wenda/yangxiaofandr_g_4452391775.htm
   2016-09-29 18:09:52
   Now scraping post http://www.haodf.com/wenda/yangxiaofandr_g_4384297150.htm
   2016-09-29 18:09:53
   Now scraping post http://www.haodf.com/wenda/yangxiaofandr_g_4452409973.htm
  2016-09-29 18:09:54
  Now scraping page 4
   2016-09-29 18:09:55
   Now scraping post http://www.haodf.com/wenda/yangxiaofandr_g_4427351966.htm
   2016-09-29 18:09:57
   Now scraping post http://www.haodf.com/wenda/yangxiaofandr_g_4446022040.htm
   2016-09-29 18:09:58
   Now scraping post http://www.haodf.com/wenda/yangxiaofandr_g_4447036224.htm
   2016-09-29 18:09:59
   Now scraping post http://www.haodf.com/wenda/yangxiaofandr_g_4437464560.htm
   2016-09-29 18:10:00
   Now scraping post http://www.haodf.com/wenda/yangxiaofandr_g_4447022159.htm
   2016-09-29 18:10:03
   Now scraping post http://www.haodf.com/wenda/yangxiaofandr_g_4438442121.htm
   2016-09-29 18:10:06
   Now scraping post http://www.haodf.com/wenda/yangxiaofandr_g_4437474490.htm
   2016-09-29 18:10:08
   Now scraping post http://www.haodf.com/wenda/yangxiaofandr_g_4437328652.htm
   2016-09-29 18:10:09
   Now scraping post http://www.haodf.com/wenda/yangxiaofandr_g_4433602585.htm
   2016-09-29 18:10:11
   Now scraping post http://www.haodf.com/wenda/yangxiaofandr_g_4427345115.htm
   2016-09-29 18:10:12
   Now scraping post http://www.haodf.com/wenda/yangxiaofandr_g_4423028574.htm
   2016-09-29 18:10:14
   Now scraping post http://www.haodf.com/wenda/yangxiaofandr_g_4423031342.htm
   2016-09-29 18:10:16
   Now scraping post http://www.haodf.com/wenda/yangxiaofandr_g_4422498256.htm
   2016-09-29 18:10:19
   Now scraping post http://www.haodf.com/wenda/yangxiaofandr_g_4422446692.htm
   2016-09-29 18:10:21
   Now scraping post http://www.haodf.com/wenda/yangxiaofandr_g_4408959395.htm
   2016-09-29 18:10:23
   Now scraping post http://www.haodf.com/wenda/yangxiaofandr_g_4420911380.htm
   2016-09-29 18:10:25
   Now scraping post http://www.haodf.com/wenda/yangxiaofandr_g_4419517739.htm
   2016-09-29 18:10:27
   Now scraping post http://www.haodf.com/wenda/yangxiaofandr_g_4420134945.htm
   2016-09-29 18:10:28
   Now scraping post http://www.haodf.com/wenda/yangxiaofandr_g_4409119993.htm
   2016-09-29 18:10:31
   Now scraping post http://www.haodf.com/wenda/yangxiaofandr_g_4416365375.htm
   2016-09-29 18:10:32
   Now scraping post http://www.haodf.com/wenda/yangxiaofandr_g_4414088853.htm
   2016-09-29 18:10:34
   Now scraping post http://www.haodf.com/wenda/yangxiaofandr_g_4415326550.htm
   2016-09-29 18:10:35
   Now scraping post http://www.haodf.com/wenda/yangxiaofandr_g_4415329020.htm
   2016-09-29 18:10:38
   Now scraping post http://www.haodf.com/wenda/yangxiaofandr_g_4410763410.htm
   2016-09-29 18:10:41
   Now scraping post http://www.haodf.com/wenda/yangxiaofandr_g_4415167520.htm
  2016-09-29 18:10:43
  Now scraping page 5
   2016-09-29 18:10:44
   Now scraping post http://www.haodf.com/wenda/yangxiaofandr_g_4414800656.htm
   2016-09-29 18:10:46
   Now scraping post http://www.haodf.com/wenda/yangxiaofandr_g_4397573227.htm
   2016-09-29 18:10:47
   Now scraping post http://www.haodf.com/wenda/yangxiaofandr_g_4410462707.htm
   2016-09-29 18:10:48
   Now scraping post http://www.haodf.com/wenda/yangxiaofandr_g_4408955833.htm
   2016-09-29 18:10:50
   Now scraping post http://www.haodf.com/wenda/yangxiaofandr_g_4410493167.htm
   2016-09-29 18:10:51
   Now scraping post http://www.haodf.com/wenda/yangxiaofandr_g_4410704551.htm
   2016-09-29 18:10:53
   Now scraping post http://www.haodf.com/wenda/yangxiaofandr_g_4410231819.htm
   2016-09-29 18:10:54
   Now scraping post http://www.haodf.com/wenda/yangxiaofandr_g_4401267760.htm
   2016-09-29 18:10:56
   Now scraping post http://www.haodf.com/wenda/yangxiaofandr_g_4408147870.htm
   2016-09-29 18:10:57
   Now scraping post http://www.haodf.com/wenda/yangxiaofandr_g_4406707632.htm
   2016-09-29 18:10:59
   Now scraping post http://www.haodf.com/wenda/yangxiaofandr_g_4404955165.htm
   2016-09-29 18:11:02
   Now scraping post http://www.haodf.com/wenda/yangxiaofandr_g_4401600609.htm
   2016-09-29 18:11:05
   Now scraping post http://www.haodf.com/wenda/yangxiaofandr_g_4401842291.htm
   2016-09-29 18:11:07
   Now scraping post http://www.haodf.com/wenda/yangxiaofandr_g_4401799233.htm
   2016-09-29 18:11:07
   Now scraping post http://www.haodf.com/wenda/yangxiaofandr_g_4401714180.htm
   2016-09-29 18:11:09
   Now scraping post http://www.haodf.com/wenda/yangxiaofandr_g_4401094695.htm
   2016-09-29 18:11:10
   Now scraping post http://www.haodf.com/wenda/yangxiaofandr_g_4399179135.htm
   2016-09-29 18:11:11
   Now scraping post http://www.haodf.com/wenda/yangxiaofandr_g_4396796053.htm
   2016-09-29 18:11:13
   Now scraping post http://www.haodf.com/wenda/yangxiaofandr_g_4399180981.htm
   2016-09-29 18:11:15
   Now scraping post http://www.haodf.com/wenda/yangxiaofandr_g_4399182149.htm
   2016-09-29 18:11:17
   Now scraping post http://www.haodf.com/wenda/yangxiaofandr_g_4399184751.htm
   2016-09-29 18:11:21
   Now scraping post http://www.haodf.com/wenda/yangxiaofandr_g_4397726412.htm
   2016-09-29 18:11:22
   Now scraping post http://www.haodf.com/wenda/yangxiaofandr_g_4397597439.htm
   2016-09-29 18:11:24
   Now scraping post http://www.haodf.com/wenda/yangxiaofandr_g_4397089410.htm
   2016-09-29 18:11:26
   Now scraping post http://www.haodf.com/wenda/yangxiaofandr_g_4390782290.htm
  2016-09-29 18:11:28
  Now scraping page 6
   2016-09-29 18:11:29
   Now scraping post http://www.haodf.com/wenda/yangxiaofandr_g_4397245076.htm
   2016-09-29 18:11:31
   Now scraping post http://www.haodf.com/wenda/yangxiaofandr_g_4397579804.htm
   2016-09-29 18:11:34
   Now scraping post http://www.haodf.com/wenda/yangxiaofandr_g_4397119453.htm
   2016-09-29 18:11:36
   Now scraping post http://www.haodf.com/wenda/yangxiaofandr_g_4387820953.htm
   2016-09-29 18:11:36
   Now scraping post http://www.haodf.com/wenda/yangxiaofandr_g_4388536958.htm
   2016-09-29 18:11:39
   Now scraping post http://www.haodf.com/wenda/yangxiaofandr_g_4396916232.htm
   2016-09-29 18:11:42
   Now scraping post http://www.haodf.com/wenda/yangxiaofandr_g_4394823645.htm
   2016-09-29 18:11:45
   Now scraping post http://www.haodf.com/wenda/yangxiaofandr_g_4394632592.htm
   2016-09-29 18:11:46
   Now scraping post http://www.haodf.com/wenda/yangxiaofandr_g_4394766682.htm
   2016-09-29 18:11:48
   Now scraping post http://www.haodf.com/wenda/yangxiaofandr_g_4394629127.htm
   2016-09-29 18:11:51
   Now scraping post http://www.haodf.com/wenda/yangxiaofandr_g_4394164521.htm
   2016-09-29 18:11:54
   Now scraping post http://www.haodf.com/wenda/yangxiaofandr_g_4391557280.htm
   2016-09-29 18:11:55
   Now scraping post http://www.haodf.com/wenda/yangxiaofandr_g_4390780092.htm
   2016-09-29 18:11:59
   Now scraping post http://www.haodf.com/wenda/yangxiaofandr_g_4390790013.htm
   2016-09-29 18:12:01
   Now scraping post http://www.haodf.com/wenda/yangxiaofandr_g_4390287048.htm
   2016-09-29 18:12:04
   Now scraping post http://www.haodf.com/wenda/yangxiaofandr_g_4390434197.htm
   2016-09-29 18:12:05
   Now scraping post http://www.haodf.com/wenda/yangxiaofandr_g_4390322713.htm
   2016-09-29 18:12:08
   Now scraping post http://www.haodf.com/wenda/yangxiaofandr_g_4390317720.htm
   2016-09-29 18:12:09
   Now scraping post http://www.haodf.com/wenda/yangxiaofandr_g_4388560458.htm
   2016-09-29 18:12:11
   Now scraping post http://www.haodf.com/wenda/yangxiaofandr_g_4388540136.htm
   2016-09-29 18:12:11
   Now scraping post http://www.haodf.com/wenda/yangxiaofandr_g_4387914475.htm
   2016-09-29 18:12:14
   Now scraping post http://www.haodf.com/wenda/yangxiaofandr_g_4387773362.htm
   2016-09-29 18:12:15
   Now scraping post http://www.haodf.com/wenda/yangxiaofandr_g_4387865347.htm
   2016-09-29 18:12:17
   Now scraping post http://www.haodf.com/wenda/yangxiaofandr_g_4387547607.htm
   2016-09-29 18:12:19
   Now scraping post http://www.haodf.com/wenda/yangxiaofandr_g_4384207197.htm
  2016-09-29 18:12:21
  Now scraping page 7
   2016-09-29 18:12:21
   Now scraping post http://www.haodf.com/wenda/yangxiaofandr_g_4382519762.htm
2016-09-29 18:12:25
[32m Finish![0m scraped 7 pages, 10 Q&As out of 151 posts.

