 2016-09-29 20:50:30
 Now scraping doctor 金星明
  2016-09-29 20:50:31
  Now scraping page 1
   2016-09-29 20:50:32
   Now scraping post http://www.haodf.com/wenda/drjinxingming_g_4751588614.htm
   2016-09-29 20:50:34
   Now scraping post http://www.haodf.com/wenda/drjinxingming_g_4695940759.htm
   2016-09-29 20:50:35
   Now scraping post http://www.haodf.com/wenda/drjinxingming_g_4743829424.htm
   2016-09-29 20:50:37
   Now scraping post http://www.haodf.com/wenda/drjinxingming_g_4743703089.htm
   2016-09-29 20:50:38
   Now scraping post http://www.haodf.com/wenda/drjinxingming_g_4741011427.htm
   2016-09-29 20:50:39
   Now scraping post http://www.haodf.com/wenda/drjinxingming_g_4702435685.htm
   2016-09-29 20:50:40
   Now scraping post http://www.haodf.com/wenda/drjinxingming_g_4712605495.htm
   2016-09-29 20:50:41
   Now scraping post http://www.haodf.com/wenda/drjinxingming_g_4720178913.htm
   2016-09-29 20:50:42
   Now scraping post http://www.haodf.com/wenda/drjinxingming_g_4713348643.htm
   2016-09-29 20:50:43
   Now scraping post http://www.haodf.com/wenda/drjinxingming_g_4712203426.htm
   2016-09-29 20:50:44
   Now scraping post http://www.haodf.com/wenda/drjinxingming_g_4712202767.htm
   2016-09-29 20:50:45
   Now scraping post http://www.haodf.com/wenda/drjinxingming_g_4712118270.htm
   2016-09-29 20:50:46
   Now scraping post http://www.haodf.com/wenda/drjinxingming_g_4696409114.htm
   2016-09-29 20:50:47
   Now scraping post http://www.haodf.com/wenda/drjinxingming_g_4692782229.htm
   2016-09-29 20:50:48
   Now scraping post http://www.haodf.com/wenda/drjinxingming_g_4690882453.htm
   2016-09-29 20:50:49
   Now scraping post http://www.haodf.com/wenda/drjinxingming_g_4691165142.htm
   2016-09-29 20:50:50
   Now scraping post http://www.haodf.com/wenda/drjinxingming_g_4687485205.htm
   2016-09-29 20:50:51
   Now scraping post http://www.haodf.com/wenda/drjinxingming_g_4687435501.htm
   2016-09-29 20:50:51
   Now scraping post http://www.haodf.com/wenda/drjinxingming_g_4685172240.htm
   2016-09-29 20:50:53
   Now scraping post http://www.haodf.com/wenda/drjinxingming_g_4685701700.htm
   2016-09-29 20:50:54
   Now scraping post http://www.haodf.com/wenda/drjinxingming_g_4480208485.htm
   2016-09-29 20:50:55
   Now scraping post http://www.haodf.com/wenda/drjinxingming_g_4075609253.htm
   2016-09-29 20:50:56
   Now scraping post http://www.haodf.com/wenda/drjinxingming_g_2072245576.htm
   2016-09-29 20:50:58
   Now scraping post http://www.haodf.com/wenda/drjinxingming_g_2795360117.htm
   2016-09-29 20:51:00
   Now scraping post http://www.haodf.com/wenda/drjinxingming_g_2247925209.htm
  2016-09-29 20:51:01
  Now scraping page 2
   2016-09-29 20:51:02
   Now scraping post http://www.haodf.com/wenda/drjinxingming_g_1655588572.htm
   2016-09-29 20:51:03
   Now scraping post http://www.haodf.com/wenda/drjinxingming_g_1499458437.htm
   2016-09-29 20:51:04
   Now scraping post http://www.haodf.com/wenda/drjinxingming_g_1015793578.htm
   2016-09-29 20:51:06
   Now scraping post http://www.haodf.com/wenda/drjinxingming_g_1015808784.htm
   2016-09-29 20:51:08
   Now scraping post http://www.haodf.com/wenda/drjinxingming_g_980724067.htm
   2016-09-29 20:51:10
   Now scraping post http://www.haodf.com/wenda/drjinxingming_g_980713776.htm
   2016-09-29 20:51:11
   Now scraping post http://www.haodf.com/wenda/drjinxingming_g_980710217.htm
   2016-09-29 20:51:12
   Now scraping post http://www.haodf.com/wenda/drjinxingming_g_1015872070.htm
   2016-09-29 20:51:13
[33m   Warning:[0m Fail to get Q&A: http://www.haodf.com/wenda/drjinxingming_g_1015872070.htm
   2016-09-29 20:51:13
   Now scraping post http://www.haodf.com/wenda/drjinxingming_g_983320517.htm
   2016-09-29 20:51:13
   Now scraping post http://www.haodf.com/wenda/drjinxingming_g_972853979.htm
   2016-09-29 20:51:14
   Now scraping post http://www.haodf.com/wenda/drjinxingming_g_879093996.htm
   2016-09-29 20:51:16
   Now scraping post http://www.haodf.com/wenda/drjinxingming_g_879092012.htm
   2016-09-29 20:51:17
   Now scraping post http://www.haodf.com/wenda/drjinxingming_g_879096491.htm
   2016-09-29 20:51:18
   Now scraping post http://www.haodf.com/wenda/drjinxingming_g_879085782.htm
   2016-09-29 20:51:19
   Now scraping post http://www.haodf.com/wenda/drjinxingming_g_873195546.htm
   2016-09-29 20:51:21
   Now scraping post http://www.haodf.com/wenda/drjinxingming_g_873191296.htm
   2016-09-29 20:51:22
   Now scraping post http://www.haodf.com/wenda/drjinxingming_g_873186163.htm
   2016-09-29 20:51:24
   Now scraping post http://www.haodf.com/wenda/drjinxingming_g_873184128.htm
   2016-09-29 20:51:25
   Now scraping post http://www.haodf.com/wenda/drjinxingming_g_832978061.htm
   2016-09-29 20:51:25
   Now scraping post http://www.haodf.com/wenda/drjinxingming_g_832973714.htm
   2016-09-29 20:51:27
   Now scraping post http://www.haodf.com/wenda/drjinxingming_g_832970948.htm
   2016-09-29 20:51:28
   Now scraping post http://www.haodf.com/wenda/drjinxingming_g_832969647.htm
   2016-09-29 20:51:30
   Now scraping post http://www.haodf.com/wenda/drjinxingming_g_824237955.htm
   2016-09-29 20:51:32
   Now scraping post http://www.haodf.com/wenda/drjinxingming_g_824233975.htm
   2016-09-29 20:51:33
   Now scraping post http://www.haodf.com/wenda/drjinxingming_g_824230345.htm
  2016-09-29 20:51:35
  Now scraping page 3
   2016-09-29 20:51:36
   Now scraping post http://www.haodf.com/wenda/drjinxingming_g_824225377.htm
   2016-09-29 20:51:38
   Now scraping post http://www.haodf.com/wenda/drjinxingming_g_804557398.htm
   2016-09-29 20:51:39
   Now scraping post http://www.haodf.com/wenda/drjinxingming_g_804575373.htm
   2016-09-29 20:51:41
   Now scraping post http://www.haodf.com/wenda/drjinxingming_g_804547573.htm
   2016-09-29 20:51:43
   Now scraping post http://www.haodf.com/wenda/drjinxingming_g_804587365.htm
   2016-09-29 20:51:44
   Now scraping post http://www.haodf.com/wenda/drjinxingming_g_804595706.htm
   2016-09-29 20:51:45
   Now scraping post http://www.haodf.com/wenda/drjinxingming_g_804591426.htm
   2016-09-29 20:51:46
   Now scraping post http://www.haodf.com/wenda/drjinxingming_g_804579423.htm
   2016-09-29 20:51:47
   Now scraping post http://www.haodf.com/wenda/drjinxingming_g_804582924.htm
   2016-09-29 20:51:49
   Now scraping post http://www.haodf.com/wenda/drjinxingming_g_804570051.htm
   2016-09-29 20:51:51
   Now scraping post http://www.haodf.com/wenda/drjinxingming_g_804563412.htm
   2016-09-29 20:51:52
   Now scraping post http://www.haodf.com/wenda/drjinxingming_g_804545024.htm
   2016-09-29 20:51:54
   Now scraping post http://www.haodf.com/wenda/drjinxingming_g_804530753.htm
   2016-09-29 20:51:55
   Now scraping post http://www.haodf.com/wenda/drjinxingming_g_750163347.htm
   2016-09-29 20:51:57
   Now scraping post http://www.haodf.com/wenda/drjinxingming_g_792226718.htm
   2016-09-29 20:52:00
   Now scraping post http://www.haodf.com/wenda/drjinxingming_g_778023122.htm
   2016-09-29 20:52:01
   Now scraping post http://www.haodf.com/wenda/drjinxingming_g_646993380.htm
   2016-09-29 20:52:02
   Now scraping post http://www.haodf.com/wenda/drjinxingming_g_792230795.htm
   2016-09-29 20:52:04
   Now scraping post http://www.haodf.com/wenda/drjinxingming_g_792230462.htm
   2016-09-29 20:52:05
   Now scraping post http://www.haodf.com/wenda/drjinxingming_g_792228480.htm
   2016-09-29 20:52:06
   Now scraping post http://www.haodf.com/wenda/drjinxingming_g_792227421.htm
   2016-09-29 20:52:08
   Now scraping post http://www.haodf.com/wenda/drjinxingming_g_792224885.htm
   2016-09-29 20:52:09
   Now scraping post http://www.haodf.com/wenda/drjinxingming_g_792223381.htm
   2016-09-29 20:52:11
   Now scraping post http://www.haodf.com/wenda/drjinxingming_g_792221510.htm
   2016-09-29 20:52:12
   Now scraping post http://www.haodf.com/wenda/drjinxingming_g_750177257.htm
  2016-09-29 20:52:14
  Now scraping page 4
   2016-09-29 20:52:15
   Now scraping post http://www.haodf.com/wenda/drjinxingming_g_750176262.htm
   2016-09-29 20:52:16
   Now scraping post http://www.haodf.com/wenda/drjinxingming_g_750175303.htm
   2016-09-29 20:52:19
   Now scraping post http://www.haodf.com/wenda/drjinxingming_g_750174205.htm
   2016-09-29 20:52:21
   Now scraping post http://www.haodf.com/wenda/drjinxingming_g_750171283.htm
   2016-09-29 20:52:22
   Now scraping post http://www.haodf.com/wenda/drjinxingming_g_750170152.htm
   2016-09-29 20:52:23
   Now scraping post http://www.haodf.com/wenda/drjinxingming_g_750165891.htm
   2016-09-29 20:52:25
   Now scraping post http://www.haodf.com/wenda/drjinxingming_g_750164809.htm
   2016-09-29 20:52:26
   Now scraping post http://www.haodf.com/wenda/drjinxingming_g_750162302.htm
   2016-09-29 20:52:27
   Now scraping post http://www.haodf.com/wenda/drjinxingming_g_750161247.htm
   2016-09-29 20:52:29
   Now scraping post http://www.haodf.com/wenda/drjinxingming_g_750160365.htm
   2016-09-29 20:52:30
   Now scraping post http://www.haodf.com/wenda/drjinxingming_g_734497538.htm
   2016-09-29 20:52:32
   Now scraping post http://www.haodf.com/wenda/drjinxingming_g_734495629.htm
   2016-09-29 20:52:34
   Now scraping post http://www.haodf.com/wenda/drjinxingming_g_704574925.htm
   2016-09-29 20:52:35
   Now scraping post http://www.haodf.com/wenda/drjinxingming_g_704565382.htm
   2016-09-29 20:52:36
   Now scraping post http://www.haodf.com/wenda/drjinxingming_g_704575937.htm
   2016-09-29 20:52:37
   Now scraping post http://www.haodf.com/wenda/drjinxingming_g_704574167.htm
   2016-09-29 20:52:40
   Now scraping post http://www.haodf.com/wenda/drjinxingming_g_704573603.htm
   2016-09-29 20:52:42
   Now scraping post http://www.haodf.com/wenda/drjinxingming_g_692028346.htm
   2016-09-29 20:52:43
   Now scraping post http://www.haodf.com/wenda/drjinxingming_g_698884294.htm
   2016-09-29 20:52:44
   Now scraping post http://www.haodf.com/wenda/drjinxingming_g_698879362.htm
   2016-09-29 20:52:45
   Now scraping post http://www.haodf.com/wenda/drjinxingming_g_698875942.htm
   2016-09-29 20:52:47
   Now scraping post http://www.haodf.com/wenda/drjinxingming_g_698873440.htm
   2016-09-29 20:52:48
   Now scraping post http://www.haodf.com/wenda/drjinxingming_g_692034488.htm
   2016-09-29 20:52:50
   Now scraping post http://www.haodf.com/wenda/drjinxingming_g_692032029.htm
   2016-09-29 20:52:51
   Now scraping post http://www.haodf.com/wenda/drjinxingming_g_692029598.htm
  2016-09-29 20:52:53
  Now scraping page 5
   2016-09-29 20:52:53
   Now scraping post http://www.haodf.com/wenda/drjinxingming_g_692025919.htm
   2016-09-29 20:52:54
   Now scraping post http://www.haodf.com/wenda/drjinxingming_g_692023606.htm
   2016-09-29 20:52:56
   Now scraping post http://www.haodf.com/wenda/drjinxingming_g_692021680.htm
   2016-09-29 20:52:57
   Now scraping post http://www.haodf.com/wenda/drjinxingming_g_692017176.htm
   2016-09-29 20:52:58
   Now scraping post http://www.haodf.com/wenda/drjinxingming_g_692012921.htm
   2016-09-29 20:52:59
   Now scraping post http://www.haodf.com/wenda/drjinxingming_g_674367808.htm
   2016-09-29 20:53:00
   Now scraping post http://www.haodf.com/wenda/drjinxingming_g_646993405.htm
   2016-09-29 20:53:02
   Now scraping post http://www.haodf.com/wenda/drjinxingming_g_661705254.htm
   2016-09-29 20:53:03
   Now scraping post http://www.haodf.com/wenda/drjinxingming_g_661704874.htm
   2016-09-29 20:53:05
   Now scraping post http://www.haodf.com/wenda/drjinxingming_g_661703411.htm
   2016-09-29 20:53:08
   Now scraping post http://www.haodf.com/wenda/drjinxingming_g_661700560.htm
   2016-09-29 20:53:08
   Now scraping post http://www.haodf.com/wenda/drjinxingming_g_661700303.htm
   2016-09-29 20:53:09
   Now scraping post http://www.haodf.com/wenda/drjinxingming_g_646993421.htm
   2016-09-29 20:53:11
   Now scraping post http://www.haodf.com/wenda/drjinxingming_g_646993420.htm
   2016-09-29 20:53:12
   Now scraping post http://www.haodf.com/wenda/drjinxingming_g_646993422.htm
   2016-09-29 20:53:14
   Now scraping post http://www.haodf.com/wenda/drjinxingming_g_646993423.htm
   2016-09-29 20:53:16
   Now scraping post http://www.haodf.com/wenda/drjinxingming_g_646993424.htm
   2016-09-29 20:53:17
   Now scraping post http://www.haodf.com/wenda/drjinxingming_g_646993408.htm
   2016-09-29 20:53:19
   Now scraping post http://www.haodf.com/wenda/drjinxingming_g_646993410.htm
   2016-09-29 20:53:20
   Now scraping post http://www.haodf.com/wenda/drjinxingming_g_646993411.htm
   2016-09-29 20:53:21
   Now scraping post http://www.haodf.com/wenda/drjinxingming_g_646993388.htm
   2016-09-29 20:53:24
   Now scraping post http://www.haodf.com/wenda/drjinxingming_g_646993414.htm
   2016-09-29 20:53:25
   Now scraping post http://www.haodf.com/wenda/drjinxingming_g_646993412.htm
   2016-09-29 20:53:27
   Now scraping post http://www.haodf.com/wenda/drjinxingming_g_646993413.htm
   2016-09-29 20:53:28
   Now scraping post http://www.haodf.com/wenda/drjinxingming_g_646993415.htm
  2016-09-29 20:53:30
  Now scraping page 6
   2016-09-29 20:53:31
   Now scraping post http://www.haodf.com/wenda/drjinxingming_g_646993419.htm
   2016-09-29 20:53:32
   Now scraping post http://www.haodf.com/wenda/drjinxingming_g_646993416.htm
   2016-09-29 20:53:33
   Now scraping post http://www.haodf.com/wenda/drjinxingming_g_646993417.htm
   2016-09-29 20:53:35
   Now scraping post http://www.haodf.com/wenda/drjinxingming_g_646993418.htm
   2016-09-29 20:53:36
   Now scraping post http://www.haodf.com/wenda/drjinxingming_g_646993409.htm
   2016-09-29 20:53:38
   Now scraping post http://www.haodf.com/wenda/drjinxingming_g_646993406.htm
   2016-09-29 20:53:38
   Now scraping post http://www.haodf.com/wenda/drjinxingming_g_646993407.htm
   2016-09-29 20:53:40
   Now scraping post http://www.haodf.com/wenda/drjinxingming_g_646993404.htm
   2016-09-29 20:53:42
   Now scraping post http://www.haodf.com/wenda/drjinxingming_g_646993403.htm
   2016-09-29 20:53:42
   Now scraping post http://www.haodf.com/wenda/drjinxingming_g_646993402.htm
   2016-09-29 20:53:43
   Now scraping post http://www.haodf.com/wenda/drjinxingming_g_646993401.htm
   2016-09-29 20:53:44
   Now scraping post http://www.haodf.com/wenda/drjinxingming_g_646993400.htm
   2016-09-29 20:53:46
   Now scraping post http://www.haodf.com/wenda/drjinxingming_g_646993398.htm
   2016-09-29 20:53:47
   Now scraping post http://www.haodf.com/wenda/drjinxingming_g_646993399.htm
   2016-09-29 20:53:49
   Now scraping post http://www.haodf.com/wenda/drjinxingming_g_646993393.htm
   2016-09-29 20:53:52
   Now scraping post http://www.haodf.com/wenda/drjinxingming_g_646993397.htm
   2016-09-29 20:53:55
   Now scraping post http://www.haodf.com/wenda/drjinxingming_g_646993395.htm
   2016-09-29 20:53:57
   Now scraping post http://www.haodf.com/wenda/drjinxingming_g_646993396.htm
   2016-09-29 20:53:58
   Now scraping post http://www.haodf.com/wenda/drjinxingming_g_646993389.htm
   2016-09-29 20:53:59
   Now scraping post http://www.haodf.com/wenda/drjinxingming_g_646993390.htm
   2016-09-29 20:54:01
   Now scraping post http://www.haodf.com/wenda/drjinxingming_g_646993391.htm
   2016-09-29 20:54:03
   Now scraping post http://www.haodf.com/wenda/drjinxingming_g_646993394.htm
   2016-09-29 20:54:04
   Now scraping post http://www.haodf.com/wenda/drjinxingming_g_646993392.htm
   2016-09-29 20:54:04
   Now scraping post http://www.haodf.com/wenda/drjinxingming_g_646993378.htm
   2016-09-29 20:54:06
   Now scraping post http://www.haodf.com/wenda/drjinxingming_g_646993382.htm
  2016-09-29 20:54:07
  Now scraping page 7
   2016-09-29 20:54:09
   Now scraping post http://www.haodf.com/wenda/drjinxingming_g_646993384.htm
   2016-09-29 20:54:11
   Now scraping post http://www.haodf.com/wenda/drjinxingming_g_646993385.htm
   2016-09-29 20:54:12
   Now scraping post http://www.haodf.com/wenda/drjinxingming_g_646993386.htm
   2016-09-29 20:54:14
   Now scraping post http://www.haodf.com/wenda/drjinxingming_g_646993348.htm
   2016-09-29 20:54:16
   Now scraping post http://www.haodf.com/wenda/drjinxingming_g_646993387.htm
   2016-09-29 20:54:17
   Now scraping post http://www.haodf.com/wenda/drjinxingming_g_646993383.htm
   2016-09-29 20:54:19
   Now scraping post http://www.haodf.com/wenda/drjinxingming_g_646993381.htm
   2016-09-29 20:54:21
   Now scraping post http://www.haodf.com/wenda/drjinxingming_g_646993379.htm
   2016-09-29 20:54:22
   Now scraping post http://www.haodf.com/wenda/drjinxingming_g_646993377.htm
   2016-09-29 20:54:24
   Now scraping post http://www.haodf.com/wenda/drjinxingming_g_646993376.htm
   2016-09-29 20:54:25
   Now scraping post http://www.haodf.com/wenda/drjinxingming_g_646993375.htm
   2016-09-29 20:54:27
   Now scraping post http://www.haodf.com/wenda/drjinxingming_g_646993363.htm
   2016-09-29 20:54:28
   Now scraping post http://www.haodf.com/wenda/drjinxingming_g_646993367.htm
   2016-09-29 20:54:29
   Now scraping post http://www.haodf.com/wenda/drjinxingming_g_646993351.htm
   2016-09-29 20:54:31
   Now scraping post http://www.haodf.com/wenda/drjinxingming_g_646993369.htm
   2016-09-29 20:54:32
   Now scraping post http://www.haodf.com/wenda/drjinxingming_g_646993370.htm
   2016-09-29 20:54:33
   Now scraping post http://www.haodf.com/wenda/drjinxingming_g_646993374.htm
   2016-09-29 20:54:35
   Now scraping post http://www.haodf.com/wenda/drjinxingming_g_646993368.htm
   2016-09-29 20:54:36
   Now scraping post http://www.haodf.com/wenda/drjinxingming_g_646993371.htm
   2016-09-29 20:54:38
   Now scraping post http://www.haodf.com/wenda/drjinxingming_g_646993372.htm
   2016-09-29 20:54:39
   Now scraping post http://www.haodf.com/wenda/drjinxingming_g_646993373.htm
   2016-09-29 20:54:40
   Now scraping post http://www.haodf.com/wenda/drjinxingming_g_646993362.htm
   2016-09-29 20:54:41
   Now scraping post http://www.haodf.com/wenda/drjinxingming_g_646993366.htm
   2016-09-29 20:54:43
   Now scraping post http://www.haodf.com/wenda/drjinxingming_g_646993352.htm
   2016-09-29 20:54:44
   Now scraping post http://www.haodf.com/wenda/drjinxingming_g_646993364.htm
  2016-09-29 20:54:46
  Now scraping page 8
   2016-09-29 20:54:46
   Now scraping post http://www.haodf.com/wenda/drjinxingming_g_646993365.htm
   2016-09-29 20:54:48
   Now scraping post http://www.haodf.com/wenda/drjinxingming_g_646993360.htm
   2016-09-29 20:54:50
   Now scraping post http://www.haodf.com/wenda/drjinxingming_g_646993361.htm
   2016-09-29 20:54:51
   Now scraping post http://www.haodf.com/wenda/drjinxingming_g_646993357.htm
   2016-09-29 20:54:53
   Now scraping post http://www.haodf.com/wenda/drjinxingming_g_646993337.htm
   2016-09-29 20:54:55
   Now scraping post http://www.haodf.com/wenda/drjinxingming_g_646993344.htm
   2016-09-29 20:54:56
   Now scraping post http://www.haodf.com/wenda/drjinxingming_g_646993345.htm
   2016-09-29 20:54:57
   Now scraping post http://www.haodf.com/wenda/drjinxingming_g_646993349.htm
   2016-09-29 20:54:58
   Now scraping post http://www.haodf.com/wenda/drjinxingming_g_646993353.htm
   2016-09-29 20:54:59
   Now scraping post http://www.haodf.com/wenda/drjinxingming_g_646993354.htm
   2016-09-29 20:55:01
   Now scraping post http://www.haodf.com/wenda/drjinxingming_g_646993356.htm
   2016-09-29 20:55:02
   Now scraping post http://www.haodf.com/wenda/drjinxingming_g_646993358.htm
   2016-09-29 20:55:05
   Now scraping post http://www.haodf.com/wenda/drjinxingming_g_646993359.htm
   2016-09-29 20:55:06
   Now scraping post http://www.haodf.com/wenda/drjinxingming_g_646993355.htm
   2016-09-29 20:55:07
   Now scraping post http://www.haodf.com/wenda/drjinxingming_g_646993347.htm
   2016-09-29 20:55:09
   Now scraping post http://www.haodf.com/wenda/drjinxingming_g_646993350.htm
   2016-09-29 20:55:10
   Now scraping post http://www.haodf.com/wenda/drjinxingming_g_646993346.htm
   2016-09-29 20:55:12
   Now scraping post http://www.haodf.com/wenda/drjinxingming_g_646993343.htm
   2016-09-29 20:55:14
   Now scraping post http://www.haodf.com/wenda/drjinxingming_g_646993341.htm
   2016-09-29 20:55:15
   Now scraping post http://www.haodf.com/wenda/drjinxingming_g_646993342.htm
   2016-09-29 20:55:16
   Now scraping post http://www.haodf.com/wenda/drjinxingming_g_646993338.htm
   2016-09-29 20:55:18
   Now scraping post http://www.haodf.com/wenda/drjinxingming_g_646993340.htm
   2016-09-29 20:55:19
   Now scraping post http://www.haodf.com/wenda/drjinxingming_g_646993339.htm
   2016-09-29 20:55:21
   Now scraping post http://www.haodf.com/wenda/drjinxingming_g_646993336.htm
   2016-09-29 20:55:22
   Now scraping post http://www.haodf.com/wenda/drjinxingming_g_646993335.htm
  2016-09-29 20:55:24
  Now scraping page 9
   2016-09-29 20:55:25
   Now scraping post http://www.haodf.com/wenda/drjinxingming_g_646993334.htm
   2016-09-29 20:55:26
   Now scraping post http://www.haodf.com/wenda/drjinxingming_g_646993330.htm
   2016-09-29 20:55:27
   Now scraping post http://www.haodf.com/wenda/drjinxingming_g_646993331.htm
   2016-09-29 20:55:28
   Now scraping post http://www.haodf.com/wenda/drjinxingming_g_646993332.htm
   2016-09-29 20:55:30
   Now scraping post http://www.haodf.com/wenda/drjinxingming_g_646993333.htm
   2016-09-29 20:55:31
   Now scraping post http://www.haodf.com/wenda/drjinxingming_g_646993326.htm
   2016-09-29 20:55:33
   Now scraping post http://www.haodf.com/wenda/drjinxingming_g_646993329.htm
   2016-09-29 20:55:34
   Now scraping post http://www.haodf.com/wenda/drjinxingming_g_646993327.htm
   2016-09-29 20:55:35
   Now scraping post http://www.haodf.com/wenda/drjinxingming_g_646993325.htm
   2016-09-29 20:55:36
   Now scraping post http://www.haodf.com/wenda/drjinxingming_g_646993324.htm
   2016-09-29 20:55:38
   Now scraping post http://www.haodf.com/wenda/drjinxingming_g_646993323.htm
   2016-09-29 20:55:40
   Now scraping post http://www.haodf.com/wenda/drjinxingming_g_646993315.htm
   2016-09-29 20:55:41
   Now scraping post http://www.haodf.com/wenda/drjinxingming_g_646993321.htm
   2016-09-29 20:55:42
   Now scraping post http://www.haodf.com/wenda/drjinxingming_g_646993320.htm
   2016-09-29 20:55:44
   Now scraping post http://www.haodf.com/wenda/drjinxingming_g_646993314.htm
   2016-09-29 20:55:45
   Now scraping post http://www.haodf.com/wenda/drjinxingming_g_646993319.htm
   2016-09-29 20:55:47
   Now scraping post http://www.haodf.com/wenda/drjinxingming_g_646993318.htm
   2016-09-29 20:55:49
   Now scraping post http://www.haodf.com/wenda/drjinxingming_g_646993317.htm
   2016-09-29 20:55:49
   Now scraping post http://www.haodf.com/wenda/drjinxingming_g_646993316.htm
   2016-09-29 20:55:50
   Now scraping post http://www.haodf.com/wenda/drjinxingming_g_646993313.htm
   2016-09-29 20:55:53
   Now scraping post http://www.haodf.com/wenda/drjinxingming_g_646993322.htm
2016-09-29 20:55:54
[32m Finish![0m scraped 9 pages, 202 Q&As out of 220 posts.

