 2016-09-29 20:50:39
 Now scraping doctor 段桂琴
  2016-09-29 20:50:40
  Now scraping page 1
   2016-09-29 20:50:40
   Now scraping post http://hydgq.haodf.com/wenda/hydgq_4753397968.htm
   2016-09-29 20:50:41
   Now scraping post http://www.haodf.com/wenda/hydgq_g_4750248193.htm
   2016-09-29 20:50:42
   Now scraping post http://www.haodf.com/wenda/hydgq_g_4747825484.htm
   2016-09-29 20:50:43
   Now scraping post http://www.haodf.com/wenda/hydgq_g_4746523494.htm
   2016-09-29 20:50:44
   Now scraping post http://www.haodf.com/wenda/hydgq_g_4746310888.htm
   2016-09-29 20:50:45
   Now scraping post http://www.haodf.com/wenda/hydgq_g_4740499967.htm
   2016-09-29 20:50:47
   Now scraping post http://www.haodf.com/wenda/hydgq_g_4694710832.htm
   2016-09-29 20:50:48
   Now scraping post http://www.haodf.com/wenda/hydgq_g_4467456623.htm
   2016-09-29 20:50:49
   Now scraping post http://www.haodf.com/wenda/hydgq_g_4523629986.htm
   2016-09-29 20:50:50
   Now scraping post http://www.haodf.com/wenda/hydgq_g_4696392987.htm
   2016-09-29 20:50:51
   Now scraping post http://www.haodf.com/wenda/hydgq_g_4698820326.htm
   2016-09-29 20:50:52
   Now scraping post http://www.haodf.com/wenda/hydgq_g_4696807070.htm
   2016-09-29 20:50:53
   Now scraping post http://www.haodf.com/wenda/hydgq_g_4693154372.htm
   2016-09-29 20:50:54
   Now scraping post http://www.haodf.com/wenda/hydgq_g_4689677950.htm
   2016-09-29 20:50:55
   Now scraping post http://www.haodf.com/wenda/hydgq_g_4690219586.htm
   2016-09-29 20:50:56
   Now scraping post http://www.haodf.com/wenda/hydgq_g_4683539754.htm
   2016-09-29 20:50:57
   Now scraping post http://www.haodf.com/wenda/hydgq_g_4504200613.htm
   2016-09-29 20:50:58
   Now scraping post http://www.haodf.com/wenda/hydgq_g_4676991155.htm
   2016-09-29 20:50:59
   Now scraping post http://www.haodf.com/wenda/hydgq_g_4680978696.htm
   2016-09-29 20:51:00
   Now scraping post http://www.haodf.com/wenda/hydgq_g_4525000685.htm
   2016-09-29 20:51:02
   Now scraping post http://www.haodf.com/wenda/hydgq_g_4609460286.htm
   2016-09-29 20:51:03
   Now scraping post http://www.haodf.com/wenda/hydgq_g_4609180526.htm
   2016-09-29 20:51:04
   Now scraping post http://www.haodf.com/wenda/hydgq_g_4605795167.htm
   2016-09-29 20:51:05
   Now scraping post http://www.haodf.com/wenda/hydgq_g_4635611318.htm
   2016-09-29 20:51:06
   Now scraping post http://www.haodf.com/wenda/hydgq_g_4655175290.htm
  2016-09-29 20:51:08
  Now scraping page 2
   2016-09-29 20:51:08
   Now scraping post http://www.haodf.com/wenda/hydgq_g_4465925737.htm
   2016-09-29 20:51:09
   Now scraping post http://www.haodf.com/wenda/hydgq_g_4644491847.htm
   2016-09-29 20:51:10
   Now scraping post http://www.haodf.com/wenda/hydgq_g_4642658721.htm
   2016-09-29 20:51:11
   Now scraping post http://www.haodf.com/wenda/hydgq_g_4473552872.htm
   2016-09-29 20:51:11
   Now scraping post http://www.haodf.com/wenda/hydgq_g_4607196630.htm
   2016-09-29 20:51:12
   Now scraping post http://www.haodf.com/wenda/hydgq_g_4471347460.htm
   2016-09-29 20:51:15
   Now scraping post http://www.haodf.com/wenda/hydgq_g_4614120283.htm
   2016-09-29 20:51:17
   Now scraping post http://www.haodf.com/wenda/hydgq_g_4604819420.htm
   2016-09-29 20:51:18
   Now scraping post http://www.haodf.com/wenda/hydgq_g_4603935241.htm
   2016-09-29 20:51:19
   Now scraping post http://www.haodf.com/wenda/hydgq_g_4447926627.htm
   2016-09-29 20:51:20
   Now scraping post http://www.haodf.com/wenda/hydgq_g_4602212424.htm
   2016-09-29 20:51:20
   Now scraping post http://www.haodf.com/wenda/hydgq_g_4599088502.htm
   2016-09-29 20:51:21
   Now scraping post http://www.haodf.com/wenda/hydgq_g_4593419306.htm
   2016-09-29 20:51:22
   Now scraping post http://www.haodf.com/wenda/hydgq_g_4451981541.htm
   2016-09-29 20:51:23
   Now scraping post http://www.haodf.com/wenda/hydgq_g_4326245888.htm
   2016-09-29 20:51:25
   Now scraping post http://www.haodf.com/wenda/hydgq_g_4533603419.htm
   2016-09-29 20:51:25
   Now scraping post http://www.haodf.com/wenda/hydgq_g_4543780046.htm
   2016-09-29 20:51:26
   Now scraping post http://www.haodf.com/wenda/hydgq_g_4541030054.htm
   2016-09-29 20:51:28
   Now scraping post http://www.haodf.com/wenda/hydgq_g_4440187147.htm
   2016-09-29 20:51:29
   Now scraping post http://www.haodf.com/wenda/hydgq_g_4314829888.htm
   2016-09-29 20:51:30
   Now scraping post http://www.haodf.com/wenda/hydgq_g_4322810249.htm
   2016-09-29 20:51:31
   Now scraping post http://www.haodf.com/wenda/hydgq_g_4438270682.htm
   2016-09-29 20:51:32
   Now scraping post http://www.haodf.com/wenda/hydgq_g_4442194977.htm
   2016-09-29 20:51:33
   Now scraping post http://www.haodf.com/wenda/hydgq_g_4461576093.htm
   2016-09-29 20:51:34
   Now scraping post http://www.haodf.com/wenda/hydgq_g_4523834809.htm
  2016-09-29 20:51:35
  Now scraping page 3
   2016-09-29 20:51:36
   Now scraping post http://www.haodf.com/wenda/hydgq_g_4516234652.htm
   2016-09-29 20:51:37
   Now scraping post http://www.haodf.com/wenda/hydgq_g_4516256055.htm
   2016-09-29 20:51:38
   Now scraping post http://www.haodf.com/wenda/hydgq_g_4471012238.htm
   2016-09-29 20:51:41
   Now scraping post http://www.haodf.com/wenda/hydgq_g_4502162847.htm
   2016-09-29 20:51:42
   Now scraping post http://www.haodf.com/wenda/hydgq_g_4374337723.htm
   2016-09-29 20:51:43
   Now scraping post http://www.haodf.com/wenda/hydgq_g_4484531307.htm
   2016-09-29 20:51:45
   Now scraping post http://www.haodf.com/wenda/hydgq_g_4440906009.htm
   2016-09-29 20:51:46
   Now scraping post http://www.haodf.com/wenda/hydgq_g_4481688659.htm
   2016-09-29 20:51:47
   Now scraping post http://www.haodf.com/wenda/hydgq_g_4480883396.htm
   2016-09-29 20:51:48
   Now scraping post http://www.haodf.com/wenda/hydgq_g_4480204115.htm
   2016-09-29 20:51:49
   Now scraping post http://www.haodf.com/wenda/hydgq_g_4474929941.htm
   2016-09-29 20:51:51
   Now scraping post http://www.haodf.com/wenda/hydgq_g_4464247618.htm
   2016-09-29 20:51:52
   Now scraping post http://www.haodf.com/wenda/hydgq_g_4464247921.htm
   2016-09-29 20:51:53
   Now scraping post http://www.haodf.com/wenda/hydgq_g_4461596421.htm
   2016-09-29 20:51:55
   Now scraping post http://www.haodf.com/wenda/hydgq_g_4458999357.htm
   2016-09-29 20:51:56
   Now scraping post http://www.haodf.com/wenda/hydgq_g_4447075275.htm
   2016-09-29 20:51:57
   Now scraping post http://www.haodf.com/wenda/hydgq_g_4443214911.htm
   2016-09-29 20:51:59
   Now scraping post http://www.haodf.com/wenda/hydgq_g_4449648997.htm
   2016-09-29 20:52:00
   Now scraping post http://www.haodf.com/wenda/hydgq_g_4363362185.htm
   2016-09-29 20:52:01
   Now scraping post http://www.haodf.com/wenda/hydgq_g_4428899807.htm
   2016-09-29 20:52:02
   Now scraping post http://www.haodf.com/wenda/hydgq_g_4403983121.htm
   2016-09-29 20:52:03
   Now scraping post http://www.haodf.com/wenda/hydgq_g_4399207766.htm
   2016-09-29 20:52:04
   Now scraping post http://www.haodf.com/wenda/hydgq_g_4398499813.htm
   2016-09-29 20:52:06
   Now scraping post http://www.haodf.com/wenda/hydgq_g_4396525608.htm
   2016-09-29 20:52:07
   Now scraping post http://www.haodf.com/wenda/hydgq_g_4314776194.htm
  2016-09-29 20:52:08
  Now scraping page 4
   2016-09-29 20:52:09
   Now scraping post http://www.haodf.com/wenda/hydgq_g_4316044405.htm
   2016-09-29 20:52:10
   Now scraping post http://www.haodf.com/wenda/hydgq_g_4343632718.htm
   2016-09-29 20:52:11
   Now scraping post http://www.haodf.com/wenda/hydgq_g_4222291950.htm
   2016-09-29 20:52:12
   Now scraping post http://www.haodf.com/wenda/hydgq_g_4341579685.htm
   2016-09-29 20:52:13
   Now scraping post http://www.haodf.com/wenda/hydgq_g_4335834330.htm
   2016-09-29 20:52:14
   Now scraping post http://www.haodf.com/wenda/hydgq_g_4322451587.htm
   2016-09-29 20:52:15
   Now scraping post http://www.haodf.com/wenda/hydgq_g_4320917752.htm
   2016-09-29 20:52:16
   Now scraping post http://www.haodf.com/wenda/hydgq_g_4299764289.htm
   2016-09-29 20:52:17
   Now scraping post http://www.haodf.com/wenda/hydgq_g_4304611061.htm
   2016-09-29 20:52:18
   Now scraping post http://www.haodf.com/wenda/hydgq_g_4296141274.htm
   2016-09-29 20:52:19
   Now scraping post http://www.haodf.com/wenda/hydgq_g_4220167371.htm
   2016-09-29 20:52:20
   Now scraping post http://www.haodf.com/wenda/hydgq_g_4225441015.htm
   2016-09-29 20:52:21
   Now scraping post http://www.haodf.com/wenda/hydgq_g_4222637962.htm
   2016-09-29 20:52:23
   Now scraping post http://www.haodf.com/wenda/hydgq_g_4217475906.htm
   2016-09-29 20:52:23
   Now scraping post http://www.haodf.com/wenda/hydgq_g_2813845979.htm
   2016-09-29 20:52:24
   Now scraping post http://www.haodf.com/wenda/hydgq_g_2757745879.htm
   2016-09-29 20:52:26
   Now scraping post http://www.haodf.com/wenda/hydgq_g_2264545545.htm
   2016-09-29 20:52:27
   Now scraping post http://www.haodf.com/wenda/hydgq_g_1885590649.htm
   2016-09-29 20:52:29
   Now scraping post http://www.haodf.com/wenda/hydgq_g_1313697380.htm
   2016-09-29 20:52:30
   Now scraping post http://www.haodf.com/wenda/hydgq_g_1313690286.htm
   2016-09-29 20:52:31
   Now scraping post http://www.haodf.com/wenda/hydgq_g_1311789475.htm
   2016-09-29 20:52:32
   Now scraping post http://www.haodf.com/wenda/hydgq_g_1312150644.htm
   2016-09-29 20:52:34
   Now scraping post http://www.haodf.com/wenda/hydgq_g_1312150365.htm
   2016-09-29 20:52:35
   Now scraping post http://www.haodf.com/wenda/hydgq_g_1312040750.htm
   2016-09-29 20:52:37
   Now scraping post http://www.haodf.com/wenda/hydgq_g_1311808795.htm
  2016-09-29 20:52:38
  Now scraping page 5
   2016-09-29 20:52:39
   Now scraping post http://www.haodf.com/wenda/hydgq_g_1311851075.htm
   2016-09-29 20:52:41
   Now scraping post http://www.haodf.com/wenda/hydgq_g_1311834122.htm
   2016-09-29 20:52:42
   Now scraping post http://www.haodf.com/wenda/hydgq_g_768394957.htm
   2016-09-29 20:52:43
   Now scraping post http://www.haodf.com/wenda/hydgq_g_768387005.htm
   2016-09-29 20:52:44
   Now scraping post http://www.haodf.com/wenda/hydgq_g_655160704.htm
   2016-09-29 20:52:44
   Now scraping post http://www.haodf.com/wenda/hydgq_g_655160705.htm
2016-09-29 20:52:46
[32m Finish![0m scraped 5 pages, 41 Q&As out of 106 posts.

