 2016-09-29 21:05:09
 Now scraping doctor 张纪水
  2016-09-29 21:05:10
  Now scraping page 1
   2016-09-29 21:05:10
   Now scraping post http://www.haodf.com/wenda/drzhangjishui_g_4741026637.htm
   2016-09-29 21:05:11
   Now scraping post http://www.haodf.com/wenda/drzhangjishui_g_4653346639.htm
   2016-09-29 21:05:12
   Now scraping post http://www.haodf.com/wenda/drzhangjishui_g_4640056195.htm
   2016-09-29 21:05:13
   Now scraping post http://www.haodf.com/wenda/drzhangjishui_g_4482932498.htm
   2016-09-29 21:05:14
   Now scraping post http://www.haodf.com/wenda/drzhangjishui_g_4472408380.htm
   2016-09-29 21:05:15
   Now scraping post http://www.haodf.com/wenda/drzhangjishui_g_4473858476.htm
   2016-09-29 21:05:16
   Now scraping post http://www.haodf.com/wenda/drzhangjishui_g_4470259695.htm
   2016-09-29 21:05:18
   Now scraping post http://www.haodf.com/wenda/drzhangjishui_g_4435695346.htm
   2016-09-29 21:05:19
   Now scraping post http://www.haodf.com/wenda/drzhangjishui_g_4445463399.htm
   2016-09-29 21:05:20
   Now scraping post http://www.haodf.com/wenda/drzhangjishui_g_4443363100.htm
   2016-09-29 21:05:21
   Now scraping post http://www.haodf.com/wenda/drzhangjishui_g_4438805778.htm
   2016-09-29 21:05:22
   Now scraping post http://www.haodf.com/wenda/drzhangjishui_g_4437304974.htm
   2016-09-29 21:05:23
   Now scraping post http://www.haodf.com/wenda/drzhangjishui_g_4431089289.htm
   2016-09-29 21:05:24
   Now scraping post http://www.haodf.com/wenda/drzhangjishui_g_4429853829.htm
   2016-09-29 21:05:25
   Now scraping post http://www.haodf.com/wenda/drzhangjishui_g_4429852506.htm
   2016-09-29 21:05:26
   Now scraping post http://www.haodf.com/wenda/drzhangjishui_g_4411804097.htm
   2016-09-29 21:05:27
   Now scraping post http://www.haodf.com/wenda/drzhangjishui_g_4405567778.htm
   2016-09-29 21:05:29
   Now scraping post http://www.haodf.com/wenda/drzhangjishui_g_4404317366.htm
   2016-09-29 21:05:31
   Now scraping post http://www.haodf.com/wenda/drzhangjishui_g_4394490450.htm
   2016-09-29 21:05:32
   Now scraping post http://www.haodf.com/wenda/drzhangjishui_g_4382782512.htm
   2016-09-29 21:05:33
   Now scraping post http://www.haodf.com/wenda/drzhangjishui_g_4328128631.htm
   2016-09-29 21:05:34
   Now scraping post http://www.haodf.com/wenda/drzhangjishui_g_4338014284.htm
   2016-09-29 21:05:35
   Now scraping post http://www.haodf.com/wenda/drzhangjishui_g_4322049863.htm
   2016-09-29 21:05:37
   Now scraping post http://www.haodf.com/wenda/drzhangjishui_g_4304505290.htm
   2016-09-29 21:05:38
   Now scraping post http://www.haodf.com/wenda/drzhangjishui_g_4301512785.htm
  2016-09-29 21:05:39
  Now scraping page 2
   2016-09-29 21:05:40
   Now scraping post http://www.haodf.com/wenda/drzhangjishui_g_4231016513.htm
   2016-09-29 21:05:42
   Now scraping post http://www.haodf.com/wenda/drzhangjishui_g_4183064925.htm
   2016-09-29 21:05:42
   Now scraping post http://www.haodf.com/wenda/drzhangjishui_g_4173369512.htm
   2016-09-29 21:05:43
   Now scraping post http://www.haodf.com/wenda/drzhangjishui_g_4101690391.htm
   2016-09-29 21:05:44
   Now scraping post http://www.haodf.com/wenda/drzhangjishui_g_3849720041.htm
   2016-09-29 21:05:46
   Now scraping post http://www.haodf.com/wenda/drzhangjishui_g_3809804910.htm
   2016-09-29 21:05:48
   Now scraping post http://www.haodf.com/wenda/drzhangjishui_g_3754550857.htm
   2016-09-29 21:05:50
   Now scraping post http://www.haodf.com/wenda/drzhangjishui_g_3736235772.htm
   2016-09-29 21:05:51
   Now scraping post http://www.haodf.com/wenda/drzhangjishui_g_3708958120.htm
   2016-09-29 21:05:52
   Now scraping post http://www.haodf.com/wenda/drzhangjishui_g_3700927639.htm
   2016-09-29 21:05:53
   Now scraping post http://www.haodf.com/wenda/drzhangjishui_g_3677231783.htm
   2016-09-29 21:05:54
   Now scraping post http://www.haodf.com/wenda/drzhangjishui_g_3671580728.htm
   2016-09-29 21:05:57
   Now scraping post http://www.haodf.com/wenda/drzhangjishui_g_3648917332.htm
   2016-09-29 21:05:57
   Now scraping post http://www.haodf.com/wenda/drzhangjishui_g_3622347642.htm
   2016-09-29 21:05:59
   Now scraping post http://www.haodf.com/wenda/drzhangjishui_g_3592733085.htm
   2016-09-29 21:06:00
   Now scraping post http://www.haodf.com/wenda/drzhangjishui_g_3533540811.htm
   2016-09-29 21:06:01
   Now scraping post http://www.haodf.com/wenda/drzhangjishui_g_3531472367.htm
   2016-09-29 21:06:02
   Now scraping post http://www.haodf.com/wenda/drzhangjishui_g_3511659769.htm
   2016-09-29 21:06:03
   Now scraping post http://www.haodf.com/wenda/drzhangjishui_g_3510943719.htm
   2016-09-29 21:06:04
   Now scraping post http://www.haodf.com/wenda/drzhangjishui_g_3488864054.htm
   2016-09-29 21:06:05
   Now scraping post http://www.haodf.com/wenda/drzhangjishui_g_3456346436.htm
   2016-09-29 21:06:06
   Now scraping post http://www.haodf.com/wenda/drzhangjishui_g_3455733062.htm
   2016-09-29 21:06:08
   Now scraping post http://www.haodf.com/wenda/drzhangjishui_g_2991643363.htm
   2016-09-29 21:06:10
   Now scraping post http://www.haodf.com/wenda/drzhangjishui_g_3446076464.htm
   2016-09-29 21:06:11
   Now scraping post http://www.haodf.com/wenda/drzhangjishui_g_3300326216.htm
  2016-09-29 21:06:12
  Now scraping page 3
   2016-09-29 21:06:14
   Now scraping post http://www.haodf.com/wenda/drzhangjishui_g_3425224827.htm
   2016-09-29 21:06:15
   Now scraping post http://www.haodf.com/wenda/drzhangjishui_g_3425354184.htm
   2016-09-29 21:06:16
   Now scraping post http://www.haodf.com/wenda/drzhangjishui_g_3298038065.htm
   2016-09-29 21:06:17
   Now scraping post http://www.haodf.com/wenda/drzhangjishui_g_3266674961.htm
   2016-09-29 21:06:19
   Now scraping post http://www.haodf.com/wenda/drzhangjishui_g_3213720027.htm
   2016-09-29 21:06:20
   Now scraping post http://www.haodf.com/wenda/drzhangjishui_g_3213263808.htm
   2016-09-29 21:06:22
   Now scraping post http://www.haodf.com/wenda/drzhangjishui_g_3210131606.htm
   2016-09-29 21:06:22
   Now scraping post http://www.haodf.com/wenda/drzhangjishui_g_3201083263.htm
   2016-09-29 21:06:23
   Now scraping post http://www.haodf.com/wenda/drzhangjishui_g_3104546589.htm
   2016-09-29 21:06:25
   Now scraping post http://www.haodf.com/wenda/drzhangjishui_g_3095654775.htm
   2016-09-29 21:06:26
   Now scraping post http://www.haodf.com/wenda/drzhangjishui_g_3070239555.htm
   2016-09-29 21:06:28
   Now scraping post http://www.haodf.com/wenda/drzhangjishui_g_3066736521.htm
   2016-09-29 21:06:30
   Now scraping post http://www.haodf.com/wenda/drzhangjishui_g_3033047271.htm
   2016-09-29 21:06:31
   Now scraping post http://www.haodf.com/wenda/drzhangjishui_g_2997495128.htm
   2016-09-29 21:06:32
   Now scraping post http://www.haodf.com/wenda/drzhangjishui_g_2926318397.htm
   2016-09-29 21:06:34
   Now scraping post http://www.haodf.com/wenda/drzhangjishui_g_2897733939.htm
   2016-09-29 21:06:36
   Now scraping post http://www.haodf.com/wenda/drzhangjishui_g_2808088818.htm
   2016-09-29 21:06:36
   Now scraping post http://www.haodf.com/wenda/drzhangjishui_g_2792051259.htm
   2016-09-29 21:06:38
   Now scraping post http://www.haodf.com/wenda/drzhangjishui_g_2769310863.htm
   2016-09-29 21:06:39
   Now scraping post http://www.haodf.com/wenda/drzhangjishui_g_2667881933.htm
   2016-09-29 21:06:41
   Now scraping post http://www.haodf.com/wenda/drzhangjishui_g_2524289989.htm
   2016-09-29 21:06:42
   Now scraping post http://www.haodf.com/wenda/drzhangjishui_g_2275031210.htm
   2016-09-29 21:06:43
   Now scraping post http://www.haodf.com/wenda/drzhangjishui_g_2205815504.htm
   2016-09-29 21:06:45
   Now scraping post http://www.haodf.com/wenda/drzhangjishui_g_1813517886.htm
   2016-09-29 21:06:46
   Now scraping post http://www.haodf.com/wenda/drzhangjishui_g_2113183474.htm
  2016-09-29 21:06:48
  Now scraping page 4
   2016-09-29 21:06:49
   Now scraping post http://www.haodf.com/wenda/drzhangjishui_g_2082817521.htm
   2016-09-29 21:06:51
   Now scraping post http://www.haodf.com/wenda/drzhangjishui_g_2082496700.htm
   2016-09-29 21:06:53
   Now scraping post http://www.haodf.com/wenda/drzhangjishui_g_1991033635.htm
   2016-09-29 21:06:54
   Now scraping post http://www.haodf.com/wenda/drzhangjishui_g_1945627952.htm
   2016-09-29 21:06:55
   Now scraping post http://www.haodf.com/wenda/drzhangjishui_g_1926899611.htm
   2016-09-29 21:06:57
   Now scraping post http://www.haodf.com/wenda/drzhangjishui_g_1822959698.htm
   2016-09-29 21:06:58
   Now scraping post http://www.haodf.com/wenda/drzhangjishui_g_1822622301.htm
   2016-09-29 21:06:59
   Now scraping post http://www.haodf.com/wenda/drzhangjishui_g_1812932450.htm
   2016-09-29 21:07:01
   Now scraping post http://www.haodf.com/wenda/drzhangjishui_g_1807804511.htm
   2016-09-29 21:07:03
   Now scraping post http://www.haodf.com/wenda/drzhangjishui_g_1801219612.htm
   2016-09-29 21:07:04
   Now scraping post http://www.haodf.com/wenda/drzhangjishui_g_1794614505.htm
   2016-09-29 21:07:06
   Now scraping post http://www.haodf.com/wenda/drzhangjishui_g_1794391584.htm
   2016-09-29 21:07:08
   Now scraping post http://www.haodf.com/wenda/drzhangjishui_g_1791073687.htm
   2016-09-29 21:07:15
   Now scraping post http://www.haodf.com/wenda/drzhangjishui_g_1770705127.htm
   2016-09-29 21:07:16
   Now scraping post http://www.haodf.com/wenda/drzhangjishui_g_1769950736.htm
   2016-09-29 21:07:18
   Now scraping post http://www.haodf.com/wenda/drzhangjishui_g_1769000391.htm
   2016-09-29 21:07:19
   Now scraping post http://www.haodf.com/wenda/drzhangjishui_g_1763298412.htm
   2016-09-29 21:07:20
   Now scraping post http://www.haodf.com/wenda/drzhangjishui_g_1749697782.htm
   2016-09-29 21:07:22
   Now scraping post http://www.haodf.com/wenda/drzhangjishui_g_1733848889.htm
   2016-09-29 21:07:24
   Now scraping post http://www.haodf.com/wenda/drzhangjishui_g_1727053865.htm
   2016-09-29 21:07:25
   Now scraping post http://www.haodf.com/wenda/drzhangjishui_g_1397302077.htm
   2016-09-29 21:07:28
   Now scraping post http://www.haodf.com/wenda/drzhangjishui_g_1709251329.htm
   2016-09-29 21:07:29
   Now scraping post http://www.haodf.com/wenda/drzhangjishui_g_1706584212.htm
   2016-09-29 21:07:30
   Now scraping post http://www.haodf.com/wenda/drzhangjishui_g_1696950864.htm
   2016-09-29 21:07:31
   Now scraping post http://www.haodf.com/wenda/drzhangjishui_g_1688898938.htm
  2016-09-29 21:07:33
  Now scraping page 5
   2016-09-29 21:07:34
   Now scraping post http://www.haodf.com/wenda/drzhangjishui_g_1688196178.htm
   2016-09-29 21:07:36
   Now scraping post http://www.haodf.com/wenda/drzhangjishui_g_1673473971.htm
   2016-09-29 21:07:38
   Now scraping post http://www.haodf.com/wenda/drzhangjishui_g_1617286190.htm
   2016-09-29 21:07:39
   Now scraping post http://www.haodf.com/wenda/drzhangjishui_g_1604984087.htm
   2016-09-29 21:07:40
   Now scraping post http://www.haodf.com/wenda/drzhangjishui_g_1333114327.htm
   2016-09-29 21:07:43
   Now scraping post http://www.haodf.com/wenda/drzhangjishui_g_1583193265.htm
   2016-09-29 21:07:45
   Now scraping post http://www.haodf.com/wenda/drzhangjishui_g_1574520823.htm
   2016-09-29 21:07:46
   Now scraping post http://www.haodf.com/wenda/drzhangjishui_g_1565366318.htm
   2016-09-29 21:07:48
   Now scraping post http://www.haodf.com/wenda/drzhangjishui_g_1530791711.htm
   2016-09-29 21:07:50
   Now scraping post http://www.haodf.com/wenda/drzhangjishui_g_1480339082.htm
   2016-09-29 21:07:51
   Now scraping post http://www.haodf.com/wenda/drzhangjishui_g_1475166065.htm
   2016-09-29 21:07:53
   Now scraping post http://www.haodf.com/wenda/drzhangjishui_g_1471501480.htm
   2016-09-29 21:07:56
   Now scraping post http://www.haodf.com/wenda/drzhangjishui_g_1415686794.htm
   2016-09-29 21:07:57
   Now scraping post http://www.haodf.com/wenda/drzhangjishui_g_1347575024.htm
   2016-09-29 21:07:58
   Now scraping post http://www.haodf.com/wenda/drzhangjishui_g_1321839565.htm
   2016-09-29 21:08:00
   Now scraping post http://www.haodf.com/wenda/drzhangjishui_g_1297056431.htm
   2016-09-29 21:08:02
   Now scraping post http://www.haodf.com/wenda/drzhangjishui_g_1243558151.htm
   2016-09-29 21:08:03
   Now scraping post http://www.haodf.com/wenda/drzhangjishui_g_1240690722.htm
   2016-09-29 21:08:05
   Now scraping post http://www.haodf.com/wenda/drzhangjishui_g_1240691069.htm
   2016-09-29 21:08:06
   Now scraping post http://www.haodf.com/wenda/drzhangjishui_g_1152900441.htm
   2016-09-29 21:08:08
   Now scraping post http://www.haodf.com/wenda/drzhangjishui_g_1001424938.htm
   2016-09-29 21:08:10
   Now scraping post http://www.haodf.com/wenda/drzhangjishui_g_1129753706.htm
   2016-09-29 21:08:11
   Now scraping post http://www.haodf.com/wenda/drzhangjishui_g_1119548517.htm
   2016-09-29 21:08:13
   Now scraping post http://www.haodf.com/wenda/drzhangjishui_g_1113165087.htm
   2016-09-29 21:08:14
   Now scraping post http://www.haodf.com/wenda/drzhangjishui_g_1101613431.htm
  2016-09-29 21:08:15
  Now scraping page 6
   2016-09-29 21:08:17
   Now scraping post http://www.haodf.com/wenda/drzhangjishui_g_1100482567.htm
   2016-09-29 21:08:20
   Now scraping post http://www.haodf.com/wenda/drzhangjishui_g_1089408515.htm
   2016-09-29 21:08:21
   Now scraping post http://www.haodf.com/wenda/drzhangjishui_g_1047635343.htm
   2016-09-29 21:08:22
   Now scraping post http://www.haodf.com/wenda/drzhangjishui_g_1047023760.htm
   2016-09-29 21:08:23
   Now scraping post http://www.haodf.com/wenda/drzhangjishui_g_949069110.htm
   2016-09-29 21:08:26
   Now scraping post http://www.haodf.com/wenda/drzhangjishui_g_939507926.htm
   2016-09-29 21:08:28
   Now scraping post http://www.haodf.com/wenda/drzhangjishui_g_933889664.htm
   2016-09-29 21:08:30
   Now scraping post http://www.haodf.com/wenda/drzhangjishui_g_926977962.htm
   2016-09-29 21:08:32
   Now scraping post http://www.haodf.com/wenda/drzhangjishui_g_919436142.htm
   2016-09-29 21:08:33
   Now scraping post http://www.haodf.com/wenda/drzhangjishui_g_914266186.htm
   2016-09-29 21:08:35
   Now scraping post http://www.haodf.com/wenda/drzhangjishui_g_892998066.htm
   2016-09-29 21:08:37
   Now scraping post http://www.haodf.com/wenda/drzhangjishui_g_882864559.htm
   2016-09-29 21:08:39
   Now scraping post http://www.haodf.com/wenda/drzhangjishui_g_881622362.htm
   2016-09-29 21:08:41
   Now scraping post http://www.haodf.com/wenda/drzhangjishui_g_860111837.htm
   2016-09-29 21:08:43
   Now scraping post http://www.haodf.com/wenda/drzhangjishui_g_843518646.htm
   2016-09-29 21:08:44
   Now scraping post http://www.haodf.com/wenda/drzhangjishui_g_818912303.htm
   2016-09-29 21:08:45
   Now scraping post http://www.haodf.com/wenda/drzhangjishui_g_811314433.htm
   2016-09-29 21:08:46
   Now scraping post http://www.haodf.com/wenda/drzhangjishui_g_793676304.htm
   2016-09-29 21:08:48
   Now scraping post http://www.haodf.com/wenda/drzhangjishui_g_739064856.htm
   2016-09-29 21:08:50
   Now scraping post http://www.haodf.com/wenda/drzhangjishui_g_728878876.htm
   2016-09-29 21:08:51
   Now scraping post http://www.haodf.com/wenda/drzhangjishui_g_716884106.htm
   2016-09-29 21:08:52
   Now scraping post http://www.haodf.com/wenda/drzhangjishui_g_713399372.htm
   2016-09-29 21:08:54
   Now scraping post http://www.haodf.com/wenda/drzhangjishui_g_668285884.htm
   2016-09-29 21:08:55
   Now scraping post http://www.haodf.com/wenda/drzhangjishui_g_643935826.htm
   2016-09-29 21:08:56
   Now scraping post http://www.haodf.com/wenda/drzhangjishui_g_643943965.htm
  2016-09-29 21:08:57
  Now scraping page 7
   2016-09-29 21:08:58
   Now scraping post http://www.haodf.com/wenda/drzhangjishui_g_643948686.htm
   2016-09-29 21:08:59
   Now scraping post http://www.haodf.com/wenda/drzhangjishui_g_643930490.htm
   2016-09-29 21:09:00
   Now scraping post http://www.haodf.com/wenda/drzhangjishui_g_643933231.htm
   2016-09-29 21:09:01
   Now scraping post http://www.haodf.com/wenda/drzhangjishui_g_643925742.htm
   2016-09-29 21:09:03
   Now scraping post http://www.haodf.com/wenda/drzhangjishui_g_642075989.htm
   2016-09-29 21:09:04
   Now scraping post http://www.haodf.com/wenda/drzhangjishui_g_642075081.htm
   2016-09-29 21:09:05
   Now scraping post http://www.haodf.com/wenda/drzhangjishui_g_642076644.htm
   2016-09-29 21:09:07
   Now scraping post http://www.haodf.com/wenda/drzhangjishui_g_642075579.htm
   2016-09-29 21:09:09
   Now scraping post http://www.haodf.com/wenda/drzhangjishui_g_637836426.htm
   2016-09-29 21:09:10
   Now scraping post http://www.haodf.com/wenda/drzhangjishui_g_637836509.htm
   2016-09-29 21:09:11
   Now scraping post http://www.haodf.com/wenda/drzhangjishui_g_637836424.htm
   2016-09-29 21:09:12
   Now scraping post http://www.haodf.com/wenda/drzhangjishui_g_637836508.htm
   2016-09-29 21:09:14
   Now scraping post http://www.haodf.com/wenda/drzhangjishui_g_637836507.htm
2016-09-29 21:09:16
[32m Finish![0m scraped 7 pages, 12 Q&As out of 163 posts.

