 2016-09-29 21:28:35
 Now scraping doctor 杨思渊
  2016-09-29 21:28:36
  Now scraping page 1
   2016-09-29 21:28:36
   Now scraping post http://www.haodf.com/wenda/dryangsiyuan_g_4358616612.htm
   2016-09-29 21:28:37
   Now scraping post http://www.haodf.com/wenda/dryangsiyuan_g_4317689072.htm
   2016-09-29 21:28:38
   Now scraping post http://www.haodf.com/wenda/dryangsiyuan_g_4046314249.htm
   2016-09-29 21:28:39
   Now scraping post http://www.haodf.com/wenda/dryangsiyuan_g_3848483074.htm
   2016-09-29 21:28:40
   Now scraping post http://www.haodf.com/wenda/dryangsiyuan_g_3781546226.htm
   2016-09-29 21:28:41
   Now scraping post http://www.haodf.com/wenda/dryangsiyuan_g_3732697659.htm
   2016-09-29 21:28:43
   Now scraping post http://www.haodf.com/wenda/dryangsiyuan_g_3771854348.htm
   2016-09-29 21:28:44
   Now scraping post http://www.haodf.com/wenda/dryangsiyuan_g_3732699075.htm
   2016-09-29 21:28:45
   Now scraping post http://www.haodf.com/wenda/dryangsiyuan_g_3692322286.htm
   2016-09-29 21:28:46
   Now scraping post http://www.haodf.com/wenda/dryangsiyuan_g_3636149848.htm
   2016-09-29 21:28:47
   Now scraping post http://www.haodf.com/wenda/dryangsiyuan_g_3608010551.htm
   2016-09-29 21:28:48
   Now scraping post http://www.haodf.com/wenda/dryangsiyuan_g_3586063824.htm
   2016-09-29 21:28:50
   Now scraping post http://www.haodf.com/wenda/dryangsiyuan_g_3586048588.htm
   2016-09-29 21:28:52
   Now scraping post http://www.haodf.com/wenda/dryangsiyuan_g_3578367554.htm
   2016-09-29 21:28:53
   Now scraping post http://www.haodf.com/wenda/dryangsiyuan_g_3578365141.htm
   2016-09-29 21:28:54
   Now scraping post http://www.haodf.com/wenda/dryangsiyuan_g_3461646168.htm
   2016-09-29 21:28:55
   Now scraping post http://www.haodf.com/wenda/dryangsiyuan_g_3469227237.htm
   2016-09-29 21:28:56
   Now scraping post http://www.haodf.com/wenda/dryangsiyuan_g_3369431930.htm
   2016-09-29 21:28:58
   Now scraping post http://www.haodf.com/wenda/dryangsiyuan_g_3446147506.htm
   2016-09-29 21:28:59
   Now scraping post http://www.haodf.com/wenda/dryangsiyuan_g_3433753758.htm
   2016-09-29 21:29:01
   Now scraping post http://www.haodf.com/wenda/dryangsiyuan_g_3432332166.htm
   2016-09-29 21:29:03
   Now scraping post http://www.haodf.com/wenda/dryangsiyuan_g_3425163249.htm
   2016-09-29 21:29:04
   Now scraping post http://www.haodf.com/wenda/dryangsiyuan_g_3421770900.htm
   2016-09-29 21:29:06
   Now scraping post http://www.haodf.com/wenda/dryangsiyuan_g_3416025279.htm
   2016-09-29 21:29:09
   Now scraping post http://www.haodf.com/wenda/dryangsiyuan_g_3413045535.htm
  2016-09-29 21:29:11
  Now scraping page 2
   2016-09-29 21:29:11
   Now scraping post http://www.haodf.com/wenda/dryangsiyuan_g_3399103157.htm
   2016-09-29 21:29:13
   Now scraping post http://www.haodf.com/wenda/dryangsiyuan_g_3398722694.htm
   2016-09-29 21:29:14
   Now scraping post http://www.haodf.com/wenda/dryangsiyuan_g_3384808255.htm
   2016-09-29 21:29:16
   Now scraping post http://www.haodf.com/wenda/dryangsiyuan_g_3003372338.htm
   2016-09-29 21:29:19
   Now scraping post http://www.haodf.com/wenda/dryangsiyuan_g_2506709844.htm
   2016-09-29 21:29:21
   Now scraping post http://www.haodf.com/wenda/dryangsiyuan_g_2402077098.htm
   2016-09-29 21:29:22
   Now scraping post http://www.haodf.com/wenda/dryangsiyuan_g_2515794928.htm
   2016-09-29 21:29:23
   Now scraping post http://www.haodf.com/wenda/dryangsiyuan_g_2509475593.htm
   2016-09-29 21:29:24
   Now scraping post http://www.haodf.com/wenda/dryangsiyuan_g_2506819139.htm
   2016-09-29 21:29:26
   Now scraping post http://www.haodf.com/wenda/dryangsiyuan_g_2505712035.htm
   2016-09-29 21:29:28
   Now scraping post http://www.haodf.com/wenda/dryangsiyuan_g_2504818807.htm
   2016-09-29 21:29:29
   Now scraping post http://www.haodf.com/wenda/dryangsiyuan_g_2493541548.htm
   2016-09-29 21:29:30
   Now scraping post http://www.haodf.com/wenda/dryangsiyuan_g_2477623162.htm
   2016-09-29 21:29:32
   Now scraping post http://www.haodf.com/wenda/dryangsiyuan_g_2439766643.htm
   2016-09-29 21:29:33
   Now scraping post http://www.haodf.com/wenda/dryangsiyuan_g_2402788313.htm
   2016-09-29 21:29:35
   Now scraping post http://www.haodf.com/wenda/dryangsiyuan_g_2402493701.htm
   2016-09-29 21:29:35
   Now scraping post http://www.haodf.com/wenda/dryangsiyuan_g_2402146226.htm
   2016-09-29 21:29:36
   Now scraping post http://www.haodf.com/wenda/dryangsiyuan_g_2401200860.htm
   2016-09-29 21:29:38
   Now scraping post http://www.haodf.com/wenda/dryangsiyuan_g_2397709871.htm
   2016-09-29 21:29:39
   Now scraping post http://www.haodf.com/wenda/dryangsiyuan_g_2396201062.htm
   2016-09-29 21:29:41
   Now scraping post http://www.haodf.com/wenda/dryangsiyuan_g_2150874695.htm
   2016-09-29 21:29:42
   Now scraping post http://www.haodf.com/wenda/dryangsiyuan_g_924861389.htm
   2016-09-29 21:29:44
   Now scraping post http://www.haodf.com/wenda/dryangsiyuan_g_970161145.htm
   2016-09-29 21:29:46
   Now scraping post http://www.haodf.com/wenda/dryangsiyuan_g_1061361801.htm
   2016-09-29 21:29:48
   Now scraping post http://www.haodf.com/wenda/dryangsiyuan_g_1118453039.htm
  2016-09-29 21:29:49
  Now scraping page 3
   2016-09-29 21:29:49
   Now scraping post http://www.haodf.com/wenda/dryangsiyuan_g_1118457174.htm
   2016-09-29 21:29:50
   Now scraping post http://www.haodf.com/wenda/dryangsiyuan_g_1118458315.htm
   2016-09-29 21:29:51
   Now scraping post http://www.haodf.com/wenda/dryangsiyuan_g_1118455726.htm
   2016-09-29 21:29:53
   Now scraping post http://www.haodf.com/wenda/dryangsiyuan_g_1118453810.htm
   2016-09-29 21:29:53
   Now scraping post http://www.haodf.com/wenda/dryangsiyuan_g_1104598470.htm
   2016-09-29 21:29:54
   Now scraping post http://www.haodf.com/wenda/dryangsiyuan_g_1095909185.htm
   2016-09-29 21:29:55
   Now scraping post http://www.haodf.com/wenda/dryangsiyuan_g_1080819677.htm
   2016-09-29 21:29:56
   Now scraping post http://www.haodf.com/wenda/dryangsiyuan_g_1061356202.htm
   2016-09-29 21:29:57
   Now scraping post http://www.haodf.com/wenda/dryangsiyuan_g_1061351706.htm
   2016-09-29 21:29:59
   Now scraping post http://www.haodf.com/wenda/dryangsiyuan_g_1080821369.htm
   2016-09-29 21:30:00
   Now scraping post http://www.haodf.com/wenda/dryangsiyuan_g_1080818590.htm
   2016-09-29 21:30:01
   Now scraping post http://www.haodf.com/wenda/dryangsiyuan_g_1080817746.htm
   2016-09-29 21:30:02
   Now scraping post http://www.haodf.com/wenda/dryangsiyuan_g_1080816657.htm
   2016-09-29 21:30:03
   Now scraping post http://www.haodf.com/wenda/dryangsiyuan_g_1061355337.htm
   2016-09-29 21:30:05
   Now scraping post http://www.haodf.com/wenda/dryangsiyuan_g_1061349878.htm
   2016-09-29 21:30:06
   Now scraping post http://www.haodf.com/wenda/dryangsiyuan_g_1049774499.htm
   2016-09-29 21:30:08
   Now scraping post http://www.haodf.com/wenda/dryangsiyuan_g_1049774061.htm
   2016-09-29 21:30:12
   Now scraping post http://www.haodf.com/wenda/dryangsiyuan_g_1049773682.htm
   2016-09-29 21:30:13
   Now scraping post http://www.haodf.com/wenda/dryangsiyuan_g_1043838248.htm
   2016-09-29 21:30:15
   Now scraping post http://www.haodf.com/wenda/dryangsiyuan_g_1043813720.htm
   2016-09-29 21:30:17
   Now scraping post http://www.haodf.com/wenda/dryangsiyuan_g_1026712350.htm
   2016-09-29 21:30:30
   Now scraping post http://www.haodf.com/wenda/dryangsiyuan_g_1025261724.htm
   2016-09-29 21:30:33
   Now scraping post http://www.haodf.com/wenda/dryangsiyuan_g_1025260553.htm
   2016-09-29 21:30:37
   Now scraping post http://www.haodf.com/wenda/dryangsiyuan_g_979837930.htm
   2016-09-29 21:30:38
   Now scraping post http://www.haodf.com/wenda/dryangsiyuan_g_977420876.htm
  2016-09-29 21:30:40
  Now scraping page 4
   2016-09-29 21:30:41
   Now scraping post http://www.haodf.com/wenda/dryangsiyuan_g_970162556.htm
   2016-09-29 21:30:42
   Now scraping post http://www.haodf.com/wenda/dryangsiyuan_g_970161904.htm
   2016-09-29 21:30:44
   Now scraping post http://www.haodf.com/wenda/dryangsiyuan_g_654427078.htm
   2016-09-29 21:30:45
   Now scraping post http://www.haodf.com/wenda/dryangsiyuan_g_1025258858.htm
   2016-09-29 21:30:47
   Now scraping post http://www.haodf.com/wenda/dryangsiyuan_g_1025257883.htm
   2016-09-29 21:30:48
   Now scraping post http://www.haodf.com/wenda/dryangsiyuan_g_1025257518.htm
   2016-09-29 21:30:48
   Now scraping post http://www.haodf.com/wenda/dryangsiyuan_g_983140223.htm
   2016-09-29 21:30:50
   Now scraping post http://www.haodf.com/wenda/dryangsiyuan_g_979834275.htm
   2016-09-29 21:30:51
   Now scraping post http://www.haodf.com/wenda/dryangsiyuan_g_951019748.htm
   2016-09-29 21:30:53
   Now scraping post http://www.haodf.com/wenda/dryangsiyuan_g_654427041.htm
   2016-09-29 21:30:55
   Now scraping post http://www.haodf.com/wenda/dryangsiyuan_g_979842271.htm
   2016-09-29 21:30:56
   Now scraping post http://www.haodf.com/wenda/dryangsiyuan_g_979836419.htm
   2016-09-29 21:30:57
   Now scraping post http://www.haodf.com/wenda/dryangsiyuan_g_979838161.htm
   2016-09-29 21:30:59
   Now scraping post http://www.haodf.com/wenda/dryangsiyuan_g_979834792.htm
   2016-09-29 21:30:59
   Now scraping post http://www.haodf.com/wenda/dryangsiyuan_g_977597757.htm
   2016-09-29 21:31:00
   Now scraping post http://www.haodf.com/wenda/dryangsiyuan_g_977467152.htm
   2016-09-29 21:31:01
   Now scraping post http://www.haodf.com/wenda/dryangsiyuan_g_887864931.htm
   2016-09-29 21:31:02
   Now scraping post http://www.haodf.com/wenda/dryangsiyuan_g_977419747.htm
   2016-09-29 21:31:04
   Now scraping post http://www.haodf.com/wenda/dryangsiyuan_g_949402779.htm
   2016-09-29 21:31:06
   Now scraping post http://www.haodf.com/wenda/dryangsiyuan_g_840277432.htm
   2016-09-29 21:31:06
   Now scraping post http://www.haodf.com/wenda/dryangsiyuan_g_937671063.htm
   2016-09-29 21:31:10
   Now scraping post http://www.haodf.com/wenda/dryangsiyuan_g_951017505.htm
   2016-09-29 21:31:11
   Now scraping post http://www.haodf.com/wenda/dryangsiyuan_g_949419541.htm
   2016-09-29 21:31:12
   Now scraping post http://www.haodf.com/wenda/dryangsiyuan_g_949418309.htm
   2016-09-29 21:31:13
   Now scraping post http://www.haodf.com/wenda/dryangsiyuan_g_949417528.htm
  2016-09-29 21:31:15
  Now scraping page 5
   2016-09-29 21:31:16
   Now scraping post http://www.haodf.com/wenda/dryangsiyuan_g_949414746.htm
   2016-09-29 21:31:19
   Now scraping post http://www.haodf.com/wenda/dryangsiyuan_g_949411437.htm
   2016-09-29 21:31:25
   Now scraping post http://www.haodf.com/wenda/dryangsiyuan_g_949405942.htm
   2016-09-29 21:31:29
   Now scraping post http://www.haodf.com/wenda/dryangsiyuan_g_924481880.htm
   2016-09-29 21:31:43
   Now scraping post http://www.haodf.com/wenda/dryangsiyuan_g_941293526.htm
   2016-09-29 21:31:45
   Now scraping post http://www.haodf.com/wenda/dryangsiyuan_g_939189003.htm
   2016-09-29 21:31:50
   Now scraping post http://www.haodf.com/wenda/dryangsiyuan_g_937669403.htm
   2016-09-29 21:31:55
   Now scraping post http://www.haodf.com/wenda/dryangsiyuan_g_937675514.htm
   2016-09-29 21:31:59
   Now scraping post http://www.haodf.com/wenda/dryangsiyuan_g_937672327.htm
   2016-09-29 21:32:00
   Now scraping post http://www.haodf.com/wenda/dryangsiyuan_g_937673025.htm
   2016-09-29 21:32:02
   Now scraping post http://www.haodf.com/wenda/dryangsiyuan_g_931343763.htm
   2016-09-29 21:32:03
   Now scraping post http://www.haodf.com/wenda/dryangsiyuan_g_922225008.htm
   2016-09-29 21:32:05
   Now scraping post http://www.haodf.com/wenda/dryangsiyuan_g_928207685.htm
   2016-09-29 21:32:05
   Now scraping post http://www.haodf.com/wenda/dryangsiyuan_g_926081561.htm
   2016-09-29 21:32:06
   Now scraping post http://www.haodf.com/wenda/dryangsiyuan_g_922221357.htm
   2016-09-29 21:32:08
   Now scraping post http://www.haodf.com/wenda/dryangsiyuan_g_922219575.htm
   2016-09-29 21:32:17
   Now scraping post http://www.haodf.com/wenda/dryangsiyuan_g_921824904.htm
   2016-09-29 21:32:18
   Now scraping post http://www.haodf.com/wenda/dryangsiyuan_g_920085012.htm
   2016-09-29 21:32:20
   Now scraping post http://www.haodf.com/wenda/dryangsiyuan_g_920084105.htm
   2016-09-29 21:32:21
   Now scraping post http://www.haodf.com/wenda/dryangsiyuan_g_920083336.htm
   2016-09-29 21:32:23
   Now scraping post http://www.haodf.com/wenda/dryangsiyuan_g_920081298.htm
   2016-09-29 21:32:24
   Now scraping post http://www.haodf.com/wenda/dryangsiyuan_g_920056648.htm
   2016-09-29 21:32:24
   Now scraping post http://www.haodf.com/wenda/dryangsiyuan_g_920057082.htm
   2016-09-29 21:32:27
   Now scraping post http://www.haodf.com/wenda/dryangsiyuan_g_879134054.htm
   2016-09-29 21:32:27
   Now scraping post http://www.haodf.com/wenda/dryangsiyuan_g_905751669.htm
  2016-09-29 21:32:28
  Now scraping page 6
   2016-09-29 21:32:29
   Now scraping post http://www.haodf.com/wenda/dryangsiyuan_g_904973464.htm
   2016-09-29 21:32:30
   Now scraping post http://www.haodf.com/wenda/dryangsiyuan_g_904971202.htm
   2016-09-29 21:32:32
   Now scraping post http://www.haodf.com/wenda/dryangsiyuan_g_907161651.htm
   2016-09-29 21:32:33
   Now scraping post http://www.haodf.com/wenda/dryangsiyuan_g_759228837.htm
   2016-09-29 21:32:34
   Now scraping post http://www.haodf.com/wenda/dryangsiyuan_g_905228571.htm
   2016-09-29 21:32:36
   Now scraping post http://www.haodf.com/wenda/dryangsiyuan_g_904974715.htm
   2016-09-29 21:32:38
   Now scraping post http://www.haodf.com/wenda/dryangsiyuan_g_878751823.htm
   2016-09-29 21:32:39
   Now scraping post http://www.haodf.com/wenda/dryangsiyuan_g_899034753.htm
   2016-09-29 21:32:41
   Now scraping post http://www.haodf.com/wenda/dryangsiyuan_g_887864314.htm
   2016-09-29 21:32:44
   Now scraping post http://www.haodf.com/wenda/dryangsiyuan_g_893486390.htm
   2016-09-29 21:32:45
   Now scraping post http://www.haodf.com/wenda/dryangsiyuan_g_893487068.htm
   2016-09-29 21:32:47
   Now scraping post http://www.haodf.com/wenda/dryangsiyuan_g_883353664.htm
   2016-09-29 21:32:48
   Now scraping post http://www.haodf.com/wenda/dryangsiyuan_g_879134973.htm
   2016-09-29 21:32:51
   Now scraping post http://www.haodf.com/wenda/dryangsiyuan_g_805403594.htm
   2016-09-29 21:32:52
   Now scraping post http://www.haodf.com/wenda/dryangsiyuan_g_840286567.htm
   2016-09-29 21:32:53
   Now scraping post http://www.haodf.com/wenda/dryangsiyuan_g_845301643.htm
   2016-09-29 21:32:54
   Now scraping post http://www.haodf.com/wenda/dryangsiyuan_g_845299982.htm
   2016-09-29 21:32:55
   Now scraping post http://www.haodf.com/wenda/dryangsiyuan_g_840210344.htm
   2016-09-29 21:32:56
   Now scraping post http://www.haodf.com/wenda/dryangsiyuan_g_841879249.htm
   2016-09-29 21:32:58
   Now scraping post http://www.haodf.com/wenda/dryangsiyuan_g_841878839.htm
   2016-09-29 21:32:58
   Now scraping post http://www.haodf.com/wenda/dryangsiyuan_g_840287798.htm
   2016-09-29 21:33:00
   Now scraping post http://www.haodf.com/wenda/dryangsiyuan_g_840274052.htm
   2016-09-29 21:33:01
   Now scraping post http://www.haodf.com/wenda/dryangsiyuan_g_836240006.htm
   2016-09-29 21:33:02
   Now scraping post http://www.haodf.com/wenda/dryangsiyuan_g_807216787.htm
   2016-09-29 21:33:03
   Now scraping post http://www.haodf.com/wenda/dryangsiyuan_g_835261088.htm
  2016-09-29 21:33:05
  Now scraping page 7
   2016-09-29 21:33:06
   Now scraping post http://www.haodf.com/wenda/dryangsiyuan_g_801145752.htm
   2016-09-29 21:33:08
   Now scraping post http://www.haodf.com/wenda/dryangsiyuan_g_809293333.htm
   2016-09-29 21:33:10
   Now scraping post http://www.haodf.com/wenda/dryangsiyuan_g_789758812.htm
   2016-09-29 21:33:10
   Now scraping post http://www.haodf.com/wenda/dryangsiyuan_g_813921396.htm
   2016-09-29 21:33:12
   Now scraping post http://www.haodf.com/wenda/dryangsiyuan_g_812960076.htm
   2016-09-29 21:33:13
   Now scraping post http://www.haodf.com/wenda/dryangsiyuan_g_812959907.htm
   2016-09-29 21:33:14
   Now scraping post http://www.haodf.com/wenda/dryangsiyuan_g_812959780.htm
   2016-09-29 21:33:15
   Now scraping post http://www.haodf.com/wenda/dryangsiyuan_g_812959675.htm
   2016-09-29 21:33:16
   Now scraping post http://www.haodf.com/wenda/dryangsiyuan_g_811830565.htm
   2016-09-29 21:33:17
   Now scraping post http://www.haodf.com/wenda/dryangsiyuan_g_805407193.htm
   2016-09-29 21:33:18
   Now scraping post http://www.haodf.com/wenda/dryangsiyuan_g_805406453.htm
   2016-09-29 21:33:20
   Now scraping post http://www.haodf.com/wenda/dryangsiyuan_g_806133959.htm
   2016-09-29 21:33:21
   Now scraping post http://www.haodf.com/wenda/dryangsiyuan_g_806133079.htm
   2016-09-29 21:33:22
   Now scraping post http://www.haodf.com/wenda/dryangsiyuan_g_805404077.htm
   2016-09-29 21:33:24
   Now scraping post http://www.haodf.com/wenda/dryangsiyuan_g_804031897.htm
   2016-09-29 21:33:25
   Now scraping post http://www.haodf.com/wenda/dryangsiyuan_g_804031116.htm
   2016-09-29 21:33:26
   Now scraping post http://www.haodf.com/wenda/dryangsiyuan_g_804029614.htm
   2016-09-29 21:33:27
   Now scraping post http://www.haodf.com/wenda/dryangsiyuan_g_800494430.htm
   2016-09-29 21:33:28
   Now scraping post http://www.haodf.com/wenda/dryangsiyuan_g_794780349.htm
   2016-09-29 21:33:30
   Now scraping post http://www.haodf.com/wenda/dryangsiyuan_g_800486355.htm
   2016-09-29 21:33:32
   Now scraping post http://www.haodf.com/wenda/dryangsiyuan_g_800484668.htm
   2016-09-29 21:33:33
   Now scraping post http://www.haodf.com/wenda/dryangsiyuan_g_796927241.htm
   2016-09-29 21:33:34
   Now scraping post http://www.haodf.com/wenda/dryangsiyuan_g_796057765.htm
   2016-09-29 21:33:36
   Now scraping post http://www.haodf.com/wenda/dryangsiyuan_g_780495119.htm
   2016-09-29 21:33:38
   Now scraping post http://www.haodf.com/wenda/dryangsiyuan_g_794784592.htm
  2016-09-29 21:33:40
  Now scraping page 8
   2016-09-29 21:33:45
   Now scraping post http://www.haodf.com/wenda/dryangsiyuan_g_779986075.htm
   2016-09-29 21:33:52
   Now scraping post http://www.haodf.com/wenda/dryangsiyuan_g_794788168.htm
   2016-09-29 21:33:55
   Now scraping post http://www.haodf.com/wenda/dryangsiyuan_g_794783310.htm
   2016-09-29 21:33:56
   Now scraping post http://www.haodf.com/wenda/dryangsiyuan_g_794776689.htm
   2016-09-29 21:33:58
   Now scraping post http://www.haodf.com/wenda/dryangsiyuan_g_793768891.htm
   2016-09-29 21:33:59
   Now scraping post http://www.haodf.com/wenda/dryangsiyuan_g_793765702.htm
   2016-09-29 21:34:01
   Now scraping post http://www.haodf.com/wenda/dryangsiyuan_g_789759937.htm
   2016-09-29 21:34:02
   Now scraping post http://www.haodf.com/wenda/dryangsiyuan_g_789747786.htm
   2016-09-29 21:34:04
   Now scraping post http://www.haodf.com/wenda/dryangsiyuan_g_789746906.htm
   2016-09-29 21:34:06
   Now scraping post http://www.haodf.com/wenda/dryangsiyuan_g_787525983.htm
   2016-09-29 21:34:09
   Now scraping post http://www.haodf.com/wenda/dryangsiyuan_g_787528182.htm
   2016-09-29 21:34:10
   Now scraping post http://www.haodf.com/wenda/dryangsiyuan_g_786895868.htm
   2016-09-29 21:34:11
   Now scraping post http://www.haodf.com/wenda/dryangsiyuan_g_786895047.htm
   2016-09-29 21:34:12
   Now scraping post http://www.haodf.com/wenda/dryangsiyuan_g_786892728.htm
   2016-09-29 21:34:18
   Now scraping post http://www.haodf.com/wenda/dryangsiyuan_g_783213853.htm
   2016-09-29 21:34:21
   Now scraping post http://www.haodf.com/wenda/dryangsiyuan_g_762194271.htm
   2016-09-29 21:34:24
   Now scraping post http://www.haodf.com/wenda/dryangsiyuan_g_759255961.htm
   2016-09-29 21:34:30
   Now scraping post http://www.haodf.com/wenda/dryangsiyuan_g_767619118.htm
   2016-09-29 21:34:40
   Now scraping post http://www.haodf.com/wenda/dryangsiyuan_g_779986347.htm
   2016-09-29 21:34:41
   Now scraping post http://www.haodf.com/wenda/dryangsiyuan_g_779985893.htm
   2016-09-29 21:34:42
   Now scraping post http://www.haodf.com/wenda/dryangsiyuan_g_779985780.htm
   2016-09-29 21:34:43
   Now scraping post http://www.haodf.com/wenda/dryangsiyuan_g_779985644.htm
   2016-09-29 21:34:44
   Now scraping post http://www.haodf.com/wenda/dryangsiyuan_g_779985346.htm
   2016-09-29 21:34:45
   Now scraping post http://www.haodf.com/wenda/dryangsiyuan_g_766536231.htm
   2016-09-29 21:34:47
   Now scraping post http://www.haodf.com/wenda/dryangsiyuan_g_767618581.htm
  2016-09-29 21:34:48
  Now scraping page 9
   2016-09-29 21:34:49
   Now scraping post http://www.haodf.com/wenda/dryangsiyuan_g_766536632.htm
   2016-09-29 21:34:50
   Now scraping post http://www.haodf.com/wenda/dryangsiyuan_g_759233384.htm
   2016-09-29 21:34:52
   Now scraping post http://www.haodf.com/wenda/dryangsiyuan_g_759231618.htm
   2016-09-29 21:34:53
   Now scraping post http://www.haodf.com/wenda/dryangsiyuan_g_764188120.htm
   2016-09-29 21:34:54
   Now scraping post http://www.haodf.com/wenda/dryangsiyuan_g_763948249.htm
   2016-09-29 21:34:55
   Now scraping post http://www.haodf.com/wenda/dryangsiyuan_g_762193370.htm
   2016-09-29 21:34:56
   Now scraping post http://www.haodf.com/wenda/dryangsiyuan_g_760494980.htm
   2016-09-29 21:34:57
   Now scraping post http://www.haodf.com/wenda/dryangsiyuan_g_760291453.htm
   2016-09-29 21:34:58
   Now scraping post http://www.haodf.com/wenda/dryangsiyuan_g_759257592.htm
   2016-09-29 21:34:59
   Now scraping post http://www.haodf.com/wenda/dryangsiyuan_g_759236020.htm
   2016-09-29 21:35:01
   Now scraping post http://www.haodf.com/wenda/dryangsiyuan_g_759236340.htm
   2016-09-29 21:35:02
   Now scraping post http://www.haodf.com/wenda/dryangsiyuan_g_759235056.htm
   2016-09-29 21:35:03
   Now scraping post http://www.haodf.com/wenda/dryangsiyuan_g_750920595.htm
   2016-09-29 21:35:05
   Now scraping post http://www.haodf.com/wenda/dryangsiyuan_g_750921476.htm
   2016-09-29 21:35:05
   Now scraping post http://www.haodf.com/wenda/dryangsiyuan_g_750920364.htm
   2016-09-29 21:35:08
   Now scraping post http://www.haodf.com/wenda/dryangsiyuan_g_750919657.htm
   2016-09-29 21:35:09
   Now scraping post http://www.haodf.com/wenda/dryangsiyuan_g_654427086.htm
   2016-09-29 21:35:11
   Now scraping post http://www.haodf.com/wenda/dryangsiyuan_g_744405636.htm
   2016-09-29 21:35:12
   Now scraping post http://www.haodf.com/wenda/dryangsiyuan_g_665027764.htm
   2016-09-29 21:35:13
   Now scraping post http://www.haodf.com/wenda/dryangsiyuan_g_670484271.htm
   2016-09-29 21:35:14
   Now scraping post http://www.haodf.com/wenda/dryangsiyuan_g_744328771.htm
   2016-09-29 21:35:19
   Now scraping post http://www.haodf.com/wenda/dryangsiyuan_g_744328178.htm
   2016-09-29 21:35:20
   Now scraping post http://www.haodf.com/wenda/dryangsiyuan_g_744327599.htm
   2016-09-29 21:35:21
   Now scraping post http://www.haodf.com/wenda/dryangsiyuan_g_744327269.htm
   2016-09-29 21:35:23
   Now scraping post http://www.haodf.com/wenda/dryangsiyuan_g_744326361.htm
  2016-09-29 21:35:24
  Now scraping page 10
   2016-09-29 21:35:24
   Now scraping post http://www.haodf.com/wenda/dryangsiyuan_g_670476020.htm
   2016-09-29 21:35:26
   Now scraping post http://www.haodf.com/wenda/dryangsiyuan_g_670474405.htm
   2016-09-29 21:35:28
   Now scraping post http://www.haodf.com/wenda/dryangsiyuan_g_670297497.htm
   2016-09-29 21:35:29
   Now scraping post http://www.haodf.com/wenda/dryangsiyuan_g_665031662.htm
   2016-09-29 21:35:30
   Now scraping post http://www.haodf.com/wenda/dryangsiyuan_g_665030444.htm
   2016-09-29 21:35:32
   Now scraping post http://www.haodf.com/wenda/dryangsiyuan_g_665026176.htm
   2016-09-29 21:35:33
   Now scraping post http://www.haodf.com/wenda/dryangsiyuan_g_664743960.htm
   2016-09-29 21:35:35
   Now scraping post http://www.haodf.com/wenda/dryangsiyuan_g_664742522.htm
   2016-09-29 21:35:36
   Now scraping post http://www.haodf.com/wenda/dryangsiyuan_g_664692976.htm
   2016-09-29 21:35:38
   Now scraping post http://www.haodf.com/wenda/dryangsiyuan_g_664114459.htm
   2016-09-29 21:35:39
   Now scraping post http://www.haodf.com/wenda/dryangsiyuan_g_654427106.htm
   2016-09-29 21:35:41
   Now scraping post http://www.haodf.com/wenda/dryangsiyuan_g_656530962.htm
   2016-09-29 21:35:42
   Now scraping post http://www.haodf.com/wenda/dryangsiyuan_g_656529897.htm
   2016-09-29 21:35:43
   Now scraping post http://www.haodf.com/wenda/dryangsiyuan_g_654427105.htm
   2016-09-29 21:35:44
   Now scraping post http://www.haodf.com/wenda/dryangsiyuan_g_654427103.htm
   2016-09-29 21:35:45
   Now scraping post http://www.haodf.com/wenda/dryangsiyuan_g_654427101.htm
   2016-09-29 21:35:46
   Now scraping post http://www.haodf.com/wenda/dryangsiyuan_g_654427104.htm
   2016-09-29 21:35:47
   Now scraping post http://www.haodf.com/wenda/dryangsiyuan_g_654427102.htm
   2016-09-29 21:35:48
   Now scraping post http://www.haodf.com/wenda/dryangsiyuan_g_654427100.htm
   2016-09-29 21:35:50
   Now scraping post http://www.haodf.com/wenda/dryangsiyuan_g_654427099.htm
   2016-09-29 21:35:51
   Now scraping post http://www.haodf.com/wenda/dryangsiyuan_g_654427098.htm
   2016-09-29 21:35:52
   Now scraping post http://www.haodf.com/wenda/dryangsiyuan_g_654427096.htm
   2016-09-29 21:35:55
   Now scraping post http://www.haodf.com/wenda/dryangsiyuan_g_654427097.htm
   2016-09-29 21:35:55
   Now scraping post http://www.haodf.com/wenda/dryangsiyuan_g_654427092.htm
   2016-09-29 21:35:57
   Now scraping post http://www.haodf.com/wenda/dryangsiyuan_g_654427093.htm
  2016-09-29 21:35:58
  Now scraping page 11
   2016-09-29 21:35:58
   Now scraping post http://www.haodf.com/wenda/dryangsiyuan_g_654427094.htm
   2016-09-29 21:35:59
   Now scraping post http://www.haodf.com/wenda/dryangsiyuan_g_654427095.htm
   2016-09-29 21:36:01
   Now scraping post http://www.haodf.com/wenda/dryangsiyuan_g_654427070.htm
   2016-09-29 21:36:02
   Now scraping post http://www.haodf.com/wenda/dryangsiyuan_g_654427077.htm
   2016-09-29 21:36:05
   Now scraping post http://www.haodf.com/wenda/dryangsiyuan_g_654427091.htm
   2016-09-29 21:36:07
   Now scraping post http://www.haodf.com/wenda/dryangsiyuan_g_654427090.htm
   2016-09-29 21:36:08
   Now scraping post http://www.haodf.com/wenda/dryangsiyuan_g_654427089.htm
   2016-09-29 21:36:10
   Now scraping post http://www.haodf.com/wenda/dryangsiyuan_g_654427088.htm
   2016-09-29 21:36:11
   Now scraping post http://www.haodf.com/wenda/dryangsiyuan_g_654427046.htm
   2016-09-29 21:36:14
   Now scraping post http://www.haodf.com/wenda/dryangsiyuan_g_654427067.htm
   2016-09-29 21:36:16
   Now scraping post http://www.haodf.com/wenda/dryangsiyuan_g_654427063.htm
   2016-09-29 21:36:16
   Now scraping post http://www.haodf.com/wenda/dryangsiyuan_g_654427087.htm
   2016-09-29 21:36:18
   Now scraping post http://www.haodf.com/wenda/dryangsiyuan_g_654427083.htm
   2016-09-29 21:36:19
   Now scraping post http://www.haodf.com/wenda/dryangsiyuan_g_654427084.htm
   2016-09-29 21:36:20
   Now scraping post http://www.haodf.com/wenda/dryangsiyuan_g_654427085.htm
   2016-09-29 21:36:21
   Now scraping post http://www.haodf.com/wenda/dryangsiyuan_g_654427082.htm
   2016-09-29 21:36:22
   Now scraping post http://www.haodf.com/wenda/dryangsiyuan_g_654427079.htm
   2016-09-29 21:36:23
   Now scraping post http://www.haodf.com/wenda/dryangsiyuan_g_654427081.htm
   2016-09-29 21:36:24
   Now scraping post http://www.haodf.com/wenda/dryangsiyuan_g_654427080.htm
   2016-09-29 21:36:26
   Now scraping post http://www.haodf.com/wenda/dryangsiyuan_g_654427069.htm
   2016-09-29 21:36:27
   Now scraping post http://www.haodf.com/wenda/dryangsiyuan_g_654427075.htm
   2016-09-29 21:36:29
   Now scraping post http://www.haodf.com/wenda/dryangsiyuan_g_654427050.htm
   2016-09-29 21:36:30
   Now scraping post http://www.haodf.com/wenda/dryangsiyuan_g_654427076.htm
   2016-09-29 21:36:31
   Now scraping post http://www.haodf.com/wenda/dryangsiyuan_g_654427071.htm
   2016-09-29 21:36:32
   Now scraping post http://www.haodf.com/wenda/dryangsiyuan_g_654427068.htm
  2016-09-29 21:36:33
  Now scraping page 12
   2016-09-29 21:36:35
   Now scraping post http://www.haodf.com/wenda/dryangsiyuan_g_654427066.htm
   2016-09-29 21:36:37
   Now scraping post http://www.haodf.com/wenda/dryangsiyuan_g_654427065.htm
   2016-09-29 21:36:38
   Now scraping post http://www.haodf.com/wenda/dryangsiyuan_g_654427064.htm
   2016-09-29 21:36:38
   Now scraping post http://www.haodf.com/wenda/dryangsiyuan_g_654427045.htm
   2016-09-29 21:36:40
   Now scraping post http://www.haodf.com/wenda/dryangsiyuan_g_654427059.htm
   2016-09-29 21:36:42
   Now scraping post http://www.haodf.com/wenda/dryangsiyuan_g_654427061.htm
   2016-09-29 21:36:43
   Now scraping post http://www.haodf.com/wenda/dryangsiyuan_g_654427055.htm
   2016-09-29 21:36:44
   Now scraping post http://www.haodf.com/wenda/dryangsiyuan_g_654427062.htm
   2016-09-29 21:36:46
   Now scraping post http://www.haodf.com/wenda/dryangsiyuan_g_654427060.htm
   2016-09-29 21:36:49
   Now scraping post http://www.haodf.com/wenda/dryangsiyuan_g_654427058.htm
   2016-09-29 21:36:51
   Now scraping post http://www.haodf.com/wenda/dryangsiyuan_g_654427057.htm
   2016-09-29 21:36:52
   Now scraping post http://www.haodf.com/wenda/dryangsiyuan_g_654427056.htm
   2016-09-29 21:36:53
   Now scraping post http://www.haodf.com/wenda/dryangsiyuan_g_654427047.htm
   2016-09-29 21:36:55
   Now scraping post http://www.haodf.com/wenda/dryangsiyuan_g_654427051.htm
   2016-09-29 21:36:56
   Now scraping post http://www.haodf.com/wenda/dryangsiyuan_g_654427054.htm
   2016-09-29 21:36:58
   Now scraping post http://www.haodf.com/wenda/dryangsiyuan_g_654427053.htm
   2016-09-29 21:36:59
   Now scraping post http://www.haodf.com/wenda/dryangsiyuan_g_654427052.htm
   2016-09-29 21:37:00
   Now scraping post http://www.haodf.com/wenda/dryangsiyuan_g_654427049.htm
   2016-09-29 21:37:01
   Now scraping post http://www.haodf.com/wenda/dryangsiyuan_g_654427048.htm
   2016-09-29 21:37:02
   Now scraping post http://www.haodf.com/wenda/dryangsiyuan_g_654427035.htm
   2016-09-29 21:37:03
   Now scraping post http://www.haodf.com/wenda/dryangsiyuan_g_654427031.htm
   2016-09-29 21:37:05
   Now scraping post http://www.haodf.com/wenda/dryangsiyuan_g_654427044.htm
   2016-09-29 21:37:06
   Now scraping post http://www.haodf.com/wenda/dryangsiyuan_g_654427043.htm
   2016-09-29 21:37:07
   Now scraping post http://www.haodf.com/wenda/dryangsiyuan_g_654427042.htm
   2016-09-29 21:37:08
   Now scraping post http://www.haodf.com/wenda/dryangsiyuan_g_654427040.htm
  2016-09-29 21:37:09
  Now scraping page 13
   2016-09-29 21:37:11
   Now scraping post http://www.haodf.com/wenda/dryangsiyuan_g_654427039.htm
   2016-09-29 21:37:12
   Now scraping post http://www.haodf.com/wenda/dryangsiyuan_g_654427037.htm
   2016-09-29 21:37:13
   Now scraping post http://www.haodf.com/wenda/dryangsiyuan_g_654427038.htm
   2016-09-29 21:37:14
   Now scraping post http://www.haodf.com/wenda/dryangsiyuan_g_654427036.htm
   2016-09-29 21:37:16
   Now scraping post http://www.haodf.com/wenda/dryangsiyuan_g_654427034.htm
   2016-09-29 21:37:17
   Now scraping post http://www.haodf.com/wenda/dryangsiyuan_g_654427033.htm
   2016-09-29 21:37:20
   Now scraping post http://www.haodf.com/wenda/dryangsiyuan_g_654427001.htm
   2016-09-29 21:37:21
   Now scraping post http://www.haodf.com/wenda/dryangsiyuan_g_654427032.htm
   2016-09-29 21:37:22
   Now scraping post http://www.haodf.com/wenda/dryangsiyuan_g_654427030.htm
   2016-09-29 21:37:24
   Now scraping post http://www.haodf.com/wenda/dryangsiyuan_g_654427029.htm
   2016-09-29 21:37:25
   Now scraping post http://www.haodf.com/wenda/dryangsiyuan_g_654427025.htm
   2016-09-29 21:37:26
   Now scraping post http://www.haodf.com/wenda/dryangsiyuan_g_654427019.htm
   2016-09-29 21:37:28
   Now scraping post http://www.haodf.com/wenda/dryangsiyuan_g_654427028.htm
   2016-09-29 21:37:29
   Now scraping post http://www.haodf.com/wenda/dryangsiyuan_g_654427027.htm
   2016-09-29 21:37:31
   Now scraping post http://www.haodf.com/wenda/dryangsiyuan_g_654427024.htm
   2016-09-29 21:37:32
   Now scraping post http://www.haodf.com/wenda/dryangsiyuan_g_654427023.htm
   2016-09-29 21:37:33
   Now scraping post http://www.haodf.com/wenda/dryangsiyuan_g_654427005.htm
   2016-09-29 21:37:34
   Now scraping post http://www.haodf.com/wenda/dryangsiyuan_g_654427026.htm
   2016-09-29 21:37:35
   Now scraping post http://www.haodf.com/wenda/dryangsiyuan_g_654426999.htm
   2016-09-29 21:37:36
   Now scraping post http://www.haodf.com/wenda/dryangsiyuan_g_654427022.htm
   2016-09-29 21:37:38
   Now scraping post http://www.haodf.com/wenda/dryangsiyuan_g_654427021.htm
   2016-09-29 21:37:40
   Now scraping post http://www.haodf.com/wenda/dryangsiyuan_g_654427020.htm
   2016-09-29 21:37:41
   Now scraping post http://www.haodf.com/wenda/dryangsiyuan_g_654427000.htm
   2016-09-29 21:37:43
   Now scraping post http://www.haodf.com/wenda/dryangsiyuan_g_654427017.htm
   2016-09-29 21:37:44
   Now scraping post http://www.haodf.com/wenda/dryangsiyuan_g_654427018.htm
  2016-09-29 21:37:45
  Now scraping page 14
   2016-09-29 21:37:46
   Now scraping post http://www.haodf.com/wenda/dryangsiyuan_g_654427014.htm
   2016-09-29 21:37:48
   Now scraping post http://www.haodf.com/wenda/dryangsiyuan_g_654427015.htm
   2016-09-29 21:37:49
   Now scraping post http://www.haodf.com/wenda/dryangsiyuan_g_654427016.htm
   2016-09-29 21:37:51
   Now scraping post http://www.haodf.com/wenda/dryangsiyuan_g_654427013.htm
   2016-09-29 21:37:53
   Now scraping post http://www.haodf.com/wenda/dryangsiyuan_g_654427011.htm
   2016-09-29 21:37:54
   Now scraping post http://www.haodf.com/wenda/dryangsiyuan_g_654427012.htm
   2016-09-29 21:37:55
   Now scraping post http://www.haodf.com/wenda/dryangsiyuan_g_654427010.htm
   2016-09-29 21:37:57
   Now scraping post http://www.haodf.com/wenda/dryangsiyuan_g_654427003.htm
   2016-09-29 21:37:59
   Now scraping post http://www.haodf.com/wenda/dryangsiyuan_g_654427008.htm
   2016-09-29 21:38:05
   Now scraping post http://www.haodf.com/wenda/dryangsiyuan_g_654427009.htm
   2016-09-29 21:38:06
   Now scraping post http://www.haodf.com/wenda/dryangsiyuan_g_654427004.htm
   2016-09-29 21:38:07
   Now scraping post http://www.haodf.com/wenda/dryangsiyuan_g_654427007.htm
   2016-09-29 21:38:08
   Now scraping post http://www.haodf.com/wenda/dryangsiyuan_g_654427002.htm
   2016-09-29 21:38:10
   Now scraping post http://www.haodf.com/wenda/dryangsiyuan_g_654427006.htm
   2016-09-29 21:38:11
   Now scraping post http://www.haodf.com/wenda/dryangsiyuan_g_654426998.htm
   2016-09-29 21:38:12
   Now scraping post http://www.haodf.com/wenda/dryangsiyuan_g_654426994.htm
   2016-09-29 21:38:14
   Now scraping post http://www.haodf.com/wenda/dryangsiyuan_g_654426992.htm
   2016-09-29 21:38:15
   Now scraping post http://www.haodf.com/wenda/dryangsiyuan_g_654426989.htm
   2016-09-29 21:38:16
   Now scraping post http://www.haodf.com/wenda/dryangsiyuan_g_654426996.htm
   2016-09-29 21:38:17
   Now scraping post http://www.haodf.com/wenda/dryangsiyuan_g_654426988.htm
   2016-09-29 21:38:18
   Now scraping post http://www.haodf.com/wenda/dryangsiyuan_g_654426995.htm
   2016-09-29 21:38:19
   Now scraping post http://www.haodf.com/wenda/dryangsiyuan_g_654426987.htm
   2016-09-29 21:38:20
   Now scraping post http://www.haodf.com/wenda/dryangsiyuan_g_654426986.htm
   2016-09-29 21:38:21
   Now scraping post http://www.haodf.com/wenda/dryangsiyuan_g_654426990.htm
   2016-09-29 21:38:22
   Now scraping post http://www.haodf.com/wenda/dryangsiyuan_g_654426993.htm
  2016-09-29 21:38:24
  Now scraping page 15
   2016-09-29 21:38:24
   Now scraping post http://www.haodf.com/wenda/dryangsiyuan_g_654426997.htm
   2016-09-29 21:38:26
   Now scraping post http://www.haodf.com/wenda/dryangsiyuan_g_654426991.htm
2016-09-29 21:38:27
[32m Finish![0m scraped 15 pages, 297 Q&As out of 352 posts.

