 2016-09-29 21:28:38
 Now scraping doctor 周甄会
  2016-09-29 21:28:40
  Now scraping page 1
   2016-09-29 21:28:40
   Now scraping post http://www.haodf.com/wenda/zhouzhenhuidr_g_4333162717.htm
   2016-09-29 21:28:41
   Now scraping post http://www.haodf.com/wenda/zhouzhenhuidr_g_4067633152.htm
   2016-09-29 21:28:42
   Now scraping post http://www.haodf.com/wenda/zhouzhenhuidr_g_4571129948.htm
   2016-09-29 21:28:44
   Now scraping post http://www.haodf.com/wenda/zhouzhenhuidr_g_4514703343.htm
   2016-09-29 21:28:45
   Now scraping post http://www.haodf.com/wenda/zhouzhenhuidr_g_4502681234.htm
   2016-09-29 21:28:46
   Now scraping post http://www.haodf.com/wenda/zhouzhenhuidr_g_4312301014.htm
   2016-09-29 21:28:48
   Now scraping post http://www.haodf.com/wenda/zhouzhenhuidr_g_3827381599.htm
   2016-09-29 21:28:49
   Now scraping post http://www.haodf.com/wenda/zhouzhenhuidr_g_4406005897.htm
   2016-09-29 21:28:52
   Now scraping post http://www.haodf.com/wenda/zhouzhenhuidr_g_4022940992.htm
   2016-09-29 21:28:52
   Now scraping post http://www.haodf.com/wenda/zhouzhenhuidr_g_4376654891.htm
   2016-09-29 21:28:53
   Now scraping post http://www.haodf.com/wenda/zhouzhenhuidr_g_4010240570.htm
   2016-09-29 21:28:54
   Now scraping post http://www.haodf.com/wenda/zhouzhenhuidr_g_4161055518.htm
   2016-09-29 21:28:55
   Now scraping post http://www.haodf.com/wenda/zhouzhenhuidr_g_4362054726.htm
   2016-09-29 21:28:57
   Now scraping post http://www.haodf.com/wenda/zhouzhenhuidr_g_4141005143.htm
   2016-09-29 21:28:58
   Now scraping post http://www.haodf.com/wenda/zhouzhenhuidr_g_4381137739.htm
   2016-09-29 21:28:59
   Now scraping post http://www.haodf.com/wenda/zhouzhenhuidr_g_4355950274.htm
   2016-09-29 21:29:00
   Now scraping post http://www.haodf.com/wenda/zhouzhenhuidr_g_4391968206.htm
   2016-09-29 21:29:01
   Now scraping post http://www.haodf.com/wenda/zhouzhenhuidr_g_4391797552.htm
   2016-09-29 21:29:02
   Now scraping post http://www.haodf.com/wenda/zhouzhenhuidr_g_4380830374.htm
   2016-09-29 21:29:03
   Now scraping post http://www.haodf.com/wenda/zhouzhenhuidr_g_3882371608.htm
   2016-09-29 21:29:04
   Now scraping post http://www.haodf.com/wenda/zhouzhenhuidr_g_4377862890.htm
   2016-09-29 21:29:05
   Now scraping post http://www.haodf.com/wenda/zhouzhenhuidr_g_4368277336.htm
   2016-09-29 21:29:06
   Now scraping post http://www.haodf.com/wenda/zhouzhenhuidr_g_4315788863.htm
   2016-09-29 21:29:07
   Now scraping post http://www.haodf.com/wenda/zhouzhenhuidr_g_4125657150.htm
   2016-09-29 21:29:08
   Now scraping post http://www.haodf.com/wenda/zhouzhenhuidr_g_4377645886.htm
  2016-09-29 21:29:09
  Now scraping page 2
   2016-09-29 21:29:09
   Now scraping post http://www.haodf.com/wenda/zhouzhenhuidr_g_4361980015.htm
   2016-09-29 21:29:10
   Now scraping post http://www.haodf.com/wenda/zhouzhenhuidr_g_4360297766.htm
   2016-09-29 21:29:11
   Now scraping post http://www.haodf.com/wenda/zhouzhenhuidr_g_4355940079.htm
   2016-09-29 21:29:12
   Now scraping post http://www.haodf.com/wenda/zhouzhenhuidr_g_4351230886.htm
   2016-09-29 21:29:14
   Now scraping post http://www.haodf.com/wenda/zhouzhenhuidr_g_4349486388.htm
   2016-09-29 21:29:14
   Now scraping post http://www.haodf.com/wenda/zhouzhenhuidr_g_4341905040.htm
   2016-09-29 21:29:16
   Now scraping post http://www.haodf.com/wenda/zhouzhenhuidr_g_4332721688.htm
   2016-09-29 21:29:18
   Now scraping post http://www.haodf.com/wenda/zhouzhenhuidr_g_4300899872.htm
   2016-09-29 21:29:20
   Now scraping post http://www.haodf.com/wenda/zhouzhenhuidr_g_4332628987.htm
   2016-09-29 21:29:20
   Now scraping post http://www.haodf.com/wenda/zhouzhenhuidr_g_4327506024.htm
   2016-09-29 21:29:22
   Now scraping post http://www.haodf.com/wenda/zhouzhenhuidr_g_3857098330.htm
   2016-09-29 21:29:23
   Now scraping post http://www.haodf.com/wenda/zhouzhenhuidr_g_4319867212.htm
   2016-09-29 21:29:24
   Now scraping post http://www.haodf.com/wenda/zhouzhenhuidr_g_4312331361.htm
   2016-09-29 21:29:25
   Now scraping post http://www.haodf.com/wenda/zhouzhenhuidr_g_4244116861.htm
   2016-09-29 21:29:26
   Now scraping post http://www.haodf.com/wenda/zhouzhenhuidr_g_4304039396.htm
   2016-09-29 21:29:28
   Now scraping post http://www.haodf.com/wenda/zhouzhenhuidr_g_4307379564.htm
   2016-09-29 21:29:29
   Now scraping post http://www.haodf.com/wenda/zhouzhenhuidr_g_4307371290.htm
   2016-09-29 21:29:30
   Now scraping post http://www.haodf.com/wenda/zhouzhenhuidr_g_4307407001.htm
   2016-09-29 21:29:30
   Now scraping post http://www.haodf.com/wenda/zhouzhenhuidr_g_4304266245.htm
   2016-09-29 21:29:31
   Now scraping post http://www.haodf.com/wenda/zhouzhenhuidr_g_4303411407.htm
   2016-09-29 21:29:32
   Now scraping post http://www.haodf.com/wenda/zhouzhenhuidr_g_4303226263.htm
   2016-09-29 21:29:33
   Now scraping post http://www.haodf.com/wenda/zhouzhenhuidr_g_4253798380.htm
   2016-09-29 21:29:34
   Now scraping post http://www.haodf.com/wenda/zhouzhenhuidr_g_3985611473.htm
   2016-09-29 21:29:35
   Now scraping post http://www.haodf.com/wenda/zhouzhenhuidr_g_3940181867.htm
   2016-09-29 21:29:36
   Now scraping post http://www.haodf.com/wenda/zhouzhenhuidr_g_4000094575.htm
  2016-09-29 21:29:37
  Now scraping page 3
   2016-09-29 21:29:37
   Now scraping post http://www.haodf.com/wenda/zhouzhenhuidr_g_4351603026.htm
   2016-09-29 21:29:39
   Now scraping post http://www.haodf.com/wenda/zhouzhenhuidr_g_4149162053.htm
   2016-09-29 21:29:41
   Now scraping post http://www.haodf.com/wenda/zhouzhenhuidr_g_4112812325.htm
   2016-09-29 21:29:41
   Now scraping post http://www.haodf.com/wenda/zhouzhenhuidr_g_4136748675.htm
   2016-09-29 21:29:43
   Now scraping post http://www.haodf.com/wenda/zhouzhenhuidr_g_3858001892.htm
   2016-09-29 21:29:44
   Now scraping post http://www.haodf.com/wenda/zhouzhenhuidr_g_4151325785.htm
   2016-09-29 21:29:45
   Now scraping post http://www.haodf.com/wenda/zhouzhenhuidr_g_4128937611.htm
   2016-09-29 21:29:46
   Now scraping post http://www.haodf.com/wenda/zhouzhenhuidr_g_4128103762.htm
   2016-09-29 21:29:47
   Now scraping post http://www.haodf.com/wenda/zhouzhenhuidr_g_3947328510.htm
   2016-09-29 21:29:48
   Now scraping post http://www.haodf.com/wenda/zhouzhenhuidr_g_4025760561.htm
   2016-09-29 21:29:49
   Now scraping post http://www.haodf.com/wenda/zhouzhenhuidr_g_4069498961.htm
   2016-09-29 21:29:51
   Now scraping post http://www.haodf.com/wenda/zhouzhenhuidr_g_3978038996.htm
   2016-09-29 21:29:52
   Now scraping post http://www.haodf.com/wenda/zhouzhenhuidr_g_3954103646.htm
   2016-09-29 21:29:53
   Now scraping post http://www.haodf.com/wenda/zhouzhenhuidr_g_3934364652.htm
   2016-09-29 21:29:54
   Now scraping post http://www.haodf.com/wenda/zhouzhenhuidr_g_4039763357.htm
   2016-09-29 21:29:55
   Now scraping post http://www.haodf.com/wenda/zhouzhenhuidr_g_3824704719.htm
   2016-09-29 21:29:56
   Now scraping post http://www.haodf.com/wenda/zhouzhenhuidr_g_3939491584.htm
   2016-09-29 21:29:56
   Now scraping post http://www.haodf.com/wenda/zhouzhenhuidr_g_3831255376.htm
   2016-09-29 21:29:58
   Now scraping post http://www.haodf.com/wenda/zhouzhenhuidr_g_3934555943.htm
   2016-09-29 21:29:59
   Now scraping post http://www.haodf.com/wenda/zhouzhenhuidr_g_3886205486.htm
   2016-09-29 21:30:00
   Now scraping post http://www.haodf.com/wenda/zhouzhenhuidr_g_3995867774.htm
   2016-09-29 21:30:02
   Now scraping post http://www.haodf.com/wenda/zhouzhenhuidr_g_4004419661.htm
   2016-09-29 21:30:03
   Now scraping post http://www.haodf.com/wenda/zhouzhenhuidr_g_3935432473.htm
   2016-09-29 21:30:04
   Now scraping post http://www.haodf.com/wenda/zhouzhenhuidr_g_4043873266.htm
   2016-09-29 21:30:05
   Now scraping post http://www.haodf.com/wenda/zhouzhenhuidr_g_3996320026.htm
  2016-09-29 21:30:06
  Now scraping page 4
   2016-09-29 21:30:06
   Now scraping post http://www.haodf.com/wenda/zhouzhenhuidr_g_3977642544.htm
   2016-09-29 21:30:08
   Now scraping post http://www.haodf.com/wenda/zhouzhenhuidr_g_3960251758.htm
   2016-09-29 21:30:09
   Now scraping post http://www.haodf.com/wenda/zhouzhenhuidr_g_3984562809.htm
   2016-09-29 21:30:11
   Now scraping post http://www.haodf.com/wenda/zhouzhenhuidr_g_3977267022.htm
   2016-09-29 21:30:13
   Now scraping post http://www.haodf.com/wenda/zhouzhenhuidr_g_3826622818.htm
   2016-09-29 21:30:15
   Now scraping post http://www.haodf.com/wenda/zhouzhenhuidr_g_3954912554.htm
   2016-09-29 21:30:16
   Now scraping post http://www.haodf.com/wenda/zhouzhenhuidr_g_3947254943.htm
   2016-09-29 21:30:18
   Now scraping post http://www.haodf.com/wenda/zhouzhenhuidr_g_3946955478.htm
   2016-09-29 21:30:19
   Now scraping post http://www.haodf.com/wenda/zhouzhenhuidr_g_3941577036.htm
   2016-09-29 21:30:20
   Now scraping post http://www.haodf.com/wenda/zhouzhenhuidr_g_3935122190.htm
   2016-09-29 21:30:21
   Now scraping post http://www.haodf.com/wenda/zhouzhenhuidr_g_3934214454.htm
   2016-09-29 21:30:24
   Now scraping post http://www.haodf.com/wenda/zhouzhenhuidr_g_3933662065.htm
   2016-09-29 21:30:26
   Now scraping post http://www.haodf.com/wenda/zhouzhenhuidr_g_3997468151.htm
   2016-09-29 21:30:27
   Now scraping post http://www.haodf.com/wenda/zhouzhenhuidr_g_3858430931.htm
   2016-09-29 21:30:29
   Now scraping post http://www.haodf.com/wenda/zhouzhenhuidr_g_3826407138.htm
   2016-09-29 21:30:31
   Now scraping post http://www.haodf.com/wenda/zhouzhenhuidr_g_3866014205.htm
   2016-09-29 21:30:32
   Now scraping post http://www.haodf.com/wenda/zhouzhenhuidr_g_3853668801.htm
   2016-09-29 21:30:33
   Now scraping post http://www.haodf.com/wenda/zhouzhenhuidr_g_3860372957.htm
   2016-09-29 21:30:36
   Now scraping post http://www.haodf.com/wenda/zhouzhenhuidr_g_3842099947.htm
   2016-09-29 21:30:37
   Now scraping post http://www.haodf.com/wenda/zhouzhenhuidr_g_3827678871.htm
   2016-09-29 21:30:40
   Now scraping post http://www.haodf.com/wenda/zhouzhenhuidr_g_3825607089.htm
   2016-09-29 21:30:40
   Now scraping post http://www.haodf.com/wenda/zhouzhenhuidr_g_3825239070.htm
   2016-09-29 21:30:43
   Now scraping post http://www.haodf.com/wenda/zhouzhenhuidr_g_3823973435.htm
   2016-09-29 21:30:44
   Now scraping post http://www.haodf.com/wenda/zhouzhenhuidr_g_3446984179.htm
   2016-09-29 21:30:45
   Now scraping post http://www.haodf.com/wenda/zhouzhenhuidr_g_3446035474.htm
  2016-09-29 21:30:47
  Now scraping page 5
   2016-09-29 21:30:48
   Now scraping post http://www.haodf.com/wenda/zhouzhenhuidr_g_3437914906.htm
   2016-09-29 21:30:49
   Now scraping post http://www.haodf.com/wenda/zhouzhenhuidr_g_3437925389.htm
   2016-09-29 21:30:51
   Now scraping post http://www.haodf.com/wenda/zhouzhenhuidr_g_3431839522.htm
   2016-09-29 21:30:52
   Now scraping post http://www.haodf.com/wenda/zhouzhenhuidr_g_3431646259.htm
   2016-09-29 21:30:54
   Now scraping post http://www.haodf.com/wenda/zhouzhenhuidr_g_3427405306.htm
   2016-09-29 21:30:55
   Now scraping post http://www.haodf.com/wenda/zhouzhenhuidr_g_3424956866.htm
   2016-09-29 21:30:56
   Now scraping post http://www.haodf.com/wenda/zhouzhenhuidr_g_3416070820.htm
   2016-09-29 21:30:57
   Now scraping post http://www.haodf.com/wenda/zhouzhenhuidr_g_3396202763.htm
   2016-09-29 21:31:00
   Now scraping post http://www.haodf.com/wenda/zhouzhenhuidr_g_3309272933.htm
   2016-09-29 21:31:02
   Now scraping post http://www.haodf.com/wenda/zhouzhenhuidr_g_2517115981.htm
   2016-09-29 21:31:04
   Now scraping post http://www.haodf.com/wenda/zhouzhenhuidr_g_2513740146.htm
   2016-09-29 21:31:06
   Now scraping post http://www.haodf.com/wenda/zhouzhenhuidr_g_2513723348.htm
   2016-09-29 21:31:08
   Now scraping post http://www.haodf.com/wenda/zhouzhenhuidr_g_2511221038.htm
   2016-09-29 21:31:09
   Now scraping post http://www.haodf.com/wenda/zhouzhenhuidr_g_2510788025.htm
   2016-09-29 21:31:10
   Now scraping post http://www.haodf.com/wenda/zhouzhenhuidr_g_2510780915.htm
   2016-09-29 21:31:13
   Now scraping post http://www.haodf.com/wenda/zhouzhenhuidr_g_2510770912.htm
   2016-09-29 21:31:15
   Now scraping post http://www.haodf.com/wenda/zhouzhenhuidr_g_2480575404.htm
   2016-09-29 21:31:22
   Now scraping post http://www.haodf.com/wenda/zhouzhenhuidr_g_2403164268.htm
   2016-09-29 21:31:25
   Now scraping post http://www.haodf.com/wenda/zhouzhenhuidr_g_2403157655.htm
2016-09-29 21:31:36
[32m Finish![0m scraped 5 pages, 3 Q&As out of 119 posts.

